2022-07-22 00:51:12,561 - pyswarms.single.global_best - INFO - Optimize for 1000 iters with {'c1': 0.5, 'c2': 0.3, 'w': 0.9}
2022-07-22 00:51:29,651 - pyswarms.single.global_best - INFO - Optimization finished | best cost: 0.0, best pos: [ 1.03349499e+02  1.42313703e+02 -3.12159863e-01 -5.44943578e+00
  4.62244931e+02  3.96978180e+01  1.72354098e+02 -4.90214534e+01
  1.31169025e+01 -4.99865325e+01 -9.18669460e+00  3.07526007e+02
 -4.08417822e+01  5.45226732e+01  3.76781085e+01  2.98432084e+02
  6.18124138e+01  5.60209891e+01  5.10907981e+01 -4.91028861e+02
 -3.27638924e+02  4.95181253e+01 -1.33992639e+02 -1.45967460e+01
  1.53763276e+02  2.20725520e+01 -5.92681924e+01  1.45192281e+02
 -3.54775333e+02  2.05541220e+02 -9.10860255e+00 -1.28419544e+03]
2022-07-22 00:51:29,672 - pyswarms.single.global_best - INFO - Optimize for 1000 iters with {'c1': 0.5, 'c2': 0.3, 'w': 0.9}
2022-07-22 00:51:46,920 - pyswarms.single.global_best - INFO - Optimization finished | best cost: 6.260479464475529e-185, best pos: [  -9.64656581  144.66172089    9.36009941   38.9968899    69.62728514
  -20.37127546   -2.70953577   70.85942165    5.24129041   45.37018874
   20.0797463    36.94074921   21.70975056   25.99935098    3.04983513
  -13.82592957   24.42203587   22.83120205  617.79806992 -123.53525755
   11.86134666   68.04044371   59.72505411    4.77654953  171.23344018
 -252.07995995 -242.75855359  174.96254248  -65.73434867  358.96974252
   26.18686828  -80.54825353]
2022-07-22 00:51:46,941 - pyswarms.single.global_best - INFO - Optimize for 1000 iters with {'c1': 0.5, 'c2': 0.3, 'w': 0.9}
2022-07-22 00:52:04,479 - pyswarms.single.global_best - INFO - Optimization finished | best cost: 0.0, best pos: [ 214.17678344   38.92867942  -16.65758127   32.78801795   69.54392807
  250.09037914    5.89301861  -22.93902773  305.66636062   53.69346129
  -52.66002483   94.30802689   32.52387219  141.94228886  -83.46531842
   19.4949113   -47.77844112   49.72080391    9.69016536   39.80048979
   83.85920409 -389.49370488  689.0299456    18.49159865   34.29166034
  520.70637212  516.99681996 -193.18188393  -75.58448799   -8.93912046
  348.92757094 -552.78475704]
2022-07-22 00:52:04,501 - pyswarms.single.global_best - INFO - Optimize for 1000 iters with {'c1': 0.5, 'c2': 0.3, 'w': 0.9}
2022-07-22 00:52:21,096 - pyswarms.single.global_best - INFO - Optimization finished | best cost: 0.0, best pos: [    3.25160761   102.25030436    62.45874689   115.08017544
   105.25112622    59.08805283   128.82057068    24.28621972
   -35.76516797     8.24615314    54.27671298   381.00735598
    86.92787483   112.48789049    20.44113661   132.37251906
   -39.26266229    65.92438658  -519.11496738   127.78540317
   158.84618897    50.01059944   -20.37323514   723.95637068
    10.87547629 -1761.05237116   146.44940219 -1113.4798447
     8.16622148   123.89210235   150.93961925    43.48351533]
2022-07-22 00:52:21,115 - pyswarms.single.global_best - INFO - Optimize for 1000 iters with {'c1': 0.5, 'c2': 0.3, 'w': 0.9}
2022-07-22 00:52:37,934 - pyswarms.single.global_best - INFO - Optimization finished | best cost: 0.0, best pos: [-4.94259723e-01  3.84415816e+02  1.00731554e+02  3.73772838e+01
  4.90589183e+01  1.80541501e+02  1.56871734e+02  2.27201680e+01
  1.66719053e+02 -3.36897093e+01 -7.58438265e+00  1.67180066e+01
  5.45974936e+01 -6.14107856e+01  3.56501505e+01  2.50935809e+01
  5.92478739e+01 -3.22741082e+01 -5.63343064e+02  7.05528414e+01
 -1.63442328e+01 -1.47987774e+02 -3.95478601e+01  1.16690922e+02
 -5.97949019e+02  1.77661963e+02  1.46222381e+02 -6.64180230e+02
  4.19137681e+01 -4.03419036e+02  5.14947626e+02 -1.54185236e+01]
2022-07-22 00:52:37,951 - pyswarms.single.global_best - INFO - Optimize for 1000 iters with {'c1': 0.5, 'c2': 0.3, 'w': 0.9}
2022-07-22 00:52:56,071 - pyswarms.single.global_best - INFO - Optimization finished | best cost: 5.604477293847037e-250, best pos: [ 6.46054906e+01  3.24417093e+01  7.43383770e+01  8.65263707e+01
  3.51013485e+01  1.78603509e+01  7.69736196e+01  1.16297004e+01
  6.22528605e+01 -6.78908365e-01 -6.82229650e+00  2.73598019e+01
  2.80241901e+01  7.80680229e+01 -3.97092008e+01  1.80606400e+01
 -9.06064032e+00  3.76728735e+01 -1.32780869e+02  4.80370711e+02
  2.81041647e+00 -1.40324747e+03  1.32778363e+02 -4.05259443e+02
  1.57393539e+01  3.54994461e+02  5.78384788e+02  1.00454966e+01
 -1.62810419e+02  4.45681482e+00  2.75654124e+02  2.47055673e+01]
2022-07-22 00:52:56,092 - pyswarms.single.global_best - INFO - Optimize for 1000 iters with {'c1': 0.5, 'c2': 0.3, 'w': 0.9}
2022-07-22 00:53:15,818 - pyswarms.single.global_best - INFO - Optimization finished | best cost: 7.01673806271e-312, best pos: [ 4.25313904e+01  1.07704574e+02  1.13708151e+01  5.74324297e+01
  1.51660379e+01 -1.19942364e+01  2.76703020e+01 -1.12936610e+01
  6.34480718e-01  1.50764080e+01  1.28974917e+01  3.51486294e+01
  5.74547657e+01  1.84807679e+01  1.96284035e+01  1.15577086e+01
 -7.76926221e+00  1.14435270e+01  2.69519564e+02  1.25583330e+01
  1.57103832e+00  5.01173758e+02 -3.48148863e+02  7.92715028e+00
 -1.85979542e+00  4.87312449e+01  7.20853157e+02  9.67237911e+00
  6.05550221e+00  7.61781657e+02  6.17921087e+01 -1.34288401e+03]
2022-07-22 00:53:15,840 - pyswarms.single.global_best - INFO - Optimize for 1000 iters with {'c1': 0.5, 'c2': 0.3, 'w': 0.9}
2022-07-22 00:53:33,236 - pyswarms.single.global_best - INFO - Optimization finished | best cost: 0.0, best pos: [  134.3464179      6.25136047    42.39428594    10.04510222
   -12.09811557   206.26514854   -21.95623036   210.15346412
    37.63945064     6.07780181    -1.42052437    23.65825638
    38.46320213    46.43115748   -17.74870723    19.86242636
     6.29938581    57.28110044  -227.30898475   247.08714581
   -28.67525884   759.85458846   141.43877145  -623.20328808
   240.46901418 -1163.50381896    -8.62482032   100.76592495
  -246.0394345     77.32665596    87.499787    -172.74648256]
2022-07-22 00:53:33,256 - pyswarms.single.global_best - INFO - Optimize for 1000 iters with {'c1': 0.5, 'c2': 0.3, 'w': 0.9}
2022-07-22 00:53:51,758 - pyswarms.single.global_best - INFO - Optimization finished | best cost: 0.0, best pos: [ 1.02390320e+02  2.45068150e+01  3.80274144e+01  3.12422441e+00
  2.96177739e+01 -5.78563791e+00 -3.33546481e+00  1.59264589e+01
  8.10867779e+01  7.14607190e+01  1.80157541e+01 -2.69882919e+01
  1.62514287e+01 -7.70668402e+00  1.67382632e+01  1.80385339e+01
  2.17973245e+02  4.95562862e+01 -2.23241359e+01  4.14010695e+02
  6.53481051e+02 -8.86155106e+01  6.37619619e+01  4.13907754e+02
 -3.14148328e+01  2.88667654e+01 -5.94056183e+01 -7.30259798e-01
  3.69130704e+01 -7.75878393e+02  5.62929963e+00 -8.59976042e+01]
2022-07-22 00:53:51,780 - pyswarms.single.global_best - INFO - Optimize for 1000 iters with {'c1': 0.5, 'c2': 0.3, 'w': 0.9}
2022-07-22 00:54:08,965 - pyswarms.single.global_best - INFO - Optimization finished | best cost: 4.101352833474347e-307, best pos: [ 6.07381935e+01 -1.44710812e+01  2.17869548e+02  2.18070830e+01
  2.47262932e+01 -1.14482007e+00 -1.60797450e+01  1.22964395e+01
  3.82593379e+01  2.22669340e+01  4.30525595e+01  1.75139909e+02
  1.68495294e+02  6.97068506e+01  5.17479988e+01  3.42644603e+01
 -1.15599564e+01  5.22066904e+01  1.20096256e+02 -1.26057238e+01
 -5.17450207e+02  3.31734222e+01 -4.78544228e+02  2.21497073e+02
  6.35545917e+01  1.86659231e+01  2.46914300e+02 -4.76379878e+02
  1.38025372e+00  7.18192530e+02  3.16743282e+02 -1.49584548e+03]
2022-07-22 00:54:09,057 - pyswarms.single.global_best - INFO - Optimize for 1000 iters with {'c1': 0.5, 'c2': 0.3, 'w': 0.9}
2022-07-22 00:54:25,449 - pyswarms.single.global_best - INFO - Optimization finished | best cost: 0.6082711427019026, best pos: [-0.25839598  0.96442914 -0.10746103  0.36982809  0.92741335 -0.88873562
 -0.5807866  -0.36638469  0.70092332 -0.36264616 -0.48371271 -0.84369603
  0.07352676  0.33240252  0.05254417 -0.30883195 -0.58798633 -0.40063036
  0.7446783   0.84600705 -0.30838147  0.15730342  0.27124141 -0.95423902
  0.0575992  -0.48254859  0.82417693 -0.6952711   0.43999574 -0.41833146
  0.72860329 -0.42462637]
2022-07-22 00:54:25,471 - pyswarms.single.global_best - INFO - Optimize for 1000 iters with {'c1': 0.5, 'c2': 0.3, 'w': 0.9}
2022-07-22 00:54:42,006 - pyswarms.single.global_best - INFO - Optimization finished | best cost: 0.5855361460912516, best pos: [ 0.87757825  0.45923412 -0.06180934 -0.49065074 -0.90625234 -0.99082587
 -0.4905079   0.06001885 -0.44928179  0.13681522  0.95242918  0.9378635
 -0.67846105 -0.70695722  0.2776561   0.59166926 -0.64712142  0.60656679
  0.49959168 -0.06823678 -0.47762191  0.27513239  0.66753564  0.62423883
  0.48685681  0.63071601  0.54631024 -0.48625816 -0.44532654  0.721399
  0.58778197 -0.17378929]
2022-07-22 00:54:42,026 - pyswarms.single.global_best - INFO - Optimize for 1000 iters with {'c1': 0.5, 'c2': 0.3, 'w': 0.9}
2022-07-22 00:54:58,471 - pyswarms.single.global_best - INFO - Optimization finished | best cost: 0.5779229502869487, best pos: [-3.14114687e-01 -5.28533170e-01 -1.61307106e-01 -8.18686948e-01
  9.62416509e-01  1.70971691e-04 -6.04369652e-01 -7.74421088e-01
  1.43290075e-01  1.43567843e-01 -9.56228498e-01  1.71729653e-01
  7.43738322e-01 -2.28382378e-01 -3.72268566e-01  4.16220378e-01
  9.23061453e-01 -1.92194217e-01  2.30323942e-01  1.24699383e-01
  2.50495116e-01 -5.53260639e-01 -5.40759413e-01  2.23337312e-01
 -3.92403022e-01  9.23284986e-01 -7.49319046e-01  9.14591479e-01
  7.07149597e-02  1.92072705e-01  6.95344708e-01 -5.50205253e-01]
2022-07-22 00:54:58,490 - pyswarms.single.global_best - INFO - Optimize for 1000 iters with {'c1': 0.5, 'c2': 0.3, 'w': 0.9}
2022-07-22 00:55:15,241 - pyswarms.single.global_best - INFO - Optimization finished | best cost: 0.5831730865652108, best pos: [ 0.00621231 -0.97986166  0.29137462  0.58733296  0.99912973 -0.26785974
 -0.45444587 -0.71997097 -0.89948856 -0.89442984 -0.61358655  0.06289887
  0.41736193  0.61734307  0.74134326 -0.48243502  0.55061183  0.37417807
 -0.14090443 -0.73870262 -0.55098845  0.41467966 -0.31856724  0.36005661
  0.6024547  -0.37561076 -0.21274457  0.37989844  0.38984502 -0.14482391
  0.39585719 -0.62794664]
2022-07-22 00:55:15,261 - pyswarms.single.global_best - INFO - Optimize for 1000 iters with {'c1': 0.5, 'c2': 0.3, 'w': 0.9}
2022-07-22 00:55:31,973 - pyswarms.single.global_best - INFO - Optimization finished | best cost: 0.6119580587447396, best pos: [ 0.84266832 -0.81166285  0.269656    0.42382391 -0.3128034  -0.41547729
 -0.5451057  -0.01685577  0.18041903  0.58430616  0.96235007 -0.67124892
  0.65908193 -0.34477932  0.17458832  0.73494181  0.96238208  0.08890072
 -0.62466538  0.24294947  0.80077871  0.49551998  0.33704808 -0.55565577
  0.46109209  0.50587423 -0.53342659  0.88435036  0.03147133  0.72354418
  0.86993308 -0.26879399]
2022-07-22 00:55:31,994 - pyswarms.single.global_best - INFO - Optimize for 1000 iters with {'c1': 0.5, 'c2': 0.3, 'w': 0.9}
2022-07-22 00:55:48,689 - pyswarms.single.global_best - INFO - Optimization finished | best cost: 0.5873572634430086, best pos: [ 0.61108774  0.95072563 -0.23303714  0.09989508 -0.60697284 -0.0253726
 -0.25272466 -0.91803921 -0.59520181  0.98009301 -0.77600499  0.09084792
  0.25698233  0.82574849 -0.15455658  0.12802856  0.48364969  0.06316721
  0.27882982 -0.36140256 -0.71344001  0.39127799  0.22783055 -0.60840807
  0.30115432  0.98905416 -0.55499594  0.9386175   0.38704521 -0.41372702
  0.44368585 -0.60664645]
2022-07-22 00:55:48,710 - pyswarms.single.global_best - INFO - Optimize for 1000 iters with {'c1': 0.5, 'c2': 0.3, 'w': 0.9}
2022-07-22 00:56:05,438 - pyswarms.single.global_best - INFO - Optimization finished | best cost: 0.5959782017640033, best pos: [-0.36579805 -0.78104319  0.57463816  0.17449963  0.98148348  0.47724117
 -0.08293044  0.21341305  0.96352591 -0.08661129  0.56729927  0.31407907
 -0.39976562 -0.02937115  0.87569644  0.98379447 -0.61759154 -0.79567323
  0.39574471 -0.07196578  0.22834138 -0.29218129 -0.60600551  0.43461379
 -0.03690092 -0.81899798  0.82774027 -0.51945535  0.05666022 -0.27213772
  0.9322224  -0.05772013]
2022-07-22 00:56:05,458 - pyswarms.single.global_best - INFO - Optimize for 1000 iters with {'c1': 0.5, 'c2': 0.3, 'w': 0.9}
2022-07-22 00:56:22,139 - pyswarms.single.global_best - INFO - Optimization finished | best cost: 0.5785072348657931, best pos: [ 0.97336342  0.3795275  -0.45006796  0.1427219   0.94485011 -0.98217107
 -0.90018534  0.40169339 -0.18895531 -0.79609384  0.11151077 -0.67224629
 -0.78707419  0.64785002 -0.00579882  0.26104932 -0.27389638  0.71256829
  0.83319639 -0.40152871 -0.18162639 -0.00271996  0.8334185  -0.42838714
 -0.76531439 -0.07050476 -0.34816614 -0.07546637 -0.52989561  0.53478793
  0.30576922 -0.98677035]
2022-07-22 00:56:22,163 - pyswarms.single.global_best - INFO - Optimize for 1000 iters with {'c1': 0.5, 'c2': 0.3, 'w': 0.9}
2022-07-22 00:56:38,688 - pyswarms.single.global_best - INFO - Optimization finished | best cost: 0.6121710166892209, best pos: [ 0.25564239 -0.03480994  0.32929876 -0.08680309 -0.36022622 -0.42625752
  0.13164267  0.68454839  0.91869808 -0.20771119  0.27797331  0.84192895
  0.09456932  0.06465683 -0.80720975  0.03866185 -0.08721793  0.73529117
  0.12831108 -0.2572392  -0.70178712 -0.52709017  0.964807   -0.12719408
 -0.65014823 -0.77243931  0.33791411 -0.40921868 -0.77168218  0.65535363
  0.38878279 -0.96267741]
2022-07-22 00:56:38,710 - pyswarms.single.global_best - INFO - Optimize for 1000 iters with {'c1': 0.5, 'c2': 0.3, 'w': 0.9}
2022-07-22 00:56:55,221 - pyswarms.single.global_best - INFO - Optimization finished | best cost: 0.6066652110480171, best pos: [-0.7828203   0.2515621   0.002574   -0.95913778 -0.56277145 -0.05456058
 -0.88180845 -0.25465554  0.25823084  0.29953469 -0.65878389  0.54301973
 -0.82511177 -0.60076339 -0.18307144  0.66029363  0.1412602  -0.44673087
  0.42928513 -0.85140862 -0.33984642  0.14793673  0.01943569  0.35368156
 -0.17365556  0.53602251 -0.32794447  0.60219578  0.30370072 -0.23907602
  0.51330611 -0.3729904 ]
2022-07-23 17:58:06,792 - pyswarms.single.global_best - INFO - Optimize for 1000 iters with {'c1': 0.5, 'c2': 0.3, 'w': 0.9}
2022-07-23 17:58:19,835 - pyswarms.single.global_best - INFO - Optimization finished | best cost: 1.25e-06, best pos: [ 27.42094599  61.63024914 -18.31175755   6.17697     19.52327925
  10.14972448   6.97484221  26.88634599  18.23262821  18.95829957
  -1.66969734  22.95221589  17.16048805  11.44966473  12.49498172
  -6.12037652  39.82263824  29.24258635  -1.74196563   2.52945955
   3.17001402  33.560295   -11.13388323  19.90706708  13.10408945
 -17.20127172  35.59501683  18.99266039 -13.84425083  -8.33523085
  14.89781713 -37.82176236]
2022-07-23 17:58:19,854 - pyswarms.single.global_best - INFO - Optimize for 1000 iters with {'c1': 0.5, 'c2': 0.3, 'w': 0.9}
2022-07-23 17:58:33,737 - pyswarms.single.global_best - INFO - Optimization finished | best cost: 1.25e-06, best pos: [ 10.42208317  22.35211506   2.95133202   3.43071871  11.02871249
  -9.66336422  22.91781365  -9.651284    11.00109333  12.43472104
   5.99739145  23.20691966  -8.22424369  12.8702659   11.01402726
   5.60433978  25.76123811   5.9566764    4.91166096 -27.82449633
   7.29262155  39.96153646  39.54499396  14.81096229   1.18496026
  22.10173439  44.6752399   16.33813298   6.05205582  36.37986916
  28.13496755  -4.40227076]
2022-07-23 17:58:33,756 - pyswarms.single.global_best - INFO - Optimize for 1000 iters with {'c1': 0.5, 'c2': 0.3, 'w': 0.9}
2022-07-23 17:58:47,851 - pyswarms.single.global_best - INFO - Optimization finished | best cost: 1.25e-06, best pos: [  9.30721417  18.9003206   12.45143709   8.76713062   1.45921021
  -4.6579126   -0.17882214  18.38239986 -22.77322948   2.57477028
  22.31110434  11.60949191   2.03333531   7.12562447   5.15541015
  -2.60661289   7.50581665  17.37542089  -0.0667908    9.53777906
  -6.91243811   4.42531203   0.71769177  27.46930554  24.84380918
  -7.63033696   2.82350776  24.38048932  20.84958998 -15.97350839
  21.65983061  -9.09206064]
2022-07-23 17:58:47,870 - pyswarms.single.global_best - INFO - Optimize for 1000 iters with {'c1': 0.5, 'c2': 0.3, 'w': 0.9}
2022-07-23 17:59:01,966 - pyswarms.single.global_best - INFO - Optimization finished | best cost: 1.25e-06, best pos: [  0.67968711  20.0680539   38.44018816  -2.20708375   5.76314006
  11.89249586  -1.86468003  12.47858174 -29.79626966  34.88276909
  17.27378243  11.67702572  14.81028576 -12.65568079  15.95250423
  10.92725296   3.76657337   8.051157    34.28141993   0.40491011
  44.68901692   7.61007704  19.58557716  55.34780905  -5.37628277
  23.34178731   6.73405158  12.88671662  12.63735593  15.09451908
  34.7932629   -7.43874368]
2022-07-23 17:59:01,985 - pyswarms.single.global_best - INFO - Optimize for 1000 iters with {'c1': 0.5, 'c2': 0.3, 'w': 0.9}
2022-07-23 17:59:15,898 - pyswarms.single.global_best - INFO - Optimization finished | best cost: 1.25e-06, best pos: [ 23.42410995   0.5241083   -2.08430845 -23.09309469  -3.97148714
   3.64703995   7.01850121   5.36746322   7.52650948  22.15451128
  24.34144374  28.543513     5.35127301  14.07954736  20.12836
   8.36321263  -6.98024     -3.96722761 -18.40166999  15.11766155
  -0.66329383  -2.265722    12.90875899 -30.13326344   8.22565784
  43.21450553  26.26981644  -3.56524396   4.93747337  -0.32989135
  11.3475922  -10.17226644]
2022-07-23 17:59:15,918 - pyswarms.single.global_best - INFO - Optimize for 1000 iters with {'c1': 0.5, 'c2': 0.3, 'w': 0.9}
2022-07-23 17:59:30,334 - pyswarms.single.global_best - INFO - Optimization finished | best cost: 1.25e-06, best pos: [ -1.98466985  18.4103033    3.38781058  -0.58955999   8.59101272
   6.99173706  17.19145656   0.59764976  -5.08766985   9.91782635
   4.67223985   8.94098066   6.03654228   5.3073713    9.28782212
   2.18655717  13.14091849  -3.93467268  -0.32394628  24.50013255
   1.27589718  32.89249005   1.53814033 -14.97946897  -1.53189865
   6.44542027  20.39095767   3.41683538   3.10471799 -29.06788693
  19.28959319 -11.45446414]
2022-07-23 17:59:30,354 - pyswarms.single.global_best - INFO - Optimize for 1000 iters with {'c1': 0.5, 'c2': 0.3, 'w': 0.9}
2022-07-23 17:59:43,559 - pyswarms.single.global_best - INFO - Optimization finished | best cost: 1.25e-06, best pos: [ -0.66233413 -19.21880261   5.58080444   9.60416146   3.95262791
  29.33986955 -20.49131199  20.61888524  14.05271288   6.70105858
   9.71005387  -1.14722952  24.72282304   6.92253901  -7.59203825
 -18.54563475  33.65149232  14.71492822  18.89764196  12.1463157
  -3.19786004  26.70018574  26.21033103  -2.9655255    6.01195753
   4.90312213   5.95667139 -13.12946508 -15.59791596  14.41095537
  38.84526011   5.12194649]
2022-07-23 17:59:43,580 - pyswarms.single.global_best - INFO - Optimize for 1000 iters with {'c1': 0.5, 'c2': 0.3, 'w': 0.9}
2022-07-23 17:59:56,360 - pyswarms.single.global_best - INFO - Optimization finished | best cost: 1.25e-06, best pos: [  6.26121567  10.01508063  40.50896221 -14.3120711   12.95941227
  12.69903158  17.1391508   30.76860632  -8.58898526   6.16664989
   8.56506687  10.34013766  43.97534383   7.31775602   8.36667509
  38.37515214  -3.47782742  26.82091309  44.33432733  13.06710095
   0.63976029  32.48087809   9.8083054   47.32041012   2.50255583
  -5.55538061  12.13901292 -20.62076804   3.92859718   0.65000763
  33.51918647  10.00466592]
2022-07-23 17:59:56,380 - pyswarms.single.global_best - INFO - Optimize for 1000 iters with {'c1': 0.5, 'c2': 0.3, 'w': 0.9}
2022-07-23 18:00:10,439 - pyswarms.single.global_best - INFO - Optimization finished | best cost: 1.25e-06, best pos: [12.90035487 10.78646719 35.27271658 55.52970939 16.1139298   9.9359161
  9.81240762  7.19983084 11.82229449  7.60262923 31.91224314 -4.15139611
 -4.64982602  7.45332903 18.25321656  9.53546506  7.01999287 18.18796182
 38.9327873  -2.04191807  6.26386821 15.37306763 12.97759085 20.85668912
  1.84016593 37.74277568 -2.78735185 30.63713947 34.58781824 18.78947958
 80.55416266  2.76208212]
2022-07-23 18:00:10,458 - pyswarms.single.global_best - INFO - Optimize for 1000 iters with {'c1': 0.5, 'c2': 0.3, 'w': 0.9}
2022-07-23 18:00:24,247 - pyswarms.single.global_best - INFO - Optimization finished | best cost: 1.25e-06, best pos: [  7.86860835  16.86346216   4.83627866   4.18566205  39.04440634
  -2.40097087  10.65407418  -0.41077584  12.55182941  29.64874347
  15.34081125  10.84945172  -4.45299805   4.86012105  51.88148373
   5.66559277   7.51444133   2.94292692  24.45239544  -9.54169478
   7.28991488  19.17287517  20.73404977 -17.36359302   0.33516331
  13.13590066  -0.27200167  21.22771985   6.93279333  26.30907587
  11.02299702 -15.02365694]
2022-07-23 18:00:24,376 - pyswarms.single.global_best - INFO - Optimize for 1000 iters with {'c1': 0.5, 'c2': 0.3, 'w': 0.9}
2022-07-23 18:00:36,739 - pyswarms.single.global_best - INFO - Optimization finished | best cost: 0.5909201103844351, best pos: [-0.68064634 -0.34163562  0.12147297 -0.21029674  0.87629975 -0.82150532
  0.09670188 -0.53071697  0.99522921  0.17461166 -0.88208383 -0.45363587
  0.16181813 -0.24818561  0.88238502  0.55548617  0.72291368  0.75065504
 -0.44522586 -0.04100505  0.4185003  -0.08045642 -0.73774798  0.05353194
  0.4764657   0.04111139 -0.08867523  0.53029463 -0.45444489  0.64610606
  0.57583725 -0.75988474]
2022-07-23 18:00:36,760 - pyswarms.single.global_best - INFO - Optimize for 1000 iters with {'c1': 0.5, 'c2': 0.3, 'w': 0.9}
2022-07-23 18:00:49,172 - pyswarms.single.global_best - INFO - Optimization finished | best cost: 0.580956400043301, best pos: [ 0.87020691  0.24016085 -0.4994509   0.49285112  0.0283053   0.83451197
 -0.8744822  -0.34906248 -0.21847991 -0.01473502  0.56670312 -0.51943618
  0.67904925 -0.53023229 -0.02354293 -0.2574548   0.43447063 -0.53756109
 -0.90869612  0.65941201 -0.0019519  -0.13041474 -0.28534392  0.05497006
  0.24583481  0.53995777  0.13615418  0.05234659  0.88084109 -0.56011765
  0.7891345  -0.36919737]
2022-07-23 18:00:49,189 - pyswarms.single.global_best - INFO - Optimize for 1000 iters with {'c1': 0.5, 'c2': 0.3, 'w': 0.9}
2022-07-23 18:01:01,666 - pyswarms.single.global_best - INFO - Optimization finished | best cost: 0.6016307218292462, best pos: [-9.96747323e-01  2.20857282e-01  6.26148934e-04  4.65563262e-01
  8.01559311e-01  5.19680815e-01 -5.87881508e-01  1.57942120e-01
 -1.61964586e-01  7.66972629e-01  6.14129591e-01 -7.47943630e-01
  6.28774880e-01  1.41908810e-01 -7.65124442e-02  5.41235254e-01
  3.95643794e-01  6.26939373e-01 -7.04635577e-01  2.63513786e-01
  3.07189666e-01 -5.65597424e-01 -1.55631259e-01  5.08174731e-01
 -6.03323014e-02  4.84398792e-01 -3.62261755e-01  4.36473782e-01
 -6.07326530e-01  1.46037803e-01  9.16249733e-02 -7.43924622e-01]
2022-07-23 18:01:01,685 - pyswarms.single.global_best - INFO - Optimize for 1000 iters with {'c1': 0.5, 'c2': 0.3, 'w': 0.9}
2022-07-23 18:01:14,003 - pyswarms.single.global_best - INFO - Optimization finished | best cost: 0.6166323992563746, best pos: [ 0.17538353 -0.15545673  0.82265653  0.05414199 -0.21444778  0.22786815
  0.95538427  0.9148883  -0.97735371  0.50827195  0.1148896  -0.10741051
  0.4560591  -0.23087137  0.47796909 -0.1154117  -0.11418354  0.07332917
 -0.7352573   0.52885667  0.5715468   0.34684986 -0.80338502  0.48497047
  0.08839464 -0.28036678 -0.14597359  0.5675182  -0.2906864  -0.60898931
  0.76766168 -0.11097838]
2022-07-23 18:01:14,024 - pyswarms.single.global_best - INFO - Optimize for 1000 iters with {'c1': 0.5, 'c2': 0.3, 'w': 0.9}
2022-07-23 18:01:26,743 - pyswarms.single.global_best - INFO - Optimization finished | best cost: 0.6162489181281583, best pos: [-0.95055901  0.6784678  -0.18619585  0.64431096  0.95324823 -0.10823303
 -0.97216362 -0.24950831  0.64030018  0.86626584  0.26366489  0.34213475
  0.50988439  0.70496734 -0.83299473  0.96746189  0.41580747  0.14545277
 -0.87025874  0.06500795 -0.80038723 -0.09882619  0.05191489  0.57052919
 -0.10709823  0.4155652   0.04168835  0.33257563 -0.29895534  0.08255629
  0.6466559  -0.07284004]
2022-07-23 18:01:26,762 - pyswarms.single.global_best - INFO - Optimize for 1000 iters with {'c1': 0.5, 'c2': 0.3, 'w': 0.9}
2022-07-23 18:01:39,071 - pyswarms.single.global_best - INFO - Optimization finished | best cost: 0.5905392786156446, best pos: [ 0.01829708  0.04300447  0.20974726 -0.95093781  0.80105619  0.0514929
 -0.08837996 -0.5961076  -0.24922906 -0.43297458  0.33060324  0.92352894
 -0.63418286  0.77597709  0.23537771 -0.93028568 -0.37782675 -0.59867474
 -0.37192566 -0.2149265   0.87332348 -0.87770156  0.16465458 -0.42241518
  0.93591773 -0.65648502  0.68057421 -0.93611164  0.52614753 -0.94110973
  0.6578979  -0.13704353]
2022-07-23 18:01:39,089 - pyswarms.single.global_best - INFO - Optimize for 1000 iters with {'c1': 0.5, 'c2': 0.3, 'w': 0.9}
2022-07-23 18:01:51,370 - pyswarms.single.global_best - INFO - Optimization finished | best cost: 0.5787245012182783, best pos: [-0.44952769  0.70913871 -0.04223794  0.23437084  0.80562977 -0.01915572
  0.01124459 -0.96379731 -0.11135285 -0.19061077 -0.94197349 -0.13756523
 -0.27933737 -0.73528997  0.31871532 -0.12125899  0.65195285 -0.46099172
 -0.44973726 -0.15847395  0.51048065 -0.75472502  0.50188261 -0.45628658
  0.39827339 -0.37053148 -0.5477625   0.77543861 -0.17821513  0.22168555
  0.74063337 -0.0578558 ]
2022-07-23 18:01:51,390 - pyswarms.single.global_best - INFO - Optimize for 1000 iters with {'c1': 0.5, 'c2': 0.3, 'w': 0.9}
2022-07-23 18:02:03,881 - pyswarms.single.global_best - INFO - Optimization finished | best cost: 0.5902963239704229, best pos: [ 0.462346    0.67011316 -0.32197855 -0.7683032   0.2071631   0.51836758
 -0.72057117 -0.94655985 -0.22867005 -0.96827241  0.50039181 -0.21648809
  0.74722713 -0.79283422 -0.886417    0.65600639  0.16007609  0.08317456
  0.19495776  0.99341708  0.47445554 -0.52302063 -0.58496009 -0.47505626
 -0.28226167  0.42293865 -0.09389585 -0.16565343 -0.02725015  0.40871033
  0.52979141 -0.73823218]
2022-07-23 18:02:03,899 - pyswarms.single.global_best - INFO - Optimize for 1000 iters with {'c1': 0.5, 'c2': 0.3, 'w': 0.9}
2022-07-23 18:02:16,268 - pyswarms.single.global_best - INFO - Optimization finished | best cost: 0.5818947726067508, best pos: [-0.69802238  0.05795502 -0.58013353  0.45451163  0.91393377  0.77936713
 -0.98553371 -0.17764825  0.10564005 -0.93071972  0.09030166 -0.32072157
  0.39823124 -0.74237123 -0.35333066 -0.55728848  0.53722647 -0.06223641
 -0.73789312  0.55472192 -0.70515006 -0.35916754  0.26436936 -0.24380256
  0.50078063 -0.62379329 -0.62418703  0.19895167  0.22337822  0.5410442
  0.15650156 -0.90342637]
2022-07-23 18:02:16,289 - pyswarms.single.global_best - INFO - Optimize for 1000 iters with {'c1': 0.5, 'c2': 0.3, 'w': 0.9}
2022-07-23 18:02:28,764 - pyswarms.single.global_best - INFO - Optimization finished | best cost: 0.5743753868572129, best pos: [ 0.96693799  0.85797236  0.12577687  0.11796462 -0.63021336  0.65240434
 -0.52861899  0.60166    -0.40135137 -0.0089306  -0.92537821  0.81541489
  0.89512601 -0.41952861  0.6404667   0.22001954 -0.50746281  0.69057424
 -0.30535361  0.33410748  0.50913503 -0.94930219  0.45245026  0.2240852
 -0.5079301   0.39971418  0.04495489 -0.49583576 -0.41778147  0.61851027
  0.97543151 -0.74101135]
2022-07-24 15:32:12,627 - pyswarms.single.global_best - INFO - Optimize for 1000 iters with {'c1': 0.5, 'c2': 0.3, 'w': 0.9}
2022-07-24 15:32:27,114 - pyswarms.single.global_best - INFO - Optimization finished | best cost: 1.25e-06, best pos: [-19.84387302  48.81716895  -0.30712696  -0.69557511  -0.90345073
  -7.78988765  30.01214637 -15.08897775 -19.43263674  15.5540932
  48.66028424   6.20956411  -0.07014778  -9.42705786  12.50931753
  19.86809637 -30.61876176  18.40755621 -26.37570038   6.6887916
 -17.49387107  12.28944412 -12.10621606   4.9790325   -5.48861581
 -26.81949912   7.85936552  -5.64148319   7.02749046  -5.70403216
   7.51910733 -20.6638139 ]
2022-07-24 15:32:27,135 - pyswarms.single.global_best - INFO - Optimize for 1000 iters with {'c1': 0.5, 'c2': 0.3, 'w': 0.9}
2022-07-24 15:32:43,070 - pyswarms.single.global_best - INFO - Optimization finished | best cost: 1.25e-06, best pos: [ 28.7461768    7.33434008  49.72077234 -13.7500484   -0.9725595
   1.52218694 -26.24429158   6.60783666   8.16534287  25.32397214
  33.36730573  10.85788771   3.88204668  -5.25229039  22.90217696
  -2.47672628 -19.73549088   4.71287111   6.73787074  28.49832441
   1.30010531  32.38093977   4.41716005  -7.11181653   0.23116821
  37.83023034  35.04660614  -1.77804523  20.36838128 -11.12535475
  -5.56210519 -46.74709062]
2022-07-24 15:32:43,090 - pyswarms.single.global_best - INFO - Optimize for 1000 iters with {'c1': 0.5, 'c2': 0.3, 'w': 0.9}
2022-07-24 15:32:57,855 - pyswarms.single.global_best - INFO - Optimization finished | best cost: 1.25e-06, best pos: [-1.07725518e+01  3.24038769e+00 -1.31707974e+01  1.93057269e+01
  7.66954905e+01  6.38774236e+00  2.03414077e+01  1.97362907e+01
 -2.18061604e+00  9.32280352e-03  1.28681923e+00  1.97572563e+01
 -8.40851289e-01  1.01203209e+00  3.16926903e+00 -1.37922226e+01
 -2.49506218e+01 -1.67482228e+01 -3.09843170e+01  3.53309727e-01
  8.23306264e+00 -6.75700994e+00  3.39160738e+00 -2.17417846e+00
  4.15644766e+00 -2.84674415e+00 -2.12296179e+01  3.00313006e+00
  2.51800744e+01 -4.30646668e+00  5.31996829e+01  1.18814235e-01]
2022-07-24 15:32:57,875 - pyswarms.single.global_best - INFO - Optimize for 1000 iters with {'c1': 0.5, 'c2': 0.3, 'w': 0.9}
2022-07-24 15:33:12,529 - pyswarms.single.global_best - INFO - Optimization finished | best cost: 1.25e-06, best pos: [  1.3795955  -12.71431373   0.81776556 -31.32007813   7.88950621
   5.10267989   0.94688508  57.65560197   0.88566048 -19.7213704
  -4.54124752  -0.87070014  20.89327172 -15.91674893   2.23331627
  31.17230665   0.26100283  -5.54951561   2.35374634   0.41242283
   2.47993234  37.87749415  53.68166235  -8.18566541   1.36857026
  32.46561029   1.062788    38.27561463   2.46147604   2.7196102
   5.16363774  -0.55024767]
2022-07-24 15:33:12,551 - pyswarms.single.global_best - INFO - Optimize for 1000 iters with {'c1': 0.5, 'c2': 0.3, 'w': 0.9}
2022-07-24 15:33:27,096 - pyswarms.single.global_best - INFO - Optimization finished | best cost: 1.25e-06, best pos: [  1.37361211   2.4890193   37.53941973 -21.54455318  28.14950862
   8.58164839  -0.63364631 -44.63526197   4.72968596  34.57856731
  15.77994488   0.33639358   4.42252905  26.04442722 -10.19207966
  -1.40662721 -11.99699075   2.27467494   2.56656395  -6.89297712
 -18.70227521  10.65639563  -0.91948111   2.53857134 -14.75947089
  14.6367576  -25.73998677   0.19870412  -1.06153959  -1.5196992
   8.93094603 -38.26458534]
2022-07-24 15:33:27,116 - pyswarms.single.global_best - INFO - Optimize for 1000 iters with {'c1': 0.5, 'c2': 0.3, 'w': 0.9}
2022-07-24 15:33:42,871 - pyswarms.single.global_best - INFO - Optimization finished | best cost: 1.25e-06, best pos: [-1.29715959e+01  1.16084626e+01  9.18456703e+00 -1.42842907e+00
  3.12503975e+00  3.26009397e+00  1.35509781e+01  2.06258097e+00
  1.64546802e+01  2.24157552e+01  4.63669943e+00  2.11696573e+01
  2.78449978e+00  1.27198681e+00 -1.04427458e+01 -1.31076413e+01
  4.25662176e+00  7.73297647e+00 -3.06005824e+01  3.04126474e+00
 -5.39917608e+00 -1.47599294e+00 -1.54824434e+01  1.96695998e+01
  1.12632512e+01 -2.21920222e+01  1.02541601e+01 -1.21937655e+01
  2.16026492e-02 -8.69775976e+00  1.54807444e+01 -2.10102182e+01]
2022-07-24 15:33:42,892 - pyswarms.single.global_best - INFO - Optimize for 1000 iters with {'c1': 0.5, 'c2': 0.3, 'w': 0.9}
2022-07-24 15:34:00,113 - pyswarms.single.global_best - INFO - Optimization finished | best cost: 0.13590778633997602, best pos: [   2.86544804  -24.74907312    9.04047284    8.76191539   -6.18034047
   18.3062097    14.1674723  -113.21146964    5.38326107    0.63864268
   49.17456778   49.62506063   13.26370541   79.13204036    6.32586074
   11.5930907     3.97673731  -29.15027489   15.38996138   10.59357556
  -10.03378752    1.7996452     2.73430754   -9.62471863  -16.70440531
    1.11404857   19.40787438    6.88025942   -4.43491262    7.5637282
   -1.11058772  -10.218154  ]
2022-07-24 15:34:00,149 - pyswarms.single.global_best - INFO - Optimize for 1000 iters with {'c1': 0.5, 'c2': 0.3, 'w': 0.9}
2022-07-24 15:34:15,914 - pyswarms.single.global_best - INFO - Optimization finished | best cost: 1.25e-06, best pos: [  0.302684    -4.85692208  18.6616498  -15.05933497  12.00374721
 -17.62808972   5.50293997   6.04305117  -2.36037288  20.90375906
  -5.25951338  -2.86477261  -4.99832019   8.73901625  -5.10097302
   2.08787443  -2.00421877  13.82211772  35.28359068  -1.93327575
  31.22446502  -2.16597713 -12.20738935  15.56406191  -3.90186451
  39.30438651  -0.20584842   6.6542544  -29.04317317  15.45426344
  12.77271554 -78.54083367]
2022-07-24 15:34:15,937 - pyswarms.single.global_best - INFO - Optimize for 1000 iters with {'c1': 0.5, 'c2': 0.3, 'w': 0.9}
2022-07-24 15:34:29,962 - pyswarms.single.global_best - INFO - Optimization finished | best cost: 1.25e-06, best pos: [ 20.15109613  13.21757931   0.85170505  -4.78154459  22.03518623
  34.2549017  -18.15338979   3.21765268  33.23402777  43.165088
  17.39270963  20.90531399   2.8921638  -11.48779063   4.71242851
 -11.0549948    9.6968899   32.75897562  -5.23964443  38.96203386
  27.62324403  -2.46945282  14.58318659   4.78248137  -0.87038245
  30.09332041  18.89801902 -21.38432509  13.00260562   3.91409304
  20.04271417   3.92197486]
2022-07-24 15:34:29,984 - pyswarms.single.global_best - INFO - Optimize for 1000 iters with {'c1': 0.5, 'c2': 0.3, 'w': 0.9}
2022-07-24 15:34:44,593 - pyswarms.single.global_best - INFO - Optimization finished | best cost: 1.25e-06, best pos: [  8.05941827  14.77713738   1.52768965  14.3598405  -10.79822236
   9.38375398 -30.0893926    6.38248703   7.38976365  14.73623459
   5.48008657  22.4410198   14.96724623   1.03210913   5.3460415
   6.14881941   5.08480798 -12.1344485  -22.27237354   9.54200415
   2.43823832  -0.47300263   0.8385967  -35.38008167  18.03794242
   2.1272668  -30.42052724   0.89748855 -19.25117748  11.58731018
   4.89681664  -2.13911411]
2022-07-24 15:34:44,704 - pyswarms.single.global_best - INFO - Optimize for 1000 iters with {'c1': 0.5, 'c2': 0.3, 'w': 0.9}
2022-07-24 15:34:57,596 - pyswarms.single.global_best - INFO - Optimization finished | best cost: 0.6610892902050534, best pos: [ 0.06398386 -0.36819922  0.72078995 -0.24578089  0.28574236  0.16493083
 -0.17948002  0.89679152 -0.80436803  0.87690943 -0.20721498 -0.06631029
 -0.11127918 -0.56597603 -0.63147453 -0.79091534 -0.06608135 -0.17233552
 -0.8210826  -0.3045923   0.36660776 -0.60147452  0.74174406 -0.63178455
  0.53268043 -0.47128098  0.14344162 -0.13669025 -0.45418213 -0.02792244
  0.56629571 -0.73121092]
2022-07-24 15:34:57,617 - pyswarms.single.global_best - INFO - Optimize for 1000 iters with {'c1': 0.5, 'c2': 0.3, 'w': 0.9}
2022-07-24 15:35:12,458 - pyswarms.single.global_best - INFO - Optimization finished | best cost: 0.6679204245296528, best pos: [-0.1852812   0.14805573  0.95599129  0.26750089  0.34316489 -0.35992325
  0.51113686 -0.04250922 -0.86718156  0.26799299 -0.93845902  0.31879923
 -0.06712268  0.20242076  0.53993118  0.17624287 -0.05180818 -0.07693351
 -0.06145261 -0.35590295 -0.01359046 -0.19411576 -0.48073052  0.75067251
  0.43640341 -0.20994832  0.62146329 -0.51530794 -0.29220332 -0.15284956
  0.18858795 -0.2754449 ]
2022-07-24 15:35:12,477 - pyswarms.single.global_best - INFO - Optimize for 1000 iters with {'c1': 0.5, 'c2': 0.3, 'w': 0.9}
2022-07-24 15:35:25,260 - pyswarms.single.global_best - INFO - Optimization finished | best cost: 0.6600566526993131, best pos: [-0.96756082 -0.78041766 -0.16041081 -0.29940683 -0.8339522  -0.47058177
  0.74580199 -0.13607028  0.49681137 -0.0070555   0.81758041 -0.34872526
  0.58814134 -0.80765547 -0.26425948 -0.20531037 -0.38039581  0.68202443
 -0.71992658  0.51566982 -0.43065635 -0.16934174 -0.16750818 -0.50500364
  0.0157288  -0.03212479  0.94838662 -0.44635128  0.25294401  0.48194488
  0.21787502 -0.61255747]
2022-07-24 15:35:25,286 - pyswarms.single.global_best - INFO - Optimize for 1000 iters with {'c1': 0.5, 'c2': 0.3, 'w': 0.9}
2022-07-24 15:35:38,387 - pyswarms.single.global_best - INFO - Optimization finished | best cost: 0.6639533822383165, best pos: [ 0.52936504  0.88389944 -0.37290596  0.15350354  0.3443062   0.34289697
  0.7492713  -0.91858127 -0.23849256 -0.24200343  0.07275739 -0.56780024
  0.22279759  0.81716766  0.40936978  0.31941279  0.29808423 -0.58993198
  0.08784622  0.13548611 -0.8538209   0.74781705  0.16112282 -0.05721088
  0.84512419  0.15725624  0.88693175  0.336255    0.8551472  -0.39983581
  0.63996312 -0.61694937]
2022-07-24 15:35:38,412 - pyswarms.single.global_best - INFO - Optimize for 1000 iters with {'c1': 0.5, 'c2': 0.3, 'w': 0.9}
2022-07-24 15:35:52,250 - pyswarms.single.global_best - INFO - Optimization finished | best cost: 0.6611170678336477, best pos: [-0.25271554  0.51683651 -0.76044785 -0.92143954 -0.28189734  0.16411954
  0.16856189  0.85261618  0.92584504  0.69202055  0.13957917  0.63506287
 -0.0181477   0.1980385  -0.60052637  0.6828435  -0.28316879  0.67117483
 -0.2770825  -0.04335787  0.12055789  0.74278041  0.69286852 -0.79299684
 -0.25817013  0.4240817  -0.55753636 -0.16622846  0.26529953 -0.08627634
  0.4797437  -0.40236944]
2022-07-24 15:35:52,270 - pyswarms.single.global_best - INFO - Optimize for 1000 iters with {'c1': 0.5, 'c2': 0.3, 'w': 0.9}
2022-07-24 15:36:05,945 - pyswarms.single.global_best - INFO - Optimization finished | best cost: 0.6568845784664133, best pos: [-0.46018477 -0.35087624  0.85108773 -0.61965731  0.81592054 -0.33367718
  0.21982047 -0.0940181  -0.97114639  0.78395476 -0.35783164 -0.01551085
 -0.10580694 -0.37852686  0.64534547  0.33422941 -0.59982693 -0.09060095
  0.16966488  0.46731511 -0.41202607  0.22816416 -0.57940719  0.83019519
 -0.16147266  0.8570464   0.29177581 -0.40593787  0.53953478  0.19065736
  0.41560795 -0.50309196]
2022-07-24 15:36:05,964 - pyswarms.single.global_best - INFO - Optimize for 1000 iters with {'c1': 0.5, 'c2': 0.3, 'w': 0.9}
2022-07-24 15:36:18,923 - pyswarms.single.global_best - INFO - Optimization finished | best cost: 0.6665259245710325, best pos: [ 0.03723064  0.62874866  0.77337977  0.38853225  0.34657945 -0.81912044
  0.59184833 -0.94980097  0.11902041 -0.88071107 -0.38239745  0.98518511
  0.36147016 -0.16146759  0.16365939  0.775942    0.18891177  0.69870892
  0.46209434 -0.1909296   0.22883431 -0.23609079  0.53661753  0.12885605
 -0.42636331  0.82111562 -0.84733869  0.04660069 -0.97907023  0.41219617
  0.26209683 -0.49516861]
2022-07-24 15:36:18,943 - pyswarms.single.global_best - INFO - Optimize for 1000 iters with {'c1': 0.5, 'c2': 0.3, 'w': 0.9}
2022-07-24 15:36:33,332 - pyswarms.single.global_best - INFO - Optimization finished | best cost: 0.6644979326457313, best pos: [-0.51148971  0.6655121  -0.98629707 -0.70218981 -0.39856205 -0.51845296
  0.31819172 -0.37987412  0.94930785 -0.1821995  -0.44809675 -0.41733318
 -0.42183508 -0.8245702  -0.52487716  0.30420187  0.55213941  0.62895675
  0.00794275  0.15104511  0.92487035 -0.77261006  0.93713314 -0.19996626
 -0.22336611  0.35204203 -0.51454875 -0.25477884  0.20584278 -0.18469231
  0.84376548 -0.28324369]
2022-07-24 15:36:33,353 - pyswarms.single.global_best - INFO - Optimize for 1000 iters with {'c1': 0.5, 'c2': 0.3, 'w': 0.9}
2022-07-24 15:36:46,690 - pyswarms.single.global_best - INFO - Optimization finished | best cost: 0.6706009409448234, best pos: [ 0.49217012  0.099191   -0.05798585  0.40544951  0.21762096 -0.90970161
  0.48335332  0.69110589 -0.00858541 -0.93586895 -0.0711594   0.87647382
  0.17699082 -0.23688155 -0.08027654  0.53959616 -0.03796083  0.50880088
  0.3895413   0.02262647  0.15795647  0.86584511 -0.10647023  0.3934433
 -0.51451969  0.5633746  -0.62595934 -0.36744696 -0.74627451  0.31270018
  0.15099909 -0.32100169]
2022-07-24 15:36:46,710 - pyswarms.single.global_best - INFO - Optimize for 1000 iters with {'c1': 0.5, 'c2': 0.3, 'w': 0.9}
2022-07-24 15:36:59,537 - pyswarms.single.global_best - INFO - Optimization finished | best cost: 0.6719575364510711, best pos: [-0.9268873   0.17197892 -0.28349096 -0.35051836  0.20533664 -0.841642
  0.9331272  -0.25279724 -0.27305476  0.05373349  0.31512374 -0.23180689
  0.83660126  0.23689206 -0.86791036  0.22299736 -0.01015701  0.36703945
 -0.42489475  0.76474651 -0.31424092  0.78146631 -0.42368713 -0.30392231
  0.06200432 -0.19014497  0.64355507 -0.39201688 -0.31008538 -0.66454443
 -0.04393453 -0.64358555]
2022-08-31 15:02:22,774 - pyswarms.single.global_best - INFO - Optimize for 1000 iters with {'c1': 0.5, 'c2': 0.3, 'w': 0.9}
2022-08-31 15:02:36,998 - pyswarms.single.global_best - INFO - Optimization finished | best cost: 0.149938572726532, best pos: [ 81.89459733  12.707537     1.08142141   0.64176474   5.67455978
   1.25072606  -1.80987665   1.60446577   2.42786269   0.69571965
  14.25974259   4.72090362   3.38676633   5.61728777  -2.67588726
   7.31333305  -8.16562521   4.24078671  -0.48413215  -3.31919533
   3.96273067   1.20793736  37.74782055   0.58914548  -2.68514576
  -7.74115285 -15.67563211   3.39979587   3.72317384 -31.79277356
  -0.78462319   3.90601778]
2022-08-31 15:02:37,022 - pyswarms.single.global_best - INFO - Optimize for 1000 iters with {'c1': 0.5, 'c2': 0.3, 'w': 0.9}
2022-08-31 15:02:50,410 - pyswarms.single.global_best - INFO - Optimization finished | best cost: 1.25e-06, best pos: [ 1.03387009e+01  8.00264526e-01  4.38249193e+00 -4.47493534e+00
  8.01661920e-01  3.01008392e+01 -1.41512559e+01  4.74291528e-01
 -5.00460448e+00  2.48939818e+00  1.12489605e+00  1.68232598e-01
 -1.37144304e+00 -1.51660864e+00  2.04586780e+00  2.35805346e+01
  3.61701360e+00 -1.23969291e+01 -5.72551176e+00 -4.98002997e+01
  2.30655138e+02 -4.45240162e+00 -1.29914239e+01  1.00806842e+01
 -1.27956265e+00 -5.55796177e+01  1.83979351e+02  1.51810680e+00
  6.01158551e-01  5.22420257e+01  5.31202953e+00 -4.44429128e+00]
2022-08-31 15:02:50,430 - pyswarms.single.global_best - INFO - Optimize for 1000 iters with {'c1': 0.5, 'c2': 0.3, 'w': 0.9}
2022-08-31 15:03:04,394 - pyswarms.single.global_best - INFO - Optimization finished | best cost: 1.25e-06, best pos: [  3.4436405  -14.05085658  46.27828593  -7.21992174   5.14902937
   3.32071502  -0.44026002  21.7904561    9.56025577 -59.13906821
   8.69341975   5.96797495   7.16495156   1.39485157 -22.70324893
  39.60676883  11.69791169  -6.75613301  10.21431365  -7.60990076
 -28.23330698  11.31758905 -19.99272253   9.74708907   1.44017676
  12.12161569  59.6923121  -12.0929153   40.2201601    1.5767015
  18.06999338  20.64798046]
2022-08-31 15:03:04,417 - pyswarms.single.global_best - INFO - Optimize for 1000 iters with {'c1': 0.5, 'c2': 0.3, 'w': 0.9}
2022-08-31 15:03:17,519 - pyswarms.single.global_best - INFO - Optimization finished | best cost: 1.25e-06, best pos: [ 13.87188107   8.02396456   6.33034303  24.61235525   8.1984162
   2.70987375  18.28259123  11.19120099   6.35031506  -9.91706486
  24.81906368   1.15035837  16.47687374  20.59367148   1.3472087
  -4.67946503 -13.75083829  -2.83209202  70.04169619   7.56223156
   7.55218332   2.91205061   0.60488648  12.01236831  -6.64216054
  45.03318159 -11.68007321  36.92946443  99.1172947   -4.72731354
  77.97470347   0.49292531]
2022-08-31 15:03:17,539 - pyswarms.single.global_best - INFO - Optimize for 1000 iters with {'c1': 0.5, 'c2': 0.3, 'w': 0.9}
2022-08-31 15:03:31,304 - pyswarms.single.global_best - INFO - Optimization finished | best cost: 1.25e-06, best pos: [-8.35290453e+00  4.15637830e+00  4.61785707e+00  2.55496371e+01
  9.39686451e+00  3.47154549e+01 -1.46170929e+00  1.08827995e+01
  1.42699389e+01 -2.91831063e+01 -1.02121654e-01 -1.44288152e+01
 -5.16441894e+00  4.82201492e+01 -5.39303914e+00  5.50845390e+00
  6.62822311e-02 -1.44134656e+01 -1.14358587e+01  1.07946580e+01
  3.06586546e-01 -2.76617708e+00  2.78246627e+00  5.03777701e+01
 -1.45712370e+01  1.77028697e+01 -2.66296004e+00  1.88201492e+01
  4.32866499e+00 -2.78977673e+01  6.95169388e+01 -3.19713875e+00]
2022-08-31 15:03:31,326 - pyswarms.single.global_best - INFO - Optimize for 1000 iters with {'c1': 0.5, 'c2': 0.3, 'w': 0.9}
2022-08-31 15:03:45,626 - pyswarms.single.global_best - INFO - Optimization finished | best cost: 1.25e-06, best pos: [ 1.77685528e+01  1.83527759e-02  3.38269934e+00 -9.30370653e+00
  6.89267639e-01 -9.64764395e+00 -4.73656834e+00  4.18301640e+00
  1.33474536e+01  1.06580148e+01  9.58810919e+00 -1.61067523e-01
 -4.47179709e+00  1.49491820e+00  6.26367635e+00  1.48143200e+00
 -6.87508849e+00  2.00884574e+01  1.09061224e+00  3.90954459e+01
  1.16428047e+01  1.73269042e+01  8.57091541e+00  3.04918337e+00
  1.25414487e+00  4.08319364e+01  3.29394165e+01 -5.54241479e+00
  6.13582632e+01 -1.55019149e+00  3.30062588e+01  2.35213045e+01]
2022-08-31 15:03:45,647 - pyswarms.single.global_best - INFO - Optimize for 1000 iters with {'c1': 0.5, 'c2': 0.3, 'w': 0.9}
2022-08-31 15:03:59,372 - pyswarms.single.global_best - INFO - Optimization finished | best cost: 1.25e-06, best pos: [ 28.30094949  -3.45158614  21.28420175  20.52769428  24.60447343
  -5.99602861  14.88505979   0.76198785  46.48533936  -2.23991846
   0.34980483  33.82896448 -25.36633853   3.93548568  -5.89196033
  -6.46787895  10.49393416  -9.22133238  31.2743963   -1.75846568
  23.65244609   3.32927326  11.94159343   5.89767022  -9.84020235
  21.07114691  -5.99207016 -17.27214591  -0.64521889  33.06673508
  24.52024198  -2.95643897]
2022-08-31 15:03:59,396 - pyswarms.single.global_best - INFO - Optimize for 1000 iters with {'c1': 0.5, 'c2': 0.3, 'w': 0.9}
2022-08-31 15:04:14,098 - pyswarms.single.global_best - INFO - Optimization finished | best cost: 0.1642584764700242, best pos: [ 9.41742003e+00  2.07375673e+00  2.09337403e+00  6.31865720e-01
  1.98258228e+00  2.18082963e+01  3.10279642e+00  1.33206133e-01
  8.92554051e+00 -6.92384972e-01  4.80884944e+00  7.83327570e-01
  8.42420526e+00 -1.62400105e+00  5.05071348e+00  6.00022649e+00
  9.21513168e+00 -9.18145700e+00  8.03183268e-01  3.23563827e+00
  2.99295769e+01  1.10573754e+00  2.52854692e+01  2.02178188e+00
  2.94173311e+00  3.56120346e-03  5.96518434e+00  3.63024066e+00
  5.58722852e-01  2.12507911e+01  5.18032286e+00  1.12212397e+00]
2022-08-31 15:04:14,115 - pyswarms.single.global_best - INFO - Optimize for 1000 iters with {'c1': 0.5, 'c2': 0.3, 'w': 0.9}
2022-08-31 15:04:28,773 - pyswarms.single.global_best - INFO - Optimization finished | best cost: 0.15208017013283176, best pos: [  2.92404221  15.76679879   7.48505841   6.32609757   7.39671303
  65.8407225    4.71010175   2.87013043   5.20836816   5.71374131
   1.48244723   2.32551183   1.22325244 -11.3431974    5.9142696
   6.32686637   0.96528407 -29.24651835   1.39683881   1.97076639
  11.11664041   3.17717976  14.9151836   -1.4714676    0.44742259
   3.40120186   8.64092994   3.67683171   0.47592197  14.06789907
   5.44523582   5.15997581]
2022-08-31 15:04:28,797 - pyswarms.single.global_best - INFO - Optimize for 1000 iters with {'c1': 0.5, 'c2': 0.3, 'w': 0.9}
2022-08-31 15:04:41,801 - pyswarms.single.global_best - INFO - Optimization finished | best cost: 1.25e-06, best pos: [ 8.51368958e-01  1.63528451e+00 -6.27913920e+01 -2.21128122e+00
  1.90302922e+01  3.82542615e+00  8.52387688e-01  7.22614110e+00
  1.10742729e+02  8.97070090e+01  1.67878356e+00  2.75025693e+01
 -9.98149170e-01  3.01435500e+00 -7.22132971e+00  1.15888804e+01
 -8.37203222e+00  6.28041307e+00  7.16094414e+00 -2.03998266e+02
  1.87043517e+00  2.28451573e+00 -1.84875575e-01  7.42556255e+01
  3.11519769e+00  2.66744745e+00 -9.20453632e+01  5.94618145e+00
  1.56873359e+02  2.62805592e+00 -1.86131538e-01  9.08417484e-01]
