2022-08-01 15:46:31,572 - pyswarms.single.global_best - INFO - Optimize for 100 iters with {'c1': 0.5, 'c2': 0.3, 'w': 0.9}
2022-08-01 15:46:32,422 - pyswarms.single.global_best - INFO - Optimization finished | best cost: 0.6686551475013496, best pos: [-0.70969127  0.66549597  0.73730805  0.67054321 -0.78440824  0.86845741
 -0.75815893  0.35990934 -0.30177967 -0.18851845 -0.24157023 -0.48126743
  0.10550708 -0.26135398  0.01218089  0.01991498  0.64495883  0.11619816
  0.29412546  0.04371647 -0.59693412 -0.08497451  0.45821428 -0.07588425
  0.25111142  0.70695115  0.13954602 -0.31458262 -0.95560519 -0.42201191
 -0.52906932 -0.46812778 -0.25067241  0.10262085  0.10447809  0.49359493
  0.66100816 -0.72418683 -0.3219179  -0.03468904 -0.09389202  0.07098907
 -0.4064644   0.57562622  0.5931532  -0.44389722  0.19075843  0.01499107
  0.66330139  0.05342012 -0.63081885  0.00854122  0.85860236  0.96236589
  0.20806063 -0.47487541 -0.21867047 -0.47498308  0.21457932  0.61097697
  0.39948065  0.13386036  0.04013369 -0.05163226  0.10379294 -0.16366608]
2022-08-01 15:46:32,434 - pyswarms.single.global_best - INFO - Optimize for 100 iters with {'c1': 0.5, 'c2': 0.3, 'w': 0.9}
2022-08-01 15:46:33,259 - pyswarms.single.global_best - INFO - Optimization finished | best cost: 0.6691021119867928, best pos: [ 0.51998814  0.34645204  0.63282435 -0.52850073 -0.99037178 -0.22156827
  0.31117534 -0.2338434   0.71445887  0.13013136  0.17213614  0.04016013
 -0.37299378  0.289918    0.23727031  0.28841117  0.05508769  0.23053094
  0.27163947 -0.54915057 -0.54480681  0.60546492 -0.48667102  0.32429188
  0.64039876  0.541489   -0.6383178   0.08743139 -0.63151992  0.13474918
 -0.43999877 -0.02263964  0.07983656 -0.86382993 -0.37271319 -0.11683125
 -0.68694152 -0.13152139 -0.01122624  0.0083332  -0.67935544  0.15860826
 -0.75223883  0.07115424  0.4360955  -0.26643279 -0.19170671 -0.6675306
  0.45207984 -0.90337528 -0.78188687  0.63677762 -0.33286426 -0.24178807
 -0.11981989 -0.42346985  0.31804168  0.09652508 -0.74964424 -0.98954056
 -0.71495138  0.15719766  0.54388705 -0.01512742 -0.28089212 -0.33710194]
2022-08-01 15:46:33,270 - pyswarms.single.global_best - INFO - Optimize for 100 iters with {'c1': 0.5, 'c2': 0.3, 'w': 0.9}
2022-08-01 15:46:34,104 - pyswarms.single.global_best - INFO - Optimization finished | best cost: 0.6308392561957861, best pos: [-0.7182226   0.4646355  -0.44526304 -0.49100251 -0.41920214  0.97362678
  0.62928849 -0.79791645 -0.54539637  0.06128821  0.52030623 -0.23020865
  0.09227855  0.18932945  0.06993406 -0.12930496 -0.0711553  -0.34126199
  0.28580215  0.17153687  0.71677688  0.4162211  -0.01759171 -0.24413999
  0.07360911  0.01659405  0.34384481 -0.29180357 -0.10801005 -0.10090867
 -0.23462152 -0.23837353 -0.24327267  0.31953781 -0.33876374 -0.55457937
  0.81876009 -0.37233588 -0.46150446 -0.71144544 -0.51756261  0.07148376
 -0.15834263 -0.14088997 -0.04939283 -0.25672919 -0.3074315  -0.36493701
  0.63151683 -0.36860339  0.74009742 -0.72094308  0.15260554  0.54136439
 -0.31118836 -0.3062175   0.82138487  0.35542288 -0.29336864 -0.60739463
  0.73881167 -0.28847001  0.07090295  0.71210023  0.01110193 -0.37656205]
2022-08-01 15:46:34,115 - pyswarms.single.global_best - INFO - Optimize for 100 iters with {'c1': 0.5, 'c2': 0.3, 'w': 0.9}
2022-08-01 15:46:35,030 - pyswarms.single.global_best - INFO - Optimization finished | best cost: 0.6002166541121572, best pos: [-0.23936621  0.77134176  0.88489685 -0.93565629 -0.04681338 -0.68578063
 -0.60191194  0.85235257  0.41485606  0.27728351  0.27063832 -0.12561842
 -0.31586282 -0.71654671 -0.29685164 -0.48001953  0.53539373 -0.68836668
  0.42620787  0.74855932  0.69038784 -0.91945788 -0.31464475  0.11374738
  0.40859184 -0.08579014  0.89381818  0.3972808   0.22857827  0.89143697
 -0.2909736  -0.17356874  0.39613732 -0.25325211 -0.08882326  0.32951693
  0.91002588  0.50270188 -0.49525793 -0.9025563  -0.3403851   0.39321612
 -0.42784971  0.49363527 -0.48963918  0.67303735 -0.99742248  0.02384607
  0.62108661  0.51394773  0.51466485  0.12962421  0.40687904 -0.91303835
  0.75629293  0.2902579  -0.74072852 -0.16570535 -0.4981737   0.49392142
  0.04742383 -0.43896498  0.72984643  0.11907951 -0.56559989 -0.01775428]
2022-08-01 15:46:35,042 - pyswarms.single.global_best - INFO - Optimize for 100 iters with {'c1': 0.5, 'c2': 0.3, 'w': 0.9}
2022-08-01 15:46:35,952 - pyswarms.single.global_best - INFO - Optimization finished | best cost: 0.6778793415620576, best pos: [ 0.46268408 -0.13648317  0.51180719  0.10548374  0.85420932 -0.34843909
 -0.6846057  -0.28021115  0.1581776   0.50179057  0.40327288  0.36494566
  0.52877165  0.05766822  0.39050502  0.27640253  0.01455611  0.619221
 -0.12375152  0.45627055 -0.42915548  0.09835436  0.14087353  0.46120192
 -0.6212816  -0.29634293 -0.2009784   0.09859063  0.1431046  -0.27791977
  0.37643512  0.32868001  0.22710685  0.24011391  0.06986658 -0.39781209
 -0.6418142  -0.44183296  0.67164752  0.17569503 -0.34725885 -0.25599941
 -0.4143695   0.21095942 -0.26273874 -0.77786942  0.64403793  0.43068065
 -0.43070647  0.77268373  0.5457604   0.57179284  0.52853046 -0.09720893
  0.59028239 -0.01558807 -0.99626296  0.95361606 -0.06514663 -0.04674134
 -0.62459986 -0.68973571  0.32140792 -0.41391418 -0.27215047 -0.37205561]
2022-08-01 15:46:35,964 - pyswarms.single.global_best - INFO - Optimize for 100 iters with {'c1': 0.5, 'c2': 0.3, 'w': 0.9}
2022-08-01 15:46:36,960 - pyswarms.single.global_best - INFO - Optimization finished | best cost: 0.5945777906916908, best pos: [-9.51443773e-01  9.12548688e-01 -7.71982158e-01  7.06064000e-01
 -9.21436900e-01 -1.22782449e-03 -2.94038545e-01 -1.41506282e-01
  8.94445112e-01 -8.02388489e-01 -8.26090986e-01 -2.17776341e-02
  5.61576988e-01  1.26084930e-01 -2.07859172e-05 -6.33266317e-01
 -2.84425860e-01  9.61144904e-01  3.40898287e-01 -7.36717567e-01
  9.19384036e-01  8.75278647e-01 -2.01929634e-01  1.51165111e-01
 -3.72844184e-01  7.54013401e-01  9.45961533e-01  9.27881423e-01
 -5.60287556e-01  6.70004738e-02  3.58631334e-01  4.59152393e-02
 -1.78224635e-01 -6.11595051e-01  6.63303974e-01  6.18669643e-02
  8.47839514e-01 -2.33609402e-01 -9.67504023e-01 -6.17039844e-01
  8.52057768e-01  5.18187903e-01  5.38402609e-02 -2.37746866e-01
 -8.15813290e-02 -9.78282424e-01  4.96752885e-01  3.92352928e-01
  8.01948729e-01 -3.77559938e-01 -7.31565005e-01  9.68771900e-01
 -3.79467577e-01  6.24033098e-01  2.21521972e-01  9.19943173e-01
 -6.27278693e-03 -9.76982318e-01  3.16385776e-01 -4.91355414e-01
 -6.37238701e-01 -5.82501518e-01  8.22253220e-01 -5.29806916e-01
  3.67804693e-01  6.46326223e-02]
2022-08-01 15:46:36,970 - pyswarms.single.global_best - INFO - Optimize for 100 iters with {'c1': 0.5, 'c2': 0.3, 'w': 0.9}
2022-08-01 15:46:37,969 - pyswarms.single.global_best - INFO - Optimization finished | best cost: 0.6760388044690154, best pos: [-0.1566001   0.24570996  0.87191319  0.9968214   0.37294422  0.63943533
  0.58284363  0.62099654 -0.45234405 -0.139194    0.89065242  0.41418603
  0.87129646  0.2315085  -0.78794998 -0.12555517 -0.07807249 -0.70082783
  0.90995007 -0.54769538 -0.16046181 -0.38594074 -0.02516485 -0.47207249
  0.70899267  0.05111357 -0.58736132 -0.90932143  0.39696062 -0.31746339
  0.58841748  0.94310439 -0.28286414 -0.60722379 -0.22292767 -0.16822186
 -0.9896119  -0.27597473  0.52390986  0.02780772 -0.44696469  0.59193352
 -0.777283   -0.20828222  0.83093415 -0.94441348  0.70361295  0.35312444
 -0.55815661 -0.83466148  0.54699644 -0.67040468 -0.79443853  0.62235524
  0.05879857 -0.09250477 -0.2566695  -0.25283775  0.17751898 -0.2860463
  0.71429844  0.04438353 -0.71846722 -0.90226198 -0.0278159  -0.3118946 ]
2022-08-01 15:46:37,983 - pyswarms.single.global_best - INFO - Optimize for 100 iters with {'c1': 0.5, 'c2': 0.3, 'w': 0.9}
2022-08-01 15:46:39,003 - pyswarms.single.global_best - INFO - Optimization finished | best cost: 0.6774654005842634, best pos: [ 0.11783887 -0.38376818 -0.5619129  -0.73792169 -0.99740479  0.9519573
 -0.1856791   0.01962299 -0.43028498  0.82984958 -0.51137002  0.12200898
  0.26598988  0.03755165  0.37060612  0.76910529  0.1925309   0.77986893
  0.08395632 -0.28799132  0.13696474 -0.17514556  0.34518347  0.60002834
 -0.29322421 -0.56422466 -0.40776965  0.06119194  0.07957497  0.56762015
 -0.93494492 -0.34185083 -0.0965732  -0.28953728 -0.06540987  0.32534949
  0.06327378 -0.36355817  0.13694281  0.34298814  0.36122529 -0.38723392
  0.97018598  0.4302728  -0.80551571  0.49700351  0.47363139 -0.39266811
  0.98756668 -0.47624332 -0.45391058 -0.3667079  -0.14482079  0.51947997
 -0.04674436  0.91141764  0.1040815  -0.10341229  0.7334615  -0.38818501
 -0.73638843 -0.31956718 -0.70687147 -0.59034387  0.25945506 -0.53440177]
2022-08-01 15:46:39,011 - pyswarms.single.global_best - INFO - Optimize for 100 iters with {'c1': 0.5, 'c2': 0.3, 'w': 0.9}
2022-08-01 15:46:39,801 - pyswarms.single.global_best - INFO - Optimization finished | best cost: 0.6072134050384264, best pos: [-0.99877577 -0.84199967  0.61617334  0.21193333  0.18110778 -0.69809118
 -0.10197631  0.73410148  0.92520358 -0.31845799  0.31885999 -0.01990957
  0.52717433 -0.12531811  0.63826256  0.16145256  0.41831785  0.77368594
  0.92830755  0.50814292  0.58028071  0.18381672  0.80274959  0.5128205
  0.36741151  0.0025218   0.55802242  0.08697618 -0.51791277  0.27632014
  0.56405484 -0.34804061  0.86736596  0.540393    0.58736575 -0.14535654
  0.37286013  0.85651999 -0.37513291  0.34465651 -0.91224338 -0.25669261
 -0.77810127  0.36824938  0.80892529  0.14637191 -0.32008427  0.94399561
  0.69111999 -0.67996189  0.742276    0.646688    0.61960857 -0.6225499
  0.59255896 -0.99907137 -0.71261499 -0.25457325  0.37251617  0.72294076
 -0.54537062  0.19343962  0.75345204  0.2350323   0.3328007   0.07209058]
2022-08-01 15:46:39,813 - pyswarms.single.global_best - INFO - Optimize for 100 iters with {'c1': 0.5, 'c2': 0.3, 'w': 0.9}
2022-08-01 15:46:40,616 - pyswarms.single.global_best - INFO - Optimization finished | best cost: 0.6060437095144408, best pos: [-0.44376776  0.78267142  0.72026209 -0.42185416 -0.76040633 -0.82239639
  0.58331756  0.83026162  0.18119707  0.28515353  0.46399724  0.26570852
  0.24130463 -0.1011999   0.13732136 -0.19174311  0.7407402  -0.14966151
  0.65290308 -0.30361224  0.01369601  0.88990619  0.34031996  0.03558407
 -0.06712422 -0.15651251  0.58135762  0.30810486 -0.44144981  0.55899458
  0.51643508 -0.13951603 -0.13605492 -0.12448926  0.10370995 -0.0314226
  0.13989777 -0.17021575 -0.47771712 -0.13353605 -0.41113576  0.20203429
 -0.58166817 -0.25882004  0.84096846  0.62580148  0.51501302 -0.12188534
  0.95184413 -0.5380625  -0.11994831  0.99770804 -0.18407336 -0.84377381
  0.2922752  -0.29829409 -0.37236116 -0.91976747  0.36069716  0.31674709
 -0.1338875  -0.25987634  0.01814244 -0.2928385  -0.30260147 -0.24707243]
2022-08-01 15:46:40,688 - pyswarms.single.global_best - INFO - Optimize for 100 iters with {'c1': 0.5, 'c2': 0.3, 'w': 0.9}
2022-08-01 15:46:41,437 - pyswarms.single.global_best - INFO - Optimization finished | best cost: 0.687276345040058, best pos: [-8.07217059e-01 -5.67214790e-01 -7.77336567e-01  1.24551856e-01
  9.87239952e-01 -2.24395606e-01  4.76596445e-01 -3.46228450e-01
  4.17289497e-01 -2.69572060e-01  5.91962064e-01 -3.61207908e-01
  1.34736137e-01 -3.50446397e-01  2.95182110e-01 -4.87249653e-02
 -6.33299913e-02 -3.90170869e-01  7.54526620e-01 -4.20173537e-02
 -5.73094422e-01  8.06994420e-01 -2.10214817e-01 -2.10670294e-04
  3.27508097e-01  2.15865501e-01 -1.36231449e-01  7.45539321e-02
 -7.12693193e-01 -4.18545110e-01 -6.68437418e-01  4.61647564e-01
  6.19813091e-01  4.65734888e-01  7.82402942e-02  3.00151575e-02
  5.28175149e-02  1.20865807e-01  2.31599783e-01]
2022-08-01 15:46:41,451 - pyswarms.single.global_best - INFO - Optimize for 100 iters with {'c1': 0.5, 'c2': 0.3, 'w': 0.9}
2022-08-01 15:46:42,193 - pyswarms.single.global_best - INFO - Optimization finished | best cost: 0.6353267214085585, best pos: [-0.48094131  0.90867607 -0.06513707  0.24188245  0.94851557  0.78179782
  0.0953394   0.27291187 -0.2093217  -0.28150873 -0.01279691 -0.01327111
  0.48792193  0.11903006 -0.3652596  -0.06145172  0.08034108 -0.15588239
 -0.13797305  0.19385274 -0.90939845 -0.58810545  0.12571863  0.83747426
 -0.33960825  0.29226593 -0.58831677  0.25052104 -0.266232    0.26682548
 -0.93698101  0.7432825   0.78550264 -0.46287137  0.43935151  0.68890037
 -0.03185817  0.26694178  0.38628312]
2022-08-01 15:46:42,204 - pyswarms.single.global_best - INFO - Optimize for 100 iters with {'c1': 0.5, 'c2': 0.3, 'w': 0.9}
2022-08-01 15:46:42,999 - pyswarms.single.global_best - INFO - Optimization finished | best cost: 0.7348885703396892, best pos: [ 0.72871875 -0.96571378  0.90177544 -0.43362867 -0.19582431  0.98028454
 -0.35247263  0.40637679 -0.97331719  0.3320403   0.28993653  0.18403927
  0.53050916 -0.66634795 -0.44506656 -0.42621963  0.02979627  0.36461398
  0.83981467  0.04312875  0.25881233  0.92933779 -0.23941012 -0.72690164
 -0.34579829  0.54749512  0.88451938  0.1717516  -0.13131488 -0.76993217
  0.30777032  0.12385208 -0.73111289 -0.39846881  0.67315506  0.99523199
  0.21241973  0.21995338  0.08436433]
2022-08-01 15:46:43,006 - pyswarms.single.global_best - INFO - Optimize for 100 iters with {'c1': 0.5, 'c2': 0.3, 'w': 0.9}
2022-08-01 15:46:43,746 - pyswarms.single.global_best - INFO - Optimization finished | best cost: 0.6423674905248508, best pos: [ 0.84972492 -0.00318705  0.51396076  0.29597786  0.40294757  0.73976373
 -0.57211185  0.74352627 -0.72753758  0.10207922  0.35501567  0.70293721
 -0.2645382  -0.55733393  0.19899135  0.18543852  0.01089567  0.41203972
 -0.97066315 -0.34842365  0.947019    0.24725891 -0.26460739  0.34764118
 -0.81277513 -0.34949789  0.87680908 -0.29101415  0.54297885 -0.10378877
 -0.71275773  0.25878478  0.55952594 -0.58661779  0.55420889  0.57053269
  0.41671753  0.17911546  0.16048162]
2022-08-01 15:46:43,754 - pyswarms.single.global_best - INFO - Optimize for 100 iters with {'c1': 0.5, 'c2': 0.3, 'w': 0.9}
2022-08-01 15:46:44,484 - pyswarms.single.global_best - INFO - Optimization finished | best cost: 0.7426597068602931, best pos: [-0.61730611 -0.95091349 -0.74597569  0.18754488 -0.40438557  0.41339851
 -0.03719111  0.33469929 -0.72826689  0.10882711 -0.28237287 -0.6456504
 -0.26223517  0.69625158  0.10725971 -0.41647236 -0.50114338  0.40473676
  0.61566806 -0.92832145 -0.94190132  0.62045381  0.38385028 -0.14950508
  0.65589296  0.58814822 -0.23644995 -0.645424    0.57146561 -0.29093321
  0.54794889  0.13475447  0.67792851 -0.93875681 -0.67456107  0.54160922
  0.59855369  0.74503602  0.09841884]
2022-08-01 15:46:44,492 - pyswarms.single.global_best - INFO - Optimize for 100 iters with {'c1': 0.5, 'c2': 0.3, 'w': 0.9}
2022-08-01 15:46:45,220 - pyswarms.single.global_best - INFO - Optimization finished | best cost: 0.6360963126734376, best pos: [-0.81466164 -0.86895492  0.59466762  0.94525461 -0.59309336 -0.78510242
  0.06124256 -0.58293322 -0.42434759 -0.7797369  -0.95576271  0.33126205
 -0.03158724 -0.57574241 -0.22965585  0.13527566 -0.58875017 -0.34105682
  0.35905911 -0.38278616 -0.50425161  0.8117181   0.17143932 -0.70293662
  0.16791095 -0.54997162  0.87114631 -0.73387572 -0.42288926  0.68800854
  0.73711958  0.16686824 -0.73957204  0.93673282 -0.9597148   0.467035
  0.05314454 -0.15457858 -0.61330152]
2022-08-01 15:46:45,228 - pyswarms.single.global_best - INFO - Optimize for 100 iters with {'c1': 0.5, 'c2': 0.3, 'w': 0.9}
2022-08-01 15:46:45,961 - pyswarms.single.global_best - INFO - Optimization finished | best cost: 0.7209390160246267, best pos: [ 0.39924765 -0.38730798  0.68602536 -0.86775711  0.31458934 -0.98432011
  0.23771442 -0.85064073  0.09328869  0.53224434 -0.02212162 -0.03561925
  0.4358225   0.15375252  0.36603153 -0.30256152  0.19375726  0.4357421
  0.06899807 -0.08089526  0.86885968  0.54278484 -0.75027868  0.24802656
 -0.32088102  0.2772197   0.61075332  0.88983647  0.68947763  0.50919386
  0.08583117  0.47205503  0.07419031  0.97633057 -0.16498073 -0.83548639
 -0.41413744  0.29392647 -0.09002118]
2022-08-01 15:46:45,969 - pyswarms.single.global_best - INFO - Optimize for 100 iters with {'c1': 0.5, 'c2': 0.3, 'w': 0.9}
2022-08-01 15:46:46,722 - pyswarms.single.global_best - INFO - Optimization finished | best cost: 0.59273624489823, best pos: [ 0.14223603 -0.65077761 -0.64094602 -0.72722844  0.63530477 -0.18433372
 -0.74441937 -0.94020283  0.71625982  0.575685   -0.69969219 -0.59570044
 -0.11334965 -0.3400275   0.30937722  0.0039643   0.09155839 -0.26156663
 -0.72214103 -0.1155027   0.37214606  0.87598143 -0.89990434 -0.24498308
  0.69033997  0.48759336 -0.80577764  0.96491423  0.2850259  -0.73585625
 -0.87437627 -0.04413133  0.7860278   0.9481313  -0.40036014 -0.39586104
  0.51394278 -0.04765907  0.17530067]
2022-08-01 15:46:46,730 - pyswarms.single.global_best - INFO - Optimize for 100 iters with {'c1': 0.5, 'c2': 0.3, 'w': 0.9}
2022-08-01 15:46:47,454 - pyswarms.single.global_best - INFO - Optimization finished | best cost: 0.7020287058476544, best pos: [-0.92437061 -0.68897543 -0.84082778  0.93944566 -0.24219023 -0.98447787
 -0.44810984 -0.9440669  -0.82455354 -0.00323831  0.2276695   0.05967007
  0.27099683 -0.60628882  0.02865609 -0.34379253  0.26659931  0.62504713
  0.88947286 -0.79908322 -0.28317179  0.90869496  0.36304047 -0.06918186
  0.73248489 -0.44730187  0.32914349 -0.44018183 -0.51485863 -0.08496471
  0.84194297 -0.29727134  0.73027704 -0.10473686  0.40224489 -0.95219231
 -0.48479842  0.20090739 -0.1445091 ]
2022-08-01 15:46:47,462 - pyswarms.single.global_best - INFO - Optimize for 100 iters with {'c1': 0.5, 'c2': 0.3, 'w': 0.9}
2022-08-01 15:46:48,183 - pyswarms.single.global_best - INFO - Optimization finished | best cost: 0.6189942000892172, best pos: [ 0.60657058  0.94142186  0.58055842  0.02238224 -0.78102386 -0.62819362
  0.18339796  0.04579369 -0.94035921 -0.00636005  0.17126249  0.03154075
 -0.03763996  0.1691211   0.13788743  0.30258392 -0.0846519   0.33101001
 -0.73665862  0.72709236  0.91090829 -0.8515454   0.72522382  0.46065274
 -0.24548033 -0.04939769  0.87059347 -0.21657519 -0.39203185 -0.5879985
  0.63570464  0.27191382 -0.4227376   0.42273172  0.32531872 -0.43752365
 -0.11176811 -0.145359   -0.19536984]
2022-08-01 15:46:48,256 - pyswarms.single.global_best - INFO - Optimize for 100 iters with {'c1': 0.5, 'c2': 0.3, 'w': 0.9}
2022-08-01 15:46:48,948 - pyswarms.single.global_best - INFO - Optimization finished | best cost: 0.6779977757545013, best pos: [-0.96280497  0.86515239  0.90795494 -0.25200891  0.0707368   0.33055626
  0.84087972 -0.19699907 -0.40328039 -0.68684005 -0.10524098  0.87422867
 -0.6553902   0.42362963  0.48549558  0.11362232  0.12144193 -0.09029285]
2022-08-01 15:46:48,958 - pyswarms.single.global_best - INFO - Optimize for 100 iters with {'c1': 0.5, 'c2': 0.3, 'w': 0.9}
2022-08-01 15:46:49,641 - pyswarms.single.global_best - INFO - Optimization finished | best cost: 0.7137712013564329, best pos: [ 0.7475177   0.76960024  0.94825442  0.1371325   0.0428355  -0.06942537
 -0.74770425 -0.3105126   0.27164646 -0.90526465  0.46777933  0.90743539
 -0.14533899  0.33962891  0.84853629  0.46920771  0.55059015  0.32836962]
2022-08-01 15:46:49,651 - pyswarms.single.global_best - INFO - Optimize for 100 iters with {'c1': 0.5, 'c2': 0.3, 'w': 0.9}
2022-08-01 15:46:50,348 - pyswarms.single.global_best - INFO - Optimization finished | best cost: 0.7593793904670721, best pos: [ 0.20343048  0.9037734   0.6103877   0.40623968  0.34348372 -0.09462203
 -0.17563826 -0.91064269  0.78952159 -0.9620008   0.6852734   0.87934837
 -0.95877916  0.78703566  0.79212571  0.08235585  0.44452287  0.08583429]
2022-08-01 15:46:50,355 - pyswarms.single.global_best - INFO - Optimize for 100 iters with {'c1': 0.5, 'c2': 0.3, 'w': 0.9}
2022-08-01 15:46:51,032 - pyswarms.single.global_best - INFO - Optimization finished | best cost: 0.6767290852290802, best pos: [-0.82874315 -0.88626833  0.59967294  0.00721136 -0.27104882  0.23590526
  0.84877468 -0.71873939 -0.78492152  0.9711098  -0.44734072 -0.69314942
 -0.83233512 -0.15797313  0.36106283 -0.26558615 -0.12729036 -0.33282932]
2022-08-01 15:46:51,039 - pyswarms.single.global_best - INFO - Optimize for 100 iters with {'c1': 0.5, 'c2': 0.3, 'w': 0.9}
2022-08-01 15:46:51,724 - pyswarms.single.global_best - INFO - Optimization finished | best cost: 0.7221529198944338, best pos: [ 0.78043325  0.74515725  0.73198327 -0.19435985  0.15418952 -0.07483092
 -0.74240408 -0.18553607  0.84391233 -0.96120393  0.68028813  0.79332763
 -0.39910914 -0.55813625  0.87413499  0.22529682 -0.14527447 -0.38047331]
2022-08-01 15:46:51,732 - pyswarms.single.global_best - INFO - Optimize for 100 iters with {'c1': 0.5, 'c2': 0.3, 'w': 0.9}
2022-08-01 15:46:52,414 - pyswarms.single.global_best - INFO - Optimization finished | best cost: 0.7863949810276446, best pos: [ 0.71725938  0.34557634  0.71678264  0.35905259 -0.17000491 -0.0541328
 -0.73917195  0.2791863   0.69200744  0.33268329  0.45746629  0.48105311
 -0.94970864  0.87060927  0.81165031  0.18194385  0.57393998  0.32091814]
2022-08-01 15:46:52,421 - pyswarms.single.global_best - INFO - Optimize for 100 iters with {'c1': 0.5, 'c2': 0.3, 'w': 0.9}
2022-08-01 15:46:53,107 - pyswarms.single.global_best - INFO - Optimization finished | best cost: 0.784272463895472, best pos: [-0.86064069 -0.63345491  0.42593857 -0.27260564  0.02862578  0.5076052
  0.68023796 -0.32259488 -0.72718818  0.96557895 -0.8181721  -0.17831289
 -0.37251683  0.17893543  0.43978776 -0.43757189 -0.65743797 -0.96499876]
2022-08-01 15:46:53,114 - pyswarms.single.global_best - INFO - Optimize for 100 iters with {'c1': 0.5, 'c2': 0.3, 'w': 0.9}
2022-08-01 15:46:53,827 - pyswarms.single.global_best - INFO - Optimization finished | best cost: 0.7381753135640027, best pos: [-0.9622378   0.27340531 -0.77693415 -0.0187294   0.29053193  0.01159231
  0.94691454  0.03450689 -0.2944828  -0.34820985 -0.53412535  0.53110482
  0.87537753 -0.5079641  -0.88383815 -0.56047278  0.03496102 -0.70615855]
2022-08-01 15:46:53,834 - pyswarms.single.global_best - INFO - Optimize for 100 iters with {'c1': 0.5, 'c2': 0.3, 'w': 0.9}
2022-08-01 15:46:54,522 - pyswarms.single.global_best - INFO - Optimization finished | best cost: 0.7706649746890722, best pos: [ 0.838572    0.55961327  0.88010483 -0.60991197  0.08587462  0.50235762
 -0.97334268 -0.31522422  0.45082539  0.00805375  0.69112015  0.83376561
 -0.85154337  0.14169566  0.84440316  0.60538248  0.5900618   0.83952246]
2022-08-01 15:46:54,529 - pyswarms.single.global_best - INFO - Optimize for 100 iters with {'c1': 0.5, 'c2': 0.3, 'w': 0.9}
2022-08-01 15:46:55,209 - pyswarms.single.global_best - INFO - Optimization finished | best cost: 0.7589303440801967, best pos: [ 0.5861417   0.83220886 -0.77775945  0.33945105  0.04988538  0.2469876
 -0.57838994  0.94964298  0.81428887 -0.86588846 -0.27598057  0.83728313
  0.23718331  0.39002099 -0.78497985  0.38108235  0.54523827  0.63598523]
2022-08-01 15:48:49,358 - pyswarms.single.global_best - INFO - Optimize for 100 iters with {'c1': 0.5, 'c2': 0.3, 'w': 0.9}
2022-08-01 15:48:50,361 - pyswarms.single.global_best - INFO - Optimization finished | best cost: 0.5955438575217169, best pos: [-0.42767183 -0.33465197 -0.45391949 -0.91266862  0.34025882  0.22620412
  0.3060968   0.35886438  0.74453452  0.02608615  0.9058359   0.44033592
  0.04182886 -0.78646711 -0.0638583  -0.1659685  -0.7245117  -0.73681875
  0.5504934   0.23759516  0.45915452 -0.3204712   0.59043532  0.6541769
 -0.37325407 -0.01522117 -0.84851702 -0.18047438 -0.37220472 -0.08211511
 -0.12770451  0.09027712 -0.4024162   0.58366579  0.10731724 -0.12554032
  0.67985514 -0.08691377  0.27019306  0.22121333 -0.45061293 -0.46354466
  0.60591874 -0.3690758  -0.97359453  0.18954308 -0.1221273   0.34587009
  0.3635404   0.12374765  0.16184375  0.34736002  0.21427367 -0.61650286
 -0.2484313  -0.20860059  0.90493968 -0.64738453  0.69157178  0.06833558
 -0.55766063  0.67229897  0.65709435  0.953779    0.72174863 -0.18950932]
2022-08-01 15:48:50,380 - pyswarms.single.global_best - INFO - Optimize for 100 iters with {'c1': 0.5, 'c2': 0.3, 'w': 0.9}
2022-08-01 15:48:51,265 - pyswarms.single.global_best - INFO - Optimization finished | best cost: 0.6065727816326897, best pos: [ 0.18021525  0.50282025 -0.0301498   0.18569598  0.52817996 -0.83300801
 -0.58985616 -0.86244036 -0.22019705  0.95506939 -0.7706674  -0.30664989
 -0.42148229  0.32420216  0.23467211  0.02536105 -0.42047602  0.80923576
 -0.24433726  0.25920598 -0.8140253  -0.98928032  0.68693673  0.67374833
 -0.28956798 -0.60930435  0.6543668  -0.99273817 -0.06048593 -0.21831957
 -0.88339205 -0.20618067 -0.11058991 -0.52000935 -0.58454878 -0.2052419
 -0.38465942 -0.70098006 -0.84298163 -0.86072132  0.33573983  0.75161312
 -0.65616933 -0.66683404  0.91184798  0.59627869 -0.82839761  0.71620648
  0.51169531 -0.26797933 -0.54969348 -0.07168347 -0.99090391  0.26309093
  0.09611688  0.85154826 -0.10326319 -0.44835492  0.54499488 -0.06557506
  0.98041487 -0.00544714 -0.57118953  0.54780638  0.79489208  0.4093235 ]
2022-08-01 15:48:51,275 - pyswarms.single.global_best - INFO - Optimize for 100 iters with {'c1': 0.5, 'c2': 0.3, 'w': 0.9}
2022-08-01 15:48:52,219 - pyswarms.single.global_best - INFO - Optimization finished | best cost: 0.640872039438993, best pos: [-0.69286449 -0.77739006 -0.23546803 -0.61546498  0.4798257  -0.31471423
 -0.05166062  0.17717965 -0.43991357  0.51775306 -0.69100885  0.97205182
  0.41971135 -0.48888813  0.57186894  0.85777765  0.51558049 -0.87012932
  0.65456679 -0.02833295 -0.96379476  0.29157876 -0.254274    0.99926481
  0.81415583  0.82200783 -0.90629212  0.74601438  0.49372897 -0.43918626
 -0.67229051 -0.73818818 -0.44406532 -0.42592193  0.22638733  0.3260296
 -0.41943402  0.94939306 -0.86514124  0.17306897  0.2769331   0.62071446
  0.33007449  0.71947772 -0.38644956 -0.2646242  -0.51714057 -0.64200836
 -0.96679165  0.01484784  0.42432665 -0.19889894  0.62985092 -0.97920501
  0.57162002 -0.79519206 -0.60571611  0.97556876 -0.21489688 -0.85194365
  0.36946939  0.7216207   0.75279091 -0.40848697 -0.33168841 -0.43505459]
2022-08-01 15:48:52,231 - pyswarms.single.global_best - INFO - Optimize for 100 iters with {'c1': 0.5, 'c2': 0.3, 'w': 0.9}
2022-08-01 15:48:53,162 - pyswarms.single.global_best - INFO - Optimization finished | best cost: 0.663491329727885, best pos: [ 0.18059522 -0.75427696  0.44315236 -0.59863552  0.70356073 -0.12431884
 -0.31387095 -0.35262149 -0.5748935  -0.31170771  0.24725584 -0.53761451
  0.48034076 -0.20615467  0.44003959 -0.40681639 -0.48879438 -0.60758899
 -0.62801335  0.17828277 -0.53507939  0.93634736 -0.28091833  0.78534672
  0.2310948   0.1599872   0.02711572  0.35541941 -0.20077201  0.33411517
  0.52922332  0.21028018  0.50759498  0.57154245  0.29615818 -0.33551632
 -0.92425784  0.6871968   0.56483846  0.42154697 -0.10421139 -0.38807598
 -0.62039126  0.95215307  0.42739844  0.79774489  0.08162279 -0.70871913
 -0.8123969   0.14712167 -0.41922807  0.82440942  0.06943052 -0.83630282
 -0.08054689  0.52517087 -0.3345074   0.68088527  0.47611706  0.75720825
 -0.19331477 -0.58632098 -0.11682369 -0.08591661 -0.35957793 -0.33528731]
2022-08-01 15:48:53,171 - pyswarms.single.global_best - INFO - Optimize for 100 iters with {'c1': 0.5, 'c2': 0.3, 'w': 0.9}
2022-08-01 15:48:54,013 - pyswarms.single.global_best - INFO - Optimization finished | best cost: 0.6639914384376673, best pos: [-0.3684505  -0.50916126  0.09742102 -0.33966533 -0.6873292  -0.63681594
 -0.15797809  0.30699526  0.30872629 -0.72954097  0.71966894  0.6299866
 -0.02225519  0.28430526  0.49324909  0.71104928  0.47785222  0.6994823
 -0.39723344  0.58650356  0.40773213 -0.18100045  0.37475769  0.71604352
  0.1268528  -0.01309389  0.90098545 -0.21269564  0.49023682 -0.95721697
 -0.80344853 -0.15118419  0.04392711  0.11610766 -0.23369554  0.58389367
  0.20254217  0.09261102  0.93347455  0.20558161 -0.44751664 -0.31784282
  0.07383449 -0.85750406 -0.04256703 -0.28919839 -0.37456453  0.38584381
 -0.11993754 -0.05617463 -0.71718978  0.8757283   0.6389912  -0.38519738
  0.40642051 -0.28668808 -0.60667822  0.29985272 -0.06793898 -0.598655
  0.75575072 -0.22856943  0.03481454 -0.52444928 -0.26066628 -0.04248811]
2022-08-01 15:48:54,023 - pyswarms.single.global_best - INFO - Optimize for 100 iters with {'c1': 0.5, 'c2': 0.3, 'w': 0.9}
2022-08-01 15:48:54,917 - pyswarms.single.global_best - INFO - Optimization finished | best cost: 0.6456177157835745, best pos: [ 0.4618734  -0.44665901 -0.697183    0.54345477  0.55308817  0.44644053
  0.74181841  0.81083815  0.88530921  0.21113661  0.73930632  0.37893049
  0.00254441  0.79686362 -0.30964304  0.03384027  0.42816467 -0.70367728
  0.44081161  0.36748175 -0.0085947   0.44549947 -0.6176022  -0.63049552
  0.56341775  0.98323519 -0.33937696 -0.39130724 -0.29355176 -0.37388527
  0.12644228 -0.01365697 -0.48367868  0.07686779 -0.01054579  0.77571702
  0.20329873 -0.71092855  0.48792827  0.49848187 -0.90185787 -0.86474237
  0.34145406 -0.23520871 -0.2386555   0.02043994  0.05152615  0.11845591
 -0.45749192 -0.16661295  0.33349401 -0.55033342 -0.04879291  0.59578606
  0.89377243  0.32311852 -0.77949582  0.95743851  0.6876906  -0.3921834
 -0.14679937 -0.37600269  0.63371638  0.09734468  0.08292072 -0.26047315]
2022-08-01 15:48:54,930 - pyswarms.single.global_best - INFO - Optimize for 100 iters with {'c1': 0.5, 'c2': 0.3, 'w': 0.9}
2022-08-01 15:48:55,799 - pyswarms.single.global_best - INFO - Optimization finished | best cost: 0.6765209595028813, best pos: [ 0.18162242  0.4527694  -0.15381758 -0.19612375  0.33742527 -0.12103191
  0.20411806  0.22588736  0.37106231 -0.72068156  0.00145975  0.67679431
  0.48375404  0.48188446 -0.93999512  0.20582419  0.82149832  0.49424966
 -0.92010142  0.54682635  0.97284911  0.15721709 -0.37139354 -0.93971669
 -0.88433464 -0.9924865  -0.64913996 -0.24465882  0.58625818  0.41552104
  0.22924629  0.00603436 -0.20657781  0.26277445 -0.53020474 -0.34855345
 -0.14678757  0.27644051  0.02462168 -0.66698366  0.37273488  0.07246896
  0.88491039  0.88667924 -0.94643308  0.59359404  0.14919928 -0.51607886
 -0.2552084   0.48239789 -0.31274255 -0.94076112  0.52505531  0.60902083
 -0.86991265 -0.0370891   0.4148441  -0.06572188 -0.43783694 -0.61161499
  0.27290417  0.00222277  0.28588302  0.28557281 -0.79307237 -0.5541749 ]
2022-08-01 15:48:55,807 - pyswarms.single.global_best - INFO - Optimize for 100 iters with {'c1': 0.5, 'c2': 0.3, 'w': 0.9}
2022-08-01 15:48:56,676 - pyswarms.single.global_best - INFO - Optimization finished | best cost: 0.6213966058843083, best pos: [ 0.21199736 -0.53114849  0.34596371 -0.38997822 -0.04515325  0.42124335
  0.32581902  0.66213603  0.32033518 -0.3160265   0.86000517 -0.26013343
  0.91680894 -0.66095819 -0.73605953 -0.90555395  0.71349231 -0.61104392
  0.23838936  0.42283856 -0.28457692  0.42563958 -0.78367746  0.24428049
 -0.35686792  0.34068703  0.25923546  0.06938855  0.72320155  0.22310981
 -0.25043533  0.67869324 -0.66111085 -0.42097521  0.33280589 -0.60674738
 -0.48124886 -0.02855249  0.68453814  0.37899166  0.39442125  0.65588561
 -0.58054295  0.48040626  0.73729503  0.62702803 -0.02653832 -0.35351207
 -0.8991083   0.83656328  0.07472305 -0.51377981 -0.11603377 -0.27897942
 -0.62988931  0.49490673  0.68306084 -0.26238985  0.23272687 -0.84563368
 -0.88204997  0.36972336  0.00919078 -0.16666468  0.05445151  0.18457091]
2022-08-01 15:48:56,688 - pyswarms.single.global_best - INFO - Optimize for 100 iters with {'c1': 0.5, 'c2': 0.3, 'w': 0.9}
2022-08-01 15:48:57,546 - pyswarms.single.global_best - INFO - Optimization finished | best cost: 0.6194768562864315, best pos: [-0.28442677 -0.08303338  0.63290209  0.0460374   0.55348858 -0.60654575
  0.12053542 -0.10446214  0.05489166 -0.02321833 -0.27929559 -0.71466191
  0.03510425  0.15254922 -0.18851706 -0.66441652  0.6698016  -0.10616283
  0.03482099 -0.98595806  0.01979417 -0.92597414 -0.4251582   0.18098819
 -0.91795757  0.35026829 -0.35816112  0.03888562  0.61750878 -0.03227571
  0.90657296  0.18716057 -0.7875712  -0.06724587  0.30822144 -0.96979081
  0.17583646 -0.05494262 -0.22721972  0.43336278  0.70274669  0.26672768
 -0.80848541  0.66873413 -0.14929183 -0.07263426  0.57864905  0.6614503
 -0.22746732  0.75642503  0.63187536  0.88316767  0.52450662 -0.34963704
 -0.93717972  0.06418682  0.9605947   0.60524255 -0.60182763 -0.95744846
 -0.27044479  0.29489778  0.57981404 -0.42079688  0.1217629  -0.40331172]
2022-08-01 15:48:57,556 - pyswarms.single.global_best - INFO - Optimize for 100 iters with {'c1': 0.5, 'c2': 0.3, 'w': 0.9}
2022-08-01 15:48:58,417 - pyswarms.single.global_best - INFO - Optimization finished | best cost: 0.638225783970352, best pos: [-0.29645432 -0.34458147  0.13750791 -0.28475082 -0.14448952 -0.35434248
  0.46899808  0.11593883 -0.21460723  0.1983723  -0.35324764  0.85209708
  0.94590085  0.63978158 -0.58657684 -0.42637681  0.01828344 -0.05282996
  0.67256205  0.99309045  0.85559851 -0.82428235  0.39246185 -0.10961276
 -0.08704444  0.40167423  0.54513033 -0.2243065   0.94858418  0.32502135
  0.2017459   0.22739721 -0.96460711 -0.45851353 -0.4768367  -0.28111871
  0.6869588  -0.70763116 -0.91743742 -0.36477688 -0.06654504 -0.12975858
  0.21380812  0.5294232  -0.95754466  0.10677341 -0.30004527 -0.04990514
  0.787268   -0.86812487 -0.46403187 -0.39570039  0.38828376 -0.73890422
  0.46738566  0.80144441  0.97280939  0.97331913 -0.7782918   0.34112175
  0.12445448 -0.18581724 -0.88327404  0.09101371  0.12874918 -0.42103934]
2022-08-01 15:48:58,704 - pyswarms.single.global_best - INFO - Optimize for 100 iters with {'c1': 0.5, 'c2': 0.3, 'w': 0.9}
2022-08-01 15:48:59,491 - pyswarms.single.global_best - INFO - Optimization finished | best cost: 0.6917316086443038, best pos: [ 0.66708483  0.97080264 -0.31846279 -0.44354785  0.57119955  0.39303969
  0.03666552  0.1008154   0.76511682  0.55199861 -0.37288957 -0.83896491
  0.09358113 -0.23628638 -0.17043498 -0.31030556 -0.15604667  0.52375175
 -0.65251263 -0.68880539  0.46120259 -0.6336422  -0.23763942 -0.16270874
  0.67800875 -0.56457236 -0.78421036  0.31083386 -0.87985248 -0.72929832
 -0.33556134 -0.27738711  0.61905414 -0.75802972 -0.3630001  -0.40379509
  0.27728988  0.22775962 -0.07716502]
2022-08-01 15:48:59,506 - pyswarms.single.global_best - INFO - Optimize for 100 iters with {'c1': 0.5, 'c2': 0.3, 'w': 0.9}
2022-08-01 15:49:00,275 - pyswarms.single.global_best - INFO - Optimization finished | best cost: 0.6766402599359285, best pos: [ 0.6429864  -0.19604024  0.92817565 -0.52917572  0.0778129  -0.6311658
  0.63408187  0.02132657 -0.73150329  0.24430926  0.09957276  0.9137543
  0.33021182  0.0467956   0.5489489  -0.17551656  0.4021518   0.02919437
 -0.47749695 -0.05818762  0.97380876  0.22180525 -0.59390932 -0.35229241
 -0.44758253  0.79931007  0.59862427  0.48608716  0.18548932 -0.00099188
  0.11608151 -0.1203188   0.6175283   0.96656084  0.25589768 -0.50619648
  0.6465617   0.65676796 -0.09816748]
2022-08-01 15:49:00,285 - pyswarms.single.global_best - INFO - Optimize for 100 iters with {'c1': 0.5, 'c2': 0.3, 'w': 0.9}
2022-08-01 15:49:01,055 - pyswarms.single.global_best - INFO - Optimization finished | best cost: 0.6226548318564579, best pos: [-0.83986867  0.91446174  0.73578095  0.99627323 -0.24962125 -0.76450258
  0.68035774 -0.20534681 -0.16986618 -0.21771741 -0.38967568 -0.43107346
 -0.23871853 -0.31909304  0.13698846  0.1060672  -0.2335687   0.47243541
  0.60923717 -0.11365108 -0.66346924 -0.70389822  0.1163012   0.52496089
  0.09720528 -0.18754324  0.69330744 -0.45102455  0.65751015  0.32885607
 -0.19130315 -0.86354331 -0.7380166   0.38133104  0.46225501 -0.89234155
 -0.22041941 -0.12681328 -0.2139774 ]
2022-08-01 15:49:01,067 - pyswarms.single.global_best - INFO - Optimize for 100 iters with {'c1': 0.5, 'c2': 0.3, 'w': 0.9}
2022-08-01 15:49:01,845 - pyswarms.single.global_best - INFO - Optimization finished | best cost: 0.6874262224259625, best pos: [ 0.6324157   0.29929314 -0.16479268 -0.73168498 -0.64836557 -0.9398719
 -0.38120451 -0.30123039  0.25974644  0.18249222 -0.02374446  0.18583124
 -0.2192301  -0.48926909 -0.52825366  0.21647588 -0.18993815 -0.52815101
 -0.99184097 -0.60566549  0.60761724 -0.59041052 -0.27611253  0.13997673
 -0.4125238  -0.26756514 -0.04756352  0.681528   -0.72724227 -0.65002696
  0.14060661  0.10961731 -0.24646689  0.77031815  0.08574791 -0.48326491
 -0.49379024 -0.06196955 -0.25235904]
2022-08-01 15:49:01,857 - pyswarms.single.global_best - INFO - Optimize for 100 iters with {'c1': 0.5, 'c2': 0.3, 'w': 0.9}
2022-08-01 15:49:02,631 - pyswarms.single.global_best - INFO - Optimization finished | best cost: 0.6654104313847183, best pos: [ 0.01353703 -0.75064159 -0.9864245  -0.50223607  0.31991493  0.79011862
  0.34560536 -0.35215533  0.49706618  0.20537469  0.14536469 -0.4082338
 -0.37404087  0.10288308  0.07127507 -0.25853083 -0.30636277  0.07984265
  0.39681804 -0.31736981 -0.40867887  0.49391911 -0.70088502 -0.89573834
 -0.03158655  0.11970814 -0.62366946  0.887856   -0.54144228 -0.63040086
  0.08107585  0.09206039 -0.17775622 -0.72912279  0.93982523  0.68393831
  0.31926321  0.21536489 -0.31349861]
2022-08-01 15:49:02,640 - pyswarms.single.global_best - INFO - Optimize for 100 iters with {'c1': 0.5, 'c2': 0.3, 'w': 0.9}
2022-08-01 15:49:03,408 - pyswarms.single.global_best - INFO - Optimization finished | best cost: 0.609666885563821, best pos: [ 0.9302414   0.31736983  0.87984252 -0.89269631 -0.78093579  0.95902781
 -0.75288242  0.76754189 -0.70260739  0.60809837 -0.06269117  0.25469337
 -0.41455711  0.91672282 -0.36399601  0.31668482  0.45229536  0.99307991
 -0.92152188  0.23424357  0.82396814 -0.50709304 -0.37746283  0.46000246
 -0.7859162  -0.25964824  0.73629635  0.78999114 -0.45175628  0.26464187
 -0.39022813 -0.54451955 -0.74110646 -0.90721459  0.60466238  0.83459349
  0.2221983   0.88117356  0.12732844]
2022-08-01 15:49:03,416 - pyswarms.single.global_best - INFO - Optimize for 100 iters with {'c1': 0.5, 'c2': 0.3, 'w': 0.9}
2022-08-01 15:49:04,187 - pyswarms.single.global_best - INFO - Optimization finished | best cost: 0.6784136120619243, best pos: [-0.33759338 -0.12097418  0.83992882  0.59785128  0.63405878 -0.90591063
 -0.56360831  0.32575462  0.04340479 -0.22772499  0.14695263  0.46086398
  0.29569044 -0.35572162 -0.04449239 -0.41595967  0.21522125  0.02213864
  0.66385549 -0.07114745  0.6474928   0.58403974  0.35297942  0.09034868
 -0.70915801  0.73117152  0.89095094 -0.06450547  0.19780908  0.72586496
 -0.69917965  0.46167478  0.93268195  0.99588182 -0.01221703  0.10238443
 -0.00513221  0.6750625  -0.07248266]
2022-08-01 15:49:04,195 - pyswarms.single.global_best - INFO - Optimize for 100 iters with {'c1': 0.5, 'c2': 0.3, 'w': 0.9}
2022-08-01 15:49:04,950 - pyswarms.single.global_best - INFO - Optimization finished | best cost: 0.701320270792552, best pos: [ 0.68811226 -0.15004396  0.88850998  0.95020445  0.8112544   0.95218635
 -0.9061518   0.63895568  0.44940082 -0.30029017  0.75818135 -0.97630656
  0.2848915   0.16033977  0.44710799  0.57046826  0.23747964  0.28206224
 -0.71023746 -0.68022324  0.56373239  0.81863105 -0.45403328 -0.46773167
 -0.91451279  0.75263112 -0.05700988 -0.0346906   0.45152073 -0.069623
  0.27474579 -0.26297448  0.06653044 -0.78053318 -0.42781805  0.98079222
 -0.26019769 -0.68522985 -0.77872695]
2022-08-01 15:49:04,959 - pyswarms.single.global_best - INFO - Optimize for 100 iters with {'c1': 0.5, 'c2': 0.3, 'w': 0.9}
2022-08-01 15:49:05,725 - pyswarms.single.global_best - INFO - Optimization finished | best cost: 0.6335963960552812, best pos: [ 0.65190949 -0.63896205  0.36541649 -0.10392054 -0.80448953  0.98388265
 -0.37215579  0.12857344  0.06781147  0.14944821  0.57053323 -0.26581045
  0.50518987 -0.13654488 -0.05833826  0.71793991  0.34131133  0.34015921
 -0.74662292 -0.10442026  0.12752197  0.89186134  0.53496722 -0.19968829
 -0.38792933  0.60731309  0.692085   -0.21752338  0.17950194 -0.39274213
  0.8655884  -0.08190603 -0.58168394 -0.89351964 -0.41080607  0.67705971
 -0.28026589 -0.15988722 -0.49847146]
2022-08-01 15:49:05,733 - pyswarms.single.global_best - INFO - Optimize for 100 iters with {'c1': 0.5, 'c2': 0.3, 'w': 0.9}
2022-08-01 15:49:06,482 - pyswarms.single.global_best - INFO - Optimization finished | best cost: 0.6696818326679045, best pos: [-0.8591402   0.25075076 -0.13173309 -0.5835069  -0.86240634 -0.80161039
 -0.31517889  0.11325723  0.56157904  0.42251369 -0.0269614   0.73905276
  0.36412671 -0.28885507 -0.30504083 -0.38383793 -0.58086263  0.16463072
 -0.79315966 -0.31931023 -0.5589694  -0.50968736  0.33229524  0.69474782
  0.14096893 -0.17812102  0.67029547  0.79679775 -0.44765053 -0.7574963
  0.78521892 -0.89039338 -0.7688232   0.87664732  0.17740821 -0.68689074
  0.437169   -0.24909481  0.30552987]
2022-08-01 15:49:06,617 - pyswarms.single.global_best - INFO - Optimize for 100 iters with {'c1': 0.5, 'c2': 0.3, 'w': 0.9}
2022-08-01 15:49:07,336 - pyswarms.single.global_best - INFO - Optimization finished | best cost: 0.7824441430109625, best pos: [-0.82829024 -0.74778366 -0.96856956 -0.124312    0.35875066 -0.25942736
 -0.53850664 -0.295118    0.29589197 -0.28324869  0.39059509  0.78000626
 -0.90708585 -0.03324919  0.54682109 -0.04310444  0.21836624  0.16239432]
2022-08-01 15:49:07,350 - pyswarms.single.global_best - INFO - Optimize for 100 iters with {'c1': 0.5, 'c2': 0.3, 'w': 0.9}
2022-08-01 15:49:08,063 - pyswarms.single.global_best - INFO - Optimization finished | best cost: 0.7917083765426247, best pos: [ 0.42258593  0.7072741   0.92644581 -0.43135585 -0.37893147 -0.72979763
  0.31750857  0.0811893  -0.89383252  0.96854238 -0.93010036 -0.69622838
  0.8945515   0.05009773 -0.86505748  0.90903709  0.59890938 -0.97606112]
2022-08-01 15:49:08,070 - pyswarms.single.global_best - INFO - Optimize for 100 iters with {'c1': 0.5, 'c2': 0.3, 'w': 0.9}
2022-08-01 15:49:08,779 - pyswarms.single.global_best - INFO - Optimization finished | best cost: 0.7701919588661631, best pos: [ 0.63045158  0.92618821 -0.63640055 -0.04394231 -0.23753835  0.66840794
  0.83537011  0.35997457 -0.70261583  0.94849259 -0.18582801 -0.28084304
 -0.82565655 -0.02843719  0.44518057  0.19482158 -0.23000912 -0.62661732]
2022-08-01 15:49:08,786 - pyswarms.single.global_best - INFO - Optimize for 100 iters with {'c1': 0.5, 'c2': 0.3, 'w': 0.9}
2022-08-01 15:49:09,492 - pyswarms.single.global_best - INFO - Optimization finished | best cost: 0.7864668104840825, best pos: [ 0.91283843  0.927452    0.08898681 -0.0933484  -0.06320274 -0.15691157
  0.85944377 -0.68628176 -0.7987707   0.65068321 -0.19864395 -0.45964228
 -0.36621423 -0.48797892 -0.8474113   0.17539114  0.41870151 -0.0810494 ]
2022-08-01 15:49:09,499 - pyswarms.single.global_best - INFO - Optimize for 100 iters with {'c1': 0.5, 'c2': 0.3, 'w': 0.9}
2022-08-01 15:49:10,215 - pyswarms.single.global_best - INFO - Optimization finished | best cost: 0.7756573451108612, best pos: [-0.79365378 -0.44154595  0.95483921 -0.5704364   0.32319054 -0.2343894
 -0.77602938 -0.0711339   0.48086494 -0.63883334  0.5226916   0.77028809
  0.87984136  0.45354487 -0.88046861  0.43121956  0.32044561 -0.10545045]
2022-08-01 15:49:10,223 - pyswarms.single.global_best - INFO - Optimize for 100 iters with {'c1': 0.5, 'c2': 0.3, 'w': 0.9}
2022-08-01 15:49:10,963 - pyswarms.single.global_best - INFO - Optimization finished | best cost: 0.8007722860416978, best pos: [-0.83106654 -0.12645488  0.74373223 -0.065366    0.56314547  0.13742689
 -0.82416781  0.82013132  0.64322725 -0.00540045  0.5335876   0.20986723
  0.82711823 -0.0508953  -0.93261959  0.71303042  0.7340467   0.62455047]
2022-08-01 15:49:10,970 - pyswarms.single.global_best - INFO - Optimize for 100 iters with {'c1': 0.5, 'c2': 0.3, 'w': 0.9}
2022-08-01 15:49:11,677 - pyswarms.single.global_best - INFO - Optimization finished | best cost: 0.798539728224904, best pos: [-0.92852424  0.84957075  0.4209255   0.4062376   0.29486931 -0.51856537
 -0.57762722  0.69577086  0.60384172  0.93162825  0.51689409 -0.37474889
  0.29573214 -0.14305805 -0.82748641 -0.42821681 -0.86473588 -0.81422965]
2022-08-01 15:49:11,685 - pyswarms.single.global_best - INFO - Optimize for 100 iters with {'c1': 0.5, 'c2': 0.3, 'w': 0.9}
2022-08-01 15:49:12,394 - pyswarms.single.global_best - INFO - Optimization finished | best cost: 0.786172530223685, best pos: [-0.85014202  0.88743221  0.37397254 -0.21906942 -0.06399867 -0.42141881
 -0.87866361  0.25050253  0.98530895  0.9041628   0.22694921 -0.72883075
  0.2446394   0.3036988   0.63946739 -0.27664138  0.14880934 -0.30636661]
2022-08-01 15:49:12,401 - pyswarms.single.global_best - INFO - Optimize for 100 iters with {'c1': 0.5, 'c2': 0.3, 'w': 0.9}
2022-08-01 15:49:13,114 - pyswarms.single.global_best - INFO - Optimization finished | best cost: 0.7791434128865085, best pos: [ 0.93517303  0.92112251 -0.33832139 -0.01948648  0.27074605 -0.28770076
  0.8507728  -0.73221399 -0.54927946  0.44519254  0.01329743 -0.64025412
 -0.545396   -0.00848094  0.98820328 -0.33939113  0.12427375  0.05297149]
2022-08-01 15:49:13,121 - pyswarms.single.global_best - INFO - Optimize for 100 iters with {'c1': 0.5, 'c2': 0.3, 'w': 0.9}
2022-08-01 15:49:13,835 - pyswarms.single.global_best - INFO - Optimization finished | best cost: 0.7865591062855201, best pos: [-0.82367233 -0.68145438 -0.53808646  0.16967745 -0.06409595  0.09793652
 -0.75028325  0.34383183  0.51604136 -0.96012182 -0.25541979  0.49755608
 -0.62295699  0.04945238  0.46505021  0.42265713  0.27511988 -0.17703797]
2022-08-01 15:51:01,228 - pyswarms.single.global_best - INFO - Optimize for 100 iters with {'c1': 0.5, 'c2': 0.3, 'w': 0.9}
2022-08-01 15:51:02,236 - pyswarms.single.global_best - INFO - Optimization finished | best cost: 0.41114580341643303, best pos: [ 0.5539185   0.11683986 -0.94700201 -0.74209601  0.59210803  0.01652947
 -0.85543535  0.52500161 -0.57627178  0.33614137  0.45778598 -0.09905795
 -0.03781332  0.03273485  0.35698066  0.18115178 -0.86377023  0.3763251
  0.07391635 -0.12902387  0.27386811 -0.36894386  0.64116353 -0.47656777
 -0.70112987  0.36074937 -0.31978118 -0.33699448  0.1999831  -0.1802569
 -0.1870477   0.61448158  0.09976017 -0.60521194  0.4703049   0.45346306
 -0.51591712 -0.10113661  0.62027395  0.27596265  0.06787211 -0.04602034
 -0.09548099  0.19088767 -0.68725441  0.32661664 -0.7997969  -0.29196667
 -0.19032935  0.36541882  0.01289595 -0.639513    0.0575996   0.28627435
  0.92278578 -0.86811331 -0.44933577 -0.74653227 -0.03615698 -0.35917998
 -0.29306575  0.36795426 -0.72989511  0.02684542  0.19079266 -0.0827693 ]
2022-08-01 15:51:02,249 - pyswarms.single.global_best - INFO - Optimize for 100 iters with {'c1': 0.5, 'c2': 0.3, 'w': 0.9}
2022-08-01 15:51:03,228 - pyswarms.single.global_best - INFO - Optimization finished | best cost: 0.35646580132988875, best pos: [ 0.68194742 -0.57932623 -0.57426271 -0.61851501  0.2402947   0.60529316
  0.53471135 -0.01787939  0.60867563 -0.45843659 -0.2634274  -0.12811482
  0.22199992 -0.12053951  0.81486854 -0.05641935  0.58879003  0.0650527
 -0.23406179 -0.8280543  -0.3323192  -0.42708223  0.02216396 -0.05911889
 -0.31048627  0.42840638  0.75446542  0.11714755 -0.33310108  0.60673678
  0.08251734  0.22694966  0.50005298  0.45734023  0.30802426  0.00199453
 -0.87786208  0.20524853  0.30121446  0.92948115 -0.34590494 -0.31959418
 -0.13836037 -0.05301051 -0.38770244  0.77311601  0.18316007 -0.62674962
  0.2728846   0.05123734 -0.59757727 -0.76515995 -0.32175078 -0.25796017
 -0.60050646  0.42466651 -0.00097487 -0.25251914 -0.55742356  0.45305991
 -0.92242895 -0.71629356  0.12809644 -0.10399761  0.5645953  -0.0689241 ]
2022-08-01 15:51:03,239 - pyswarms.single.global_best - INFO - Optimize for 100 iters with {'c1': 0.5, 'c2': 0.3, 'w': 0.9}
2022-08-01 15:51:04,144 - pyswarms.single.global_best - INFO - Optimization finished | best cost: 0.36912232602405876, best pos: [ 0.62781229 -0.43792794  0.53002106  0.62035791 -0.40692311 -0.47880804
 -0.2196048   0.68850867  0.94539144  0.48695318 -0.32597325  0.14417144
 -0.19034865 -0.3929152   0.02540447 -0.24040938 -0.40234064 -0.26501276
 -0.92582267 -0.18960942  0.55233282  0.55416034 -0.19489758 -0.58187429
 -0.24169076 -0.31613887 -0.50547192  0.49915506  0.14910477 -0.81992346
  0.37274194 -0.64007877 -0.47831717 -0.45849115  0.28247989  0.75115524
 -0.57251926  0.00487144 -0.15672164  0.49734348  0.36737795  0.23568503
 -0.20227196 -0.57404622  0.19756483 -0.9789778   0.22797129 -0.34856173
  0.34134966  0.74089912 -0.91796889  0.6083236   0.61197888 -0.67640536
  0.6654972   0.16133913  0.40448922 -0.22910506  0.09412858  0.88905894
 -0.65374724  0.67368496  0.75326486  0.41491607  0.63530483 -0.82977735]
2022-08-01 15:51:04,155 - pyswarms.single.global_best - INFO - Optimize for 100 iters with {'c1': 0.5, 'c2': 0.3, 'w': 0.9}
2022-08-01 15:51:05,072 - pyswarms.single.global_best - INFO - Optimization finished | best cost: 0.4422777026179779, best pos: [ 5.53579641e-01  8.13023879e-01  1.36561104e-01  6.52449200e-01
 -3.75032993e-01 -3.47768249e-02  7.34036151e-01 -4.11034259e-01
 -8.14328672e-01 -2.69247838e-01  3.27344816e-01  7.99423060e-01
 -4.41262748e-01  6.72327062e-01 -5.11402971e-01 -2.53230093e-01
 -1.17709404e-01  6.94375577e-01  7.26833480e-01  1.83677089e-01
  2.79419150e-01 -1.72858159e-02 -7.17978878e-01 -6.48969977e-01
  2.98833289e-01 -1.15856206e-01 -4.16551119e-01  1.21359362e-01
 -7.27676941e-01  1.88943765e-01  7.87705099e-01 -9.27005971e-01
  7.91545504e-04  2.28257069e-01  7.61992950e-02  4.62979345e-01
 -2.04564319e-01  3.62106172e-01  1.88797894e-02 -2.03180651e-01
 -2.16735608e-01  6.99861266e-01  8.34171976e-02 -4.15425229e-02
  5.45656663e-01 -9.33518305e-01  8.03440774e-01 -3.36841816e-01
 -1.67256055e-01 -3.93157504e-01  5.76542503e-01  1.49336249e-01
 -2.29591752e-01  1.39590750e-01 -5.37222655e-01 -7.01643422e-01
  7.19973457e-01  4.85535413e-01  3.94842346e-01 -3.60137674e-01
  5.37539406e-01 -1.40363803e-01 -2.24193606e-01 -4.42178569e-01
  3.21244001e-01  2.19391410e-01]
2022-08-01 15:51:05,082 - pyswarms.single.global_best - INFO - Optimize for 100 iters with {'c1': 0.5, 'c2': 0.3, 'w': 0.9}
2022-08-01 15:51:05,961 - pyswarms.single.global_best - INFO - Optimization finished | best cost: 0.43325689801883854, best pos: [ 0.25944534 -0.87955419  0.25519768 -0.08443887 -0.83254122  0.12000137
  0.18952753  0.41805862  0.8744946   0.98243227  0.69684903 -0.5012169
 -0.79191771 -0.25495203  0.17437066  0.54474364 -0.43417856 -0.53425562
 -0.15796614 -0.52073122 -0.13538469 -0.1700357  -0.89118773 -0.28888573
 -0.2939747  -0.40347724 -0.3172076   0.87559887 -0.92472355 -0.10729916
  0.25546692  0.45414318  0.33770759 -0.77122285  0.90329949 -0.26315221
 -0.94663591 -0.61266434  0.40582461  0.37893803 -0.90374314 -0.91046699
 -0.93095627 -0.04467361  0.66425107  0.52516435  0.51117434 -0.55030013
  0.90437859  0.18185865 -0.88197062 -0.32972776  0.21700846  0.90205721
  0.22149209 -0.33957707  0.24523003  0.29499952  0.40896544 -0.13369333
 -0.8576453   0.58111191 -0.56254932 -0.0786005   0.06248523 -0.41486057]
2022-08-01 15:51:05,970 - pyswarms.single.global_best - INFO - Optimize for 100 iters with {'c1': 0.5, 'c2': 0.3, 'w': 0.9}
2022-08-01 15:51:06,852 - pyswarms.single.global_best - INFO - Optimization finished | best cost: 0.3530518781704764, best pos: [ 0.12197919  0.48418415 -0.49761899  0.45359538  0.07290745  0.14143336
  0.56340601  0.98118679  0.30965448  0.96724258 -0.78488316  0.56063162
  0.29068556 -0.73470735  0.57882015  0.0884836   0.21339838  0.31561641
  0.58111527 -0.77345135 -0.64574742  0.03619693  0.36367286  0.66331653
 -0.55332699  0.58555967 -0.92706553 -0.16391103  0.98884128 -0.27629309
 -0.21544783  0.42148693  0.61343681  0.7999888  -0.30737883  0.6351017
  0.37816929  0.35320856  0.72299489 -0.83873062  0.60344938  0.07781488
  0.99989361 -0.95254888 -0.93939182 -0.5770945  -0.68985541  0.9594213
  0.11922455 -0.12416185  0.64696554 -0.04491561 -0.84274442  0.70414787
 -0.6653371   0.60125403 -0.7136633  -0.55524603 -0.9733101   0.56594321
 -0.07723528 -0.31808329 -0.28744892  0.83880868 -0.33932318 -0.82025456]
2022-08-01 15:51:06,864 - pyswarms.single.global_best - INFO - Optimize for 100 iters with {'c1': 0.5, 'c2': 0.3, 'w': 0.9}
2022-08-01 15:51:07,841 - pyswarms.single.global_best - INFO - Optimization finished | best cost: 0.37534690870086157, best pos: [ 0.49641856 -0.80470056 -0.04533796  0.2451554  -0.32334169 -0.09747809
  0.49954853  0.75579949  0.40693281  0.04806608  0.0338697   0.7532537
  0.38747547  0.99153522  0.24815859  0.29200148  0.07868873 -0.77106559
  0.46030308 -0.38271563  0.50539757 -0.22500016 -0.15783177 -0.98608305
  0.55988677  0.81239988  0.59321744  0.10192531 -0.19232369  0.31243818
 -0.17559859 -0.36142136 -0.41112437 -0.6293808  -0.7250617   0.32092436
 -0.99546661  0.62796209 -0.15174722  0.97188291 -0.50184708 -0.96033826
  0.35479276  0.08989532  0.39082774  0.0556123   0.68141401  0.31202781
  0.31311356 -0.6401753  -0.60236604  0.45295978  0.51326939  0.45620335
 -0.60333582 -0.3942045   0.86439099 -0.26613787 -0.46468401  0.02150164
 -0.12556888 -0.15027192  0.04031235  0.49258986  0.78607589  0.57857721]
2022-08-01 15:51:07,854 - pyswarms.single.global_best - INFO - Optimize for 100 iters with {'c1': 0.5, 'c2': 0.3, 'w': 0.9}
2022-08-01 15:51:08,771 - pyswarms.single.global_best - INFO - Optimization finished | best cost: 0.3732780985978531, best pos: [-0.13072871  0.95284908 -0.64123003  0.39752259 -0.81879345 -0.06019327
  0.02134141 -0.95543914  0.78881402 -0.84074835  0.02967038 -0.61686762
  0.53483516 -0.00986464 -0.76691492  0.32299544  0.09605868 -0.76938812
 -0.49335768  0.49288331  0.22836743  0.35233334 -0.7603549  -0.20401716
  0.12025277 -0.65591074  0.2156922   0.41970409  0.59679393 -0.47200877
  0.26937069  0.89830336  0.65879235 -0.31170502 -0.64322799  0.0943701
  0.98620665  0.62955327 -0.46346109 -0.81425885 -0.76390294  0.6844745
  0.42091453 -0.10250524 -0.43271096  0.39894096 -0.07097012  0.31820607
  0.30029085  0.7910433  -0.53423834  0.45733473 -0.18233011 -0.30725002
  0.91214913  0.80474577  0.52218637  0.76132135 -0.86882284  0.27646407
 -0.67669293 -0.11539495 -0.18822412 -0.40576642  0.00789476 -0.37243127]
2022-08-01 15:51:08,780 - pyswarms.single.global_best - INFO - Optimize for 100 iters with {'c1': 0.5, 'c2': 0.3, 'w': 0.9}
2022-08-01 15:51:09,650 - pyswarms.single.global_best - INFO - Optimization finished | best cost: 0.37676750555215055, best pos: [-3.08302820e-01  7.50863111e-01 -6.07700706e-01 -6.20243435e-01
 -2.28870000e-01  6.56997819e-01  4.55805704e-01  3.78092639e-02
  1.57896498e-01  1.93838643e-01 -4.53824354e-01  6.10479288e-01
  3.81618222e-01  7.62754630e-02  3.13943969e-01  4.00457830e-01
  2.39838088e-01  6.24431985e-01 -3.95798073e-01  3.99678004e-01
  3.09481525e-02  3.76806649e-01 -5.49799151e-02  3.00574979e-01
  2.48034149e-03  5.99892798e-01  6.89722213e-01  7.89130978e-01
  3.87700302e-01 -4.31293306e-01 -9.79697793e-01  1.26018778e-01
 -7.30282603e-01 -2.73878806e-01  1.06395711e-01  7.54640192e-01
  6.96991276e-01  1.30702176e-01  1.77949993e-01 -6.32256050e-01
  4.93394087e-01  7.16768488e-01  8.60597536e-01 -4.94199241e-01
  5.03244747e-01  9.47005566e-01  9.98715214e-02  1.43105688e-01
  1.23498160e-01  3.23131603e-01 -5.35599786e-02 -1.77676826e-01
 -6.25165002e-01  5.37755449e-01 -3.58480202e-04 -1.76102237e-01
  5.92477141e-01  9.66004239e-02  4.03917236e-01  7.80455522e-01
  6.29764661e-03 -1.23882847e-01  4.40981561e-01  6.31031631e-01
  3.39263466e-01  3.15012385e-01]
2022-08-01 15:51:09,658 - pyswarms.single.global_best - INFO - Optimize for 100 iters with {'c1': 0.5, 'c2': 0.3, 'w': 0.9}
2022-08-01 15:51:10,525 - pyswarms.single.global_best - INFO - Optimization finished | best cost: 0.33794991801588903, best pos: [ 0.44791215 -0.31485971 -0.5413094  -0.7503938   0.56485069  0.37832692
  0.72463179 -0.6545782   0.51892412 -0.41675726  0.03937824  0.16995062
 -0.72622196 -0.22701126 -0.04863138 -0.47681067  0.21987105 -0.70534349
  0.15473441 -0.37336955 -0.1616289  -0.56738022  0.19948052 -0.33729834
  0.9520385   0.13910999  0.41943113  0.78555335 -0.51737621  0.0324802
  0.7732883  -0.73304486  0.50432515 -0.04579239  0.68033842  0.00425631
  0.05202005  0.69770801 -0.75563997  0.11975467  0.08908951  0.0858978
  0.59558808  0.06095935 -0.94861007  0.491793    0.22975508 -0.97090159
 -0.28267672 -0.29698008  0.51906604  0.10432781  0.978455    0.01277351
 -0.50236602  0.1458221   0.14504422  0.28754577  0.71514827 -0.7511496
 -0.74637002  0.20915961  0.38614198  0.11551608 -0.18500411  0.47695047]
2022-08-01 15:51:10,633 - pyswarms.single.global_best - INFO - Optimize for 100 iters with {'c1': 0.5, 'c2': 0.3, 'w': 0.9}
2022-08-01 15:51:11,467 - pyswarms.single.global_best - INFO - Optimization finished | best cost: 0.4648066767178737, best pos: [-0.42447676 -0.85191403  0.21215749  0.88703897  0.64430745 -0.96380335
 -0.88847915  0.51007543  0.60171273  0.05876413 -0.03640722  0.39446648
  0.76315719 -0.6101661   0.04925899 -0.0242904  -0.55411578 -0.17933791
  0.45978017 -0.06282539 -0.43811867  0.41599786 -0.52692634  0.22876506
 -0.54688241 -0.19243033  0.36246819 -0.70011514  0.28973309  0.51634873
 -0.35410101  0.05440792  0.76979849  0.58043677  0.35006868 -0.00423261
 -0.2609136   0.64636076  0.43022158]
2022-08-01 15:51:11,485 - pyswarms.single.global_best - INFO - Optimize for 100 iters with {'c1': 0.5, 'c2': 0.3, 'w': 0.9}
2022-08-01 15:51:12,271 - pyswarms.single.global_best - INFO - Optimization finished | best cost: 0.48428800893818447, best pos: [-0.02524592 -0.50069284  0.82745822  0.99582362  0.67167738 -0.08518421
  0.74290422  0.37976677 -0.00426028  0.63505342  0.36795321 -0.3890271
 -0.30643059 -0.13236979  0.05231161  0.01770452 -0.08786421  0.21653478
  0.32628296 -0.97370033  0.10587263 -0.21707554 -0.71310271 -0.78396445
 -0.63287069  0.40771353  0.29245696 -0.62144341  0.26918263  0.78414069
 -0.40770086  0.44163114  0.58772297 -0.20138649  0.40045531  0.63166479
  0.26913726  0.66826588  0.35554032]
2022-08-01 15:51:12,279 - pyswarms.single.global_best - INFO - Optimize for 100 iters with {'c1': 0.5, 'c2': 0.3, 'w': 0.9}
2022-08-01 15:51:13,079 - pyswarms.single.global_best - INFO - Optimization finished | best cost: 0.4407363333688222, best pos: [-0.64997531 -0.39493301  0.81670709 -0.62202974  0.91041784 -0.4137679
  0.21748138  0.51657221 -0.24812506  0.25535734  0.65892436  0.41355927
 -0.80643192 -0.52973218 -0.03632981  0.62699344 -0.33233163 -0.44295596
  0.51050795 -0.58808842 -0.14564088 -0.62189233 -0.27562129 -0.43300996
 -0.96414065 -0.19372684  0.98956715  0.33298461  0.63140137 -0.92977838
 -0.443807   -0.27877975  0.56991242  0.1435271  -0.27440601 -0.10422674
 -0.22874876  0.22795582 -0.15730893]
2022-08-01 15:51:13,092 - pyswarms.single.global_best - INFO - Optimize for 100 iters with {'c1': 0.5, 'c2': 0.3, 'w': 0.9}
2022-08-01 15:51:13,886 - pyswarms.single.global_best - INFO - Optimization finished | best cost: 0.38736083160005946, best pos: [ 0.7325075  -0.53526752  0.78714181 -0.72958    -0.48808406  0.77920043
 -0.18418827  0.10281271 -0.38841347 -0.70843853  0.45497654  0.31312466
 -0.04380806 -0.42952891  0.02188301  0.85311229 -0.52760458  0.21889245
 -0.41978534 -0.5158244  -0.20767006  0.58101187 -0.55279053 -0.31166856
 -0.72622619  0.56699872  0.52536924  0.1671957   0.23716788 -0.94449467
  0.67694873 -0.55969247 -0.75457583 -0.36333891  0.13516923  0.36125851
 -0.20216414  0.23015698  0.27332948]
2022-08-01 15:51:13,896 - pyswarms.single.global_best - INFO - Optimize for 100 iters with {'c1': 0.5, 'c2': 0.3, 'w': 0.9}
2022-08-01 15:51:14,685 - pyswarms.single.global_best - INFO - Optimization finished | best cost: 0.49122808578436333, best pos: [-0.40273214 -0.64122514  0.29070454  0.35610669 -0.87259178 -0.86242715
  0.29442738  0.0392864  -0.53000973  0.13840051  0.50352323 -0.40271367
  0.37155553 -0.44291405 -0.89850856 -0.59517825 -0.09359181 -0.47061452
 -0.03215641 -0.38438019 -0.58867889  0.21208029 -0.95784734 -0.77217971
 -0.15336529  0.73316698 -0.17552965  0.09331726 -0.44062291  0.47672508
  0.79065359 -0.39005261 -0.70391428 -0.15429476 -0.61379149 -0.6266494
  0.00805054 -0.01920129 -0.00648478]
2022-08-01 15:51:14,693 - pyswarms.single.global_best - INFO - Optimize for 100 iters with {'c1': 0.5, 'c2': 0.3, 'w': 0.9}
2022-08-01 15:51:15,481 - pyswarms.single.global_best - INFO - Optimization finished | best cost: 0.48006234871095854, best pos: [ 0.85506784 -0.44647242  0.71148683  0.8643806  -0.31891518 -0.96598774
 -0.73664485  0.7892583  -0.00324573 -0.31958538 -0.56395437  0.48998483
 -0.46278283 -0.81549311 -0.26175549 -0.5975286  -0.75747856  0.07179265
 -0.47546804 -0.49023002 -0.09297513  0.55300398 -0.54539778  0.53451648
 -0.60219691  0.54431458  0.99773897  0.14095578  0.0657644   0.27277435
 -0.22165179  0.12908832 -0.49336164  0.92701489  0.21223601 -0.81903246
 -0.30338826  0.54712754  0.26409454]
2022-08-01 15:51:15,489 - pyswarms.single.global_best - INFO - Optimize for 100 iters with {'c1': 0.5, 'c2': 0.3, 'w': 0.9}
2022-08-01 15:51:16,277 - pyswarms.single.global_best - INFO - Optimization finished | best cost: 0.46187041465884016, best pos: [-0.04086351  0.852056   -0.54728885 -0.74480367  0.91988836 -0.90308605
  0.12384542 -0.29062821  0.0687033   0.32650746 -0.006569    0.07018509
  0.23750324 -0.24654714  0.73371348 -0.81495888  0.02017415  0.15042232
  0.09709486 -0.0777579  -0.31086984 -0.73580654 -0.43031532 -0.06396428
  0.58004826  0.61552354 -0.67144753  0.92546649  0.01414149  0.35599935
 -0.68559481  0.63450951  0.69500862 -0.16139259  0.22432762 -0.29038544
  0.2434553   0.81617221  0.49430013]
2022-08-01 15:51:16,287 - pyswarms.single.global_best - INFO - Optimize for 100 iters with {'c1': 0.5, 'c2': 0.3, 'w': 0.9}
2022-08-01 15:51:17,086 - pyswarms.single.global_best - INFO - Optimization finished | best cost: 0.43801589764392534, best pos: [ 0.57213338 -0.29794277 -0.74892311  0.23742878  0.68941426  0.80752001
  0.24858684  0.39900369  0.45437418  0.05377306 -0.05318603 -0.67927763
 -0.20627387 -0.14782224 -0.38212738 -0.68947076 -0.49689983 -0.74851795
 -0.50584608  0.46701659  0.43359721  0.73269822 -0.5198147  -0.17693888
  0.91281388 -0.8969673  -0.16933507 -0.96993488 -0.75367073 -0.14623013
 -0.7638417  -0.00348741  0.78655264 -0.1981465  -0.94514613  0.59191818
 -0.88075789  0.25068014  0.07845919]
2022-08-01 15:51:17,096 - pyswarms.single.global_best - INFO - Optimize for 100 iters with {'c1': 0.5, 'c2': 0.3, 'w': 0.9}
2022-08-01 15:51:17,894 - pyswarms.single.global_best - INFO - Optimization finished | best cost: 0.45505806729666815, best pos: [ 0.6431201   0.46592875  0.54922939 -0.28950554  0.61169954 -0.59226101
  0.52292285  0.59518416 -0.32154954  0.26365456 -0.53684174 -0.35776445
  0.37210436 -0.19817799  0.47374941 -0.87066578  0.02211197  0.27023499
 -0.7786208  -0.44194909  0.14790783 -0.25908867 -0.41502229  0.37915229
 -0.85711557  0.66869015  0.77502785 -0.25789908 -0.21911656 -0.74765408
 -0.838827   -0.1276751   0.31990078  0.66427963  0.7664893   0.22971472
  0.38758466  0.72411977 -0.38371859]
2022-08-01 15:51:17,903 - pyswarms.single.global_best - INFO - Optimize for 100 iters with {'c1': 0.5, 'c2': 0.3, 'w': 0.9}
2022-08-01 15:51:18,699 - pyswarms.single.global_best - INFO - Optimization finished | best cost: 0.47318513830056785, best pos: [-0.52993005 -0.58519407  0.82218116  0.27519453 -0.42664422 -0.88451331
 -0.06615002  0.63410792 -0.42588823  0.33418863 -0.60474257 -0.20109885
  0.18674724 -0.21331756  0.30930794  0.11100197 -0.36591484  0.51814051
  0.5462008   0.31265549 -0.63477625  0.90575039  0.12971337 -0.37134899
 -0.2771214   0.98354564  0.43340596  0.55109803 -0.05849409  0.89382729
  0.24285159  0.2416525  -0.12517785 -0.03337829 -0.03081901 -0.40394587
  0.76335239  0.5667923   0.29065792]
2022-08-01 15:51:18,788 - pyswarms.single.global_best - INFO - Optimize for 100 iters with {'c1': 0.5, 'c2': 0.3, 'w': 0.9}
2022-08-01 15:51:19,550 - pyswarms.single.global_best - INFO - Optimization finished | best cost: 0.482297414239995, best pos: [ 0.76958419  0.75708657  0.55795392  0.53723199  0.54450734 -0.683631
 -0.64359058  0.97863771  0.74063557 -0.55853482  0.39180191  0.69481045
 -0.23440738 -0.50328228  0.60218082  0.27307624  0.35548945  0.17579221]
2022-08-01 15:51:19,565 - pyswarms.single.global_best - INFO - Optimize for 100 iters with {'c1': 0.5, 'c2': 0.3, 'w': 0.9}
2022-08-01 15:51:20,305 - pyswarms.single.global_best - INFO - Optimization finished | best cost: 0.486802319007202, best pos: [-0.48697197  0.82172048  0.82378258  0.32880092  0.95850423 -0.72144499
  0.77994639  0.33491458  0.48581746 -0.82797219  0.87058358 -0.24549729
 -0.97524836 -0.89591271  0.97203003 -0.55861768 -0.41819369 -0.03343126]
2022-08-01 15:51:20,315 - pyswarms.single.global_best - INFO - Optimize for 100 iters with {'c1': 0.5, 'c2': 0.3, 'w': 0.9}
2022-08-01 15:51:21,033 - pyswarms.single.global_best - INFO - Optimization finished | best cost: 0.47119260463179347, best pos: [-0.73030309  0.78692363  0.78493825  0.16572078  0.15853663  0.59757507
  0.80473279  0.37544485 -0.72916492 -0.94197151 -0.02340128  0.25714931
 -0.91876756  0.55878065  0.25528708 -0.20310153  0.48067158 -0.33780572]
2022-08-01 15:51:21,041 - pyswarms.single.global_best - INFO - Optimize for 100 iters with {'c1': 0.5, 'c2': 0.3, 'w': 0.9}
2022-08-01 15:51:21,765 - pyswarms.single.global_best - INFO - Optimization finished | best cost: 0.49653631693290023, best pos: [ 0.89668953 -0.82212507  0.9423197  -0.2138346   0.45924117  0.44198502
 -0.95423985  0.63903049  0.56596586  0.95682065  0.99951802  0.13528039
 -0.85710647  0.64055289  0.74762611 -0.00264006 -0.02135785 -0.12090915]
2022-08-01 15:51:21,772 - pyswarms.single.global_best - INFO - Optimize for 100 iters with {'c1': 0.5, 'c2': 0.3, 'w': 0.9}
2022-08-01 15:51:22,525 - pyswarms.single.global_best - INFO - Optimization finished | best cost: 0.5061416106323611, best pos: [-0.39065584  0.65903095  0.86866508  0.85380718  0.24932959  0.07164752
 -0.45007181  0.68928183 -0.89679329 -0.85875529  0.68625005  0.85181342
 -0.6645484   0.66382005  0.79733392  0.68258945  0.50384294  0.37772826]
2022-08-01 15:51:22,532 - pyswarms.single.global_best - INFO - Optimize for 100 iters with {'c1': 0.5, 'c2': 0.3, 'w': 0.9}
2022-08-01 15:51:23,264 - pyswarms.single.global_best - INFO - Optimization finished | best cost: 0.508308444701079, best pos: [-0.77996352 -0.75909455  0.31959314 -0.61885292  0.63093679 -0.28438273
  0.98915774 -0.83956625 -0.62965356  0.53956089  0.37455709 -0.56034568
 -0.76453405 -0.34839074  0.26443848  0.6650508   0.25800899  0.42986378]
2022-08-01 15:51:23,275 - pyswarms.single.global_best - INFO - Optimize for 100 iters with {'c1': 0.5, 'c2': 0.3, 'w': 0.9}
2022-08-01 15:51:23,993 - pyswarms.single.global_best - INFO - Optimization finished | best cost: 0.5428950464747578, best pos: [ 0.35203877  0.77345627 -0.79842625  0.8698903  -0.57152238 -0.66196108
  0.46760364  0.80607696 -0.7664626  -0.51612856 -0.99859846  0.80868505
  0.9377964  -0.8849101  -0.45712205 -0.47652886 -0.60739145  0.53913594]
2022-08-01 15:51:24,003 - pyswarms.single.global_best - INFO - Optimize for 100 iters with {'c1': 0.5, 'c2': 0.3, 'w': 0.9}
2022-08-01 15:51:24,718 - pyswarms.single.global_best - INFO - Optimization finished | best cost: 0.4943651490884871, best pos: [-0.69330086  0.73627118 -0.78721527  0.87598127  0.33773606 -0.03657598
 -0.18568989  0.12107519 -0.93318696 -0.83419273  0.17763792  0.32289816
  0.99188122 -0.06696658 -0.96820514 -0.3666029   0.41066158 -0.03443809]
2022-08-01 15:51:24,728 - pyswarms.single.global_best - INFO - Optimize for 100 iters with {'c1': 0.5, 'c2': 0.3, 'w': 0.9}
2022-08-01 15:51:25,453 - pyswarms.single.global_best - INFO - Optimization finished | best cost: 0.551077359376068, best pos: [-0.86563077 -0.77528559 -0.58674021 -0.83158932 -0.84252244 -0.30882212
  0.22157736 -0.45096838 -0.42383638  0.79338124 -0.10438071 -0.29062683
  0.7236565  -0.96877017 -0.84268254  0.73832039  0.66550487  0.37435269]
2022-08-01 15:51:25,462 - pyswarms.single.global_best - INFO - Optimize for 100 iters with {'c1': 0.5, 'c2': 0.3, 'w': 0.9}
2022-08-01 15:51:26,184 - pyswarms.single.global_best - INFO - Optimization finished | best cost: 0.4760254633235938, best pos: [ 0.60497124  0.69671626 -0.44472375 -0.53246631  0.47481038  0.05437598
 -0.95683377 -0.46122857  0.59643604 -0.82272071  0.58969364  0.57353824
  0.49632287 -0.49896657 -0.97401162 -0.30411552  0.28426841  0.16287888]
2022-08-01 15:52:56,159 - pyswarms.single.global_best - INFO - Optimize for 100 iters with {'c1': 0.5, 'c2': 0.3, 'w': 0.9}
2022-08-01 15:52:57,075 - pyswarms.single.global_best - INFO - Optimization finished | best cost: 0.3253572830821015, best pos: [ 0.57075328  0.90458973 -0.90886421  0.83923219  0.49794292  0.4517096
  0.00789262 -0.03903341 -0.18859417  0.45762572 -0.0908312   0.55937785
  0.04727814 -0.1223759  -0.19068226 -0.97461053  0.4078987   0.93060872
  0.69312524  0.75442657 -0.67776906 -0.74767715 -0.51291517  0.511574
  0.79024694 -0.68930159  0.76711163 -0.6064374   0.53725945 -0.40066767
  0.49014559  0.15289124 -0.39894743 -0.28650009 -0.33011756  0.25272907
  0.43409333 -0.93523253  0.4901153   0.17403349 -0.76708379  0.15770623
 -0.42687633  0.61416805  0.75766977  0.61472031 -0.48671058 -0.59640232
  0.82133092  0.74505791 -0.04681059  0.66343651  0.22803066  0.38552141
 -0.80730116 -0.75879185 -0.28763168 -0.20690404 -0.30843049 -0.37302907
  0.85115082 -0.25103484  0.44188192 -0.35071653 -0.17975634  0.82307487]
2022-08-01 15:52:57,088 - pyswarms.single.global_best - INFO - Optimize for 100 iters with {'c1': 0.5, 'c2': 0.3, 'w': 0.9}
2022-08-01 15:52:58,005 - pyswarms.single.global_best - INFO - Optimization finished | best cost: 0.29977548762496514, best pos: [-7.92881670e-01  6.05128334e-01 -2.37305049e-01 -3.78053371e-01
 -5.52354522e-01  8.33018504e-01 -3.20845960e-01 -5.28651594e-01
 -2.07519538e-01 -2.45597518e-01  4.18117249e-02  3.14625151e-01
  5.57655733e-01 -6.83182445e-03  3.43983172e-01 -2.65586096e-01
  8.26033653e-02  1.64572684e-01 -4.39200281e-01 -2.21344019e-01
 -8.45892761e-01  3.51104444e-01  6.26435998e-01  1.84753791e-01
  2.25147002e-01 -5.91858694e-01 -4.50468733e-01 -3.60373129e-01
  4.38484670e-01 -5.39749319e-02 -4.20805660e-04 -6.69072564e-01
  2.99768057e-01  6.02154609e-01 -1.64502202e-01  1.84754187e-01
 -7.10006100e-02  6.37260259e-01  3.53059452e-01 -2.31323075e-01
 -2.55640363e-01 -4.38675344e-01 -1.97592916e-02  9.30361524e-03
 -1.14627299e-01 -4.68352475e-01  1.29745364e-01 -5.29024296e-02
 -3.26142730e-01 -3.84596942e-01  6.07822012e-01  3.77003371e-01
 -9.66486754e-01 -7.64497340e-02 -5.81323633e-01  5.39523108e-01
  9.25054033e-01 -4.22270611e-01  5.87608502e-01 -3.92437987e-01
 -4.86004408e-01  4.11066048e-01 -2.48992239e-01 -1.81341654e-01
 -3.37945237e-01 -2.39087609e-01]
2022-08-01 15:52:58,014 - pyswarms.single.global_best - INFO - Optimize for 100 iters with {'c1': 0.5, 'c2': 0.3, 'w': 0.9}
2022-08-01 15:52:58,905 - pyswarms.single.global_best - INFO - Optimization finished | best cost: 0.2772036118774776, best pos: [ 0.64102572  0.33383572  0.46589375 -0.1209536  -0.33854869  0.55837507
  0.14792016 -0.07787409 -0.13976803 -0.07877872  0.76192578 -0.18150663
  0.27275593 -0.23320388 -0.06413245 -0.08446232 -0.19425659 -0.31532483
  0.12939077  0.5239672  -0.35027863 -0.37788181 -0.30870259  0.02703032
  0.28192322 -0.62947377  0.56680572 -0.17805488 -0.16659414  0.37841735
 -0.46634996 -0.44145963  0.71425843  0.07821837  0.36911738 -0.4487673
  0.78698947 -0.74310272  0.01738683  0.29292253 -0.32226414  0.13319027
  0.7553501  -0.17218997 -0.42834059  0.61205837  0.16027807  0.63918684
 -0.41057866 -0.03781719 -0.11768987  0.1357625  -0.63104655  0.07237089
  0.03099276 -0.57326503  0.03061916 -0.19704497  0.07674168 -0.49563608
 -0.10393639  0.13567447  0.82687123 -0.13364302 -0.33305145  0.34568012]
2022-08-01 15:52:58,914 - pyswarms.single.global_best - INFO - Optimize for 100 iters with {'c1': 0.5, 'c2': 0.3, 'w': 0.9}
2022-08-01 15:52:59,801 - pyswarms.single.global_best - INFO - Optimization finished | best cost: 0.3105828483159919, best pos: [-0.16261251  0.57617866 -0.39285591  0.03683563  0.02274853  0.02230779
  0.15381853  0.63192859  0.31865639 -0.0113464   0.42748648  0.27033172
  0.65146063  0.14695234  0.40540435 -0.19607805 -0.30080889  0.17000961
  0.20120899 -0.12562102 -0.13986621  0.05408482 -0.0533367   0.55597176
  0.42021592  0.46639277 -0.37111222  0.99811641  0.19815071  0.78294711
 -0.35956545 -0.32083041  0.1678249   0.19536832  0.17227882 -0.17605443
 -0.59038647  0.04673299  0.04370961  0.51961823 -0.30527791 -0.21903695
 -0.68655049  0.37563455  0.59133577 -0.40650318 -0.40116467 -0.1460076
  0.10867558 -0.52978587 -0.04984429  0.50330786 -0.45950052  0.42849504
  0.40976053 -0.47552842  0.39183899  0.34198084 -0.64057103  0.26713367
  0.42488058 -0.27666317 -0.82354488  0.17052712  0.4109703   0.79932208]
2022-08-01 15:52:59,810 - pyswarms.single.global_best - INFO - Optimize for 100 iters with {'c1': 0.5, 'c2': 0.3, 'w': 0.9}
2022-08-01 15:53:00,761 - pyswarms.single.global_best - INFO - Optimization finished | best cost: 0.2776067514855131, best pos: [ 2.64245985e-01 -3.84298880e-02  2.08113764e-01  4.67195666e-01
 -3.84825675e-01 -4.60773734e-01  3.88784185e-01 -8.44063517e-01
  8.54085405e-01  1.45314552e-01  5.25773637e-02  3.49000140e-01
 -3.46639060e-02 -1.42281359e-01  1.03509492e-01  1.48323568e-01
  5.20724831e-02  2.20247523e-01 -7.83738743e-01  1.50708069e-01
  6.31417330e-01 -2.05101750e-01 -4.08882645e-01 -1.02474077e-01
  1.08607285e-01  3.90967593e-01  5.85420736e-01  2.38402485e-01
  5.82924887e-02  6.20284583e-01  4.25659830e-01 -5.82163382e-01
 -4.24529961e-01 -5.91875945e-02  4.72723888e-02  9.33637705e-01
  5.48704004e-01  2.05966094e-01  7.86707505e-02 -3.98482158e-01
 -3.61403895e-01 -2.32214235e-01  4.27021789e-01 -9.14084899e-01
  1.78422556e-01 -2.38371248e-02 -8.99912259e-02 -2.45127605e-01
 -3.77338569e-01  6.92444360e-01 -3.22653279e-01 -7.80125101e-01
  6.22549345e-01 -3.25959939e-01  9.13150870e-04  2.64654313e-01
 -1.76246376e-01 -6.96983446e-01 -3.39525206e-01  6.25399226e-01
  6.31754259e-01  6.36014619e-01  8.32955535e-01 -1.63477821e-01
  7.42650516e-01  6.16434100e-02]
2022-08-01 15:53:00,772 - pyswarms.single.global_best - INFO - Optimize for 100 iters with {'c1': 0.5, 'c2': 0.3, 'w': 0.9}
2022-08-01 15:53:01,768 - pyswarms.single.global_best - INFO - Optimization finished | best cost: 0.32574756964579216, best pos: [ 7.02389360e-01 -9.87711152e-01 -5.67255712e-01 -3.62753619e-01
  8.61498770e-01 -7.32650062e-01  3.69946219e-01 -8.22616036e-01
 -5.16090273e-01  6.29689385e-01 -2.15184595e-01  2.03421449e-02
 -2.68285933e-02  2.49296756e-01  1.41717130e-01 -1.26756622e-01
  6.80248470e-04  4.98499146e-01  1.16316113e-01 -7.91358342e-01
 -3.19829661e-01 -6.87868059e-01 -3.87249529e-01 -5.41787365e-01
  3.41745606e-01  5.72825776e-01  3.43522476e-01 -3.79951428e-01
 -3.38271674e-02  6.09614403e-01 -4.80747961e-01  9.08966944e-01
 -7.01700934e-01 -5.33934812e-01  2.31129904e-01 -6.65706024e-01
  4.21443357e-01 -2.36598543e-01  1.61184752e-01 -3.38192421e-01
  9.04543591e-01  8.87657701e-01 -6.09607900e-01  3.11197396e-01
  3.10475163e-01 -1.01367785e-01  5.37242258e-01 -4.36048116e-01
  5.85874940e-01 -9.98236257e-01  3.42743583e-01  2.09812795e-02
  9.73206241e-01  6.06764806e-01  7.04374228e-01  6.10710710e-01
  5.78557399e-01 -2.63345926e-01 -9.56242060e-01  9.62994827e-01
  1.27420418e-01  8.19331862e-01  7.51443591e-01 -9.34910661e-01
  1.43882360e-01  8.21427511e-01]
2022-08-01 15:53:01,778 - pyswarms.single.global_best - INFO - Optimize for 100 iters with {'c1': 0.5, 'c2': 0.3, 'w': 0.9}
2022-08-01 15:53:02,683 - pyswarms.single.global_best - INFO - Optimization finished | best cost: 0.31554058284389574, best pos: [ 8.86965558e-01  5.44592356e-01 -3.43754503e-01 -3.43929907e-01
  5.89250251e-01  7.72558209e-01  3.56581556e-01  4.28039395e-02
 -4.04777992e-01  2.92473339e-01  4.81112329e-01  2.98170321e-02
 -3.21928817e-01  8.25344574e-01  5.00527750e-01 -5.93055817e-04
 -2.13261396e-01 -9.75514124e-01  4.04770076e-02 -4.63296179e-01
  6.30231853e-01 -5.94178699e-01 -3.60191064e-01 -2.77007369e-01
  7.20750674e-01  4.94126777e-01 -6.98162221e-02  1.22836433e-01
  5.35567468e-01 -6.78905078e-01  5.86436259e-01  4.78476766e-01
 -4.36906842e-01  4.49289130e-01 -5.69169203e-01  4.04271419e-01
  7.87810985e-01 -2.78975887e-01 -9.55604707e-01  1.16722713e-01
 -8.46443384e-02 -9.83129972e-01 -5.38921445e-01  5.09590528e-01
  6.88375268e-01 -1.32376616e-01  3.42842331e-01 -4.79653335e-01
 -3.54269422e-01  1.82320837e-02  5.92751018e-02  1.39633045e-01
 -3.68128397e-01  3.71623972e-01  8.56861590e-02 -8.19587189e-01
  7.39854840e-01  8.95318880e-01 -6.41634075e-01  2.88869942e-01
 -1.29886594e-01 -2.51974032e-02  5.20499228e-01  2.58765299e-01
 -3.01300177e-01  5.40292029e-01]
2022-08-01 15:53:02,692 - pyswarms.single.global_best - INFO - Optimize for 100 iters with {'c1': 0.5, 'c2': 0.3, 'w': 0.9}
2022-08-01 15:53:03,584 - pyswarms.single.global_best - INFO - Optimization finished | best cost: 0.27101725163431056, best pos: [-0.46163445 -0.90016474  0.21912333  0.24368697  0.58582108  0.41886736
  0.43051813 -0.33499036 -0.23764024 -0.22997517  0.09152889  0.06620978
  0.41404206 -0.16232964  0.18121189  0.28651216  0.36277745  0.21596596
 -0.53726594  0.36055342 -0.37058113  0.6259517   0.2331604  -0.29610408
 -0.23271978 -0.27046003  0.91292726 -0.11947624  0.31210713 -0.12109583
  0.16760885 -0.19908155 -0.34855757  0.21322465  0.22329495  0.16948011
 -0.92846332  0.90648007 -0.12916836 -0.70975671 -0.32324804  0.06006882
  0.57607722 -0.33618807 -0.96277341  0.18616487 -0.46962108 -0.22649558
  0.30938788 -0.64304262  0.23901117  0.31948034 -0.29580097  0.60031549
 -0.2470905   0.28612332 -0.90308771 -0.35176528  0.14556023 -0.16687413
 -0.13082359  0.31096246  0.75466391  0.35162659  0.02585717  0.43649925]
2022-08-01 15:53:03,595 - pyswarms.single.global_best - INFO - Optimize for 100 iters with {'c1': 0.5, 'c2': 0.3, 'w': 0.9}
2022-08-01 15:53:04,491 - pyswarms.single.global_best - INFO - Optimization finished | best cost: 0.3306815953844873, best pos: [ 3.11805255e-02  9.30092607e-01 -8.49268509e-04  6.12578344e-01
  6.24098100e-02  1.87845510e-01  4.38925211e-01 -5.80284692e-01
  3.92009651e-01 -5.78807382e-01  2.72304339e-01  1.84833296e-01
 -4.52987752e-01  3.56330106e-01  4.05091334e-01  1.74510235e-01
 -3.04842459e-01 -2.69342831e-01  1.32660627e-01  3.05858346e-01
 -5.69907418e-01 -1.65626511e-01  9.51640883e-01 -8.61377821e-02
  3.21303998e-01  1.80510877e-01  7.88257264e-01  4.89817210e-01
  5.11038219e-01 -5.71111559e-01 -1.77859302e-02 -6.51413085e-01
  2.78733780e-01 -8.47014822e-01  7.39371179e-02  2.45411838e-01
  3.43856979e-01  5.02570753e-01  1.63854934e-01  6.53421452e-01
  8.98742944e-02 -3.95764521e-01  6.43463917e-01  3.95772581e-01
 -1.27665842e-01  2.56333836e-01  6.22864461e-02 -8.64570722e-02
  1.25750249e-01 -4.40733041e-01  3.51174376e-01  6.47492306e-01
  1.55247202e-01  2.75750264e-01  3.58926168e-01 -5.90927679e-01
  5.64461881e-01 -9.45708447e-01  4.74403217e-01  4.19461220e-01
 -3.24825326e-02 -9.36808572e-01  7.35161853e-02 -1.49926600e-01
 -7.10155711e-01 -4.18698455e-02]
2022-08-01 15:53:04,500 - pyswarms.single.global_best - INFO - Optimize for 100 iters with {'c1': 0.5, 'c2': 0.3, 'w': 0.9}
2022-08-01 15:53:05,388 - pyswarms.single.global_best - INFO - Optimization finished | best cost: 0.35268404387995783, best pos: [ 0.42080988 -0.2999163  -0.82449419  0.36955804 -0.09741468 -0.07238946
 -0.57793318  0.72793189  0.80141115 -0.42608376  0.74999658  0.12984488
  0.95666977  0.03800319 -0.01964303  0.55541065  0.39961135 -0.16423859
 -0.814739    0.17530697 -0.16420124  0.85547848  0.10993236 -0.10318199
  0.31451097 -0.16574321 -0.9252842   0.55942687  0.96477974 -0.93433575
 -0.87759268 -0.38477383 -0.12719218  0.12253562 -0.00717726 -0.51967184
  0.27711908  0.38862592 -0.0550171  -0.28397339  0.30910352  0.38171822
 -0.82626412  0.42523165 -0.27813182  0.13789635 -0.81647465 -0.33160798
 -0.11952397  0.01672189  0.19894872 -0.12091695  0.70251607 -0.09885184
 -0.79752354 -0.28250341 -0.51624992  0.58831691  0.40903075  0.33952603
  0.20273826 -0.8181264  -0.61813351  0.19234851  0.58181102  0.55088775]
2022-08-01 15:53:05,900 - pyswarms.single.global_best - INFO - Optimize for 100 iters with {'c1': 0.5, 'c2': 0.3, 'w': 0.9}
2022-08-01 15:53:06,764 - pyswarms.single.global_best - INFO - Optimization finished | best cost: 0.23036089269958787, best pos: [ 0.3279237   0.37350693  0.2916801   0.950487    0.60052111  0.27025804
  0.47880477 -0.12066009  0.55853823  0.59634822  0.14762463  0.66671553
 -0.36339634  0.98942878  0.42136808  0.30510831  0.79387716 -0.23100354
  0.07063572 -0.18352107  0.06129033  0.85043638  0.62161638  0.21852628
 -0.83400668  0.21978992  0.36897017 -0.77160764  0.52851308 -0.83042638
 -0.55861685  0.7231572  -0.71771698  0.06495349  0.29231518  0.75909235
  0.86912226  0.57559367  0.53294552]
2022-08-01 15:53:06,774 - pyswarms.single.global_best - INFO - Optimize for 100 iters with {'c1': 0.5, 'c2': 0.3, 'w': 0.9}
2022-08-01 15:53:07,607 - pyswarms.single.global_best - INFO - Optimization finished | best cost: 0.1982292002404492, best pos: [-0.41243838  0.56364714 -0.26516508  0.50546141  0.29576486 -0.39089263
 -0.16975722  0.37841753  0.0283699   0.19274506 -0.63323935  0.40416182
  0.42585474 -0.71637083  0.30496017  0.06693173  0.32842229  0.63687724
  0.35925682 -0.61983803  0.46544947  0.09134085  0.47878546 -0.24211081
 -0.76663847  0.09415312  0.29978924 -0.2850622   0.87375091  0.30370339
  0.7889421  -0.49496833 -0.29152418 -0.79425324  0.18559102  0.56624088
 -0.27874287  0.49953284  0.23152427]
2022-08-01 15:53:07,618 - pyswarms.single.global_best - INFO - Optimize for 100 iters with {'c1': 0.5, 'c2': 0.3, 'w': 0.9}
2022-08-01 15:53:08,448 - pyswarms.single.global_best - INFO - Optimization finished | best cost: 0.20564674568792432, best pos: [ 0.81322444  0.42391105 -0.9719348  -0.880688    0.10397967  0.49729009
  0.52912614 -0.23772228 -0.62064458 -0.32804996  0.71820798 -0.01313291
  0.16368189  0.87741192  0.46590272  0.01131312 -0.24657026 -0.54920969
 -0.83756249  0.80025842 -0.04635735  0.1621606   0.22197286 -0.92205549
  0.08332999 -0.92725104  0.90209395  0.6160808  -0.09864314 -0.37349093
 -0.52870926  0.43910358  0.3159543   0.8553514   0.18586307  0.19652604
 -0.95212321  0.3344156   0.15422686]
2022-08-01 15:53:08,458 - pyswarms.single.global_best - INFO - Optimize for 100 iters with {'c1': 0.5, 'c2': 0.3, 'w': 0.9}
2022-08-01 15:53:09,299 - pyswarms.single.global_best - INFO - Optimization finished | best cost: 0.25217463508655075, best pos: [ 0.31313915 -0.97243136 -0.26542516 -0.17569664  0.6059866  -0.60200949
  0.26400662 -0.87047164  0.38506584  0.35169094 -0.45423501 -0.19323935
 -0.15358714 -0.02622192  0.45016565  0.59869209 -0.24718393 -0.82408592
 -0.08769293  0.98450701 -0.54942565  0.17359427 -0.03430267  0.18885798
 -0.47139248 -0.50401702  0.98183989 -0.64349937  0.98528993  0.90035448
  0.03327746  0.45115292  0.3811603   0.67815395 -0.54914492  0.50239874
  0.17333916  0.20561392 -0.50995507]
2022-08-01 15:53:09,309 - pyswarms.single.global_best - INFO - Optimize for 100 iters with {'c1': 0.5, 'c2': 0.3, 'w': 0.9}
2022-08-01 15:53:10,143 - pyswarms.single.global_best - INFO - Optimization finished | best cost: 0.22766822308945178, best pos: [ 0.1302349  -0.78322613 -0.39821762 -0.29738434 -0.10586841  0.94240347
  0.14659119 -0.08113298  0.09199605 -0.7642721   0.61352376  0.55745811
  0.80709078 -0.8564997   0.00245293 -0.01783975 -0.84764661 -0.64792838
 -0.71483939  0.60755503  0.22086502 -0.72537863 -0.5627607   0.25092767
 -0.36753184 -0.33888318  0.32481324  0.48078611  0.07127433  0.33273943
 -0.71860485  0.48890151  0.56142669  0.58793926  0.70175647 -0.45144198
 -0.04130093  0.2350367   0.13562629]
2022-08-01 15:53:10,153 - pyswarms.single.global_best - INFO - Optimize for 100 iters with {'c1': 0.5, 'c2': 0.3, 'w': 0.9}
2022-08-01 15:53:10,978 - pyswarms.single.global_best - INFO - Optimization finished | best cost: 0.28373699212935927, best pos: [ 0.69494276  0.04494286  0.17848031  0.87677546  0.26649445  0.44100858
 -0.68945131 -0.51948446  0.60824889  0.37842892  0.92622025 -0.22965477
 -0.38426512  0.4424541  -0.18131256 -0.0315475   0.62997735 -0.24104493
  0.62285697  0.33475652 -0.00527807  0.76270626 -0.40029486 -0.29425268
 -0.02350476  0.09675942  0.51229921 -0.32282758  0.76133489 -0.36615874
 -0.55677589  0.4375481   0.26816649 -0.1371008  -0.24857777 -0.23314644
  0.31932304  0.05686592 -0.17155089]
2022-08-01 15:53:10,988 - pyswarms.single.global_best - INFO - Optimize for 100 iters with {'c1': 0.5, 'c2': 0.3, 'w': 0.9}
2022-08-01 15:53:11,825 - pyswarms.single.global_best - INFO - Optimization finished | best cost: 0.25854338202435734, best pos: [-0.28294571 -0.79457378  0.70100319 -0.18131317 -0.35003996 -0.49620958
 -0.99466058 -0.44581127 -0.11947144 -0.16100748  0.47546404  0.84175015
  0.13680081 -0.3553966  -0.72003442  0.12289327 -0.02011259 -0.20554319
  0.51449197 -0.78133076 -0.92680254  0.13387729 -0.58775877  0.59526585
  0.63174061  0.0481618  -0.57778034  0.38650258 -0.5100189  -0.45626245
 -0.69976444 -0.58242411 -0.30094168 -0.42333364  0.11717399 -0.02455177
 -0.26578435  0.12364619 -0.08153714]
2022-08-01 15:53:11,835 - pyswarms.single.global_best - INFO - Optimize for 100 iters with {'c1': 0.5, 'c2': 0.3, 'w': 0.9}
2022-08-01 15:53:12,669 - pyswarms.single.global_best - INFO - Optimization finished | best cost: 0.24592514350035885, best pos: [-2.53456316e-01  5.42676008e-01  5.17501828e-01  2.91288788e-01
  6.23384289e-01  6.54695301e-01  7.78406684e-01 -3.42853999e-01
  7.04198546e-02  4.89031570e-01  4.40048811e-02  4.05406585e-01
  7.01130933e-01  1.17753389e-01  3.94868489e-01 -2.83654868e-01
  3.13909146e-01  1.51133511e-01 -9.29328771e-01  8.08100811e-01
 -1.08216719e-01  3.31258540e-01  1.05444260e-01  7.70463071e-02
 -3.55903931e-02  6.05201642e-01 -6.83554141e-01 -5.82768996e-01
  6.41406333e-01  5.93393864e-01  5.89318026e-01  4.70234147e-02
 -1.61518128e-01 -5.99543530e-01  4.94095725e-01 -7.31045863e-02
  2.94886651e-04  1.70905567e-01  3.71903464e-01]
2022-08-01 15:53:12,679 - pyswarms.single.global_best - INFO - Optimize for 100 iters with {'c1': 0.5, 'c2': 0.3, 'w': 0.9}
2022-08-01 15:53:13,503 - pyswarms.single.global_best - INFO - Optimization finished | best cost: 0.22176855429713282, best pos: [ 0.13285001 -0.56039291 -0.16359782  0.26527553  0.31242358  0.93860607
  0.69929268 -0.28223506  0.12471574  0.51006731 -0.06555129  0.42783169
 -0.66591957 -0.1003115  -0.82808252 -0.46814746  0.03029788  0.36773237
 -0.46192134  0.69325685  0.71378942 -0.39460495 -0.93058737  0.7013837
 -0.60748545 -0.46074851  0.25451821 -0.55549397 -0.61728181 -0.40277577
  0.78465972  0.58309623 -0.40879182 -0.5552687   0.73978844  0.28143566
 -0.4491699   0.41303743 -0.62863335]
2022-08-01 15:53:13,513 - pyswarms.single.global_best - INFO - Optimize for 100 iters with {'c1': 0.5, 'c2': 0.3, 'w': 0.9}
2022-08-01 15:53:14,345 - pyswarms.single.global_best - INFO - Optimization finished | best cost: 0.23579384339169446, best pos: [-0.56505754  0.61745249 -0.06481087 -0.10172596 -0.40260622 -0.10344435
 -0.60086625  0.34017781 -0.3678044   0.11080222 -0.73187764 -0.41100047
 -0.33165507 -0.08810367  0.10316338  0.12288479 -0.24548561 -0.05690136
  0.76877952 -0.56329401 -0.49460172  0.44161314  0.94716767 -0.54945557
  0.93759235 -0.84662147 -0.66184655 -0.3087021   0.14123628 -0.43155758
  0.69725286 -0.06879959 -0.8884307   0.93133832  0.74604095  0.15463645
  0.14279089  0.56474574  0.05704468]
2022-08-01 15:53:14,799 - pyswarms.single.global_best - INFO - Optimize for 100 iters with {'c1': 0.5, 'c2': 0.3, 'w': 0.9}
2022-08-01 15:53:15,590 - pyswarms.single.global_best - INFO - Optimization finished | best cost: 0.40753782716786624, best pos: [-0.14061799  0.65951629  0.75760893 -0.34595236  0.15852908 -0.70944849
 -0.73819158 -0.73226816  0.78193715  0.85393237 -0.41751588  0.30638381
  0.88350555 -0.92420137 -0.74092353  0.35766913 -0.19159174 -0.35253896]
2022-08-01 15:53:15,600 - pyswarms.single.global_best - INFO - Optimize for 100 iters with {'c1': 0.5, 'c2': 0.3, 'w': 0.9}
2022-08-01 15:53:16,353 - pyswarms.single.global_best - INFO - Optimization finished | best cost: 0.47789558211914346, best pos: [ 0.82105547  0.15984518 -0.36762647  0.03190352  0.66142272 -0.10323447
  0.9291328  -0.90127874 -0.01096286  0.59698131  0.10455747 -0.41732325
 -0.60474064  0.70053377  0.63001866 -0.27894496  0.32934008  0.84111085]
2022-08-01 15:53:16,361 - pyswarms.single.global_best - INFO - Optimize for 100 iters with {'c1': 0.5, 'c2': 0.3, 'w': 0.9}
2022-08-01 15:53:17,134 - pyswarms.single.global_best - INFO - Optimization finished | best cost: 0.4690242895393672, best pos: [-0.69994936 -0.14845408 -0.74239625  0.69725702 -0.16114411  0.47575901
 -0.84851361  0.80748191  0.10619509 -0.68548457 -0.48950133  0.86978082
 -0.6920353  -0.1086423  -0.20551866 -0.3149561  -0.21302482 -0.76825634]
2022-08-01 15:53:17,141 - pyswarms.single.global_best - INFO - Optimize for 100 iters with {'c1': 0.5, 'c2': 0.3, 'w': 0.9}
2022-08-01 15:53:17,903 - pyswarms.single.global_best - INFO - Optimization finished | best cost: 0.45670460943007435, best pos: [ 0.63149246 -0.8677765  -0.19960033 -0.47622021  0.46511794 -0.53582662
  0.82320972 -0.23942269  0.73645252 -0.77906598  0.2200748   0.35267968
 -0.74100011 -0.22290701  0.95862373 -0.09428357 -0.13428762 -0.25266369]
2022-08-01 15:53:17,911 - pyswarms.single.global_best - INFO - Optimize for 100 iters with {'c1': 0.5, 'c2': 0.3, 'w': 0.9}
2022-08-01 15:53:18,665 - pyswarms.single.global_best - INFO - Optimization finished | best cost: 0.46446805608783875, best pos: [-0.23276503  0.60144732 -0.2625583  -0.86345866 -0.55403398 -0.5783983
 -0.83681053  0.31649993  0.5938808   0.88858108 -0.9070461  -0.20227399
 -0.14424938 -0.07756439  0.65745003 -0.00278813  0.34234128  0.32639998]
2022-08-01 15:53:18,673 - pyswarms.single.global_best - INFO - Optimize for 100 iters with {'c1': 0.5, 'c2': 0.3, 'w': 0.9}
2022-08-01 15:53:19,420 - pyswarms.single.global_best - INFO - Optimization finished | best cost: 0.4629594819083862, best pos: [-0.31094499 -0.1510006   0.60807592  0.04466146 -0.38507081 -0.11825944
 -0.55313935  0.5558188   0.56770036 -0.66566616 -0.67163268  0.39522922
  0.71483244 -0.66757614 -0.3247787  -0.34520823 -0.22063359 -0.40365783]
2022-08-01 15:53:19,428 - pyswarms.single.global_best - INFO - Optimize for 100 iters with {'c1': 0.5, 'c2': 0.3, 'w': 0.9}
2022-08-01 15:53:20,178 - pyswarms.single.global_best - INFO - Optimization finished | best cost: 0.441484998096515, best pos: [-0.3188587   0.29824106  0.56854282  0.53228971  0.9584277  -0.06708282
 -0.84962906  0.80626152  0.77432561  0.69404683 -0.09203253 -0.91410564
  0.99762516 -0.0788143   0.41801317  0.49430473  0.18496258  0.12228999]
2022-08-01 15:53:20,184 - pyswarms.single.global_best - INFO - Optimize for 100 iters with {'c1': 0.5, 'c2': 0.3, 'w': 0.9}
2022-08-01 15:53:20,939 - pyswarms.single.global_best - INFO - Optimization finished | best cost: 0.44633659786372953, best pos: [-0.36544919  0.68426512  0.28798136  0.33599092 -0.39715414  0.87117346
 -0.68515913  0.9351125   0.39453355  0.25255312 -0.71272849 -0.5371394
  0.84747079  0.99488524 -0.48089208  0.35374719  0.56840659 -0.17751829]
2022-08-01 15:53:20,946 - pyswarms.single.global_best - INFO - Optimize for 100 iters with {'c1': 0.5, 'c2': 0.3, 'w': 0.9}
2022-08-01 15:53:21,703 - pyswarms.single.global_best - INFO - Optimization finished | best cost: 0.4014300351781054, best pos: [-0.80855051  0.22049625  0.22986321  0.22991171  0.66653878  0.01114178
 -0.98018992  0.6477857   0.03706266  0.70188456  0.58152652 -0.98400523
  0.95428202 -0.71842157 -0.84701287 -0.77355891 -0.2780898  -0.52430816]
2022-08-01 15:53:21,710 - pyswarms.single.global_best - INFO - Optimize for 100 iters with {'c1': 0.5, 'c2': 0.3, 'w': 0.9}
2022-08-01 15:53:22,462 - pyswarms.single.global_best - INFO - Optimization finished | best cost: 0.4265830266264054, best pos: [ 0.18509022  0.92207054 -0.8479858   0.97331597  0.66908531  0.22453698
  0.65398492  0.58062583 -0.30084744  0.822137   -0.19228117  0.06135585
 -0.87235653  0.99224314  0.45349213 -0.44818581 -0.7235589  -0.25912903]
