2022-08-16 17:19:44,057 - pyswarms.single.global_best - INFO - Optimize for 100 iters with {'c1': 0.5, 'c2': 0.3, 'w': 0.9}
2022-08-16 17:19:45,580 - pyswarms.single.global_best - INFO - Optimization finished | best cost: 1.25e-06, best pos: [  0.11457527  11.67552818  -8.7743321   19.08948231  -6.55367923
  28.36393103  26.27585001   6.0572863    3.40985477   7.37118575
   2.90579752  12.38247313 -17.0850855   15.06428462   2.93958345
   3.6736296   24.9762411    8.48681579  21.03703454 -14.1349695
  12.9837894   -4.10441282  -6.59618407  28.06160365  -1.10375989
  11.83659288  17.66588028  -2.09714897  -1.48686344  20.27268505
  30.17345639   0.12699808]
2022-08-16 17:19:45,597 - pyswarms.single.global_best - INFO - Optimize for 100 iters with {'c1': 0.5, 'c2': 0.3, 'w': 0.9}
2022-08-16 17:19:47,077 - pyswarms.single.global_best - INFO - Optimization finished | best cost: 1.25e-06, best pos: [ 8.85695192e+00  4.29648621e+01 -4.35170243e+00  1.03214145e+01
  1.19033037e+01  2.52939337e+01 -3.75408801e+00 -1.93930045e-01
  2.98413074e+01  1.74645908e+01  2.20670971e+00  9.72973098e+00
  2.15110258e+01  1.17317604e+01  9.96199557e+00 -6.18546541e+00
 -3.66085811e-02  3.42791212e+00  2.48149566e+01 -6.26114633e+00
 -1.10963051e+00  2.86937858e+01  7.43751487e+00  3.80917649e+01
  3.14060939e+01 -2.95046656e+00  9.14765831e+00  3.13214415e+00
  1.11254359e+00  9.34058024e+00  4.45485842e+01  1.11305200e+01]
2022-08-16 17:19:47,088 - pyswarms.single.global_best - INFO - Optimize for 100 iters with {'c1': 0.5, 'c2': 0.3, 'w': 0.9}
2022-08-16 17:19:48,590 - pyswarms.single.global_best - INFO - Optimization finished | best cost: 1.25e-06, best pos: [  9.83566036   4.2390634  -12.20035262  47.22927197   8.99572631
  20.82965734  13.54231607   6.23981937  36.35150915   0.07614742
   9.60941331   4.16294236   8.95802863  -2.01241708   8.30201129
  14.10327903  14.80802645  11.69748593   3.22068156   3.97420288
  38.67834176   4.10896235  -4.82980136  32.13500211   5.3729745
  24.64003028  46.91634716  -1.80351577   8.68169179  25.66298401
  28.98412947   9.21421376]
2022-08-16 17:19:48,600 - pyswarms.single.global_best - INFO - Optimize for 100 iters with {'c1': 0.5, 'c2': 0.3, 'w': 0.9}
2022-08-16 17:19:50,050 - pyswarms.single.global_best - INFO - Optimization finished | best cost: 1.25e-06, best pos: [16.58369435 30.66711463 23.06250312 -0.36146964  3.2836308   9.19916169
 37.44819996 -6.32615846 16.19489859 -0.31417464 10.11331509 16.86875766
 10.67948534 12.0317916  -7.4130003   1.33866044 23.64032608 26.01627027
  6.31304698 35.73925553 -2.41897588 27.17500927 33.88376869  1.26474684
 16.31498023  1.13639503 31.99447807  2.54770414 26.15807223  8.49665876
 12.05609914 11.01162598]
2022-08-16 17:19:50,062 - pyswarms.single.global_best - INFO - Optimize for 100 iters with {'c1': 0.5, 'c2': 0.3, 'w': 0.9}
2022-08-16 17:19:51,522 - pyswarms.single.global_best - INFO - Optimization finished | best cost: 1.25e-06, best pos: [ -1.18594264   4.85177463  30.6349114   13.21008035 -14.45311638
 -11.90253604  -1.29623729  20.20739653   0.77168047  10.44974194
  29.00383051  16.57198027  14.42185956   4.85510698   5.58636204
  -5.92555816  10.17936806  17.116694    12.03316755   2.18685136
   5.11839392  24.44395084 -15.8147901   17.03203852   5.30867648
 -25.56696046   2.60739558  15.0997679   29.89464184  29.87127075
  50.95354316  -4.47462157]
2022-08-16 17:19:51,534 - pyswarms.single.global_best - INFO - Optimize for 100 iters with {'c1': 0.5, 'c2': 0.3, 'w': 0.9}
2022-08-16 17:19:52,971 - pyswarms.single.global_best - INFO - Optimization finished | best cost: 1.25e-06, best pos: [  7.67602576  -4.76756399   0.30354051  19.71889171  16.19577645
  -0.37567389   6.50710008   4.69236115  13.99811707 -14.98006664
   2.46496065  10.47538437   0.23627936  -3.9278794    5.1051391
   5.03153488  -3.9200551    5.39463131  12.08268716  15.72270883
  11.96575629  -1.41367323   7.03908136  25.28967347   2.08021983
  26.43118184   8.78323282 -26.52633926   0.97964449  14.12213112
  72.58660818   0.27545753]
2022-08-16 17:19:52,988 - pyswarms.single.global_best - INFO - Optimize for 100 iters with {'c1': 0.5, 'c2': 0.3, 'w': 0.9}
2022-08-16 17:19:54,514 - pyswarms.single.global_best - INFO - Optimization finished | best cost: 1.25e-06, best pos: [  2.06349138  20.543918     7.37860444  16.9989144   33.58496719
  -5.29149587  18.79266617  13.45656152  20.5486629   -2.96704263
 -13.36889806  -4.82132852   4.98783252  -6.08433934   4.98011122
  19.92821966   7.58288834   9.10717427  -1.76539385  16.13140748
  15.42955066 -19.5541679   -5.71933314   5.92593068  23.83438335
  19.72440655   1.58008763  30.75532918  -2.20829316 -18.93031355
  45.43836821   2.41931774]
2022-08-16 17:19:54,524 - pyswarms.single.global_best - INFO - Optimize for 100 iters with {'c1': 0.5, 'c2': 0.3, 'w': 0.9}
2022-08-16 17:19:55,983 - pyswarms.single.global_best - INFO - Optimization finished | best cost: 3.0249084069613336e-05, best pos: [ 11.14527914 -10.73546814   6.21178401  -0.85788031   3.42877518
   4.66037679  12.2858152    7.14138492   4.21415283  -0.79538734
   2.55639558 -56.4666979    5.13340909   4.94875318  19.82131423
   4.27380708   2.55526505  12.11384979   5.39953615   6.46353717
 -25.07581759  -8.73797678  -7.98205835 -13.85518518  17.18130104
   2.70232476   2.36858798  13.95881648   1.7758631   11.82601626
  10.89886041   2.55802005]
2022-08-16 17:19:55,993 - pyswarms.single.global_best - INFO - Optimize for 100 iters with {'c1': 0.5, 'c2': 0.3, 'w': 0.9}
2022-08-16 17:19:57,464 - pyswarms.single.global_best - INFO - Optimization finished | best cost: 1.25e-06, best pos: [ 16.41008174  16.7759841   -4.2497821   -0.76908227  -5.11387446
   5.57549084 -10.73955583  13.08876305  39.21437733  12.96024599
  11.20524882   1.2887158    5.86585059 -14.80803372   8.24907307
  17.05433806   2.7281402   12.22881991  -8.40761494  23.63494771
  37.24998784   6.86686894  -3.67118101  22.5561075   30.0597261
   5.8275801   12.10109793  16.28689418  14.07033441   0.41306759
  20.41867754  -4.03259585]
2022-08-16 17:19:57,475 - pyswarms.single.global_best - INFO - Optimize for 100 iters with {'c1': 0.5, 'c2': 0.3, 'w': 0.9}
2022-08-16 17:19:58,958 - pyswarms.single.global_best - INFO - Optimization finished | best cost: 1.25e-06, best pos: [ 23.83600709   6.0245901    5.7751172    2.9285079   15.35373869
   8.7763659   18.56227352  -7.59692791   0.88207944  12.88741465
 -14.55001188  33.67215527   8.59716212   7.20343388  -2.93493261
   1.11068386   4.91651003   7.4542308   -1.25036715   2.12964988
   3.16134881   6.10112053  40.61553085   4.82750527  15.23210817
  16.66059547   6.65223717  35.56926519   6.49444721  35.5906408
  79.98712861  11.30318269]
2022-08-16 17:19:59,330 - pyswarms.single.global_best - INFO - Optimize for 100 iters with {'c1': 0.5, 'c2': 0.3, 'w': 0.9}
2022-08-16 17:20:00,816 - pyswarms.single.global_best - INFO - Optimization finished | best cost: 0.025028837855306928, best pos: [  4.81988552  -4.16222916  11.50063475  13.57185329   2.72266228
   5.18856138   0.22135561   3.40096038   3.21911535   1.25529751
   6.88848921   3.71229053   2.73265065   1.91222471   2.01163555
   3.62039383  -2.43772043   3.30411101   2.10546725   1.29609309
   7.51013307 -10.80699846  15.61004916   1.30178119   2.73640858
   8.01769022   0.17650408   1.47736105  17.91179024   9.55844386
  20.89568914   0.43210542   9.26616477   4.57046372   1.04958254
  12.17767827  21.90661195 -15.43980179   0.30505013]
2022-08-16 17:20:00,826 - pyswarms.single.global_best - INFO - Optimize for 100 iters with {'c1': 0.5, 'c2': 0.3, 'w': 0.9}
2022-08-16 17:20:02,311 - pyswarms.single.global_best - INFO - Optimization finished | best cost: 0.09553798115459484, best pos: [ 11.63777534   4.72468077  -2.79640826   9.78782039  -0.8923299
  -2.70233231   6.39938083   3.5177962   -3.87963664  -5.49926517
  -0.44381605  17.8685279    4.46251868  -1.66881132   4.34177663
   3.20871015   8.72728842   6.10502187  -1.12555985   3.62799063
   1.19681972  28.29596095   3.28981823  12.41384392  -0.32300084
  -8.76114423  -1.75180071  -5.85757735  12.72989132   7.58840025
   3.49006708  -3.77685411  -2.77152555   1.4973629   23.23148058
  15.42163959  12.19000714 -10.91445856   1.60842349]
2022-08-16 17:20:02,321 - pyswarms.single.global_best - INFO - Optimize for 100 iters with {'c1': 0.5, 'c2': 0.3, 'w': 0.9}
2022-08-16 17:20:03,791 - pyswarms.single.global_best - INFO - Optimization finished | best cost: 0.08912261436084541, best pos: [ 3.35835439  3.35899314  1.72955187  5.58896425 16.81380825  2.17692381
  3.37260848 20.34289579  9.91152572  3.16366217 -5.43561659 11.79785066
 -1.01030434  9.63861422  8.01488008  2.93788859  5.61403628  2.31834853
 17.16219857 -1.97611274  8.30931247 -2.15598256 -1.07979815  3.84830546
  2.61066646  2.89674608  2.59987031  3.09995673  2.26677576  7.00499298
 -0.36681215 13.79864026  6.35762687 -0.60247551 12.44045237  3.40197203
 18.53155898 -4.78143389  4.99454787]
2022-08-16 17:20:03,799 - pyswarms.single.global_best - INFO - Optimize for 100 iters with {'c1': 0.5, 'c2': 0.3, 'w': 0.9}
2022-08-16 17:20:05,233 - pyswarms.single.global_best - INFO - Optimization finished | best cost: 0.17825588490684627, best pos: [ 5.10571271  2.86079286  1.82056567  2.32072958 -0.10962712  3.14676651
 -3.80064155  1.49204264  1.05347767 12.87964703  2.56904699  1.25893183
  1.67672882 -0.69864217  5.45243319  2.56898114  1.61756349  2.26425351
  1.72610039  9.73898636  4.34008001  6.3969168  -2.98073687  3.1496518
  1.89076749 -1.03448766 -0.17410923  1.44144974 12.34349688  0.16384645
  8.62206449  4.00257976 16.21215179  3.87682408  4.75970549  6.73352166
  9.32619907  0.20827622  2.48114681]
2022-08-16 17:20:05,245 - pyswarms.single.global_best - INFO - Optimize for 100 iters with {'c1': 0.5, 'c2': 0.3, 'w': 0.9}
2022-08-16 17:20:06,673 - pyswarms.single.global_best - INFO - Optimization finished | best cost: 0.3634345822984908, best pos: [12.27775629  2.27660968  1.90607739 -1.33115127  2.88573605 -0.16747106
  1.20195691  1.47602927  0.43368376 -0.49208385  6.29741645 -0.12066465
  2.1376633  -0.76857855  1.02742534  0.47467024  0.85652223  2.39772303
  0.31793152  5.86021439 -0.67801831  5.71330276 -5.84587211  1.56119114
  0.43536193  1.55816563  8.69058713  0.53209293 -0.7512199   0.07535301
  0.55065855  5.00929319  1.11858609  7.54431629  1.47458565  0.02720858
  5.92041847  1.18196519  7.40456653]
2022-08-16 17:20:06,681 - pyswarms.single.global_best - INFO - Optimize for 100 iters with {'c1': 0.5, 'c2': 0.3, 'w': 0.9}
2022-08-16 17:20:08,148 - pyswarms.single.global_best - INFO - Optimization finished | best cost: 0.7225593905720604, best pos: [-0.97219066  2.07257177  4.19529788  4.36679892  2.61241028  5.13758694
  4.42900726  6.88559998  3.75442115  4.53715736  2.34850268 -1.53201847
  5.50672145  4.24984972  3.25296714  3.78427951  1.03745471  2.87824638
  4.13269364  1.51747154 -0.25165923  0.92836265  4.91193615  7.49599605
  4.47777015  2.94450261  5.23195415  1.66627784  4.71273117  2.49468949
  4.79790564  1.75890016  0.49344729  1.25198076  7.04735173  5.7975282
  6.50482247  1.42347106  2.62398792]
2022-08-16 17:20:08,157 - pyswarms.single.global_best - INFO - Optimize for 100 iters with {'c1': 0.5, 'c2': 0.3, 'w': 0.9}
2022-08-16 17:20:09,623 - pyswarms.single.global_best - INFO - Optimization finished | best cost: 0.5798768112627551, best pos: [ 8.65159819  1.73492131  1.51642213 13.50940491  3.4441207  11.41875954
 -5.17133622  7.23728224  5.2419927   3.3544072  17.97289672  3.50996576
  4.073237    1.11210711  4.67228957  4.20340721  3.19408962  1.61049834
 -1.1407393   3.24490793  2.11033171  5.63832136  3.50609612  9.11009923
  3.662581    2.09790342 10.78259794  3.26761503  3.74637443  5.05066637
  4.91025726 10.96456588  1.81914756  6.00933086  5.08766785  2.24331261
 10.10495809  4.80941656  1.86487593]
2022-08-16 17:20:09,632 - pyswarms.single.global_best - INFO - Optimize for 100 iters with {'c1': 0.5, 'c2': 0.3, 'w': 0.9}
2022-08-16 17:20:11,088 - pyswarms.single.global_best - INFO - Optimization finished | best cost: 0.25932901479657966, best pos: [ 2.3988889   2.5658587  -7.81291101  1.02107819  2.13718956  6.2787326
  4.60472171  6.08429938  8.96510122  0.61278394  6.24020282  0.62286584
  6.62792969 -1.77078035  4.31053665  2.34980909  5.18860557  1.94499011
  1.77166155  1.58158089  1.36136965  4.67473732 -2.7089676   0.12629642
  0.0293196   8.10212801  4.46578315 11.4236468   0.26724573  4.09576671
  1.8125824  -0.30360726  5.15519458  0.03007689  9.08279299  5.10540078
  2.23407961  1.34421126  0.75850833]
2022-08-16 17:20:11,097 - pyswarms.single.global_best - INFO - Optimize for 100 iters with {'c1': 0.5, 'c2': 0.3, 'w': 0.9}
2022-08-16 17:20:12,547 - pyswarms.single.global_best - INFO - Optimization finished | best cost: 0.10480845220068566, best pos: [ 8.72157882  0.89564396  6.68889802  2.68659237 -2.22277061 -1.41672396
  2.57374379  5.01185025 -2.230322    1.81826136  9.90023597 -1.63683232
  4.48777396  2.62127901  1.37495248 -1.14776589  2.2751527   5.39703232
 -1.7172355  -0.96500998  1.42777678  2.06067312  2.4512148  11.98165814
 -0.96532498  7.88264537  2.87715231 14.27176848  0.12822294  7.13586872
 -0.46842612  8.09755777 -0.94152094  2.72397184  2.70654587  2.38406364
 12.73512532 -4.42765717 -0.69341342]
2022-08-16 17:20:12,555 - pyswarms.single.global_best - INFO - Optimize for 100 iters with {'c1': 0.5, 'c2': 0.3, 'w': 0.9}
2022-08-16 17:20:14,014 - pyswarms.single.global_best - INFO - Optimization finished | best cost: 0.3633288135392596, best pos: [ 1.08301403  1.544068    3.96006829  1.0643102  -1.83671197  2.49940982
 11.52258213  0.43010652 -0.62508857  3.56572663  1.78818547  6.09410494
  1.87070488  2.69448384  2.11191357 -1.05915876  1.78532772  2.80993388
  1.03083944  4.45787536  0.68315849  4.16725561 -0.81213716  2.48452288
  2.30293235  7.08621532  5.32778056  3.58752217 -1.77030879  1.98151366
  0.53967972  3.35112604  4.66590944  0.0859098  -0.87268517  1.3712223
  5.33349594  0.60588595  0.50699965]
2022-08-16 17:20:14,348 - pyswarms.single.global_best - INFO - Optimize for 100 iters with {'c1': 0.5, 'c2': 0.3, 'w': 0.9}
2022-08-16 17:20:15,831 - pyswarms.single.global_best - INFO - Optimization finished | best cost: 0.8250734958439057, best pos: [ 1.57744355e+00  5.36088295e+00  1.04220344e+00  2.96521501e+00
  1.20263086e+00  2.95102447e+00  8.30182587e+00  2.96473182e+00
  2.72344182e+00  2.42106984e+00  4.23164273e+00  3.36619274e+00
  1.39700433e+00  2.48544845e+00 -5.32131734e-01  4.33341815e+00
 -1.23620913e+00  3.80975570e+00  1.05436639e+00  5.10667436e+00
  2.13934498e+00  5.47848738e-01  1.59082350e+00  4.58800614e+00
  3.05646572e+00  4.00964667e-01  3.30378338e+00  1.53390422e+00
  3.81722547e+00  4.78098852e+00  7.45765728e-01  6.01790943e-01
  4.53196798e+00  2.05528333e+00  5.85739548e+00 -4.14938959e-01
  2.71670084e+00  4.13984797e+00 -5.60932365e-04  3.06208794e-01
  4.28807414e+00  7.03617323e+00  8.67813872e+00  5.66201986e-01
 -1.12579987e+00  2.16867432e+00]
2022-08-16 17:20:15,841 - pyswarms.single.global_best - INFO - Optimize for 100 iters with {'c1': 0.5, 'c2': 0.3, 'w': 0.9}
2022-08-16 17:20:17,317 - pyswarms.single.global_best - INFO - Optimization finished | best cost: 0.6986246789084164, best pos: [ 1.3637288   2.30552012  2.32562606  3.28792576  0.57542983  2.80661597
 -5.95770707  1.54320375  1.41731575  0.88580386  5.17468747  5.69803928
  1.81982585 -0.65916021  6.31872495  2.80550248  4.38561956  1.20697098
  0.32554345  5.01175181  2.21273799  0.36487476  4.04583297 -2.17475134
  1.24380115  3.28074348  1.56560192  2.00697932  2.51480555  2.57450391
 -0.55781731 -1.01425179  3.52200719  2.8711919   0.25723886  1.56266478
  1.73331339  3.59698764  0.7008276   6.20517815  2.44261652  0.18880241
  8.5939804   0.1995505   0.91992237  2.41924636]
2022-08-16 17:20:17,327 - pyswarms.single.global_best - INFO - Optimize for 100 iters with {'c1': 0.5, 'c2': 0.3, 'w': 0.9}
2022-08-16 17:20:18,786 - pyswarms.single.global_best - INFO - Optimization finished | best cost: 0.6165641403964516, best pos: [ 0.84628194  0.04591731  2.27052582  2.5619367   7.86267682  1.73779686
  3.29904213 11.1152971   1.8962007   1.66227915  0.78708326  2.81730318
  3.32347689  4.47922203 -0.94524892 -1.11488291  2.26691434  3.00497355
  0.03851679  3.85289983  6.94164908  8.44125455  2.82191896  8.11295378
  4.72934181  1.179363    3.16296572 -2.17409455  1.31054022  2.70222533
  3.93251885 -0.24852088  1.13639844  3.80911856  1.76285514  9.48068455
  4.65957045  1.8720828   1.40002236 -0.34557776  1.99771808  3.67494641
  9.84236132 -6.27775594 -1.44995298  1.19143374]
2022-08-16 17:20:18,795 - pyswarms.single.global_best - INFO - Optimize for 100 iters with {'c1': 0.5, 'c2': 0.3, 'w': 0.9}
2022-08-16 17:20:20,265 - pyswarms.single.global_best - INFO - Optimization finished | best cost: 0.7780906670490291, best pos: [ 1.45291117 -0.42334323  5.47259513  1.32344264  0.65182685 -0.17109519
 -2.06506096  4.24629775  1.71682299  2.8060457   0.67210448  6.49200002
  0.47215523  2.36212205  1.80013514 -0.88591737  0.64359561  1.67662234
  1.89816857  1.09637775  2.5010112   1.33488548 -0.83096028  3.50250158
  2.15164364  1.38100552  0.25736184  6.03503556  2.54593778  1.30445862
  4.20456614 -1.03526242  1.55104213  2.16943399  4.42545377  0.95493057
  1.34835348  6.58758946  2.44992727  3.66025968  2.88500419  1.05827608
  4.54638704 -2.66082713  2.19535582  2.28045447]
2022-08-16 17:20:20,272 - pyswarms.single.global_best - INFO - Optimize for 100 iters with {'c1': 0.5, 'c2': 0.3, 'w': 0.9}
2022-08-16 17:20:21,756 - pyswarms.single.global_best - INFO - Optimization finished | best cost: 0.5854018241016403, best pos: [-8.84536844e-01  3.98119759e+00  6.32857991e+00 -2.82772901e+00
  2.78965884e+00  2.57969183e+00  7.10092586e+00  1.71841807e+00
 -7.00042038e-01  5.89611770e+00  7.46627814e+00  6.95901808e+00
  5.90032944e+00  3.45858103e+00  2.17890147e+00  2.45294184e+00
  9.07021567e-01 -2.10877147e+00 -2.65064613e-01 -8.27544282e-01
  3.05611008e-01  1.36580993e+00  6.28069432e-03  2.10521778e+00
  1.81435284e+00  4.29185661e+00 -1.42080012e+00  3.65580413e+00
  9.05690121e-01 -1.34072716e+00 -9.11786628e-01  5.39238541e+00
  2.99452042e+00  5.48226600e-01  3.66045485e+00  3.31498930e+00
  2.71871815e+00  2.28115904e+00  4.20712903e+00 -8.08936466e-01
  1.48502850e+00  3.43726577e+00  8.15386449e+00 -2.37339536e+00
  2.82860628e+00  3.04686032e+00]
2022-08-16 17:20:21,766 - pyswarms.single.global_best - INFO - Optimize for 100 iters with {'c1': 0.5, 'c2': 0.3, 'w': 0.9}
2022-08-16 17:20:23,258 - pyswarms.single.global_best - INFO - Optimization finished | best cost: 1.0615998937031166, best pos: [ 1.39073275  0.94926071  5.33294769  3.26384133  0.37562631  0.64568841
  2.22927857  3.44229183 -0.64270681 -0.0129316   1.02709681  4.8033528
  3.15545146  2.07990015  3.16249621  1.95222808  5.12595187  3.90696858
  3.59253116 -5.36840649  2.54911565  4.66072309  1.77102123  8.21464455
  2.53208185 -0.51464605  0.83048054  6.76760204  5.45621559  2.13844451
  4.18631622  8.68605442  1.42629556  3.37048614  3.14675735  0.68274953
  1.22340036  2.1106539  -0.44395288  1.70935196  3.69004958  4.05287131
  3.07374208 -2.83128892  0.21837253  0.82739863]
2022-08-16 17:20:23,265 - pyswarms.single.global_best - INFO - Optimize for 100 iters with {'c1': 0.5, 'c2': 0.3, 'w': 0.9}
2022-08-16 17:20:24,737 - pyswarms.single.global_best - INFO - Optimization finished | best cost: 0.9744590150222165, best pos: [ 0.83698557  5.33416413  8.86191668  0.6681408   0.63837912  0.9183904
  2.37023846  8.27098001  1.48254947  6.64546545  0.4493415  15.73073776
  1.34607662  4.61632038  2.43750141  2.20018648  2.92787339  6.93949201
  2.14412782  0.96969444  0.81951144 11.77164841  0.74745132  2.31026303
  5.00925952 -0.85821508  0.89669733  2.88471974  0.97879032  0.26943797
  2.8195186   4.41938816  0.26385921 -0.91295399  2.50739795  0.55195049
  1.56646638  3.19154314  2.06706421  4.10471983  4.15966352  0.74297048
  4.61304054  1.70960234  3.17603932  2.25390915]
2022-08-16 17:20:24,744 - pyswarms.single.global_best - INFO - Optimize for 100 iters with {'c1': 0.5, 'c2': 0.3, 'w': 0.9}
2022-08-16 17:20:26,219 - pyswarms.single.global_best - INFO - Optimization finished | best cost: 0.7270542254600917, best pos: [ 2.55380438  0.62010795 -0.5440765  12.76589918  3.68300462  5.22809482
 -2.29335402  4.86938282 -1.79986266  3.09328531  1.9781663   0.53677231
  1.84238267  2.19808819  2.02340447  1.70898076 -1.01810435 10.08559971
  0.62019449  0.91516339  3.77270475  0.67050682 -3.02107446  0.88458947
  1.2598681  -2.24037211  1.20174931  0.27589737  1.34527683  2.22511633
 -0.21327658  3.90813503  0.06003923  0.06990799  3.09755448 -3.55459068
  0.43987345  2.42461466  1.66616358  1.86033185 -0.15472153  3.2626994
  4.48082762 -1.98453703  0.66039736  1.90967055]
2022-08-16 17:20:26,227 - pyswarms.single.global_best - INFO - Optimize for 100 iters with {'c1': 0.5, 'c2': 0.3, 'w': 0.9}
2022-08-16 17:20:27,711 - pyswarms.single.global_best - INFO - Optimization finished | best cost: 1.1437078037953539, best pos: [-1.51085353 -0.43364548  3.63624758  3.59495943  1.65568545  0.76351402
  2.77982511  0.58229084  6.15403757  1.3143184   4.88433555 -0.95947004
  6.22915245  3.00455464  1.5715712   2.62496066  2.69339405  2.57865604
  1.42008287  1.99833957  1.78973919 -0.53689558  3.99059446  2.10586107
 -0.84441211  2.26726295  3.31504848  1.71960197  0.1992905   0.98965447
 -1.66413171  1.72520818  1.34318552  1.6151729  -0.17566599  2.82767818
  4.65446721  1.53028283  0.82778713 -0.09906366  0.40987584  0.68139943
  2.56434372  0.68674335  2.98038714  4.21471546]
2022-08-16 17:20:27,719 - pyswarms.single.global_best - INFO - Optimize for 100 iters with {'c1': 0.5, 'c2': 0.3, 'w': 0.9}
2022-08-16 17:20:29,194 - pyswarms.single.global_best - INFO - Optimization finished | best cost: 0.5054483889680529, best pos: [-4.10034966  2.65948035  3.25422743  5.90688483 -0.3837046   2.89906028
  6.65105764  4.36696411  9.28321784  0.57177537  0.21184125  3.87617111
  2.7200938  -2.83393506 -1.42683535  2.08319621  2.07987041 11.19038011
  0.74440001  9.51604873  5.2170054   2.12149149  5.40637259  0.90178748
  1.0463704   3.50229243  4.74974793  0.61495563  3.27513342  4.63238889
  0.70327454  9.26269715  5.15176321  2.0390682   8.22468232  2.33021619
  2.97370365  1.33382848  2.0174791   0.29406398  1.74654811  6.30711349
  3.13528311 -4.50745537  1.73638077  4.16330846]
2022-08-16 17:22:46,357 - pyswarms.single.global_best - INFO - Optimize for 100 iters with {'c1': 0.5, 'c2': 0.3, 'w': 0.9}
2022-08-16 17:22:50,560 - pyswarms.single.global_best - INFO - Optimization finished | best cost: 3.125e-07, best pos: [  2.54926754   1.45060294  -8.58261775  20.62932381   1.2048408
  -2.44581699   3.96483933   5.60622952  15.5346484    8.31778074
  -2.08615228   1.29616278   3.66906754  -1.98375532   3.95129629
   5.31120479   8.57677782  16.80249239  14.71707441   4.69385332
  27.14756467 -11.75113213  11.40853169  50.09434365  -0.33945526
  45.92606451  57.19177148   3.78843294   4.47536157   2.78243089
   6.50460092  -7.93435596]
2022-08-16 17:22:50,580 - pyswarms.single.global_best - INFO - Optimize for 100 iters with {'c1': 0.5, 'c2': 0.3, 'w': 0.9}
2022-08-16 17:22:57,321 - pyswarms.single.global_best - INFO - Optimization finished | best cost: 3.1250000006404604e-07, best pos: [  3.84977942  -4.1169713   15.94786906   6.62664551  -0.07810662
  10.98188844  -1.95685679  23.02834026   1.54871935   6.29559524
  18.16487649  -9.58588482   8.49446435   5.48811423  57.48170966
  -3.38410832  21.95798308   5.30022266   0.96123871  -0.79813064
  -1.0452888   31.56363062  29.90148856  -3.66589011  17.92794094
 -12.79034478  -0.87764453  -4.78375785  -3.41614819  26.67799839
  25.26334707   2.48526178]
2022-08-16 17:22:57,331 - pyswarms.single.global_best - INFO - Optimize for 100 iters with {'c1': 0.5, 'c2': 0.3, 'w': 0.9}
2022-08-16 17:23:01,335 - pyswarms.single.global_best - INFO - Optimization finished | best cost: 3.125e-07, best pos: [ 8.65171331  7.3529617  12.15561629 -8.11509485  4.18304689  4.48495267
 18.82097282  0.31993101  0.98629462 13.32830954 23.54830539  6.81360622
  3.80483307 13.91990592  6.36395332  3.6138699   4.26210531 -2.36497931
  1.12229068  2.34899315 56.36743767  1.0281569  -3.51239222 37.24070872
 -0.15123256 21.61927681  7.17578799 24.03805198 42.03888836  1.46095112
  9.03508369 -9.99877857]
2022-08-16 17:23:01,345 - pyswarms.single.global_best - INFO - Optimize for 100 iters with {'c1': 0.5, 'c2': 0.3, 'w': 0.9}
2022-08-16 17:23:05,342 - pyswarms.single.global_best - INFO - Optimization finished | best cost: 3.125e-07, best pos: [-6.41656466e-01  2.00417764e+01  1.86179300e+01  9.42959068e+00
 -9.47635699e+00  2.53925343e+01  2.41512160e+01 -1.42134024e+01
 -1.13557022e-01  1.50181535e+01 -3.62871211e+00  1.46508794e+01
  4.71369675e+00  5.30132728e+00 -5.56061205e+00 -4.58728235e+00
  1.71790849e+01  5.74563242e+00  8.79335492e-01  1.61207338e+01
  8.35165424e+00  2.38088768e+01  2.08351816e+00 -1.91802491e+01
  1.46971295e+01 -4.65473480e+00  4.96343748e+00 -3.06771290e+01
  1.58764380e-02  1.79162220e+01  1.49179013e+01 -3.06449352e+00]
2022-08-16 17:23:05,353 - pyswarms.single.global_best - INFO - Optimize for 100 iters with {'c1': 0.5, 'c2': 0.3, 'w': 0.9}
2022-08-16 17:23:09,352 - pyswarms.single.global_best - INFO - Optimization finished | best cost: 3.125e-07, best pos: [  1.345984    -9.01981587   4.763248    23.0165178    2.71378878
  12.19817579  17.67846306  15.47970702  10.76794964   7.43511851
   2.84124732   3.52540958  -4.93438721   4.33343979  14.54656163
  11.26746005   7.10427116   2.99030776  12.89632042 -19.663797
  -0.10522782  32.68324242  19.06505483  -2.32553861   4.73220009
  26.03809286  12.20324093 -19.67594206  -1.0953694   10.28008489
   7.17860392  -0.61820897]
2022-08-16 17:23:09,364 - pyswarms.single.global_best - INFO - Optimize for 100 iters with {'c1': 0.5, 'c2': 0.3, 'w': 0.9}
2022-08-16 17:23:13,334 - pyswarms.single.global_best - INFO - Optimization finished | best cost: 3.125e-07, best pos: [ -7.35115212  38.7717036   24.57519154  -3.10592247 -21.25361404
  12.13106246  17.35356669  21.25755708  -0.40523573  17.50000025
  -4.43511631  15.19254108   4.06364777  10.50715672   7.0049639
   6.03863781   4.48616161  -8.66896977  -5.89852569  11.22326265
  -0.756645     3.53122988   5.59833305  39.52517761  -3.44131932
  11.15156949   2.79189182   4.27485858  13.31577847 -22.13970862
  64.48995056  -7.86970318]
2022-08-16 17:23:13,344 - pyswarms.single.global_best - INFO - Optimize for 100 iters with {'c1': 0.5, 'c2': 0.3, 'w': 0.9}
2022-08-16 17:23:17,301 - pyswarms.single.global_best - INFO - Optimization finished | best cost: 0.0019075354418091057, best pos: [ -4.93618393   2.1322068    5.92259595 -15.01283321   2.34400567
  34.79513377  12.99511014  10.6825767    5.06200411  -8.27271343
  12.84292792   0.38410582   5.59829642  15.21172586   8.14861016
   4.65624061  22.51084028   7.00921459   0.09469361   5.47534006
   6.74898939   0.91537051  10.80289738  10.71285488   4.54822684
  17.26449386  21.89901371  18.50818159   0.85574751  10.46183385
  10.60869227  -0.75478811]
2022-08-16 17:23:17,310 - pyswarms.single.global_best - INFO - Optimize for 100 iters with {'c1': 0.5, 'c2': 0.3, 'w': 0.9}
2022-08-16 17:23:21,314 - pyswarms.single.global_best - INFO - Optimization finished | best cost: 3.125e-07, best pos: [ 21.46995019  15.3113592   15.28390817   1.84310817   2.25215506
   7.55083107  10.80634083  -3.05625618 -18.86034578  30.78794875
  -1.22413985  10.41446333  19.30166869  -4.95841688   5.74234974
  11.21448872  11.10202195   4.56224442  12.36206612  13.35414503
  21.9314806  -11.38756339   8.98255075  43.95768299  -5.36033031
   9.22880669  17.90903625  10.51168114  25.78010555  46.16457807
  27.85397188 -30.51983889]
2022-08-16 17:23:21,323 - pyswarms.single.global_best - INFO - Optimize for 100 iters with {'c1': 0.5, 'c2': 0.3, 'w': 0.9}
2022-08-16 17:23:25,379 - pyswarms.single.global_best - INFO - Optimization finished | best cost: 3.125e-07, best pos: [10.58329908 -2.41504067  2.63857066  4.49237979 11.41214732 -4.54337072
  4.00238612  0.34403875  1.63459729  9.51747853  3.47024292 17.04470249
  3.41888558  5.22861064 19.08231629 -3.09807612  2.10632423  4.50234408
 -2.37539549 33.11594284 26.77273427 -4.8767421  23.02857291  6.25291743
 24.87902813 -8.31665942 -0.5420791  -1.92070145  0.96609298 39.07945647
 14.63630583 -5.86383914]
2022-08-16 17:23:25,389 - pyswarms.single.global_best - INFO - Optimize for 100 iters with {'c1': 0.5, 'c2': 0.3, 'w': 0.9}
2022-08-16 17:23:29,343 - pyswarms.single.global_best - INFO - Optimization finished | best cost: 3.125e-07, best pos: [  2.22527741  15.10013615   1.34930511   8.623399    13.72041577
  46.93566794  -0.39346222  34.11626892  16.33046221  17.92490153
   8.72578942  -1.05455334  11.50391011   9.21855671   9.75634477
   4.59345032  -4.75021482  10.78287368  53.37492426   1.97426334
   0.33326907  14.08863037  -0.19049938   5.90049111   6.01923107
  18.97167128   4.23213    -31.51649754  10.33194862  41.89296024
  17.62304728   3.68689272]
2022-08-16 17:23:29,697 - pyswarms.single.global_best - INFO - Optimize for 100 iters with {'c1': 0.5, 'c2': 0.3, 'w': 0.9}
2022-08-16 17:23:33,832 - pyswarms.single.global_best - INFO - Optimization finished | best cost: 0.16745078724153414, best pos: [ 2.14739358  7.84023436  1.34802178 10.45944996 -0.21962995  2.44293988
  1.86082208  4.071154    9.62263325 -4.5122407   2.38719655 27.62827693
 13.20225509 -4.76455761 -2.03098383  4.40816275  2.72171999  4.56811255
 25.40825659  2.07059442  2.99556884 30.73055845  6.09580596  7.8988723
  3.60499114 -0.51643166  4.13071401 -5.02165132 11.87189456  5.20258719
  4.21732288  0.96032765 15.90757272 -5.63978756  5.89349253  1.20624356
 19.85549804  8.29408459  7.86230039]
2022-08-16 17:23:33,843 - pyswarms.single.global_best - INFO - Optimize for 100 iters with {'c1': 0.5, 'c2': 0.3, 'w': 0.9}
2022-08-16 17:23:37,987 - pyswarms.single.global_best - INFO - Optimization finished | best cost: 0.2081737441534041, best pos: [ 11.68933082   2.48201906  -3.01866404 -10.76252853   1.45841568
   0.13598186   6.01366216   4.38787145   5.71125127  15.40479322
  -4.23113338   8.56744248   4.34712681  -1.59943334  -2.05148617
   6.43695973   8.53555489  11.49671716  -2.85885659   7.56159313
   4.60119476   9.95437053  -0.82013384   2.47833954   8.500714
   3.82316129   6.302254    -3.70939326   9.212379     3.65563024
  -0.25521868  -3.9109672   -0.56936292  15.43296646   2.10655002
  -1.25735775   3.22279827  -2.3668422    9.69564314]
2022-08-16 17:23:37,995 - pyswarms.single.global_best - INFO - Optimize for 100 iters with {'c1': 0.5, 'c2': 0.3, 'w': 0.9}
2022-08-16 17:23:42,138 - pyswarms.single.global_best - INFO - Optimization finished | best cost: 0.11530065623626329, best pos: [ 8.36147543e+00  1.75596693e+00 -1.47932566e-01  2.28426071e+00
  3.17540096e+00  1.38332583e-02 -3.15504012e+00  5.04771725e+00
  1.13499001e+01  1.15941263e+01  2.45624887e+00  2.10833415e+00
  2.90006116e+00  1.10202397e+01  2.06713989e+00  5.07535710e+00
 -1.22508915e+00  5.94452253e+00  3.02459262e+00  1.49332567e+01
  9.47466140e+00  1.16651428e+01  5.97731901e+00  7.11044891e+00
 -1.78045320e-01  4.87121501e+00  1.55073431e+00 -2.95610842e+00
  1.45488567e+00  2.69375803e+00  1.45199188e+01  2.04947046e+00
  7.65760707e+00  2.65392316e+00  2.19965525e+00  1.72533191e+00
  9.17393464e+00 -3.52269768e+00  5.23362875e+00]
2022-08-16 17:23:42,148 - pyswarms.single.global_best - INFO - Optimize for 100 iters with {'c1': 0.5, 'c2': 0.3, 'w': 0.9}
2022-08-16 17:23:46,269 - pyswarms.single.global_best - INFO - Optimization finished | best cost: 0.6584638438371501, best pos: [-8.61385358  2.0280805   4.00249323  1.63007256  1.77772587 -1.19067724
  7.47744323  4.86633723  1.02934293 13.04557089  5.18861999  6.04355921
  6.9672704   3.84643692  2.83738958  2.71252005  2.00526368  3.91491343
  1.45017748  3.96517901  7.90074539  5.69009713  7.87309877  1.31186507
  0.63862779  8.66683775  7.92766119  2.54957959  8.02696541  0.13205324
  9.72093447  0.03521965  9.47140429  4.00273197  7.15206003 12.23005131
 18.05385153  7.32677639  4.03420584]
2022-08-16 17:23:46,276 - pyswarms.single.global_best - INFO - Optimize for 100 iters with {'c1': 0.5, 'c2': 0.3, 'w': 0.9}
2022-08-16 17:23:50,399 - pyswarms.single.global_best - INFO - Optimization finished | best cost: 0.669069205604274, best pos: [ 1.80666115  3.34821712 -1.71175592  2.2479207   7.96280143  1.94858844
  3.28615781 12.57575791  6.17518218 -0.08544726 -3.80398531  2.34802704
  8.33245989  2.7268036   3.21366074  4.06316152  4.37829009  2.16023469
  0.95184612  1.65118291  3.30783852  3.03320003  4.29989997  1.5648988
  2.53318964  7.88251697  7.47301927  7.61049833  5.15677167  2.01783072
  4.13403483  8.07481523  7.19270936  3.6074033   1.51499071  3.74500793
  6.51543837  1.33062409  4.19249011]
2022-08-16 17:23:50,405 - pyswarms.single.global_best - INFO - Optimize for 100 iters with {'c1': 0.5, 'c2': 0.3, 'w': 0.9}
2022-08-16 17:23:54,564 - pyswarms.single.global_best - INFO - Optimization finished | best cost: 0.024966346082504268, best pos: [  8.88065498   4.85080243  12.21413906   9.67642656  -1.91924751
  -3.51353835  -3.03011313   6.62066831  -1.56203016   0.29556857
   5.4011695    9.33795247   2.29657739  -2.86710938   7.35792261
  21.84736986   3.15920216   1.81135505   2.22210673  12.02204199
   4.4129798   23.78874475  -0.2119644   15.34318108  -6.83905949
   0.88010368   4.88172601  21.92544984  -0.11731117   0.06402192
   1.63792322   8.32171106   7.29385199  -1.40551952   9.21077107
   2.72872399  -2.45937318 -18.61599039   1.82884765]
2022-08-16 17:23:54,575 - pyswarms.single.global_best - INFO - Optimize for 100 iters with {'c1': 0.5, 'c2': 0.3, 'w': 0.9}
2022-08-16 17:23:58,825 - pyswarms.single.global_best - INFO - Optimization finished | best cost: 0.199528898293659, best pos: [ 12.9462721    1.08637362   5.04098503  21.68759804   2.71690732
   1.14926504  -1.04222345   1.03027035  18.46045943   0.69854651
   7.11647295  11.23300738   5.9423118   -0.05800601   3.32369367
   4.0624745   19.44226605   6.10370409 -14.88887639  -1.30628284
   0.44973245  20.54631368  -2.60529529   5.38933459   0.28214159
   4.84052579   2.80147954   2.33631499   4.94639127   1.61788894
   0.43749261   3.89759769   3.75202544 -10.54292883   2.44339524
   3.00688248  29.55956516   2.53500466   4.44306937]
2022-08-16 17:23:58,832 - pyswarms.single.global_best - INFO - Optimize for 100 iters with {'c1': 0.5, 'c2': 0.3, 'w': 0.9}
2022-08-16 17:24:03,133 - pyswarms.single.global_best - INFO - Optimization finished | best cost: 0.06545635222287907, best pos: [ 14.38196484   0.46979236  15.24394259   1.63008445   3.35204192
   4.39160029   3.50241433   1.94828905   0.21593613  21.59150836
   0.1971966   -8.6713305   -7.44366821   0.15417531   3.09651354
   4.33605331  -1.69711013   4.22003795   5.9538698    1.5838922
   0.5218247    0.35832778   1.25826446   9.40313488  -1.94177045
   4.78855316  -0.30728369  -2.85674327   5.6100946   -2.87170689
  11.75422467  -9.56995797   4.31139137  -4.23555211   5.56637047
   5.46393889  18.25502594 -17.752282     2.6018084 ]
2022-08-16 17:24:03,143 - pyswarms.single.global_best - INFO - Optimize for 100 iters with {'c1': 0.5, 'c2': 0.3, 'w': 0.9}
2022-08-16 17:24:07,430 - pyswarms.single.global_best - INFO - Optimization finished | best cost: 0.2263234164004441, best pos: [ -0.03803047   5.40620863   4.20072275   7.6592824   -4.81570362
   2.66957844   0.98097397  10.55236836  -8.09399203   0.72100281
  -6.60325056  -8.19940099  14.22950432   4.58822644   3.7672679
  -3.02245737  19.46776962   9.62557882   4.50645411  -5.34503571
   0.11046683  -3.70488703  12.37129844   1.63953557  -7.28871185
   5.34445577   0.50624772   5.43227153 -13.68350478   0.28770049
   0.48916135   1.43568815  -0.03542168   6.42055845  -3.11688789
  -1.42291639  -0.08109393 -20.42475689   1.87581358]
2022-08-16 17:24:07,439 - pyswarms.single.global_best - INFO - Optimize for 100 iters with {'c1': 0.5, 'c2': 0.3, 'w': 0.9}
2022-08-16 17:24:11,600 - pyswarms.single.global_best - INFO - Optimization finished | best cost: 0.19651680500521085, best pos: [ 1.30919541e+00 -1.05704203e+00  5.22523895e+00  5.76185999e+00
  8.38540402e-03  1.62066021e+01  1.16539159e+01 -7.73780519e+00
  2.72662037e+00  1.72983202e-01  9.34596373e+00  3.30545954e+00
  5.47748907e+00  1.18745012e+00 -2.87886460e+00 -1.09115003e+00
  1.79897404e+00  2.24548506e+00 -2.92924943e+00  2.54519682e+00
  2.92527287e+00 -1.86538596e+00  1.78118922e+00 -1.64764989e+00
  5.19687259e+00 -1.26384331e+00 -3.32522878e-01 -1.53210491e+00
 -4.60113336e+00  4.84722349e-01 -6.49834517e-01  8.94983963e-01
 -2.20396328e+00 -1.59282521e+00  3.06388463e+00 -8.93573349e-01
  1.52777878e+01 -1.24833914e+00  8.26812468e+00]
2022-08-16 17:24:12,047 - pyswarms.single.global_best - INFO - Optimize for 100 iters with {'c1': 0.5, 'c2': 0.3, 'w': 0.9}
2022-08-16 17:24:16,613 - pyswarms.single.global_best - INFO - Optimization finished | best cost: 0.4006273297143664, best pos: [  0.51992542   2.8453395    2.66930461   6.98329609   1.2634615
  -2.66893888   0.80351884   1.05953833   5.37385409  -1.26620271
   1.77059665   5.20958405   0.99736352   2.42940062  -1.83796493
   1.89090883  10.49888089   2.11872716   4.24848227   1.18241701
   2.81386903   1.35346005  -4.12328598   3.7537117    4.37024341
   2.98698941   3.72656746  -8.01089225  -3.49375007   1.10277286
  -4.95645635   4.65074408  -0.54959756  -4.55942511   7.02313007
   2.67123636   3.0132297    4.01061039  -1.65391177  15.3021628
   6.49100896   1.4212086   11.26430868 -11.40225541   1.72195362
   9.279002  ]
2022-08-16 17:24:16,628 - pyswarms.single.global_best - INFO - Optimize for 100 iters with {'c1': 0.5, 'c2': 0.3, 'w': 0.9}
2022-08-16 17:24:20,837 - pyswarms.single.global_best - INFO - Optimization finished | best cost: 0.8629665568255583, best pos: [ 1.71372513 -2.26324274  0.33496885  7.42349321  4.3157212  -5.26887729
  1.65519839 -2.99925157  0.44119025  1.36362426 -0.98411695  2.81363197
  1.99786318  8.58966533  0.31437642  3.04107234  3.63169995  2.46304503
 -1.02553628  2.87986058  2.1341211   5.88456884  7.84224739  2.83447704
  2.11500174  1.18214552  7.00350658 -0.03182879  3.27922966  2.77189327
  0.78907958  6.43519721  1.49243793 -1.16587279  2.06327481  1.43486532
  5.36001957  5.37760669 -0.06100063  5.11318023  2.67115349  0.17876465
  2.34609317 -1.65077847  1.628087    3.18726319]
2022-08-16 17:24:20,845 - pyswarms.single.global_best - INFO - Optimize for 100 iters with {'c1': 0.5, 'c2': 0.3, 'w': 0.9}
2022-08-16 17:24:25,209 - pyswarms.single.global_best - INFO - Optimization finished | best cost: 0.600510691216939, best pos: [12.16466013  0.41917293  0.74831023  2.20290551 -5.66911781  5.22904272
  0.79983325  5.64500122  1.89864033 -3.44203979  4.75819582  1.97384737
  2.19701378 -2.26189154  4.1595533   6.44399528  2.36884903  4.04630283
 -1.55637189  1.69907613 -0.1076754  -1.90657223  5.54123032 -0.53797564
  0.97964856  3.40320964  5.78661718 -2.47969266  2.3742193   1.15431263
  0.94381532  0.34967422 -1.33105641  1.91258253  1.23858059 10.246451
  5.40814713  2.88004241 -2.80346096  1.74240832  2.28337767  2.32680375
  3.0381688  -2.15088374  0.53796789  1.98234099]
2022-08-16 17:24:25,226 - pyswarms.single.global_best - INFO - Optimize for 100 iters with {'c1': 0.5, 'c2': 0.3, 'w': 0.9}
2022-08-16 17:24:29,782 - pyswarms.single.global_best - INFO - Optimization finished | best cost: 0.5918630213261524, best pos: [ 1.65732217 -1.70115675 -0.18117388  7.10867953 -1.09686293  1.60652087
  2.64026948  7.72271301 -0.04807188 -1.92349525  2.80646812  4.51378758
 -1.0492417   1.86998365  2.8721933   1.96751284  1.70870039  4.62406801
  6.39816597 -1.27310615  3.06632975  5.04649853  1.41572542  7.77048655
  1.33783497  0.84281502  4.79184261 -1.56608709  3.48820218  2.91542907
 -1.3071771   4.74601924  0.61579604 -0.42346703  1.157441    1.17872597
  6.01356773  3.43391924 -1.11773164  1.68573707  1.79356304  3.25575345
  5.24493373 -2.08388182 -1.19882908  1.63392997]
2022-08-16 17:24:29,792 - pyswarms.single.global_best - INFO - Optimize for 100 iters with {'c1': 0.5, 'c2': 0.3, 'w': 0.9}
2022-08-16 17:24:34,026 - pyswarms.single.global_best - INFO - Optimization finished | best cost: 0.7818870105356083, best pos: [ 1.88240780e+01  6.13951753e-01  2.77975890e+00  2.12250397e+00
  4.84890283e+00 -8.21025695e-01  4.23922069e+00 -4.78608481e-02
  2.96143453e+00  2.20650781e+00  8.53611636e+00  2.54877509e+00
  2.60827346e+00  4.62486269e+00 -1.05257081e+00  2.34476239e+00
  1.42552785e+00 -1.81622726e+00  1.48381854e+00  1.54613101e+00
 -6.35007776e-01 -4.08114693e-01  3.15410231e+00 -9.09704205e-02
 -2.54783084e+00  1.76057706e+00  3.66274507e+00 -7.56470304e+00
  1.24547407e+00  1.94637177e+00 -1.19444465e+00 -5.20752791e-01
  7.10779833e+00  3.06791210e+00 -8.89372675e-02  7.35203218e+00
  2.25319066e+00  2.00378473e+00  5.04383850e+00  1.41594814e+00
  5.28997126e-01  1.27874112e+00  3.90732257e+00 -5.28769834e+00
 -5.41912523e-01 -1.56542587e-02]
2022-08-16 17:24:34,034 - pyswarms.single.global_best - INFO - Optimize for 100 iters with {'c1': 0.5, 'c2': 0.3, 'w': 0.9}
2022-08-16 17:24:38,217 - pyswarms.single.global_best - INFO - Optimization finished | best cost: 0.6155279693244129, best pos: [-0.23247022 18.03969021  1.3398858  -4.45983565  1.12489378  2.47486475
 -0.16634822 -0.79005064  0.75890834  3.74124909  3.05065513  7.76443016
  0.64803194  3.17317029 10.01358313  1.85093083 -1.25823388  5.72317851
 -0.35310702 -3.50352231 -0.21809271  3.4504571  -1.11603404  4.22000025
  0.7370378  -1.04851     3.99213508 -0.86949577  1.07978094 -3.28269623
 -3.78567405  4.04155959 -1.48918146 -3.92667593  0.89087424 -7.24028928
 -2.82848305  0.05913331  1.99480335  3.60349009  7.20322988  4.48229388
  4.56855076 -2.86701196  0.13008126  8.22042154]
2022-08-16 17:24:38,228 - pyswarms.single.global_best - INFO - Optimize for 100 iters with {'c1': 0.5, 'c2': 0.3, 'w': 0.9}
2022-08-16 17:24:42,377 - pyswarms.single.global_best - INFO - Optimization finished | best cost: 0.7550748613523421, best pos: [ 1.67059501  0.3193096  -0.03840695  1.27881079  2.7749583   8.68200764
  2.16742303  5.86972648  4.11795237  1.52349501  0.82399811  2.60305088
 -0.68769046  2.55303489  2.08322387  1.42601359  3.88355968  2.87066867
  5.17151418 -0.85740936  1.01630156  3.36130116  4.55312619  2.79833659
  4.56178172 -0.36158363 -5.18864668  5.36556839 -0.33514546  2.23677597
  1.92062247  0.80026546  0.3107597   1.16551326  0.56878254 -3.58806375
 -0.02957455  1.818988   -0.94718752  4.3792311   1.99926554  0.45242127
  5.09565935 -1.8671958   1.27228056  2.03221273]
2022-08-16 17:24:42,385 - pyswarms.single.global_best - INFO - Optimize for 100 iters with {'c1': 0.5, 'c2': 0.3, 'w': 0.9}
2022-08-16 17:24:46,567 - pyswarms.single.global_best - INFO - Optimization finished | best cost: 0.9273559396101287, best pos: [ 1.92234984  4.47956483  0.44396205  1.39972186  0.06566182  0.84508222
  3.2277666   6.5620402   2.54429329  2.2160698   0.52075968  1.29667572
 -1.37756877  1.41870377  1.69552314 -0.12509287  1.60199151  1.41233172
  3.82328311 -1.59724707 -1.99692276  2.34155963 -1.00167677  2.74964411
 -2.8339125  -0.77061841  0.39677362  2.3015076   2.95982168  1.65224741
  0.29323714  0.33009266  6.2354982   0.78984544  2.79769068 -1.05006676
  0.07845591  1.49748891  0.16260597 -1.17379399  0.83382826  0.17292689
  1.72800433 -0.34974141 -0.10196558  1.9201845 ]
2022-08-16 17:24:46,575 - pyswarms.single.global_best - INFO - Optimize for 100 iters with {'c1': 0.5, 'c2': 0.3, 'w': 0.9}
2022-08-16 17:24:50,869 - pyswarms.single.global_best - INFO - Optimization finished | best cost: 0.5839863913110198, best pos: [ 1.75603535  2.19112345  0.72386194  5.86377459 -5.72488182  5.06136553
  1.97280479  0.01514041  2.47158291  1.83931518  7.35557412 -0.16234792
 -0.94661943  2.52434988 -1.0788041   4.36048553  2.86847222  1.4407612
  1.17957623  1.25084511  1.35280227  3.63347605  5.53261111  4.5366839
  7.75009926  6.4306423   8.94525094  1.05147952  3.19625007  3.4915242
 -3.67315346  2.44558695  5.44185669  2.48374776 -2.16342757  4.63147321
  1.73189712  0.47915092  2.21756799  6.72481544  2.92612181  1.27903262
 15.05546818  0.89866876  1.21822597  8.17262718]
2022-08-16 17:24:50,880 - pyswarms.single.global_best - INFO - Optimize for 100 iters with {'c1': 0.5, 'c2': 0.3, 'w': 0.9}
2022-08-16 17:24:55,368 - pyswarms.single.global_best - INFO - Optimization finished | best cost: 0.5512709604308728, best pos: [ 0.71092098 -5.14540807  0.30834116  1.25788075  0.85626626 14.97130571
  6.87830938  5.49064325  2.59299687  6.1189959   3.42971207  3.36171909
  6.69022306  2.99658609  2.61818825 -2.48781773  5.90625477  5.48183186
 -0.26277763 -2.23183086 -0.42780184  8.20230543  1.3864175  17.18471212
  6.6415728   1.87491928  0.63596325 -1.82146015  1.36314364  1.1070885
  8.11505582 -5.34592577  1.27435239  6.96281697  2.3967222  -7.76872475
  0.90190295 -0.41273112 -1.70989805  4.13437194  2.79028636 -1.10133998
  8.06541975 -3.04719804  0.36964338  1.88071878]
2022-08-16 17:26:35,756 - pyswarms.single.global_best - INFO - Optimize for 100 iters with {'c1': 0.5, 'c2': 0.3, 'w': 0.9}
2022-08-16 17:26:52,891 - pyswarms.single.global_best - INFO - Optimization finished | best cost: 6.25e-08, best pos: [ 17.4781672    4.73271614  -9.99244756   8.3309483   13.72995643
   6.94875985  12.91207292  24.70288228  13.00597662 -11.69071601
  -1.93643265   8.25650657  -6.3642203    6.628211     4.8863266
   3.43287218   5.06414931  24.38616054  40.76307465   6.91132744
  -2.55446967  15.07945938 -10.45659009   7.78315572  -1.70742696
   5.36486138 -26.81795093  -0.0805138   10.57004544  -7.05075854
  45.47283994  -3.33659825]
2022-08-16 17:26:52,996 - pyswarms.single.global_best - INFO - Optimize for 100 iters with {'c1': 0.5, 'c2': 0.3, 'w': 0.9}
2022-08-16 17:27:10,617 - pyswarms.single.global_best - INFO - Optimization finished | best cost: 6.25e-08, best pos: [ 23.12471614  18.94566935   9.37313876 -11.39176316   4.38808494
   7.99058904  13.21744233   0.66295325  -8.87248168  24.83263327
  16.42856782   6.46084499 -10.52382616   4.40659487   8.44561549
  13.05168367   4.82791352  -3.04199135  15.67409053   4.87642345
   8.51523257  28.01129514 -10.73875506   6.40902143   0.2294179
  14.05076851  -1.7152937   18.75362255  38.12407996  14.89236584
  75.54930048   7.28695651]
2022-08-16 17:27:10,627 - pyswarms.single.global_best - INFO - Optimize for 100 iters with {'c1': 0.5, 'c2': 0.3, 'w': 0.9}
2022-08-16 17:27:27,883 - pyswarms.single.global_best - INFO - Optimization finished | best cost: 6.25e-08, best pos: [ 11.70581435   5.8122936    4.57052406  13.95628233  40.14529925
  -2.61977192 -44.38772873  11.13951111  39.58467216   7.72423815
  -6.53424318   8.02600278  10.46792766   3.55010168   6.03996151
  15.00417144 -14.28897064   9.61251277 -12.50634023  29.84393455
  -2.85722229  32.78311448  -0.75778916   6.80429563  -7.4798443
  -7.38637403   8.54925067 -37.8022527    8.1081673   -1.85534713
  62.44165641  -5.73963756]
2022-08-16 17:27:27,893 - pyswarms.single.global_best - INFO - Optimize for 100 iters with {'c1': 0.5, 'c2': 0.3, 'w': 0.9}
2022-08-16 17:27:45,004 - pyswarms.single.global_best - INFO - Optimization finished | best cost: 6.25e-08, best pos: [ -0.3536879   20.95396277  16.00501442  22.66471176  -1.60987164
  14.5900731   14.6709371   -2.61488492   2.09048906  -2.30671633
   8.55918224  14.75789868   3.85454713   6.85781202  24.80000292
   4.6336989   -2.11145102  -6.93820632   4.70493829  39.63305459
   5.58902045  26.01436765  22.59468307  -2.09587222  -2.03295197
   9.50354437  15.73584078   8.2627209   41.11753028   7.62054956
  31.33058848 -15.92919321]
2022-08-16 17:27:45,017 - pyswarms.single.global_best - INFO - Optimize for 100 iters with {'c1': 0.5, 'c2': 0.3, 'w': 0.9}
2022-08-16 17:28:02,240 - pyswarms.single.global_best - INFO - Optimization finished | best cost: 6.25e-08, best pos: [ 20.03982487   5.66887119  -0.79689894   4.19982362 -11.81466913
   2.42723817   2.41907786  11.04955249  -1.16969052   7.56284195
  11.13752119  -3.07270467   7.74237081  -5.10970417   9.25389938
  21.82470235   6.03432541   9.85697281   2.16550699  31.2369586
  11.18003473 -17.73858248  19.95602032  -7.95854211  11.41775632
  -2.56954525  -0.32208863  31.02763186  12.05934592  -2.35526575
   1.34341615  -2.65883317]
2022-08-16 17:28:02,251 - pyswarms.single.global_best - INFO - Optimize for 100 iters with {'c1': 0.5, 'c2': 0.3, 'w': 0.9}
2022-08-16 17:28:19,565 - pyswarms.single.global_best - INFO - Optimization finished | best cost: 6.25e-08, best pos: [  2.15522685  18.41533772   6.68151753   7.02851716  -1.11979663
  -0.44323868  -5.72261637   4.54673211   2.45285852  -5.77935527
  27.0328917   25.38922474   9.966044     5.05245236  -4.50807383
   3.15499541  -8.8674805    6.37028595  64.30268011  11.23483184
  -3.11402193  -0.20002594  21.02117816 -13.95574476   0.90947652
  29.07409634   6.21003328  -3.45792482  -2.90715108  30.45508975
  22.12488114  -2.86916386]
2022-08-16 17:28:19,576 - pyswarms.single.global_best - INFO - Optimize for 100 iters with {'c1': 0.5, 'c2': 0.3, 'w': 0.9}
2022-08-16 17:28:37,011 - pyswarms.single.global_best - INFO - Optimization finished | best cost: 6.25e-08, best pos: [  7.20342823   3.485676     8.66848345   2.01905233  11.66042127
 -11.07371165   4.49696599   4.30873589  -0.75866477   4.64301107
 -12.57545474  -5.12475536  18.11176221   2.38099822  -2.82702471
   9.51276777   4.64337566  14.45175963  15.28972403  -4.07502247
   1.3071364   42.95353036  19.14425592 -16.69885587  10.04784882
  -2.85339833  -4.22932775  32.47237521   1.62505534  -7.01294847
  32.76651432  -3.35506047]
2022-08-16 17:28:37,023 - pyswarms.single.global_best - INFO - Optimize for 100 iters with {'c1': 0.5, 'c2': 0.3, 'w': 0.9}
2022-08-16 17:28:54,461 - pyswarms.single.global_best - INFO - Optimization finished | best cost: 6.25e-08, best pos: [  2.19661886   5.31535713  -1.11504904  11.44764862   1.83140777
   5.01639356  -3.4880383   14.63020468  15.32263981  -6.66721609
   0.93425449   3.49229896   6.6203579    0.99550411  -3.90969406
  -3.69665057  15.37458396   3.0504187   30.66071041   2.0275594
   2.60723528   6.15656981  35.38124304   1.97714944  27.60960997
  -6.78644957  -3.15717802 -16.80115236 -17.03913505  13.65186974
  18.71526931  -3.22321899]
2022-08-16 17:28:54,472 - pyswarms.single.global_best - INFO - Optimize for 100 iters with {'c1': 0.5, 'c2': 0.3, 'w': 0.9}
2022-08-16 17:29:11,549 - pyswarms.single.global_best - INFO - Optimization finished | best cost: 6.25e-08, best pos: [ 30.87229295  14.42104593  32.06011153   5.67217878   9.15869566
  20.61470712  24.58589219  12.61602086   4.54533632  26.15804364
   6.72759767  -1.40654607 -11.09965536   4.22140468  31.61011468
   6.45992947  15.67279721   5.53572899  44.52038607   8.43271676
  10.95696585  15.46256958   8.11300199   7.33365218   5.37770107
  46.63437046  31.8401059    7.02488091   2.90128266  35.80643113
  52.01722169  -1.90195695]
2022-08-16 17:29:11,559 - pyswarms.single.global_best - INFO - Optimize for 100 iters with {'c1': 0.5, 'c2': 0.3, 'w': 0.9}
2022-08-16 17:29:28,768 - pyswarms.single.global_best - INFO - Optimization finished | best cost: 6.25e-08, best pos: [11.76213646 18.47786476 -8.08576955 -2.72946961 12.06364327 16.56154477
 24.55149411  3.57751388 -9.85101522 17.58563927 15.78077413 -1.7257116
 16.9606146   6.2311275  15.28931665  5.89988266 -6.37009397 13.40038841
  5.01355186  4.63972372 -1.42941376 29.60532076 10.40600787 -9.36882201
 -9.42423842 23.37786418 32.60388131  0.31619846  3.33740432  3.86382303
 39.03975418 -3.41077437]
2022-08-16 17:29:29,214 - pyswarms.single.global_best - INFO - Optimize for 100 iters with {'c1': 0.5, 'c2': 0.3, 'w': 0.9}
2022-08-16 17:29:46,986 - pyswarms.single.global_best - INFO - Optimization finished | best cost: 0.26665764229966754, best pos: [ 0.19984769  1.3150842   0.58428139  4.04882388 -1.50910784  0.74856129
  5.19370125  0.94191378  7.7784657  -1.49119023  5.74416604  1.2167785
  9.93559016 -0.96240494  1.71361825  1.5694884   2.89721801  1.54697538
  5.71241119 -3.56836424 -3.3754711   9.9107553  -2.06209861  1.15825166
  1.78046634  5.80742368  2.47215428 -4.5213231   2.46703059 -0.47559693
  1.24362815  4.40195752  4.52944487 -3.11614511 -6.70980303  1.72629899
  3.86492656  0.8608218  -0.1967904 ]
2022-08-16 17:29:46,997 - pyswarms.single.global_best - INFO - Optimize for 100 iters with {'c1': 0.5, 'c2': 0.3, 'w': 0.9}
2022-08-16 17:30:05,324 - pyswarms.single.global_best - INFO - Optimization finished | best cost: 0.2687227901208614, best pos: [  2.12983785 -12.82964916  -0.37385265   0.97439097   7.48441865
   4.05483476   2.03684136   0.99855982   2.00257084  -3.25257959
 -12.72086568   9.64532597   8.61659387   4.79348929   5.28684324
  25.13950611   5.62896209   3.61752881  16.08707147   3.61115441
  10.07514475  -4.47975968   5.27259305   0.22465509   4.91663118
  -4.42787174   0.03931872  15.40581272   4.39008404  17.54430574
  -0.95449969  22.18843299   4.21027887  -0.85805562   9.1235316
   3.79301119   1.30535299   0.80318726   3.37918143]
2022-08-16 17:30:05,332 - pyswarms.single.global_best - INFO - Optimize for 100 iters with {'c1': 0.5, 'c2': 0.3, 'w': 0.9}
2022-08-16 17:30:23,240 - pyswarms.single.global_best - INFO - Optimization finished | best cost: 0.02809968084161105, best pos: [ 14.51777036   3.51304917   2.28603578  -3.28112673  -1.47867324
 -11.56337043   4.85037361   0.67282943   1.28483347   2.58267311
  -3.87008252  12.04541001   6.94148398   0.64198555   3.10065917
   2.73166135   1.39567111   3.34580351  -9.7745292    2.23221158
  -1.37213762  -3.51880614   6.67346704  -2.62089032   1.16855962
   0.20470658   6.72294151  -1.64137141  -0.77298092  17.69153985
  -1.21052536  20.12691966   5.23915776  -2.84690314   9.59478825
  -4.28827525  29.40003597  -4.92096223   0.63679894]
2022-08-16 17:30:23,250 - pyswarms.single.global_best - INFO - Optimize for 100 iters with {'c1': 0.5, 'c2': 0.3, 'w': 0.9}
2022-08-16 17:30:41,431 - pyswarms.single.global_best - INFO - Optimization finished | best cost: 0.5822326020537746, best pos: [ 1.65704801  1.31708868  2.82730107  2.76485176  6.45573563  6.89739747
  2.53053561  1.96459542  3.77432915  7.69383032  7.19656209  3.77493809
  4.06310633 -0.03989385  4.91653082  3.21869047  1.65037201  3.72147019
  3.78185273  0.95654977  3.45927673  9.05116162  2.53821131  5.96711368
  1.02125518  2.32580444  2.57335175 -0.22004185  2.86537794  4.41333479
  2.35176146  5.94802316  1.45759454  2.33926141  2.90592272  4.89627677
  4.83023466  2.23132337 -0.70301867]
2022-08-16 17:30:41,439 - pyswarms.single.global_best - INFO - Optimize for 100 iters with {'c1': 0.5, 'c2': 0.3, 'w': 0.9}
2022-08-16 17:30:59,773 - pyswarms.single.global_best - INFO - Optimization finished | best cost: 0.01037702317113299, best pos: [  7.7043324    4.68305131  -5.41053544   2.15591442  -5.16066506
   7.32411325   3.82044171   0.35241971   6.16145459   4.6553727
   7.70155839   5.8973795    3.53715488   1.12026384   1.49888508
  -1.59532613   5.89148108  11.952881     1.24101276   5.66949411
   6.21504354  -1.65065949  18.23015627   7.7051982   -2.5773204
  11.93902038   3.32780557  25.64365836  -0.03238168  11.80177851
  -7.77296355   2.35249788   1.9402884   23.2093696  -13.22568488
   3.2704241    4.2256926    1.01480455   4.89973089]
2022-08-16 17:30:59,783 - pyswarms.single.global_best - INFO - Optimize for 100 iters with {'c1': 0.5, 'c2': 0.3, 'w': 0.9}
2022-08-16 17:31:18,181 - pyswarms.single.global_best - INFO - Optimization finished | best cost: 0.13498800182253848, best pos: [  1.22828147   4.98867702   2.77450146  -3.073679     3.66706866
 -21.36131463  -0.58537454 -24.74015228 -11.49997401  -3.37977919
   3.54477111   8.28263784  18.1857785    4.16526486   5.31713959
   5.73290241   2.16063226   5.52033346   8.66713352 -13.75392469
   4.18825489  -2.37047648   4.00472701  -1.28722362  -8.95311895
  -2.8270031   -1.6706709    3.75437347  -3.84185238   1.32373893
  -2.68517898  23.66347278   5.57018894 -10.06042772  -0.10988036
  -3.96522465   3.25671365   0.93586344  -0.4076168 ]
2022-08-16 17:31:18,190 - pyswarms.single.global_best - INFO - Optimize for 100 iters with {'c1': 0.5, 'c2': 0.3, 'w': 0.9}
2022-08-16 17:31:36,487 - pyswarms.single.global_best - INFO - Optimization finished | best cost: 0.4718338557672924, best pos: [18.00113664  0.53749404 -0.05148603  3.05447738  3.96945201  4.30781993
  2.39406878  7.5299904   9.030984    4.20684681  1.00729493  4.77484849
  3.77237403  4.42083021 13.01956741 -1.88774313  2.06572243  7.51820758
  3.20356646  5.4426516   2.19075631  0.86775972  4.134549    6.01774908
  8.21095195  2.19103082  2.44489638  5.50780809  1.16678851  3.09822669
 -1.06003686  5.19188292  3.67778028  1.980038    2.8577677   4.30350196
  8.71143347  1.73317692  3.44493616]
2022-08-16 17:31:36,496 - pyswarms.single.global_best - INFO - Optimize for 100 iters with {'c1': 0.5, 'c2': 0.3, 'w': 0.9}
2022-08-16 17:31:54,857 - pyswarms.single.global_best - INFO - Optimization finished | best cost: 0.5746299530563322, best pos: [ 5.729675    5.86897321 15.9465038   4.87533989  8.43609197 -4.8848921
 15.78225498 -6.53575031  8.31690335  8.19242301 -0.48637989 14.57331328
  4.06592823  4.94198727  3.09937253  5.13577019  3.73723646  4.37701268
  6.05656012  7.84364204  5.83261706  3.93777     6.06909204 10.64711796
  5.64157508  2.59603093  0.73042523  1.99464252  1.32823652  9.1485275
  1.12095702  4.81521077  1.69752005  3.06318736  7.77983099  3.81262123
 10.6489334   3.87528002  1.63823165]
2022-08-16 17:31:54,867 - pyswarms.single.global_best - INFO - Optimize for 100 iters with {'c1': 0.5, 'c2': 0.3, 'w': 0.9}
2022-08-16 17:32:12,881 - pyswarms.single.global_best - INFO - Optimization finished | best cost: 0.15113256783058476, best pos: [ 1.60006685  2.95925134 -5.0082958   6.36889951  1.00572821  2.96975122
  1.8496087  11.1100204   4.15638042 -1.24309828  8.9355139   3.33825491
  1.44595183  2.88799895  2.55709521  1.71970105  0.92288391 -1.08719214
  0.47590628 -0.20125124  4.29539745 -3.07034337  1.86735008 -0.61288904
 -0.70090651  5.56909073  3.10631202 -0.24102643  7.61521386  2.42588973
  4.43966115  3.92044471  1.81172479  6.02390838 -2.56141256  2.83281498
  8.48134687 -6.23970434  1.46686588]
2022-08-16 17:32:12,889 - pyswarms.single.global_best - INFO - Optimize for 100 iters with {'c1': 0.5, 'c2': 0.3, 'w': 0.9}
2022-08-16 17:32:31,036 - pyswarms.single.global_best - INFO - Optimization finished | best cost: 0.4703073177816629, best pos: [12.64952309 11.63343546 -0.63148631  2.99111636  0.85398532  9.08778736
 -8.58321761  3.9417153   6.39006452 20.23442143  5.11541952 -6.06179637
  3.27541651  1.46966886  3.11268852  3.67965455  2.62804281  5.12742399
  3.86859452  6.69802643  2.35994317  3.38779791 -0.63833678  2.26992455
 -0.14984209  2.3125417   5.59113231  4.52256132  5.77318415  1.52889062
  2.4304032   5.77403376  4.81930069 -3.75814991  4.0849191   4.27805486
 13.66577835  0.92766092  3.37632751]
2022-08-16 17:32:31,423 - pyswarms.single.global_best - INFO - Optimize for 100 iters with {'c1': 0.5, 'c2': 0.3, 'w': 0.9}
2022-08-16 17:32:50,508 - pyswarms.single.global_best - INFO - Optimization finished | best cost: 0.6509050285725821, best pos: [ 4.04400056  0.80568142  0.09036469 -1.24850246  1.48171098  6.84079609
  1.46082013  4.54332993  0.33734971  4.11091705  1.06015018  1.96448659
  2.53195152 -0.49079291  2.27205275  1.08778592 -0.63237407  2.34720513
  1.58307021  5.19796278  4.38118299  4.0820499   5.39312254 -2.20952712
  2.26783932  3.81230433  4.66453117  0.1179435   2.87787517  3.36024849
 -0.49045982  8.18327796  3.35781438  1.10147732  2.56210442  0.89155424
  1.12827421  3.30256148  0.3176985   4.92305379  1.59075152 -0.95048796
  3.37092226 -3.76382603  0.85969412  3.75011143]
2022-08-16 17:32:50,519 - pyswarms.single.global_best - INFO - Optimize for 100 iters with {'c1': 0.5, 'c2': 0.3, 'w': 0.9}
2022-08-16 17:33:09,038 - pyswarms.single.global_best - INFO - Optimization finished | best cost: 0.9297263857912978, best pos: [ 6.21042293  0.93969579  2.60177211  3.24729171  0.39670462  3.36858488
 13.49355388  3.01851267  1.80838049 -2.63152544 -0.03308503  2.87789177
  4.10111371  1.90238227  5.11889996  1.87772579  0.34438093  3.84938914
  1.92813076  8.69199977  0.70742753  0.56447092 -1.36703363  0.65109051
  3.00105867  1.32275444  1.58022264 -3.06288699  1.4386054   1.44318361
  0.30417444  5.73510628  3.30299214  2.14416639  5.9435212  -1.55558177
 -2.66001156  0.14019006  1.42214166 -2.15652747  5.11976163  2.91883794
  2.9994613   2.21533199 -1.38361501  2.22265555]
2022-08-16 17:33:09,046 - pyswarms.single.global_best - INFO - Optimize for 100 iters with {'c1': 0.5, 'c2': 0.3, 'w': 0.9}
2022-08-16 17:33:27,385 - pyswarms.single.global_best - INFO - Optimization finished | best cost: 0.6821632483094203, best pos: [-2.00493051 -1.41922655  1.03308305  7.21775612  2.35634246 -0.36337554
  5.57264012  1.9605635   2.25002903  0.72105604 -0.20568017  2.49511308
  2.56979427 -0.12026085 -1.07588507  2.62136178  2.40450685  1.77131728
  0.50162311  4.18023845  3.72615255 -0.38695454  2.24881456  3.28548714
  2.31043214  1.45133248  7.00274186  0.25513169  0.76154996  6.10519808
  0.74203216  6.16159854  4.00953214 -0.17471485  4.29689118  0.7758154
  3.98909945 10.21114001  1.55018137  3.11299918  3.47688136  5.68964237
  8.10990883  1.2277969   0.24022085  0.93388268]
2022-08-16 17:33:27,396 - pyswarms.single.global_best - INFO - Optimize for 100 iters with {'c1': 0.5, 'c2': 0.3, 'w': 0.9}
2022-08-16 17:33:45,875 - pyswarms.single.global_best - INFO - Optimization finished | best cost: 0.9220477202122496, best pos: [ 2.26537136  4.09322154  5.22896931  2.93225803  2.50999424  1.68318408
  1.39435565  0.90486078  4.04798903  2.6081087   1.93386027  1.70653452
  2.13031537  3.32452498  1.20777896  2.41824577 -0.79025278  2.58995887
  1.16851745  0.71973828 -0.91510469  0.70556536  0.6909613   2.7591638
  3.21069206  2.74146929  1.1867076   7.04926831  1.49807889  1.72252813
  0.14470535  0.5679774   6.48563035 -0.10269788  3.89132394 -4.99551696
  1.44009242  2.78561966  3.08926048  1.27024121  0.47662747  4.6348158
  6.5478117  -0.52866301  2.77263801  4.12108361]
2022-08-16 17:33:45,884 - pyswarms.single.global_best - INFO - Optimize for 100 iters with {'c1': 0.5, 'c2': 0.3, 'w': 0.9}
2022-08-16 17:34:04,389 - pyswarms.single.global_best - INFO - Optimization finished | best cost: 0.969578244906128, best pos: [ 0.77010729  0.41253425  1.7843732   2.89989735  3.73147195  1.43360802
  1.05346024  0.59323321  0.22169552  3.02788985  2.40967432  2.0359118
  1.08577662  1.25286779  3.23727767  1.71188324 -1.94784188  3.97779608
  1.97415703 -1.34059524  1.71800115  3.93906393  1.38338178 -3.32357984
 -0.45234575  2.46670538  0.24568951 -1.33228282  0.0654278   1.72129761
  0.08432878  9.87409878  2.92999205 -0.02372679  2.4505683  -5.92092552
  0.17376369  1.50596293  2.30424588 -0.61214026  3.15902828  1.19144511
  2.97121679 -0.18454005  1.29047253  0.69756858]
2022-08-16 17:34:04,399 - pyswarms.single.global_best - INFO - Optimize for 100 iters with {'c1': 0.5, 'c2': 0.3, 'w': 0.9}
2022-08-16 17:34:21,873 - pyswarms.single.global_best - INFO - Optimization finished | best cost: 0.7161282237689137, best pos: [ 2.68721152 -7.1324807   1.32023276 -0.45564485  1.39049541  0.69176201
  1.2524421   3.18445551  0.71129936 -0.89991987  3.61080974  2.45159275
 -1.15526958 -3.2734112  -0.71802419  2.51804296  1.91466459  2.98137423
  3.12499907 -2.44838692  2.83979524  2.14051806  2.13599595 -1.55804254
 -0.61806408  1.7748831   0.40703075 -1.44400167 -5.97174964 -0.12030237
  0.62530732  1.31963453  0.11495026  3.92981778 -1.34528726  5.35821624
  4.69581445 -0.22006947  3.22278302  0.87519278  1.0727281   5.98932646
  7.42030972 -2.1134343   1.33180865  0.68226449]
2022-08-16 17:34:21,883 - pyswarms.single.global_best - INFO - Optimize for 100 iters with {'c1': 0.5, 'c2': 0.3, 'w': 0.9}
2022-08-16 17:34:40,842 - pyswarms.single.global_best - INFO - Optimization finished | best cost: 1.072921763185909, best pos: [ 8.19087053  1.90506352  2.07549558 -0.76190996  5.10736527  3.99517716
  3.34580556  4.20554587 -4.03304966  4.12405379  5.31333252 11.70226456
  5.54565278  5.79711797  9.92026415  2.44564427  2.3914074   2.76893554
 -0.89288352  1.91771817  6.13564065  3.09497123  2.6729227   3.785023
  0.7195094  -0.50283671  2.25245581  1.18551046  2.85893262  3.08748741
 -0.04687452  4.4187321   3.90337877  3.14532443  2.18815742  2.2846453
  0.3279102   0.28211986  2.77021435  2.61383171  0.39145557  1.06668335
  5.83211727 -0.76845098  0.51918408  4.90161744]
2022-08-16 17:34:40,850 - pyswarms.single.global_best - INFO - Optimize for 100 iters with {'c1': 0.5, 'c2': 0.3, 'w': 0.9}
2022-08-16 17:34:59,527 - pyswarms.single.global_best - INFO - Optimization finished | best cost: 0.7390644166735126, best pos: [-3.74190443 -1.45573552 -0.22844616  8.01569748  6.34419901  1.6432918
  1.04084521  4.98878947  0.11034205  7.75713639  1.30296405  5.27142321
  1.31724736  3.8647573   3.88731644  1.65764328  4.7406945  -0.82711001
 -0.28995447  4.51987429  1.04001637  0.56409464  0.37253062  0.03228291
  2.89871058  2.66518464  2.52886081 -0.54577567  0.39889345  0.42792911
  1.53728933  5.3819009   2.12503267  1.95067431  1.76401348  3.77947013
  5.21442565  4.2768085   3.51188731 -0.28030478  1.92488453  2.30558592
  3.92577958  0.86556205  0.43730869  2.14948701]
2022-08-16 17:34:59,535 - pyswarms.single.global_best - INFO - Optimize for 100 iters with {'c1': 0.5, 'c2': 0.3, 'w': 0.9}
2022-08-16 17:35:18,089 - pyswarms.single.global_best - INFO - Optimization finished | best cost: 0.690720229545509, best pos: [ 2.91032214  0.29649768  3.00732474  0.40988083  1.05960292  8.76460116
 18.80506562  2.61160378  3.35815669  1.23600342  3.16460143 -0.58708175
  3.29576921  0.60385519 -1.51369264  4.44914829  3.69934853  3.28741519
  0.10032101  4.83768681  0.82792004  0.40156495  1.7017871   2.33292998
  4.17702074  0.96568792  5.98105915 -1.53009767  2.16827622  6.13586502
  0.98929252 -1.14435078  4.54081614  1.5846391   2.49291699  2.10885587
  0.29116118  3.5699743   0.25310547  6.04539537  3.05217688  0.2891572
  5.04861205 -4.05259838 -0.3239732   4.14897582]
2022-08-16 17:35:18,098 - pyswarms.single.global_best - INFO - Optimize for 100 iters with {'c1': 0.5, 'c2': 0.3, 'w': 0.9}
2022-08-16 17:35:36,785 - pyswarms.single.global_best - INFO - Optimization finished | best cost: 0.5688985730739313, best pos: [-1.85790749  2.03448291  3.89488504  5.52186492  2.40910809 11.18970416
  4.63535417  2.5606986   0.37480627  1.66577157 17.14838053  1.56498784
  2.77140108 -1.10887496  2.55090206  2.43693593  3.21536621  4.64316388
  0.55436219 -0.5444976   7.3744875   3.35126222  5.49407862 -3.2586946
  1.14173518  3.19087219 -1.80541544  1.82794591  0.2023502   4.4552278
  4.37678444  2.3613126   2.30943     0.42250292  4.42704875 11.11729253
  3.57781662  4.50454394 -2.27541525  4.05611354  3.37824447 -0.10084635
 11.35271362 -1.38857241  2.50508506  6.37910758]
