2022-07-22 18:43:31,823 - pyswarms.single.global_best - INFO - Optimize for 100 iters with {'c1': 0.5, 'c2': 0.3, 'w': 0.9}
2022-07-22 18:43:39,711 - pyswarms.single.global_best - INFO - Optimization finished | best cost: 0.2432672410291965, best pos: [0.8505013  1.0793345  0.83706314 ... 0.70184842 0.41476129 1.6497562 ]
2022-07-22 18:43:39,766 - pyswarms.single.global_best - INFO - Optimize for 100 iters with {'c1': 0.5, 'c2': 0.3, 'w': 0.9}
2022-07-22 18:43:47,792 - pyswarms.single.global_best - INFO - Optimization finished | best cost: 0.20802959950230276, best pos: [0.5668055  0.3558736  0.30215348 ... 0.06705508 0.07402509 0.63902217]
2022-07-22 18:43:47,849 - pyswarms.single.global_best - INFO - Optimize for 100 iters with {'c1': 0.5, 'c2': 0.3, 'w': 0.9}
2022-07-22 18:43:55,592 - pyswarms.single.global_best - INFO - Optimization finished | best cost: 0.21951815009963305, best pos: [-0.39189658  1.44632182  0.70001514 ... -0.2875591  -0.17027666
  0.54617566]
2022-07-22 18:43:55,650 - pyswarms.single.global_best - INFO - Optimize for 100 iters with {'c1': 0.5, 'c2': 0.3, 'w': 0.9}
2022-07-22 18:44:03,318 - pyswarms.single.global_best - INFO - Optimization finished | best cost: 0.283189281299988, best pos: [1.95801665 0.21629699 0.03929695 ... 0.5476106  0.31719936 0.62477899]
2022-07-22 18:44:03,370 - pyswarms.single.global_best - INFO - Optimize for 100 iters with {'c1': 0.5, 'c2': 0.3, 'w': 0.9}
2022-07-22 18:44:10,920 - pyswarms.single.global_best - INFO - Optimization finished | best cost: 0.2202596409071939, best pos: [0.45763137 0.81147527 1.31559264 ... 0.45189942 1.52824925 0.77738939]
2022-07-22 18:44:10,978 - pyswarms.single.global_best - INFO - Optimize for 100 iters with {'c1': 0.5, 'c2': 0.3, 'w': 0.9}
2022-07-22 18:44:18,678 - pyswarms.single.global_best - INFO - Optimization finished | best cost: 0.2521544809461945, best pos: [ 0.90585894  0.97568334 -0.77920602 ...  0.22852766 -0.02843328
 -0.31366973]
2022-07-22 18:44:18,737 - pyswarms.single.global_best - INFO - Optimize for 100 iters with {'c1': 0.5, 'c2': 0.3, 'w': 0.9}
2022-07-22 18:44:26,326 - pyswarms.single.global_best - INFO - Optimization finished | best cost: 0.23084418557254285, best pos: [ 0.44758028 -0.25784597  0.57624715 ...  0.49768899 -0.81616487
 -0.35595036]
2022-07-22 18:44:26,381 - pyswarms.single.global_best - INFO - Optimize for 100 iters with {'c1': 0.5, 'c2': 0.3, 'w': 0.9}
2022-07-22 18:44:34,136 - pyswarms.single.global_best - INFO - Optimization finished | best cost: 0.24030358886274417, best pos: [ 0.5123472   0.33473836  0.40684869 ... -0.46174927  0.39594552
  1.33443012]
2022-07-22 18:44:34,187 - pyswarms.single.global_best - INFO - Optimize for 100 iters with {'c1': 0.5, 'c2': 0.3, 'w': 0.9}
2022-07-22 18:44:42,167 - pyswarms.single.global_best - INFO - Optimization finished | best cost: 0.20052561145011452, best pos: [0.47938399 0.18884844 0.53544632 ... 0.58411196 0.67356276 0.37627176]
2022-07-22 18:44:42,218 - pyswarms.single.global_best - INFO - Optimize for 100 iters with {'c1': 0.5, 'c2': 0.3, 'w': 0.9}
2022-07-22 18:44:50,196 - pyswarms.single.global_best - INFO - Optimization finished | best cost: 0.18496139107425508, best pos: [-0.0214733   0.37111062  0.51220895 ...  1.20802747  0.52950015
  0.54173087]
2022-07-22 18:44:50,306 - pyswarms.single.global_best - INFO - Optimize for 100 iters with {'c1': 0.5, 'c2': 0.3, 'w': 0.9}
2022-07-22 18:44:59,333 - pyswarms.single.global_best - INFO - Optimization finished | best cost: 0.25880035529075135, best pos: [ 0.21959205  0.10169811  0.31362842 ... -0.46841362  0.67844903
 -0.05822492]
2022-07-22 18:44:59,392 - pyswarms.single.global_best - INFO - Optimize for 100 iters with {'c1': 0.5, 'c2': 0.3, 'w': 0.9}
2022-07-22 18:45:08,495 - pyswarms.single.global_best - INFO - Optimization finished | best cost: 0.26113688841063204, best pos: [-0.77455683  0.83885508  0.42538328 ...  0.04819945 -0.80509657
  0.58579947]
2022-07-22 18:45:08,554 - pyswarms.single.global_best - INFO - Optimize for 100 iters with {'c1': 0.5, 'c2': 0.3, 'w': 0.9}
2022-07-22 18:45:17,634 - pyswarms.single.global_best - INFO - Optimization finished | best cost: 0.2825494435325889, best pos: [ 0.0849476  -0.21740211  0.17687456 ... -0.37300294 -0.11353078
  0.11505132]
2022-07-22 18:45:17,693 - pyswarms.single.global_best - INFO - Optimize for 100 iters with {'c1': 0.5, 'c2': 0.3, 'w': 0.9}
2022-07-22 18:45:26,774 - pyswarms.single.global_best - INFO - Optimization finished | best cost: 0.30228285410822353, best pos: [ 0.73055035 -0.40021956  0.04594878 ...  0.75981499  0.04467086
  0.2420453 ]
2022-07-22 18:45:26,831 - pyswarms.single.global_best - INFO - Optimize for 100 iters with {'c1': 0.5, 'c2': 0.3, 'w': 0.9}
2022-07-22 18:45:35,948 - pyswarms.single.global_best - INFO - Optimization finished | best cost: 0.26179278110615584, best pos: [ 0.21253172 -0.19182854 -0.17578062 ...  0.26211935 -0.293564
  0.09783609]
2022-07-22 18:45:36,010 - pyswarms.single.global_best - INFO - Optimize for 100 iters with {'c1': 0.5, 'c2': 0.3, 'w': 0.9}
2022-07-22 18:45:45,023 - pyswarms.single.global_best - INFO - Optimization finished | best cost: 0.28088087830503133, best pos: [-0.56347089  0.41699494 -0.01498235 ... -0.25193426  0.91477653
  0.00802162]
2022-07-22 18:45:45,085 - pyswarms.single.global_best - INFO - Optimize for 100 iters with {'c1': 0.5, 'c2': 0.3, 'w': 0.9}
2022-07-22 18:45:54,234 - pyswarms.single.global_best - INFO - Optimization finished | best cost: 0.2922518406141486, best pos: [-0.15160332  0.17905266  0.22336351 ...  0.49464491  0.0435547
  0.23570695]
2022-07-22 18:45:54,295 - pyswarms.single.global_best - INFO - Optimize for 100 iters with {'c1': 0.5, 'c2': 0.3, 'w': 0.9}
2022-07-22 18:46:03,379 - pyswarms.single.global_best - INFO - Optimization finished | best cost: 0.2750933271280271, best pos: [ 0.59313588  0.43060094 -0.35707527 ... -0.9886524  -0.37331041
 -0.65019582]
2022-07-22 18:46:03,443 - pyswarms.single.global_best - INFO - Optimize for 100 iters with {'c1': 0.5, 'c2': 0.3, 'w': 0.9}
2022-07-22 18:46:12,565 - pyswarms.single.global_best - INFO - Optimization finished | best cost: 0.3131069698351415, best pos: [ 0.19333782  0.75207793  0.51836733 ...  0.08639067 -0.65604423
 -0.24250213]
2022-07-22 18:46:12,629 - pyswarms.single.global_best - INFO - Optimize for 100 iters with {'c1': 0.5, 'c2': 0.3, 'w': 0.9}
2022-07-22 18:46:21,738 - pyswarms.single.global_best - INFO - Optimization finished | best cost: 0.30672835667079884, best pos: [-0.17703095 -0.18524186  0.38303251 ... -0.49057951  0.00904544
  0.39098743]
2022-07-23 17:24:52,326 - pyswarms.single.global_best - INFO - Optimize for 100 iters with {'c1': 0.5, 'c2': 0.3, 'w': 0.9}
2022-07-23 17:24:59,749 - pyswarms.single.global_best - INFO - Optimization finished | best cost: 0.2475187682494154, best pos: [-1.04361204 -0.68887947  0.70967398 ...  0.64432265  0.30692554
  0.63183685]
2022-07-23 17:24:59,848 - pyswarms.single.global_best - INFO - Optimize for 100 iters with {'c1': 0.5, 'c2': 0.3, 'w': 0.9}
2022-07-23 17:25:07,651 - pyswarms.single.global_best - INFO - Optimization finished | best cost: 0.22159904967128544, best pos: [ 0.79813153  1.44608565  0.49601022 ...  0.39009011  0.59492663
 -0.00792923]
2022-07-23 17:25:07,728 - pyswarms.single.global_best - INFO - Optimize for 100 iters with {'c1': 0.5, 'c2': 0.3, 'w': 0.9}
2022-07-23 17:25:14,939 - pyswarms.single.global_best - INFO - Optimization finished | best cost: 0.21417645591802564, best pos: [-0.00614394  0.23043901  1.15154039 ...  0.24598149  0.77386868
  1.01737297]
2022-07-23 17:25:15,000 - pyswarms.single.global_best - INFO - Optimize for 100 iters with {'c1': 0.5, 'c2': 0.3, 'w': 0.9}
2022-07-23 17:25:22,632 - pyswarms.single.global_best - INFO - Optimization finished | best cost: 0.20682465098332894, best pos: [0.40355562 0.12002107 0.29693756 ... 0.20352076 0.77761989 0.1971004 ]
2022-07-23 17:25:22,693 - pyswarms.single.global_best - INFO - Optimize for 100 iters with {'c1': 0.5, 'c2': 0.3, 'w': 0.9}
2022-07-23 17:25:29,823 - pyswarms.single.global_best - INFO - Optimization finished | best cost: 0.23734834834692523, best pos: [ 0.31006513  1.01381139 -0.61480119 ...  0.45811924 -0.30774359
  0.02985567]
2022-07-23 17:25:29,891 - pyswarms.single.global_best - INFO - Optimize for 100 iters with {'c1': 0.5, 'c2': 0.3, 'w': 0.9}
2022-07-23 17:25:37,510 - pyswarms.single.global_best - INFO - Optimization finished | best cost: 0.21717579455764766, best pos: [ 0.53724926  0.40633153  0.39895086 ...  0.55128363 -0.20212801
  0.99756222]
2022-07-23 17:25:37,570 - pyswarms.single.global_best - INFO - Optimize for 100 iters with {'c1': 0.5, 'c2': 0.3, 'w': 0.9}
2022-07-23 17:25:44,801 - pyswarms.single.global_best - INFO - Optimization finished | best cost: 0.25901735750166816, best pos: [1.47967525 0.6713712  0.95284831 ... 0.44357631 1.40361582 1.19135015]
2022-07-23 17:25:44,861 - pyswarms.single.global_best - INFO - Optimize for 100 iters with {'c1': 0.5, 'c2': 0.3, 'w': 0.9}
2022-07-23 17:25:52,410 - pyswarms.single.global_best - INFO - Optimization finished | best cost: 0.2232383562452914, best pos: [ 0.02316204 -0.65536536  0.6461701  ...  0.70595985  0.09833651
 -0.85119509]
2022-07-23 17:25:52,472 - pyswarms.single.global_best - INFO - Optimize for 100 iters with {'c1': 0.5, 'c2': 0.3, 'w': 0.9}
2022-07-23 17:26:00,387 - pyswarms.single.global_best - INFO - Optimization finished | best cost: 0.21899978595158076, best pos: [ 0.25545595  0.73747154 -0.32897264 ...  0.10624305 -0.0776667
  0.28195247]
2022-07-23 17:26:00,464 - pyswarms.single.global_best - INFO - Optimize for 100 iters with {'c1': 0.5, 'c2': 0.3, 'w': 0.9}
2022-07-23 17:26:08,675 - pyswarms.single.global_best - INFO - Optimization finished | best cost: 0.23190693930898135, best pos: [ 0.08887514  0.38586334 -0.45088244 ...  0.56820614  0.51955206
  0.35793628]
2022-07-23 17:26:08,833 - pyswarms.single.global_best - INFO - Optimize for 100 iters with {'c1': 0.5, 'c2': 0.3, 'w': 0.9}
2022-07-23 17:26:18,169 - pyswarms.single.global_best - INFO - Optimization finished | best cost: 0.2882446215298573, best pos: [ 0.52575509 -0.38966508  0.08975743 ... -0.26026857 -0.03332452
 -0.45289286]
2022-07-23 17:26:18,238 - pyswarms.single.global_best - INFO - Optimize for 100 iters with {'c1': 0.5, 'c2': 0.3, 'w': 0.9}
2022-07-23 17:26:27,410 - pyswarms.single.global_best - INFO - Optimization finished | best cost: 0.2831767110361987, best pos: [-0.75300039  0.54475324 -0.88446656 ...  0.50800882  0.53351175
  0.72012021]
2022-07-23 17:26:27,480 - pyswarms.single.global_best - INFO - Optimize for 100 iters with {'c1': 0.5, 'c2': 0.3, 'w': 0.9}
2022-07-23 17:26:36,237 - pyswarms.single.global_best - INFO - Optimization finished | best cost: 0.26336226931352885, best pos: [-0.27195941 -0.06510553  0.54252144 ... -0.54899525  0.0928017
 -0.02143281]
2022-07-23 17:26:36,308 - pyswarms.single.global_best - INFO - Optimize for 100 iters with {'c1': 0.5, 'c2': 0.3, 'w': 0.9}
2022-07-23 17:26:45,572 - pyswarms.single.global_best - INFO - Optimization finished | best cost: 0.27423432817650334, best pos: [0.19593353 0.10487958 0.73809421 ... 0.06348911 0.55572614 0.42771311]
2022-07-23 17:26:45,659 - pyswarms.single.global_best - INFO - Optimize for 100 iters with {'c1': 0.5, 'c2': 0.3, 'w': 0.9}
2022-07-23 17:26:54,397 - pyswarms.single.global_best - INFO - Optimization finished | best cost: 0.254620863114516, best pos: [-0.2154146   0.08711628  0.18415213 ...  0.71165461 -0.50468318
 -0.92812094]
2022-07-23 17:26:54,470 - pyswarms.single.global_best - INFO - Optimize for 100 iters with {'c1': 0.5, 'c2': 0.3, 'w': 0.9}
2022-07-23 17:27:03,187 - pyswarms.single.global_best - INFO - Optimization finished | best cost: 0.2790585181465892, best pos: [ 0.01438892 -0.39770395  0.64948124 ...  0.32361157 -0.14747835
 -0.06610405]
2022-07-23 17:27:03,256 - pyswarms.single.global_best - INFO - Optimize for 100 iters with {'c1': 0.5, 'c2': 0.3, 'w': 0.9}
2022-07-23 17:27:12,238 - pyswarms.single.global_best - INFO - Optimization finished | best cost: 0.2654753578444427, best pos: [-0.84691401  0.65346785  0.43625827 ...  0.54252762 -0.69177197
 -0.88393105]
2022-07-23 17:27:12,310 - pyswarms.single.global_best - INFO - Optimize for 100 iters with {'c1': 0.5, 'c2': 0.3, 'w': 0.9}
2022-07-23 17:27:21,073 - pyswarms.single.global_best - INFO - Optimization finished | best cost: 0.2882052867922571, best pos: [-0.55270119 -0.21582745  0.83870137 ... -0.02152617 -0.25802442
  0.22949011]
2022-07-23 17:27:21,142 - pyswarms.single.global_best - INFO - Optimize for 100 iters with {'c1': 0.5, 'c2': 0.3, 'w': 0.9}
2022-07-23 17:27:30,011 - pyswarms.single.global_best - INFO - Optimization finished | best cost: 0.22077140414517457, best pos: [ 0.01662611  0.33899034 -0.38535084 ... -0.71779773  0.59533692
 -0.83506486]
2022-07-23 17:27:30,081 - pyswarms.single.global_best - INFO - Optimize for 100 iters with {'c1': 0.5, 'c2': 0.3, 'w': 0.9}
2022-07-23 17:27:39,083 - pyswarms.single.global_best - INFO - Optimization finished | best cost: 0.27818416898345816, best pos: [-0.83586933 -0.76181914 -0.40031303 ... -0.20746818  0.33262955
 -0.54073946]
