2022-08-22 20:55:27,808 - pyswarms.single.global_best - INFO - Optimize for 1000 iters with {'c1': 0.5, 'c2': 0.3, 'w': 0.9}
2022-08-22 20:55:41,392 - pyswarms.single.global_best - INFO - Optimization finished | best cost: 0.5985062698293722, best pos: [-0.22935988  0.24303304 -0.23967642  0.6114921  -0.74756592 -0.88332821
  0.48093375 -0.68561806  0.70219848  0.50528865  0.42187137 -0.9137074
  0.05571413  0.57404326  0.30236938 -0.52688355  0.62121195 -0.93873049
 -0.4216887   0.23803431 -0.75702632  0.9338373  -0.34625744  0.0455542
  0.22587172 -0.65922257 -0.91603776 -0.29647962  0.48440286 -0.01614032
  0.73244809 -0.83511298]
2022-08-22 20:55:41,418 - pyswarms.single.global_best - INFO - Optimize for 1000 iters with {'c1': 0.5, 'c2': 0.3, 'w': 0.9}
2022-08-22 20:55:53,633 - pyswarms.single.global_best - INFO - Optimization finished | best cost: 0.6242991074689072, best pos: [ 0.02085498  0.14382437 -0.11017966  0.9477978   0.13801413  0.30996665
  0.73192546  0.05596067  0.99444567  0.15068174 -0.5584954   0.2373965
  0.27608689 -0.26114562 -0.4063845  -0.49403313  0.68613746  0.28206173
 -0.4565729   0.51202292 -0.60442771  0.78953966  0.92893594 -0.49609224
  0.13798226 -0.48451938 -0.00545727 -0.38472432 -0.52322968  0.13962087
  0.28848292 -0.23959816]
2022-08-22 20:55:53,655 - pyswarms.single.global_best - INFO - Optimize for 1000 iters with {'c1': 0.5, 'c2': 0.3, 'w': 0.9}
2022-08-22 20:56:06,058 - pyswarms.single.global_best - INFO - Optimization finished | best cost: 0.6020887261714472, best pos: [-0.89548561 -0.01720339  0.03088833  0.53792872 -0.97945243  0.60207519
 -0.28279784 -0.67113596 -0.66231973  0.50059052  0.81473352 -0.66918619
  0.45865551  0.22872875  0.10956308 -0.43265456 -0.81953797  0.225724
 -0.48352135  0.88465478 -0.17021558 -0.08256255  0.66093483  0.23791295
  0.32902089 -0.07848839  0.98838089 -0.29728049  0.28597017 -0.26289945
  0.219303   -0.89431133]
2022-08-22 20:56:06,077 - pyswarms.single.global_best - INFO - Optimize for 1000 iters with {'c1': 0.5, 'c2': 0.3, 'w': 0.9}
2022-08-22 20:56:18,584 - pyswarms.single.global_best - INFO - Optimization finished | best cost: 0.5670498259461152, best pos: [-0.78440675 -0.57640122  0.14806136 -0.65504136  0.88311251  0.92311106
 -0.60098245  0.41246083 -0.9108758   0.71665536  0.75705134 -0.80637711
  0.2421498  -0.59204802  0.92572566 -0.69578916 -0.31252554 -0.53173157
  0.75718578 -0.4648786   0.41285732  0.12849869 -0.92738082  0.33581995
  0.31737334 -0.34026113  0.67435321 -0.40596504  0.66934575 -0.65625931
  0.99104405 -0.63431811]
2022-08-22 20:56:18,604 - pyswarms.single.global_best - INFO - Optimize for 1000 iters with {'c1': 0.5, 'c2': 0.3, 'w': 0.9}
2022-08-22 20:56:30,851 - pyswarms.single.global_best - INFO - Optimization finished | best cost: 0.5954298336335048, best pos: [-0.10754936  0.3046442  -0.92465535  0.15446636  0.30569048  0.45451034
  0.4387822  -0.27213125 -0.46871682 -0.95197078 -0.60455218  0.19362195
  0.4751617  -0.24730164  0.59767719 -0.70374541  0.50298477  0.911877
  0.38046142  0.41712952 -0.39597651  0.76408977 -0.63582918  0.77291581
  0.43780741 -0.99925494 -0.60498976 -0.02164218  0.13017344 -0.0013749
  0.32051041 -0.74908314]
2022-08-22 20:56:30,870 - pyswarms.single.global_best - INFO - Optimize for 1000 iters with {'c1': 0.5, 'c2': 0.3, 'w': 0.9}
2022-08-22 20:56:43,258 - pyswarms.single.global_best - INFO - Optimization finished | best cost: 0.5859153781980503, best pos: [ 0.90772368 -0.53996421  0.43647203 -0.58131092 -0.53549285  0.36112711
 -0.91581594 -0.95185129 -0.29239215  0.91577823  0.43283719  0.38022135
  0.64475208 -0.65755777  0.44944585  0.67619071 -0.98398234 -0.33595131
 -0.77630786  0.28647294  0.45060147 -0.63993175  0.36313847  0.39221792
 -0.15364338  0.57821888 -0.0114504  -0.0740376   0.20219781 -0.24805502
  0.69933124 -0.73146559]
2022-08-22 20:56:43,278 - pyswarms.single.global_best - INFO - Optimize for 1000 iters with {'c1': 0.5, 'c2': 0.3, 'w': 0.9}
2022-08-22 20:56:55,573 - pyswarms.single.global_best - INFO - Optimization finished | best cost: 0.593947747295497, best pos: [-0.2676693   0.56308899 -0.88744176  0.17897176 -0.27473406 -0.04682459
  0.38526544  0.70306806 -0.9298726  -0.40206343  0.56873915  0.05151615
  0.69881386  0.39960431  0.54147147  0.50771221  0.34485129  0.12596787
 -0.11982287  0.06356576 -0.62647996  0.43567695 -0.67155553  0.82453768
 -0.22198777  0.15048047 -0.4970071   0.00973216  0.01128045 -0.0022177
  0.81678896 -0.47132694]
2022-08-22 20:56:55,592 - pyswarms.single.global_best - INFO - Optimize for 1000 iters with {'c1': 0.5, 'c2': 0.3, 'w': 0.9}
2022-08-22 20:57:08,071 - pyswarms.single.global_best - INFO - Optimization finished | best cost: 0.6051555994306002, best pos: [ 0.27819638  0.87363616  0.76274568  0.32919231  0.15965668  0.25941556
  0.49264012  0.43137751  0.97640219  0.34298206  0.63853192  0.03867966
 -0.63470596  0.28693607 -0.60592219 -0.42499206  0.03992974  0.40063247
 -0.10865009  0.27639467 -0.45843292  0.15480871  0.89591686 -0.98026591
 -0.63433722 -0.07588626 -0.45341407  0.01596234 -0.29607971  0.46497758
  0.37115449 -0.26589038]
2022-08-22 20:57:08,090 - pyswarms.single.global_best - INFO - Optimize for 1000 iters with {'c1': 0.5, 'c2': 0.3, 'w': 0.9}
2022-08-22 20:57:20,528 - pyswarms.single.global_best - INFO - Optimization finished | best cost: 0.6063522388135165, best pos: [ 0.25975908  0.19642445  0.030726   -0.07445725  0.77582959  0.23698606
  0.8340709  -0.96658624  0.19095123  0.30301431  0.26876951  0.22215743
 -0.42918091 -0.89562732  0.10834737  0.51347905  0.66468971  0.35216796
  0.14989724 -0.87284986  0.87458933 -0.20882245 -0.0868382  -0.30479506
  0.3563468   0.66841931 -0.96172642  0.08616463  0.906479   -0.28251456
  0.79444095 -0.31519629]
2022-08-22 20:57:20,546 - pyswarms.single.global_best - INFO - Optimize for 1000 iters with {'c1': 0.5, 'c2': 0.3, 'w': 0.9}
2022-08-22 20:57:33,042 - pyswarms.single.global_best - INFO - Optimization finished | best cost: 0.6105900069676717, best pos: [-0.7261235   0.76487305  0.23746493 -0.0707424   0.77044984  0.33801031
  0.49654634  0.0018109  -0.5361454   0.25799673 -0.07102554 -0.97429985
  0.56774914  0.54949512  0.50957004 -0.22929782  0.48450583  0.67654804
 -0.54044626  0.95515139 -0.01962911  0.68363555  0.16430932 -0.3391353
 -0.07235183 -0.45398189 -0.16056832  0.57609533 -0.36327268  0.35398376
  0.36372007 -0.92598811]
2022-08-22 20:57:33,393 - pyswarms.single.global_best - INFO - Optimize for 1000 iters with {'c1': 0.5, 'c2': 0.3, 'w': 0.9}
2022-08-22 20:57:47,126 - pyswarms.single.global_best - INFO - Optimization finished | best cost: 1.038700275820508, best pos: [-0.85265325 -0.5654971   0.48530308 -0.14133375 -0.57866919 -0.86261221
  0.43847413  0.82098032  0.1625196   0.23770387  0.5175385   0.30079525
 -0.77162561 -0.81489195 -0.0770962  -0.18849459  0.52659596  0.54142131
  0.65295899 -0.20881153 -0.1912082   0.52293627  0.0997836  -0.40081743
 -0.48396517  0.14253158  0.5041677   0.82260958  0.38487262  0.85696198
 -0.37330746 -0.42322781 -0.2744094  -0.7722938   0.43955414  0.10494825
  0.68544781 -0.3917178  -0.56957945]
2022-08-22 20:57:47,147 - pyswarms.single.global_best - INFO - Optimize for 1000 iters with {'c1': 0.5, 'c2': 0.3, 'w': 0.9}
2022-08-22 20:58:00,722 - pyswarms.single.global_best - INFO - Optimization finished | best cost: 1.0265966801623367, best pos: [-0.99971087 -0.06259801  0.62728671  0.08562567  0.70327245 -0.06061451
  0.95575805 -0.14703506 -0.12977707  0.12609948 -0.98123638 -0.06161047
  0.6026501   0.15310608  0.30499459  0.27180965  0.65306476  0.24640159
 -0.24857423  0.55374004  0.49821586 -0.20641529 -0.18051655 -0.40064862
 -0.08336203 -0.3490197   0.19440678  0.4739869   0.00848647 -0.04277
 -0.42461527  0.91809488  0.10858376  0.33294481  0.37833988  0.66196222
  0.32669981 -0.34347382 -0.16827335]
2022-08-22 20:58:00,748 - pyswarms.single.global_best - INFO - Optimize for 1000 iters with {'c1': 0.5, 'c2': 0.3, 'w': 0.9}
2022-08-22 20:58:14,918 - pyswarms.single.global_best - INFO - Optimization finished | best cost: 1.0333824352137464, best pos: [-0.10982633  0.94924544 -0.53730912  0.56391599 -0.91641747 -0.33395531
  0.0577715  -0.56604496 -0.05423408  0.73263399 -0.80801433 -0.06353127
 -0.15644361  0.57640932  0.01386814  0.41913445  0.73348047  0.01273044
 -0.14987834 -0.22876019 -0.08791445 -0.50868301  0.53334206  0.26609535
 -0.20723835 -0.05121134  0.06015245 -0.45661329  0.34786085 -0.03074129
 -0.51594089  0.36982197 -0.17093587  0.311285    0.25979752  0.23561321
  0.752967   -0.21973402  0.16799473]
2022-08-22 20:58:14,940 - pyswarms.single.global_best - INFO - Optimize for 1000 iters with {'c1': 0.5, 'c2': 0.3, 'w': 0.9}
2022-08-22 20:58:29,063 - pyswarms.single.global_best - INFO - Optimization finished | best cost: 1.0171429927774136, best pos: [ 0.90948855 -0.23954938 -0.92801468 -0.41693202  0.7379979   0.56029248
  0.79322749 -0.33638875 -0.83306205 -0.40061574  0.01813882  0.72686034
 -0.49239637 -0.54369147 -0.61588447  0.14829372 -0.00675174 -0.66628165
  0.73750001 -0.68920686 -0.78824842  0.39540022 -0.81917374 -0.28085974
  0.22443124 -0.87123523 -0.69386289 -0.41481306 -0.16664149 -0.62972383
 -0.18551658  0.05172299  0.25327376  0.6440709   0.39911064  0.90617711
  0.80803258 -0.87257049 -0.44556261]
2022-08-22 20:58:29,086 - pyswarms.single.global_best - INFO - Optimize for 1000 iters with {'c1': 0.5, 'c2': 0.3, 'w': 0.9}
2022-08-22 20:58:42,838 - pyswarms.single.global_best - INFO - Optimization finished | best cost: 1.048651729169582, best pos: [ 0.01398421  0.17776909 -0.6311592  -0.94377002 -0.09245747  0.5906991
  0.56719729 -0.12413823  0.14217196  0.90191157 -0.27009085  0.96301625
  0.69553109  0.17028121  0.20323197 -0.43762492  0.04182566  0.4121335
 -0.22025033  0.34443716  0.25971517 -0.09330858  0.18367461  0.19412608
 -0.31132856  0.49249491 -0.56711742  0.43271862 -0.69616818  0.12265461
 -0.12997571  0.10404004  0.20569416 -0.24736166  0.36449824  0.12141461
  0.21316297 -0.73418841 -0.32902788]
2022-08-22 20:58:42,856 - pyswarms.single.global_best - INFO - Optimize for 1000 iters with {'c1': 0.5, 'c2': 0.3, 'w': 0.9}
2022-08-22 20:58:56,491 - pyswarms.single.global_best - INFO - Optimization finished | best cost: 1.0328596090760045, best pos: [ 0.21569264  0.02686979 -0.08764938  0.5595061  -0.52884859  0.99760449
  0.4125438  -0.69821727 -0.27757697 -0.82776899 -0.13497062 -0.15863392
 -0.5260412   0.55973538 -0.38939724 -0.56675166  0.33397892  0.45945692
  0.0410726  -0.3072277   0.3048327  -0.03568248  0.65302279  0.19493898
 -0.2560163   0.31016857 -0.32270305  0.44951911 -0.77645542 -0.06248986
 -0.1982456  -0.08918285  0.43257541 -0.59616771  0.52906997  0.63365512
  0.71351819 -0.4193069  -0.16673255]
2022-08-22 20:58:56,512 - pyswarms.single.global_best - INFO - Optimize for 1000 iters with {'c1': 0.5, 'c2': 0.3, 'w': 0.9}
2022-08-22 20:59:10,331 - pyswarms.single.global_best - INFO - Optimization finished | best cost: 1.0089981631148115, best pos: [-0.03499034  0.06189522 -0.87130203  0.16348484 -0.02491355 -0.99994678
  0.66405845 -0.74028999  0.88302567  0.09512923  0.04848245 -0.88221937
  0.50177938 -0.33572173 -0.5245296   0.40453973 -0.71896008  0.69437182
 -0.61607568  0.41000218 -0.04669482  0.38240692 -0.09046542 -0.34908691
  0.76198572 -0.40958836 -0.09434042  0.18862099 -0.29776437 -0.30751155
 -0.38714401  0.38986839  0.09716191 -0.98961328  0.19631063  0.33198857
  0.74490769  0.02477015 -0.0283009 ]
2022-08-22 20:59:10,354 - pyswarms.single.global_best - INFO - Optimize for 1000 iters with {'c1': 0.5, 'c2': 0.3, 'w': 0.9}
2022-08-22 20:59:24,318 - pyswarms.single.global_best - INFO - Optimization finished | best cost: 1.0354877383206986, best pos: [-0.36336629  0.18298153 -0.21145727  0.97623321  0.05255487 -0.42685098
  0.11632059 -0.85805761 -0.89673659 -0.52564737 -0.96512277 -0.276501
 -0.10450744 -0.4526153   0.500165    0.73944354 -0.46208318 -0.37001778
  0.13929032  0.3301235   0.63874991  0.77212359 -0.22911543 -0.68792138
 -0.23069594  0.63741568  0.44805988 -0.60291435  0.41562421  0.95322822
  0.30634606 -0.75713181 -0.76511754 -0.85261877  0.10623243 -0.85179504
  0.72808002  0.10480629 -0.97727353]
2022-08-22 20:59:24,338 - pyswarms.single.global_best - INFO - Optimize for 1000 iters with {'c1': 0.5, 'c2': 0.3, 'w': 0.9}
2022-08-22 20:59:38,352 - pyswarms.single.global_best - INFO - Optimization finished | best cost: 1.0235233323682396, best pos: [-0.0255463  -0.58389782  0.91456242  0.8831318   0.44828092 -0.11380122
  0.09250263 -0.91345995  0.88187285 -0.62854573  0.57273444  0.11697148
  0.46741393  0.3412272   0.70041256 -0.64958572  0.01946933  0.04878513
  0.71880662 -0.70850633 -0.1602508  -0.2314814   0.37297266  0.00932841
 -0.59472251  0.56233662  0.59182762  0.66933967  0.00391894 -0.05759996
  0.15904827  0.144898   -0.1274948   0.27850515 -0.60503802  0.31711658
  0.23927283 -0.07593106 -0.34311268]
2022-08-22 20:59:38,373 - pyswarms.single.global_best - INFO - Optimize for 1000 iters with {'c1': 0.5, 'c2': 0.3, 'w': 0.9}
2022-08-22 20:59:53,277 - pyswarms.single.global_best - INFO - Optimization finished | best cost: 1.0377558726886773, best pos: [-9.09742082e-01 -9.51533672e-01 -9.02302674e-01 -2.16018536e-01
  2.87683897e-01 -2.18761975e-02 -6.22964174e-01  6.62498494e-01
 -9.15218076e-04 -3.36722252e-01  7.67446103e-01  2.13080000e-01
 -7.81250121e-01 -6.68697064e-01  9.75278189e-02 -9.91124808e-01
 -5.47101161e-02  1.50997950e-01  7.50634753e-01 -3.52150348e-01
 -3.84202931e-01  6.00988859e-01 -7.13562217e-02 -2.14706737e-01
 -3.40410646e-01  3.04710703e-01  5.02900613e-01 -9.52163598e-02
  3.27299302e-01  7.66249446e-02  2.27622915e-01  2.95198567e-01
  1.28313118e-01  6.76136793e-02 -4.62937786e-01 -3.43916400e-01
  4.11635660e-01 -1.23131063e-01 -4.59413171e-01]
2022-08-22 20:59:53,659 - pyswarms.single.global_best - INFO - Optimize for 1000 iters with {'c1': 0.5, 'c2': 0.3, 'w': 0.9}
2022-08-22 21:00:07,489 - pyswarms.single.global_best - INFO - Optimization finished | best cost: 1.3255377612860602, best pos: [ 0.03316395  0.87165065 -0.18300068 -0.25744426 -0.36862744  0.29051321
 -0.85911744  0.99792064 -0.87884618  0.06359251 -0.04219718  0.17456417
  0.33832187  0.59749305  0.47688966 -0.64960166  0.27756541 -0.09352317
 -0.07544338  0.58439152  0.12256096  0.22463231 -0.33189807  0.59151418
  0.60127921  0.53481879 -0.11366858  0.30325761  0.34515977 -0.11902095
  0.14141552  0.52160902  0.17569169 -0.03866151 -0.11894931 -0.51100943
 -0.05894888 -0.22787576 -0.32517059  0.02404084  0.5335243   0.31154983
  0.35239324  0.0536172   0.07198503  0.42105792]
2022-08-22 21:00:07,512 - pyswarms.single.global_best - INFO - Optimize for 1000 iters with {'c1': 0.5, 'c2': 0.3, 'w': 0.9}
2022-08-22 21:00:21,323 - pyswarms.single.global_best - INFO - Optimization finished | best cost: 1.32288599774066, best pos: [-0.43776305 -0.25342429  0.10662603 -0.01428351  0.49188578 -0.09078968
 -0.04702871  0.85928491  0.38457984 -0.1885707  -0.26563172 -0.97582921
 -0.08275423  0.27115145 -0.36636736 -0.08572656  0.36671414  0.54721433
  0.91748967  0.18934513 -0.05992411  0.02156449 -0.77860267  0.41241768
  0.3187207   0.01331628  0.25057937  0.74257879 -0.0067958   0.02949684
  0.65304304 -0.64312429 -0.21762138  0.02435275 -0.02978165  0.51784178
 -0.17732633  0.04058392 -0.59742045  0.98713862  0.46819375 -0.35404497
  0.47122056 -0.51640206 -0.11707202  0.58474355]
2022-08-22 21:00:21,345 - pyswarms.single.global_best - INFO - Optimize for 1000 iters with {'c1': 0.5, 'c2': 0.3, 'w': 0.9}
2022-08-22 21:00:35,032 - pyswarms.single.global_best - INFO - Optimization finished | best cost: 1.3249631722419943, best pos: [-0.20498975 -0.9762175   0.04378864 -0.09402891  0.80894726  0.22652097
 -0.51535159 -0.64673896 -0.24518485 -0.20995175  0.6838498  -0.38694139
  0.07748923  0.77030009  0.97643526  0.56985869  0.5503133   0.40356298
  0.47633144 -0.2499596  -0.16983213  0.15058045 -0.69533859  0.29779137
  0.28541136  0.37161549  0.47936403 -0.31134074 -0.11640918 -0.02176811
  0.66721185 -0.30025609  0.40265422 -0.31140231 -0.69192828  0.58966078
  0.64362864  0.41978245 -0.50090519  0.41304853  0.19134413 -0.57170922
  0.50307455  0.17222645 -0.11017039  0.58362813]
2022-08-22 21:00:35,054 - pyswarms.single.global_best - INFO - Optimize for 1000 iters with {'c1': 0.5, 'c2': 0.3, 'w': 0.9}
2022-08-22 21:00:48,379 - pyswarms.single.global_best - INFO - Optimization finished | best cost: 1.3131874159358086, best pos: [ 1.11200203e-02  8.59058023e-01  9.55824165e-01 -3.78776064e-01
  1.75884210e-01 -1.18238242e-01 -1.73636242e-01  9.61021256e-01
  9.61615626e-01 -2.55382477e-01  4.68997558e-01 -6.52799447e-01
 -8.24865542e-04 -4.71107215e-01  3.87167730e-01 -4.15154091e-01
 -1.61004853e-01 -5.21675890e-01  2.46978924e-01 -3.01151635e-01
 -3.06795081e-01 -2.35955775e-02  7.34813653e-01  1.00525400e-01
 -1.60330489e-01  5.17346581e-01 -6.20792831e-01  3.17454331e-01
  7.50641046e-01 -1.11270942e-01  4.00625161e-01  1.88682890e-01
  3.47856258e-01 -3.18908613e-01  1.07900522e-01 -4.03559879e-01
 -3.68834284e-01  4.94692420e-01  4.70124689e-01  1.47343237e-01
 -1.78519679e-01  6.38862671e-01  5.75450807e-01 -5.49940585e-02
 -2.55524562e-01  7.35525491e-01]
2022-08-22 21:00:48,402 - pyswarms.single.global_best - INFO - Optimize for 1000 iters with {'c1': 0.5, 'c2': 0.3, 'w': 0.9}
2022-08-22 21:01:01,787 - pyswarms.single.global_best - INFO - Optimization finished | best cost: 1.3130367521743098, best pos: [-0.49003899 -0.04973057 -0.93109503  0.05038046  0.98739455  0.34398727
 -0.87924317  0.4614627  -0.3027632   0.20069463  0.84514245  0.00857262
  0.43588935 -0.0371834   0.26148467 -0.11528492  0.57905345  0.05276295
  0.20861622  0.2064917   0.74687936 -0.26912081 -0.02186387 -0.4186026
 -0.28953127 -0.20543746 -0.51616799  0.46382799  0.1217387   0.06211564
 -0.36721548  0.40960256  0.19556745 -0.77949436 -0.79984846  0.61033875
  0.86076063  0.23043467 -0.17396149  0.3036378  -0.02432249 -0.08729696
  0.38609428 -0.18714108 -0.37014313  0.38797276]
2022-08-22 21:01:01,807 - pyswarms.single.global_best - INFO - Optimize for 1000 iters with {'c1': 0.5, 'c2': 0.3, 'w': 0.9}
2022-08-22 21:01:15,153 - pyswarms.single.global_best - INFO - Optimization finished | best cost: 1.3224038303484489, best pos: [ 0.62450112  0.51011413  0.02033667 -0.40451319  0.76313924 -0.29523417
 -0.1562633  -0.30258856 -0.1189715   0.42382088  0.95347853 -0.07430654
  0.49705519  0.02093818 -0.04548437  0.23753169  0.98825799 -0.18840865
 -0.50430987  0.34318606 -0.0442767   0.28460678 -0.55351242  0.24076585
  0.26124248 -0.05395195 -0.38261522  0.14937873 -0.01136237  0.11437178
 -0.3410205   0.12999772  0.252729    0.04284119 -0.75924047  0.38558329
  0.54379723  0.19815959 -0.17884599  0.56509752  0.42052057  0.07683779
  0.98408665 -0.15063595  0.03780385  0.5122923 ]
2022-08-22 21:01:15,174 - pyswarms.single.global_best - INFO - Optimize for 1000 iters with {'c1': 0.5, 'c2': 0.3, 'w': 0.9}
2022-08-22 21:01:28,720 - pyswarms.single.global_best - INFO - Optimization finished | best cost: 1.3156440366159838, best pos: [-0.55896989  0.29206827  0.59713963 -0.49931951 -0.12098342  0.81101793
  0.71992475  0.12438846 -0.99462437 -0.22016216  0.03042282  0.85745483
  0.54554056  0.12979503  0.5513892  -0.11529312 -0.12831935  0.34002096
 -0.00565083  0.68425787  0.6860368  -0.1741936  -0.56210637 -0.05638851
  0.27896263 -0.34105871 -0.87555788  0.32361767  0.1251807  -0.77437479
 -0.08199939  0.192427   -0.20227689 -0.47335978 -0.05104217  0.43486476
 -0.05024186  0.30322618 -0.28336696  0.13476842  0.13119347  0.16077321
  0.02040121 -0.61365005 -0.57322485  0.48780564]
2022-08-22 21:01:28,744 - pyswarms.single.global_best - INFO - Optimize for 1000 iters with {'c1': 0.5, 'c2': 0.3, 'w': 0.9}
2022-08-22 21:01:42,559 - pyswarms.single.global_best - INFO - Optimization finished | best cost: 1.336606819051809, best pos: [ 0.38704958  0.2446265   0.16079947  0.13429459  0.48852884 -0.1209675
  0.30221069  0.19438529  0.89899005 -0.02483244 -0.90271795  0.09061761
 -0.95054737  0.42932859  0.38489785 -0.2349153   0.21265802  0.38139647
 -0.46678622  0.29794528 -0.08124098  0.01294643 -0.30853959 -0.57909078
 -0.22498265  0.21422833 -0.89500966  0.43671218  0.6389836   0.31536444
 -0.13626079 -0.1606681   0.12624377  0.36651135 -0.00571468  0.86719153
  0.67383053  0.5630638   0.18813905 -0.05614769  0.07596009  0.00364324
  0.18361534  0.37688944  0.16579305  0.58990048]
2022-08-22 21:01:42,581 - pyswarms.single.global_best - INFO - Optimize for 1000 iters with {'c1': 0.5, 'c2': 0.3, 'w': 0.9}
2022-08-22 21:01:56,143 - pyswarms.single.global_best - INFO - Optimization finished | best cost: 1.3220988734834804, best pos: [ 0.99857664  0.22190736  0.11326461  0.67970633 -0.94928702  0.27639403
  0.69840602  0.16334053 -0.14430926 -0.15373278  0.13228895 -0.3069385
  0.71023133  0.03114598  0.21543057  0.69226139  0.44378519 -0.53947504
 -0.78913563  0.36116029 -0.00319586 -0.48464104 -0.39772342  0.36327275
  0.11489094  0.47735718  0.19254286  0.10384275 -0.05464935  0.30706819
 -0.30013924 -0.13484378  0.45973634  0.47120971 -0.54785454  0.36225891
  0.06369701 -0.31868013 -0.08756733  0.48155911 -0.24262617  0.07334016
  0.68527982  0.05094346 -0.21577792  0.50938883]
2022-08-22 21:01:56,166 - pyswarms.single.global_best - INFO - Optimize for 1000 iters with {'c1': 0.5, 'c2': 0.3, 'w': 0.9}
2022-08-22 21:02:10,214 - pyswarms.single.global_best - INFO - Optimization finished | best cost: 1.3212339045060297, best pos: [-0.97977853  0.00822249  0.31778823 -0.61434493  0.86365955 -0.13091854
 -0.40670078  0.06133564 -0.35131686  0.43536439  0.13333739  0.18405391
 -0.66213447  0.84106462  0.42921693  0.7221662   0.66652725 -0.16525938
  0.82809576  0.12020115 -0.55195251  0.470713    0.51656412 -0.40773084
 -0.20405202  0.06931132 -0.77659635 -0.0689629  -0.21671001 -0.60629748
 -0.74143679  0.02327349  0.50000312  0.20127718 -0.64094901  0.35317833
  0.11899087  0.45347182  0.25065507 -0.04655824  0.12532192 -0.1465352
  0.66146911 -0.15489321 -0.74634337  0.07870362]
2022-08-22 21:04:19,630 - pyswarms.single.global_best - INFO - Optimize for 1000 iters with {'c1': 0.5, 'c2': 0.3, 'w': 0.9}
2022-08-22 21:04:55,746 - pyswarms.single.global_best - INFO - Optimization finished | best cost: 0.5986371102594678, best pos: [-0.50722916  0.33445921 -0.48957563  0.46196609  0.33236259 -0.94287181
 -0.6598008  -0.19158432  0.96114382  0.46138123 -0.58587809 -0.79921185
 -0.41035501  0.10843148 -0.50615974 -0.76353038 -0.03056598  0.69101488
  0.47942024 -0.65239672 -0.24329447 -0.13649867  0.81180163 -0.02372228
 -0.8244498  -0.54502587  0.34985614 -0.38224186 -0.33187442  0.61366768
  0.3076016  -0.71585064]
2022-08-22 21:04:55,772 - pyswarms.single.global_best - INFO - Optimize for 1000 iters with {'c1': 0.5, 'c2': 0.3, 'w': 0.9}
2022-08-22 21:05:31,414 - pyswarms.single.global_best - INFO - Optimization finished | best cost: 0.5882552872409151, best pos: [ 4.16245341e-01 -9.76354569e-01  7.90990621e-01 -6.49777346e-02
 -8.07144874e-01 -8.29941094e-01 -7.58182374e-01  1.73482413e-01
 -9.29617743e-01  5.59035690e-01  1.62605457e-01  9.26159289e-01
  2.22555104e-01  7.11176256e-01 -9.24148748e-01 -1.10991798e-01
 -3.16626178e-01  5.29497925e-01 -1.68365620e-01  6.94751223e-04
 -9.41228958e-01 -4.67446608e-02 -2.52751878e-01 -6.01803651e-01
  9.32004865e-01  5.71145523e-01  5.66245708e-01 -9.18270469e-01
 -1.96441596e-01  7.70545132e-01  6.82064342e-01 -7.00725830e-01]
2022-08-22 21:05:31,434 - pyswarms.single.global_best - INFO - Optimize for 1000 iters with {'c1': 0.5, 'c2': 0.3, 'w': 0.9}
2022-08-22 21:06:06,576 - pyswarms.single.global_best - INFO - Optimization finished | best cost: 0.6157177480335094, best pos: [-6.07450591e-01  9.37362382e-01 -2.40238944e-01  8.48881155e-02
 -5.80723250e-01  7.14896564e-01 -4.22489067e-02  6.52003917e-02
  3.44460686e-02  8.61840423e-02 -8.51001569e-01 -7.11963402e-01
 -3.60871550e-01  3.61016785e-01 -7.17096266e-01 -3.17072583e-01
  4.64993979e-01 -7.06606593e-01 -2.41614573e-01 -3.07200626e-01
 -4.46492992e-01  3.09672731e-01  2.54450102e-01  7.50009634e-01
  3.11167195e-04 -1.85620015e-01 -7.14495516e-01  3.22424958e-02
  5.38146912e-01 -6.17331674e-01  8.44204358e-02 -7.04808800e-01]
2022-08-22 21:06:06,596 - pyswarms.single.global_best - INFO - Optimize for 1000 iters with {'c1': 0.5, 'c2': 0.3, 'w': 0.9}
2022-08-22 21:06:39,805 - pyswarms.single.global_best - INFO - Optimization finished | best cost: 0.6013174446875269, best pos: [-0.950978   -0.05873131  0.50275961  0.02787401  0.98369249 -0.10048722
 -0.62918028  0.02574377 -0.04381918  0.29076892  0.41213226  0.28504442
 -0.77681162  0.1524265   0.59486043 -0.11279589 -0.61592079  0.20347898
  0.76704578 -0.64641119  0.80512682 -0.14334215  0.21822685  0.24470377
  0.11742195 -0.64313726  0.64301006 -0.25646925 -0.007138    0.14940827
  0.69196541 -0.38733794]
2022-08-22 21:06:39,824 - pyswarms.single.global_best - INFO - Optimize for 1000 iters with {'c1': 0.5, 'c2': 0.3, 'w': 0.9}
2022-08-22 21:07:12,431 - pyswarms.single.global_best - INFO - Optimization finished | best cost: 0.6003931340554013, best pos: [-0.34467539 -0.02160395 -0.71627439  0.73845764  0.11676325  0.75823146
  0.3058127  -0.13571917  0.86961511 -0.91514771  0.24359301  0.10680695
  0.73517068 -0.30113776 -0.48464195 -0.52069559 -0.33263085 -0.77368822
  0.38433635 -0.05222045 -0.01902125 -0.11892967  0.58949139 -0.74899404
  0.51959589 -0.56452023 -0.31465085  0.35809516 -0.18591309 -0.7994205
 -0.11347579 -0.79072313]
2022-08-22 21:07:12,450 - pyswarms.single.global_best - INFO - Optimize for 1000 iters with {'c1': 0.5, 'c2': 0.3, 'w': 0.9}
2022-08-22 21:07:45,122 - pyswarms.single.global_best - INFO - Optimization finished | best cost: 0.5729721502059687, best pos: [ 0.92078681 -0.95577979 -0.66389428 -0.96463276  0.43451772 -0.11150771
 -0.27627758 -0.83895493 -0.20315901  0.21679525  0.96513273 -0.0223757
  0.1064096  -0.74702941  0.54335074  0.70455033 -0.7633475   0.21532531
  0.0891579   0.71025942  0.6434325  -0.20602079 -0.00102271  0.06762746
 -0.68714882  0.40327152  0.18755773 -0.70586579 -0.1722831  -0.55254395
  0.69927186 -0.78590175]
2022-08-22 21:07:45,140 - pyswarms.single.global_best - INFO - Optimize for 1000 iters with {'c1': 0.5, 'c2': 0.3, 'w': 0.9}
2022-08-22 21:08:17,815 - pyswarms.single.global_best - INFO - Optimization finished | best cost: 0.5948277162403987, best pos: [-0.2699891   0.75629462  0.53644812 -0.9632096   0.71518906 -0.15665901
  0.05138514 -0.73424034 -0.77513393  0.86430457 -0.7805881   0.52904371
 -0.41101875  0.4999736   0.62048324  0.40460447  0.67633219  0.07082393
 -0.04559858 -0.44523611  0.05868552  0.4223976  -0.12545302  0.21784625
 -0.62653716  0.68857096 -0.53675347  0.29654806  0.07105664  0.09484235
  0.42934061 -0.78004435]
2022-08-22 21:08:17,835 - pyswarms.single.global_best - INFO - Optimize for 1000 iters with {'c1': 0.5, 'c2': 0.3, 'w': 0.9}
2022-08-22 21:08:50,546 - pyswarms.single.global_best - INFO - Optimization finished | best cost: 0.6193112315726197, best pos: [-0.39822659  0.54419942  0.16127405  0.31109132  0.85478332  0.43752644
 -0.17881237 -0.24946293  0.0978519   0.53869297  0.60473552  0.88440214
 -0.43613992 -0.56660145 -0.1387855  -0.08702094 -0.60217081  0.61418162
  0.1607583  -0.06243446  0.08489116 -0.24247329 -0.52449617  0.62748687
 -0.07130394  0.12512566  0.45237292 -0.72319784 -0.18471363  0.85429578
  0.58202772 -0.3856918 ]
2022-08-22 21:08:50,564 - pyswarms.single.global_best - INFO - Optimize for 1000 iters with {'c1': 0.5, 'c2': 0.3, 'w': 0.9}
2022-08-22 21:09:23,881 - pyswarms.single.global_best - INFO - Optimization finished | best cost: 0.6028997746832814, best pos: [-0.76549827  0.26331239  0.6859203   0.52265411  0.9100058   0.34901721
 -0.73004187  0.04506827 -0.61109277 -0.33496101 -0.05334195 -0.2230237
  0.71406807 -0.26635312 -0.52131223  0.29505653  0.62257135 -0.24887917
 -0.03872002  0.99565987  0.33187492  0.34713429 -0.00615161 -0.72197122
 -0.45954331 -0.18032263 -0.82905581  0.28668633  0.54859694  0.37885236
  0.8692602  -0.42142119]
2022-08-22 21:09:23,902 - pyswarms.single.global_best - INFO - Optimize for 1000 iters with {'c1': 0.5, 'c2': 0.3, 'w': 0.9}
2022-08-22 21:09:56,460 - pyswarms.single.global_best - INFO - Optimization finished | best cost: 0.6005508046962873, best pos: [-0.48756092  0.55799022  0.4295926  -0.93372775 -0.09414624  0.38425435
  0.81649768  0.11909049  0.18882056  0.92758601  0.29768733  0.5438152
  0.62997785 -0.41071727 -0.21163135 -0.61382532  0.31918287 -0.10700917
 -0.31110761  0.83254834  0.24388381  0.12302233  0.52517019 -0.46672261
  0.77087356 -0.44596331  0.27181052 -0.40144417 -0.08765927  0.31834535
  0.52235351 -0.51718609]
2022-08-22 21:09:56,758 - pyswarms.single.global_best - INFO - Optimize for 1000 iters with {'c1': 0.5, 'c2': 0.3, 'w': 0.9}
2022-08-22 21:10:31,957 - pyswarms.single.global_best - INFO - Optimization finished | best cost: 1.0208268888308825, best pos: [-0.13294668  0.45338477 -0.32806678 -0.57185103 -0.99278716 -0.4537797
 -0.22616591 -0.05579596 -0.08592847  0.94626832  0.86009768  0.41758794
  0.05610589 -0.39121215 -0.07131461  0.3852995  -0.85873999 -0.15034678
 -0.01344338 -0.0482257  -0.12650958  0.32550337  0.42702867  0.54817551
  0.16716737  0.64391949  0.14441424 -0.45433627  0.66315842  0.15953611
  0.8184703  -0.62309342 -0.70189625 -0.1601361  -0.31783666  0.00754086
  0.24150598 -0.68859262 -0.65087394]
2022-08-22 21:10:31,978 - pyswarms.single.global_best - INFO - Optimize for 1000 iters with {'c1': 0.5, 'c2': 0.3, 'w': 0.9}
2022-08-22 21:11:06,805 - pyswarms.single.global_best - INFO - Optimization finished | best cost: 1.0383445204946575, best pos: [ 0.69064488 -0.08651923  0.36944869 -0.81375128 -0.80266739  0.33474985
  0.94189408  0.30322626  0.02678777  0.7525029   0.11628447  0.38461945
  0.63430921  0.24519742 -0.20074178 -0.43795597  0.36377766  0.27821953
 -0.87944835  0.55086005 -0.19586442  0.49438167 -0.32557664  0.54953196
  0.01815855 -0.02534943  0.44268314  0.66167989 -0.03494101 -0.13650517
 -0.04882605  0.75843348  0.52788853 -0.15820901 -0.47885166  0.0226122
  0.69070755  0.01217228  0.22774465]
2022-08-22 21:11:06,824 - pyswarms.single.global_best - INFO - Optimize for 1000 iters with {'c1': 0.5, 'c2': 0.3, 'w': 0.9}
2022-08-22 21:11:41,537 - pyswarms.single.global_best - INFO - Optimization finished | best cost: 1.0232410126645508, best pos: [-0.14403736  0.87984741 -0.32519325 -0.13674955 -0.09966774 -0.25328756
 -0.15857587  0.82103451 -0.86999544  0.34720691 -0.95268327 -0.71182502
 -0.93247918  0.68532725 -0.72351251 -0.44767783  0.80539669 -0.3591088
 -0.59164848  0.05650907  0.10740246 -0.47228682  0.19343194  0.2724429
  0.7800894  -0.37965679 -0.00552321 -0.32876249  0.58885685  0.01664069
 -0.94020379  0.87043547 -0.34713848 -0.23681253 -0.04126127 -0.105895
  0.61449065 -0.40011581  0.17784462]
2022-08-22 21:11:41,558 - pyswarms.single.global_best - INFO - Optimize for 1000 iters with {'c1': 0.5, 'c2': 0.3, 'w': 0.9}
2022-08-22 21:12:16,226 - pyswarms.single.global_best - INFO - Optimization finished | best cost: 1.0583398881958155, best pos: [ 0.51783978 -0.53396265  0.86068897 -0.16741784  0.11311865 -0.69744456
 -0.44282048  0.82469865 -0.37773504 -0.5892965  -0.42006447  0.46356429
  0.22417481  0.4376936   0.54481262  0.73177141  0.12004018 -0.25137524
  0.27776889 -0.68888756 -0.39670403 -0.82096292 -0.06953241 -0.16400895
 -0.92821632  0.99172741  0.10432333  0.04951607 -0.30432207  0.38036312
 -0.54230631 -0.19010322  0.34725601  0.22087068  0.53411723  0.26711565
  0.2528298  -0.26467136 -0.63967415]
2022-08-22 21:12:16,248 - pyswarms.single.global_best - INFO - Optimize for 1000 iters with {'c1': 0.5, 'c2': 0.3, 'w': 0.9}
2022-08-22 21:12:51,075 - pyswarms.single.global_best - INFO - Optimization finished | best cost: 1.006794983053734, best pos: [-0.26390157  0.99789229 -0.14787791  0.5391123   0.88483995  0.34860261
  0.26175628 -0.7815194  -0.1371161  -0.21242058 -0.98006509  0.31624627
 -0.11281083  0.72548401  0.73099779  0.00321986 -0.67747832 -0.61413971
  0.1682036   0.17396621  0.29230422 -0.78831839  0.22832953  0.37874629
  0.69692975  0.48402793 -0.0381259  -0.13288335  0.07303905 -0.33262503
  0.90241183 -0.58821921 -0.37652338 -0.05045718  0.26804726  0.1110453
  0.80696072 -0.05656464  0.08844703]
2022-08-22 21:12:51,092 - pyswarms.single.global_best - INFO - Optimize for 1000 iters with {'c1': 0.5, 'c2': 0.3, 'w': 0.9}
2022-08-22 21:13:25,786 - pyswarms.single.global_best - INFO - Optimization finished | best cost: 1.0436183361817934, best pos: [-0.00968355  0.53833806 -0.63989132  0.19902987 -0.97210829  0.21506204
 -0.30359987 -0.65969182 -0.57948365 -0.58575657 -0.59277346  0.41313781
 -0.33279248  0.40140266  0.56375602 -0.50521448 -0.76570347 -0.26980739
  0.12729282  0.37329052 -0.19131063 -0.45683426  0.18351635  0.33559692
 -0.67949726  0.08201642 -0.30221605  0.55920195  0.11805758 -0.32234818
  0.62972072 -0.18057844  0.13133031 -0.15430236  0.1832951  -0.11135327
  0.86729122 -0.09702002 -0.23642917]
2022-08-22 21:13:25,804 - pyswarms.single.global_best - INFO - Optimize for 1000 iters with {'c1': 0.5, 'c2': 0.3, 'w': 0.9}
2022-08-22 21:14:00,801 - pyswarms.single.global_best - INFO - Optimization finished | best cost: 1.049487593820157, best pos: [-0.53994248 -0.08116422  0.47258797  0.6401588  -0.80266583 -0.23578243
 -0.80873266  0.15339407 -0.2155117   0.39154006 -0.1913861  -0.51363819
  0.60541841  0.4757243   0.47916129  0.56428645 -0.34371962 -0.42979962
 -0.84887916  0.53288748  0.49926724  0.13950396  0.77710287 -0.41987606
 -0.04954516 -0.24951654  0.28631619 -0.34319998  0.02945843 -0.14376169
  0.24081057 -0.35166058 -0.28535176  0.2285042  -0.57075142 -0.36493224
  0.76979873 -0.59158008 -0.07664912]
2022-08-22 21:14:00,819 - pyswarms.single.global_best - INFO - Optimize for 1000 iters with {'c1': 0.5, 'c2': 0.3, 'w': 0.9}
2022-08-22 21:14:35,474 - pyswarms.single.global_best - INFO - Optimization finished | best cost: 1.0098440425515125, best pos: [-0.24754079 -0.87310733 -0.89168005 -0.33256223  0.03083785 -0.99043049
  0.11144461 -0.9450752  -0.23936869 -0.11491227 -0.03147061 -0.95622884
  0.13555567  0.54731435  0.67631138  0.15576327 -0.1885715  -0.59160996
 -0.09457847 -0.0450118  -0.49258076 -0.54844628  0.50055427  0.36808119
 -0.42854834 -0.27585496  0.40027739 -0.08888738  0.44291628  0.24941108
  0.09831038  0.26568169 -0.05602061  0.70246546 -0.58713045 -0.55374221
  0.70315505 -0.26151822 -0.509706  ]
2022-08-22 21:14:35,492 - pyswarms.single.global_best - INFO - Optimize for 1000 iters with {'c1': 0.5, 'c2': 0.3, 'w': 0.9}
2022-08-22 21:15:10,475 - pyswarms.single.global_best - INFO - Optimization finished | best cost: 1.0239412399102206, best pos: [ 0.98964246  0.9229341   0.07854566 -0.32118393 -0.1485713  -0.4260515
  0.65682288  0.83430238  0.12819716  0.24103933 -0.08874452 -0.27578898
 -0.78467444  0.76557191  0.04188387  0.09200691  0.1650986   0.2776529
  0.47384062 -0.04291234 -0.05342132 -0.97296163  0.52381869  0.44374593
  0.46580308  0.25798568 -0.16096302  0.09414331  0.25688621  0.07367972
  0.45541305 -0.81345759  0.31358581 -0.37786524  0.34177248 -0.13773526
  0.51346626 -0.48095306 -0.45408413]
2022-08-22 21:15:10,493 - pyswarms.single.global_best - INFO - Optimize for 1000 iters with {'c1': 0.5, 'c2': 0.3, 'w': 0.9}
2022-08-22 21:15:44,781 - pyswarms.single.global_best - INFO - Optimization finished | best cost: 1.0314878858430117, best pos: [ 0.13953294 -0.99789946 -0.00250607 -0.11898329  0.85371864 -0.96118934
  0.04565516 -0.85772711  0.07165792 -0.05743508 -0.69523178 -0.19924284
  0.2242701  -0.70295499  0.26826311 -0.1524967   0.5497681   0.59699246
  0.37865431 -0.15466126 -0.49023874  0.2006466  -0.69371162 -0.68250215
 -0.00893821 -0.12207574 -0.06999605  0.23917396 -0.2910856   0.11032579
 -0.39501023  0.43733929  0.12592449 -0.27518715  0.31709686  0.01166993
  0.24211684 -0.63225106 -0.27214276]
2022-08-22 21:15:45,091 - pyswarms.single.global_best - INFO - Optimize for 1000 iters with {'c1': 0.5, 'c2': 0.3, 'w': 0.9}
2022-08-22 21:16:21,253 - pyswarms.single.global_best - INFO - Optimization finished | best cost: 1.3232135462848724, best pos: [ 0.19449029 -0.69101666 -0.74880264  0.76193206 -0.20867182 -0.31922892
  0.2437574  -0.33278026  0.23422121  0.99335745 -0.9392882  -0.30944863
 -0.21973281  0.55928747  0.42549146  0.71488881  0.74782036 -0.06462315
  0.17392607  0.48865158  0.02283591  0.49206045 -0.3572856   0.12974817
 -0.14388089  0.00457043 -0.09066305 -0.00983617  0.12614651 -0.24937685
 -0.8556379   0.31665972  0.14896706 -0.03352619 -0.52651084  0.17519099
  0.33734428 -0.30325874  0.10478914  0.05263342 -0.28632578 -0.07589227
  0.48737165 -0.41479661 -0.5778466   0.49531875]
2022-08-22 21:16:21,275 - pyswarms.single.global_best - INFO - Optimize for 1000 iters with {'c1': 0.5, 'c2': 0.3, 'w': 0.9}
2022-08-22 21:16:57,406 - pyswarms.single.global_best - INFO - Optimization finished | best cost: 1.3417781840521315, best pos: [-3.65074447e-02  7.49506893e-02 -7.02447558e-01 -7.32773802e-01
 -2.64963613e-01 -6.68381038e-01 -9.99421458e-01  7.62622508e-01
 -7.06797039e-01  2.42356121e-01 -3.36874903e-01 -5.53340433e-01
 -8.20711865e-01  7.43603343e-03 -6.50251432e-01  6.82960294e-01
 -1.14097533e-01 -4.02440761e-01  8.78780567e-01  4.19040454e-01
 -3.18094470e-01 -1.09217365e-01  4.95289434e-01  2.92995592e-01
  8.33878864e-02  5.90045187e-02 -2.29187757e-01 -5.88212316e-01
 -2.29025486e-01  6.07307950e-01 -1.23516973e-01  4.32555273e-01
 -3.43675987e-01 -1.07325077e-01  1.37460704e-01  5.42581417e-01
 -8.49354834e-02 -7.16583871e-01  9.48064860e-02 -3.78982901e-01
  8.89977310e-04 -4.24823785e-01  2.82546073e-01 -6.69596989e-01
 -3.86409929e-01  2.21572852e-01]
2022-08-22 21:16:57,428 - pyswarms.single.global_best - INFO - Optimize for 1000 iters with {'c1': 0.5, 'c2': 0.3, 'w': 0.9}
2022-08-22 21:17:33,560 - pyswarms.single.global_best - INFO - Optimization finished | best cost: 1.3280216606001227, best pos: [ 0.08915522 -0.79740481 -0.00175612  0.50141024  0.26948643  0.3446365
 -0.39973753 -0.99240709 -0.05334457 -0.9849153   0.0846625  -0.29531026
  0.03684727 -0.5436437   0.32970583  0.79519408  0.23013681  0.08932233
  0.46035077 -0.50432736 -0.52781843 -0.11835475  0.7967062  -0.03225212
 -0.22531182  0.19362421  0.19211338 -0.06020007 -0.49744885 -0.51462785
 -0.62446993  0.42923855  0.51456245  0.21672259  0.38555677 -0.49831297
 -0.30375145  0.00649355  0.16362968  0.06197989 -0.36361085 -0.24621567
  0.40234815 -0.07721533 -0.18723961  0.51358096]
2022-08-22 21:17:33,579 - pyswarms.single.global_best - INFO - Optimize for 1000 iters with {'c1': 0.5, 'c2': 0.3, 'w': 0.9}
2022-08-22 21:18:09,493 - pyswarms.single.global_best - INFO - Optimization finished | best cost: 1.3246182204176744, best pos: [ 0.67916258  0.98405682  0.24381899  0.25728489  0.15454644 -0.04647192
  0.74306144  0.54145094  0.17366084  0.25572629  0.47074175  0.02312696
  0.73810889 -0.55229304 -0.16296881 -0.44432611  0.70709129 -0.54714806
 -0.50222411  0.73136498 -0.13238764 -0.66037826  0.90299185 -0.37392232
 -0.1425072   0.07038276 -0.89936263 -0.06474545  0.17023295  0.0792406
 -0.07647157  0.23038794 -0.1351192   0.47445839 -0.32524    -0.27303212
 -0.24626577 -0.02213596  0.28754023  0.40731725  0.28095258 -0.08870357
  0.40639562 -0.47155524 -0.13853433  0.65677554]
2022-08-22 21:18:09,512 - pyswarms.single.global_best - INFO - Optimize for 1000 iters with {'c1': 0.5, 'c2': 0.3, 'w': 0.9}
2022-08-22 21:18:45,299 - pyswarms.single.global_best - INFO - Optimization finished | best cost: 1.331199232390983, best pos: [-0.99935501  0.34143784  0.04765588  0.05302462  0.00595429 -0.02175214
 -0.91581013  0.58088736  0.02806087  0.95234593  0.188772    0.41275129
  0.64439457  0.23207743 -0.24261992  0.64421413 -0.30755285 -0.06453748
 -0.83917029  0.5922914   0.08851615 -0.34467939  0.13906118  0.43360786
  0.23635322 -0.16934682 -0.23216324  0.29128172  0.51649737 -0.35085728
 -0.38763046  0.20026477  0.25364395  0.50223678 -0.04206985 -0.22382389
  0.04520428 -0.28283064 -0.53958343  0.11787052  0.08910187 -0.66650808
  0.3286322  -0.31075964  0.021489    0.16020154]
2022-08-22 21:18:45,317 - pyswarms.single.global_best - INFO - Optimize for 1000 iters with {'c1': 0.5, 'c2': 0.3, 'w': 0.9}
2022-08-22 21:19:20,787 - pyswarms.single.global_best - INFO - Optimization finished | best cost: 1.3312748912400145, best pos: [ 0.00626609 -0.15675311  0.15447709 -0.02397226  0.53358688 -0.84508516
  0.01924362  0.90423858 -0.2975888  -0.14024878  0.2271062   0.89920461
 -0.08128585  0.25465222  0.05016524  0.35439688 -0.26090033 -0.8027584
 -0.52213166  0.03413632  0.07663367 -0.36646844 -0.65155581  0.31503253
 -0.26349781 -0.10461196  0.35820421  0.40517826 -0.58240443  0.10802647
  0.88796034  0.28174843  0.11341169  0.08012249  0.16011554 -0.49290275
 -0.27697999  0.13620074  0.61613349 -0.69289058 -0.3858246  -0.45714359
 -0.00114989 -0.65618796 -0.26208251  0.07834188]
2022-08-22 21:19:20,805 - pyswarms.single.global_best - INFO - Optimize for 1000 iters with {'c1': 0.5, 'c2': 0.3, 'w': 0.9}
2022-08-22 21:19:56,626 - pyswarms.single.global_best - INFO - Optimization finished | best cost: 1.3236125742665281, best pos: [-0.45494966  0.2094802  -0.96964202 -0.25463187  0.69607267 -0.41361782
 -0.01628482  0.10613446 -0.97150723 -0.33930779  0.28805177 -0.04152675
 -0.04282253  0.05142847 -0.67853905  0.15245461 -0.36948855 -0.43347817
 -0.19374266  0.07774705 -0.35868129 -0.49701972  0.63902874  0.46143107
 -0.47817087  0.5876695   0.84013177 -0.93196096 -0.35168805  0.04784522
 -0.5419515   0.23016091 -0.12579443 -0.29190596  0.14033961 -0.40696084
  0.27699873 -0.21570251 -0.43127915 -0.12540299 -0.42367256 -0.3262206
  0.40270132 -0.41042746 -0.06258443  0.41114988]
2022-08-22 21:19:56,647 - pyswarms.single.global_best - INFO - Optimize for 1000 iters with {'c1': 0.5, 'c2': 0.3, 'w': 0.9}
2022-08-22 21:20:32,205 - pyswarms.single.global_best - INFO - Optimization finished | best cost: 1.3285881169245652, best pos: [ 0.05250477  0.46970545  0.50769355  0.93898338 -0.10483129  0.94633351
  0.86090996 -0.3197251  -0.39662604 -0.73938848  0.2361721   0.31783926
 -0.26962349  0.35100792  0.34162822 -0.58620222 -0.65966414  0.50308887
  0.53875986 -0.1221397  -0.12787914  0.24966745 -0.30681622  0.04927138
 -0.31203689  0.01502296 -0.41464623 -0.18448737  0.05684778  0.10178086
  0.76069424 -0.23013717  0.20335039  0.35145354 -0.24036197  0.10399602
 -0.18954225 -0.14998208 -0.07035284  0.86869959  0.22408811  0.07773231
  0.18604762 -0.57795338 -0.29093696  0.17249399]
2022-08-22 21:20:32,223 - pyswarms.single.global_best - INFO - Optimize for 1000 iters with {'c1': 0.5, 'c2': 0.3, 'w': 0.9}
2022-08-22 21:21:07,737 - pyswarms.single.global_best - INFO - Optimization finished | best cost: 1.328802220317229, best pos: [ 0.31947307 -0.76321579  0.96988294 -0.28626672 -0.45879355  0.43610864
  0.06963106 -0.15031421  0.84461871 -0.06935196  0.00456452 -0.04045427
 -0.0114547   0.13619412  0.58815181  0.76327825 -0.03177834 -0.28400097
  0.43272789  0.29180437  0.23456501  0.32437832 -0.83307662  0.27993612
 -0.19249067 -0.35154094 -0.83632934  0.87196016  0.44603203 -0.27146628
  0.29419733  0.12212959 -0.21567926  0.03640541  0.1004917   0.00772669
  0.03502514 -0.34246386  0.24856777 -0.02389144  0.16251203  0.2860782
  0.10550291 -0.54922099 -0.15566652  0.42267066]
2022-08-22 21:21:07,755 - pyswarms.single.global_best - INFO - Optimize for 1000 iters with {'c1': 0.5, 'c2': 0.3, 'w': 0.9}
2022-08-22 21:21:43,326 - pyswarms.single.global_best - INFO - Optimization finished | best cost: 1.3371737885181563, best pos: [ 0.9945556  -0.33672693 -0.65280782  0.33640067  0.29473004 -0.31121018
  0.85942607  0.27749625 -0.24577337  0.403193    0.21601993  0.08664001
  0.91338882 -0.08715186  0.11214385 -0.3848794   0.29071527 -0.29769407
 -0.24719555  0.73416193  0.30091729 -0.03414643  0.17833346  0.0180737
 -0.15488575 -0.12796759 -0.24720783  0.41486594  0.20280624  0.21686374
  0.18893753 -0.18778764  0.25066395  0.228599   -0.02374066  0.38165161
  0.74556488  0.12325644  0.10056926  0.53945622  0.14722999 -0.03640958
  0.53579878 -0.25371657 -0.09003009  0.68460266]
2022-08-22 23:26:34,765 - pyswarms.single.global_best - INFO - Optimize for 1000 iters with {'c1': 0.5, 'c2': 0.3, 'w': 0.9}
2022-08-22 23:28:48,739 - pyswarms.single.global_best - INFO - Optimization finished | best cost: 0.6081545496549554, best pos: [-0.30533071 -0.03648606 -0.22573349 -0.61521345 -0.47643923 -0.5885719
 -0.50416534  0.16108201 -0.82127762  0.99895063 -0.36880282 -0.88499762
 -0.66561677 -0.8044427  -0.40041812 -0.6537701  -0.3784315   0.90528263
  0.05725671 -0.63487105 -0.94869742  0.36771042  0.58010341  0.27061839
  0.88280932 -0.50932788  0.03318886 -0.38945909  0.10417165  0.80445216
  0.6551817  -0.05073843]
2022-08-22 23:28:48,760 - pyswarms.single.global_best - INFO - Optimize for 1000 iters with {'c1': 0.5, 'c2': 0.3, 'w': 0.9}
2022-08-22 23:30:59,707 - pyswarms.single.global_best - INFO - Optimization finished | best cost: 0.5814701274335203, best pos: [-0.82962296 -0.04530104 -0.10065121 -0.02627238  0.39374139 -0.55457307
  0.96343444 -0.34425006 -0.09991237 -0.99873931  0.21244625  0.76346514
 -0.79386531  0.71613155  0.06983941  0.42494754  0.47892687  0.48944475
  0.72369949 -0.62094008  0.8875809  -0.05134345  0.04307468 -0.79430039
 -0.59002743 -0.10057165 -0.44978039 -0.5172371  -0.76794806  0.71526344
  0.60469063 -0.14825294]
2022-08-22 23:30:59,728 - pyswarms.single.global_best - INFO - Optimize for 1000 iters with {'c1': 0.5, 'c2': 0.3, 'w': 0.9}
2022-08-22 23:33:11,094 - pyswarms.single.global_best - INFO - Optimization finished | best cost: 0.6150251599176253, best pos: [ 0.13895654 -0.84158909  0.07719709 -0.97361971 -0.75334748  0.01190153
 -0.17189312  0.95893847 -0.95432503  0.98409254  0.34197948  0.89975208
 -0.84395503  0.67787071  0.1702664   0.54912009 -0.35264922 -0.75655878
  0.42685995  0.47134586 -0.88283104 -0.02393663 -0.06135653  0.16625808
  0.16166987  0.50557481  0.90441837 -0.34994197  0.59036424  0.07564643
  0.65548769 -0.13831315]
2022-08-22 23:33:11,113 - pyswarms.single.global_best - INFO - Optimize for 1000 iters with {'c1': 0.5, 'c2': 0.3, 'w': 0.9}
2022-08-22 23:35:21,431 - pyswarms.single.global_best - INFO - Optimization finished | best cost: 0.5705736500029024, best pos: [ 0.7308154  -0.69505412  0.91830317  0.08738805 -0.2211604   0.97609642
 -0.63488547  0.17024949  0.08332274 -0.95555759  0.40105199 -0.80455887
  0.67192916  0.05191216  0.74365806  0.39090522  0.69222056 -0.34428001
 -0.81531457 -0.07329192 -0.28615572 -0.4225216  -0.10450752  0.69004979
 -0.47520545  0.63744535  0.11748011 -0.48772491  0.99504273 -0.83832432
  0.593585   -0.68851993]
2022-08-22 23:35:21,452 - pyswarms.single.global_best - INFO - Optimize for 1000 iters with {'c1': 0.5, 'c2': 0.3, 'w': 0.9}
2022-08-22 23:37:30,935 - pyswarms.single.global_best - INFO - Optimization finished | best cost: 0.6177394804291464, best pos: [-0.17035619  0.36105713 -0.08836532  0.82237802  0.68017372  0.2171168
  0.0244545   0.23377215  0.33350668  0.88227579  0.71577714 -0.89782666
 -0.62708519  0.39691908  0.70414825  0.92794016 -0.25682177  0.08514384
  0.30934025  0.85219065  0.14838004 -0.17397422 -0.33137817 -0.7280964
 -0.91700578  0.83929492 -0.11291128 -0.38433607  0.02314277  0.60100901
  0.47236256 -0.00879739]
2022-08-22 23:37:30,953 - pyswarms.single.global_best - INFO - Optimize for 1000 iters with {'c1': 0.5, 'c2': 0.3, 'w': 0.9}
2022-08-22 23:39:42,617 - pyswarms.single.global_best - INFO - Optimization finished | best cost: 0.5935719045965181, best pos: [ 0.77300218 -0.326989   -0.75095701  0.25474721 -0.91713361  0.75271254
  0.99576819  0.90748812 -0.50048939 -0.17176394 -0.3976027   0.03522287
  0.55527217 -0.51887947  0.79048974 -0.08755534  0.87505091 -0.50890276
 -0.30235678  0.51981329  0.2733185  -0.51699876 -0.06923065  0.22629485
  0.28658676  0.53410004 -0.5111698   0.51765341  0.05174101 -0.43282581
  0.56618843 -0.8220521 ]
2022-08-22 23:39:42,636 - pyswarms.single.global_best - INFO - Optimize for 1000 iters with {'c1': 0.5, 'c2': 0.3, 'w': 0.9}
2022-08-22 23:41:54,368 - pyswarms.single.global_best - INFO - Optimization finished | best cost: 0.5728083494561117, best pos: [-0.86179728 -0.70198567 -0.69568498 -0.37445855  0.38817641  0.73656743
  0.37747682 -0.56871745 -0.93375245  0.54253532 -0.22767206  0.8528822
 -0.31896874  0.37173378  0.4742632   0.52998391 -0.86880977  0.64156248
 -0.08216406 -0.59029631 -0.88518609  0.04840506 -0.30678429  0.70031322
 -0.70715832 -0.29624094 -0.47151648  0.00811178 -0.93634496  0.50753742
  0.66341992 -0.6076865 ]
2022-08-22 23:41:54,387 - pyswarms.single.global_best - INFO - Optimize for 1000 iters with {'c1': 0.5, 'c2': 0.3, 'w': 0.9}
2022-08-22 23:44:05,723 - pyswarms.single.global_best - INFO - Optimization finished | best cost: 0.5778708418257357, best pos: [-0.62697455 -0.22964918  0.84952565 -0.80837035  0.52004951 -0.8059849
 -0.1498265   0.50977787  0.96081156  0.29889298  0.24425039 -0.7283903
  0.21137301 -0.17129521  0.61327739 -0.40072196  0.64246216  0.54947611
 -0.45504615  0.47286176  0.6202843   0.03552559 -0.92614892  0.51247827
  0.33311078 -0.19541679  0.04031235  0.15609423 -0.64530574  0.21170226
  0.89897036 -0.46766052]
2022-08-22 23:44:05,743 - pyswarms.single.global_best - INFO - Optimize for 1000 iters with {'c1': 0.5, 'c2': 0.3, 'w': 0.9}
2022-08-22 23:46:18,267 - pyswarms.single.global_best - INFO - Optimization finished | best cost: 0.5997343089766026, best pos: [-0.92040865 -0.87729601 -0.02559867  0.77325461  0.05119842  0.28628672
  0.79322355 -0.1789945  -0.86691348  0.4700644  -0.94476749 -0.50453019
 -0.37600032 -0.28059081 -0.54191958 -0.63833765  0.64205431 -0.00357856
  0.77469984  0.08358739 -0.22208576 -0.41332121  0.7284312  -0.56517542
  0.29312631 -0.15745579 -0.00977684  0.87411705  0.58925175  0.16071884
  0.89154347 -0.76275549]
2022-08-22 23:46:18,288 - pyswarms.single.global_best - INFO - Optimize for 1000 iters with {'c1': 0.5, 'c2': 0.3, 'w': 0.9}
2022-08-22 23:48:28,718 - pyswarms.single.global_best - INFO - Optimization finished | best cost: 0.5961202471725968, best pos: [-0.11185732 -0.8315257  -0.94120854 -0.26831752  0.41822144  0.0640499
  0.11787186  0.13196762 -0.8107694   0.26963202  0.6624364  -0.14806069
  0.65185299  0.48693611 -0.75840386  0.2812149  -0.31257143 -0.30836754
  0.3087547  -0.99450964 -0.74962797  0.47164218  0.73728535 -0.69188266
 -0.02207279 -0.73934156  0.53102246 -0.06986158 -0.18996161 -0.3427517
  0.14932008 -0.52554633]
2022-08-22 23:48:29,026 - pyswarms.single.global_best - INFO - Optimize for 1000 iters with {'c1': 0.5, 'c2': 0.3, 'w': 0.9}
2022-08-22 23:50:51,951 - pyswarms.single.global_best - INFO - Optimization finished | best cost: 1.0266031696362046, best pos: [ 0.26387736 -0.76317416  0.36549601 -0.74740017 -0.98850489  0.01794243
  0.14356837 -0.19038427  0.10627801 -0.94224625 -0.79076045 -0.35184474
 -0.02749732  0.58137153  0.01939606 -0.43780931  0.68579354  0.13723417
 -0.08477429  0.18497633 -0.28515685 -0.40023607  0.1860635  -0.05443634
  0.07716952 -0.08688706 -0.23839759  0.35472546 -0.6469186  -0.58418051
 -0.3986044   0.66203268  0.43180874  0.08986938  0.23930498 -0.26112202
  0.74403827 -0.42721396 -0.10316906]
2022-08-22 23:50:51,974 - pyswarms.single.global_best - INFO - Optimize for 1000 iters with {'c1': 0.5, 'c2': 0.3, 'w': 0.9}
2022-08-22 23:53:18,293 - pyswarms.single.global_best - INFO - Optimization finished | best cost: 1.0253356912788198, best pos: [ 0.55686517 -0.29579127 -0.90150644  0.86207217 -0.06675447 -0.07040442
  0.4151356   0.86431615  0.52530367 -0.93457755  0.05965364  0.54506128
  0.49777609 -0.68434756  0.69577131  0.58735252  0.77125084  0.36828268
  0.03768558 -0.68974643 -0.44772742 -0.11869837 -0.52148002 -0.553373
 -0.95041421  0.35037567  0.56386102 -0.98608841  0.35214862  0.11536932
 -0.09516336 -0.06241933  0.22611974 -0.30133492  0.79271464 -0.20679899
  0.84776608 -0.32243852 -0.43506942]
2022-08-22 23:53:18,314 - pyswarms.single.global_best - INFO - Optimize for 1000 iters with {'c1': 0.5, 'c2': 0.3, 'w': 0.9}
2022-08-22 23:55:40,749 - pyswarms.single.global_best - INFO - Optimization finished | best cost: 1.0385158165600137, best pos: [ 0.92586776 -0.56093411 -0.05076578 -0.0994962   0.94015441 -0.1543574
 -0.38577198 -0.05194096 -0.02293537 -0.108615   -0.65189324 -0.4856445
 -0.78688272 -0.66509259  0.40951597 -0.21177381  0.76999684 -0.25371715
  0.83026934 -0.31667636 -0.5932104  -0.36581637 -0.17610763 -0.56323578
  0.68252465  0.11875891 -0.01974305 -0.57803861 -0.22944087 -0.25666167
 -0.83422509 -0.0123145  -0.16104825  0.19663159 -0.16842342 -0.17067601
  0.69971135 -0.28219265 -0.50541228]
2022-08-22 23:55:40,770 - pyswarms.single.global_best - INFO - Optimize for 1000 iters with {'c1': 0.5, 'c2': 0.3, 'w': 0.9}
2022-08-22 23:58:02,264 - pyswarms.single.global_best - INFO - Optimization finished | best cost: 1.0434180484276843, best pos: [ 2.49355263e-01  7.97335841e-02  1.24202064e-01  9.25156518e-01
  5.99940382e-01 -3.15950099e-01  7.62186320e-01 -6.01059171e-02
  5.46955227e-01  9.06133765e-01  3.29995797e-01  7.52394603e-01
  1.11057080e-01  5.05512381e-01  1.12258312e-01 -9.48337418e-01
 -1.13821721e-01 -1.82974233e-01 -8.66140633e-01  3.31615491e-01
  1.72653082e-01  8.82405147e-01 -7.96198144e-01  4.48353956e-01
  6.53502371e-04 -2.84725274e-01  4.15270577e-01  6.24915040e-01
 -7.51719183e-01 -4.42905460e-01  7.24606457e-01  1.44995155e-01
 -5.56452633e-03  2.04274952e-01 -1.90591739e-01 -2.99018384e-01
  3.72892167e-01  1.24586972e-01 -2.91471017e-01]
2022-08-22 23:58:02,282 - pyswarms.single.global_best - INFO - Optimize for 1000 iters with {'c1': 0.5, 'c2': 0.3, 'w': 0.9}
2022-08-23 00:00:20,733 - pyswarms.single.global_best - INFO - Optimization finished | best cost: 1.038750764360503, best pos: [ 0.7918117   0.07701121 -0.07856388  0.20686497  0.99787378  0.56591975
  0.65670266 -0.21781928 -0.04652336 -0.06998665  0.60664104  0.19062264
  0.31874998  0.6204117  -0.30774693  0.09750373 -0.74627443 -0.16302716
 -0.89717015  0.87450618  0.39039581  0.55220768  0.09601942 -0.38700371
  0.12936185 -0.31604391  0.28252177  0.00997841  0.2443827   0.35345576
  0.68715918 -0.29977788 -0.11465526  0.32880567 -0.62975686 -0.3913098
  0.91784577 -0.0566005   0.47762247]
2022-08-23 00:00:20,754 - pyswarms.single.global_best - INFO - Optimize for 1000 iters with {'c1': 0.5, 'c2': 0.3, 'w': 0.9}
2022-08-23 00:02:45,650 - pyswarms.single.global_best - INFO - Optimization finished | best cost: 1.030570091280646, best pos: [ 0.35837608  0.62469507 -0.06190255 -0.45034023  0.77927193 -0.54219522
 -0.95472734 -0.08183242  0.15523653 -0.80573281  0.27645539  0.1433841
  0.69259567 -0.08109262  0.44833371 -0.42511382 -0.41247519  0.10664937
 -0.81808907  0.37321901  0.12614822 -0.13080895 -0.00394004 -0.15519962
  0.44717274  0.3009425   0.08698653  0.76876508 -0.31243051 -0.37752022
  0.67849058 -0.38385014 -0.52406473 -0.6160421   0.0854871   0.32607282
  0.94837838 -0.35073275 -0.19098909]
2022-08-23 00:02:45,670 - pyswarms.single.global_best - INFO - Optimize for 1000 iters with {'c1': 0.5, 'c2': 0.3, 'w': 0.9}
2022-08-23 00:05:17,416 - pyswarms.single.global_best - INFO - Optimization finished | best cost: 1.0217113689425636, best pos: [ 0.1121492  -0.41796224 -0.88453967 -0.19831706 -0.17128411  0.33727627
 -0.24306858  0.33643719  0.90418237 -0.1343502  -0.76061935 -0.98413593
 -0.05302211  0.14409223 -0.63658683  0.32318343  0.23602272 -0.59675525
  0.13728407 -0.33560554  0.07842356  0.00372153  0.46787937  0.58887919
  0.48897341 -0.93630101 -0.01465628  0.02229033  0.3676599   0.17515704
  0.11921205  0.64527116  0.19705336  0.71820677 -0.85546632 -0.09177225
  0.84490087 -0.70396124  0.11465884]
2022-08-23 00:05:17,437 - pyswarms.single.global_best - INFO - Optimize for 1000 iters with {'c1': 0.5, 'c2': 0.3, 'w': 0.9}
2022-08-23 00:07:48,160 - pyswarms.single.global_best - INFO - Optimization finished | best cost: 1.0330298508668474, best pos: [ 8.30081982e-02  2.66818644e-01 -8.46188530e-01 -2.19719740e-01
 -9.81764862e-01 -2.50704188e-02 -1.84817405e-01  2.92804040e-01
 -9.31787838e-01 -8.39592918e-01  8.76133774e-04  4.00826732e-01
  4.21341258e-01  6.44360860e-02  6.44513453e-01 -3.98130942e-01
 -5.46469054e-01 -1.93868044e-01  1.80250333e-01 -2.58023937e-01
 -4.15242424e-01 -1.94733137e-01 -4.23168977e-01 -4.98682385e-01
 -4.63718347e-01  3.80893656e-01  1.93906806e-01  4.12461947e-01
 -5.67180808e-01 -1.42366254e-02  7.99151515e-01 -2.70590895e-01
 -3.02172052e-01  5.28094943e-01 -2.69533615e-01 -3.06310912e-01
  7.57412603e-01 -2.84513619e-01  3.42405082e-02]
2022-08-23 00:07:48,181 - pyswarms.single.global_best - INFO - Optimize for 1000 iters with {'c1': 0.5, 'c2': 0.3, 'w': 0.9}
2022-08-23 00:10:12,949 - pyswarms.single.global_best - INFO - Optimization finished | best cost: 1.0147656615557796, best pos: [ 0.60196995 -0.05191417  0.04079363 -0.51625779  0.22467564 -0.87748681
 -0.89932625  0.17699686  0.99580601  0.243673   -0.03016074  0.89981004
  0.46641454 -0.35671419 -0.38361065  0.03672576  0.03610144  0.78441641
 -0.69823483  0.62588995  0.17985356 -0.54484219  0.45798347 -0.03898026
  0.3106725  -0.09594194 -0.22370865  0.20928024  0.28426876 -0.32746139
 -0.08509477 -0.56982884 -0.45990108 -0.75526587  0.7474294   0.3445444
  0.22750938 -0.70476355 -0.50853191]
2022-08-23 00:10:12,972 - pyswarms.single.global_best - INFO - Optimize for 1000 iters with {'c1': 0.5, 'c2': 0.3, 'w': 0.9}
2022-08-23 00:13:59,771 - pyswarms.single.global_best - INFO - Optimization finished | best cost: 1.035965299743011, best pos: [ 0.02098167  0.07882525 -0.77895414 -0.25091269  0.8820174  -0.69155265
 -0.76372508  0.41789662  0.45721127 -0.49066339  0.93340374 -0.07483725
 -0.28030584 -0.51234162 -0.48696348  0.60966507 -0.66444358 -0.13959199
  0.1475142  -0.54691348 -0.07417853  0.19258433  0.22814548  0.02106905
  0.53991913  0.04783457 -0.14949309  0.19153307 -0.54031188 -0.36949427
  0.68151019 -0.96518781 -0.26074427  0.06222562 -0.469367    0.00396104
  0.15175558 -0.49628651 -0.3100949 ]
2022-08-23 00:14:00,315 - pyswarms.single.global_best - INFO - Optimize for 1000 iters with {'c1': 0.5, 'c2': 0.3, 'w': 0.9}
2022-08-23 00:16:52,574 - pyswarms.single.global_best - INFO - Optimization finished | best cost: 1.3213223148513937, best pos: [-0.91016699  0.23724511 -0.77208342 -0.39845246 -0.92086425 -0.47163609
  0.95853163  0.10405578  0.16775761 -0.5537761   0.82154428  0.5648886
 -0.65566061 -0.22418057  0.26263558  0.00596666  0.5250798  -0.41996454
  0.70870336 -0.77342352 -0.23888427  0.04021941  0.17511279 -0.03132806
 -0.09540505 -0.29090108 -0.57971228 -0.36647474 -0.39806627  0.00127433
 -0.05417897 -0.18683368 -0.05831592 -0.24439445 -0.37601439  0.61664117
 -0.01609417 -0.10846813 -0.19205804 -0.09698501 -0.21785963 -0.22127597
  0.28803675 -0.56739454 -0.13651714  0.29885275]
2022-08-23 00:16:52,600 - pyswarms.single.global_best - INFO - Optimize for 1000 iters with {'c1': 0.5, 'c2': 0.3, 'w': 0.9}
2022-08-23 00:19:54,971 - pyswarms.single.global_best - INFO - Optimization finished | best cost: 1.3295332070949573, best pos: [-0.4022591  -0.6224424   0.67307151  0.10857291  0.30943006 -0.91855329
  0.10740875  0.86311687  0.2840312   0.05815099  0.1323528  -0.96489954
  0.34566067  0.49048793  0.12428385  0.1857528   0.46318499  0.87002017
 -0.34265821  0.27189986 -0.17652845  0.64882944 -0.29630541  0.23637323
  0.26333131  0.02114175 -0.45142514  0.54801655  0.2982898   0.22695436
  0.59225583  0.22244083 -0.10635632 -0.04366748 -0.61998568 -0.58294917
  0.41905469  0.31632399 -0.35739845  0.40557457  0.63318354 -0.0787556
  0.66534175 -0.29123508 -0.48138217  0.13725376]
2022-08-23 00:19:55,009 - pyswarms.single.global_best - INFO - Optimize for 1000 iters with {'c1': 0.5, 'c2': 0.3, 'w': 0.9}
2022-08-23 00:22:52,477 - pyswarms.single.global_best - INFO - Optimization finished | best cost: 1.3288280439435385, best pos: [ 0.39522364 -0.98677604  0.49320844  0.51295268 -0.12815947 -0.87151384
 -0.05681784  0.8164578  -0.41770849  0.31752496  0.1800002   0.43670106
  0.25384947  0.78042561  0.20498545  0.40962648  0.19151391 -0.5172494
 -0.16627575  0.10015133 -0.05240982  0.56351862 -0.8437737  -0.04008741
  0.22640397 -0.4707119  -0.30539923 -0.0736873   0.41756683 -0.06022273
  0.06020469 -0.03639648 -0.20023047 -0.0855952  -0.46264105  0.25817277
  0.71250283  0.60677299  0.35674025 -0.4074152  -0.08535123  0.17961336
  0.73518686 -0.18147129 -0.22594697  0.58477389]
2022-08-23 00:22:52,507 - pyswarms.single.global_best - INFO - Optimize for 1000 iters with {'c1': 0.5, 'c2': 0.3, 'w': 0.9}
2022-08-23 00:25:47,343 - pyswarms.single.global_best - INFO - Optimization finished | best cost: 1.3150621917099368, best pos: [ 0.67195379  0.71258692 -0.08934825  0.02972405  0.12471609 -0.86746319
 -0.9616716  -0.05556197 -0.06267905  0.90369145 -0.12118963  0.96180898
  0.78831334  0.16612631 -0.30184982  0.22617692  0.36510599  0.49224738
 -0.5437971   0.38990964  0.24188403 -0.31721617 -0.15239924  0.29297802
  0.43517403 -0.04996556  0.14199057  0.34592664 -0.01254357 -0.34484024
 -0.00361483  0.33020966 -0.04109234  0.11015734 -0.49009058 -0.412523
 -0.37231337  0.32739812 -0.80365789  0.23685629  0.45424469 -0.31225416
  0.38518864 -0.46208614 -0.59004087  0.10023121]
2022-08-23 00:25:47,373 - pyswarms.single.global_best - INFO - Optimize for 1000 iters with {'c1': 0.5, 'c2': 0.3, 'w': 0.9}
2022-08-23 00:28:39,463 - pyswarms.single.global_best - INFO - Optimization finished | best cost: 1.3353695640089407, best pos: [ 0.4159161   0.29447944  0.93252798 -0.41587044  0.01796484 -0.28953103
  0.08023357 -0.17278028  0.06954435 -0.65510093 -0.07768565 -0.97663097
  0.51723049 -0.16495146 -0.95987039 -0.56224967  0.66340771  0.56901307
  0.48726109  0.31830982  0.18046115  0.21376018  0.60136993  0.45711281
  0.29940361 -0.02762932  0.85135809 -0.05422449  0.4203949   0.66154185
  0.42686091 -0.76740409  0.14913666  0.67876883  0.01374333  0.14793689
 -0.12714757  0.38181416  0.23173251  0.92266271  0.51441379 -0.24847698
  0.57402112 -0.79428484  0.0712051   0.94775626]
2022-08-23 00:28:39,498 - pyswarms.single.global_best - INFO - Optimize for 1000 iters with {'c1': 0.5, 'c2': 0.3, 'w': 0.9}
2022-08-23 00:31:36,178 - pyswarms.single.global_best - INFO - Optimization finished | best cost: 1.314598796583944, best pos: [ 0.22096912  0.08149934  0.9447065   0.28688909  0.9779348   0.03608584
  0.04967468  0.21771951 -0.85541046 -0.03571046 -0.94484987 -0.07306214
  0.47692253  0.06310094 -0.50914145 -0.08205344  0.78202592  0.30778645
 -0.50643144  0.22620835 -0.69672917  0.028913   -0.21585421 -0.41125187
 -0.02916454  0.37147609  0.5141019  -0.43609458 -0.3768486   0.22538242
 -0.17711455 -0.08831327 -0.05418257  0.03049687 -0.95333109  0.26825163
  0.45345542 -0.11220096 -0.01511108 -0.22203826 -0.19143709 -0.08987059
  0.48123921 -0.54349916 -0.20915871  0.21933796]
2022-08-23 00:31:36,208 - pyswarms.single.global_best - INFO - Optimize for 1000 iters with {'c1': 0.5, 'c2': 0.3, 'w': 0.9}
2022-08-23 00:34:29,981 - pyswarms.single.global_best - INFO - Optimization finished | best cost: 1.3328576264740746, best pos: [ 0.32949068  0.15774653 -0.86565177 -0.76307878  0.96683528 -0.96382944
 -0.43487398 -0.02750546  0.15068295  0.73326465  0.33891303  0.39833381
 -0.18737651 -0.16728374 -0.28521288 -0.14718125  0.51154605  0.63365253
  0.34604722 -0.63803842  0.11993099 -0.48556955  0.07812028 -0.07107549
 -0.15449702 -0.17737626  0.40860703  0.19786925  0.32830492  0.194049
  0.60149346 -0.01499639  0.17340443  0.26504129 -0.41269476 -0.01513722
 -0.04757811 -0.44261771 -0.59548549  0.39904551  0.56128546 -0.20385409
  0.41307025 -0.43140305 -0.45296762  0.52760237]
2022-08-23 00:34:30,004 - pyswarms.single.global_best - INFO - Optimize for 1000 iters with {'c1': 0.5, 'c2': 0.3, 'w': 0.9}
2022-08-23 00:37:23,493 - pyswarms.single.global_best - INFO - Optimization finished | best cost: 1.3327689569488166, best pos: [-0.55186197 -0.00178374 -0.12434128 -0.39872492  0.96157174 -0.03488197
  0.30569896  0.19672482  0.1907489   0.67392532 -0.92350827  0.39488866
  0.4429445  -0.37768251  0.00408583  0.06853389  0.73864908 -0.00469074
 -0.89069411 -0.01709945  0.33652913  0.23508312 -0.3792031  -0.03716398
 -0.31480879 -0.0461413  -0.16314196 -0.15384199  0.11469089 -0.13546815
 -0.10544647  0.16324832  0.08873233  0.19583131 -0.95534063  0.3957284
 -0.1201602  -0.29706598  0.20770933  0.40861623  0.22948165 -0.18796209
  0.46664527 -0.23268531 -0.31693528  0.27070778]
2022-08-23 00:37:23,517 - pyswarms.single.global_best - INFO - Optimize for 1000 iters with {'c1': 0.5, 'c2': 0.3, 'w': 0.9}
2022-08-23 00:40:13,513 - pyswarms.single.global_best - INFO - Optimization finished | best cost: 1.3130773439478431, best pos: [ 0.09937514  0.0131217  -0.87052311  0.83850862  0.17897394 -0.38056117
 -0.02579306  0.21888722  0.9363647  -0.95540847 -0.18366916 -0.04593265
 -0.33369556 -0.09291981  0.65770431  0.43591982 -0.11894115  0.10524147
 -0.16733654  0.65498679  0.26034038  0.3415803   0.0969933   0.13871513
  0.57817912  0.30770055 -0.86447092  0.74797535  0.1662026  -0.2584342
 -0.23738318  0.6304759   0.45379158 -0.04501732 -0.17092218  0.35950378
  0.27573725  0.11616783  0.61536792  0.17889849  0.47354014  0.34905235
 -0.05454535 -0.50893745 -0.43939014  0.3259135 ]
2022-08-23 00:40:13,542 - pyswarms.single.global_best - INFO - Optimize for 1000 iters with {'c1': 0.5, 'c2': 0.3, 'w': 0.9}
2022-08-23 00:43:01,728 - pyswarms.single.global_best - INFO - Optimization finished | best cost: 1.338122702645112, best pos: [ 0.63653126 -0.95583658  0.99898795 -0.00249766  0.61484085 -0.04093399
  0.19753405  0.32738     0.39760758 -0.35805568  0.33787965  0.22319375
 -0.40200398  0.6355484   0.25057278 -0.80506299 -0.11216621  0.1948396
  0.11247955  0.05053034 -0.01267915  0.19239851 -0.60450394  0.72239681
  0.03646048 -0.43121851 -0.26049217  0.75618099 -0.16783965 -0.31637251
  0.2598509   0.57718186 -0.05370539 -0.49609575  0.44413284  0.00333293
  0.41840863  0.3449647   0.1976135  -0.3588152  -0.02289649  0.00389276
  0.34415027 -0.11705884 -0.0437207   0.42632592]
