2022-07-22 00:45:48,307 - pyswarms.single.global_best - INFO - Optimize for 1000 iters with {'c1': 0.5, 'c2': 0.3, 'w': 0.9}
2022-07-22 00:46:01,020 - pyswarms.single.global_best - INFO - Optimization finished | best cost: 0.04428582452464307, best pos: [ 0.12235269  0.02890337  1.14230634  0.16006511 -1.35083889 -0.26250408
  0.37848382  2.18014039  5.35127829  0.2011767   2.37467888 -2.26731686
  1.69924383 -0.03284557  1.41590881 -0.53414735 -2.06513057 -0.83997104
  5.5612604   1.44337844 -0.84839028  2.59107355  0.65830289  1.24949441
  1.11577633  1.53226718  2.16863214 -0.05089887  4.96427626  1.15577042
  0.64424738  4.66629711  0.74866874 -1.07171837  0.67602023  0.47279409
 -0.22411388  1.25541038  0.20400283 -0.4481529  -0.06836955  2.9893323
 -0.54207239  1.19207071 -0.14791386  0.23417832  4.21436109  5.24886839
  6.577231   -4.72533372  3.89832681  1.08433966 -1.17527713 -6.51411617
 -0.31094902  0.66402415  1.90710545 -0.69143813 -0.43167389  0.04206439
  0.80650494 -3.61385674 -2.19345561  0.70884791  9.60243989  3.83153001
  0.76318959 -3.08284165 -1.11770895 -0.76287673  0.64293327 -0.77027646
 -4.56450731  0.9513799   2.12295825  1.40957998 -0.78072333  8.41314994
 -1.50716962  2.51441562 -3.73222795  2.58797662  0.54060978  1.34181483
  1.27094225  0.19854744  0.23693204  0.06913021 -3.35632389  3.4061562
 -1.14059112  3.29990273 -0.38156426  1.13787525  2.98015293  1.01465609
  0.15024634 -0.14670895  2.51859469]
2022-07-22 00:46:01,048 - pyswarms.single.global_best - INFO - Optimize for 1000 iters with {'c1': 0.5, 'c2': 0.3, 'w': 0.9}
2022-07-22 00:46:14,584 - pyswarms.single.global_best - INFO - Optimization finished | best cost: 0.03876416960951233, best pos: [ 1.23538639e+00 -8.28249524e-02 -1.16413211e+00 -4.19023069e-01
 -1.89889360e-01  1.88224101e+00 -1.54128481e+00 -7.24187064e-01
 -1.21543302e-01  2.73204345e-01  5.17767353e-01 -4.28630208e+00
 -7.80632654e-01  1.61716628e+00 -3.32808351e+00 -7.30142025e-01
  4.77367242e-01 -3.68311779e-01  4.10142898e-01  1.73541426e+00
 -1.43230432e+00 -2.11183016e-01  8.12972212e-01  1.33704575e-01
 -5.68665209e-01 -7.66515059e-01  4.92535222e-01 -4.33008791e-01
 -6.47779028e-01  4.92254394e-01  5.39581275e-01 -2.68247345e+00
  1.77736439e+00 -7.07732987e-01 -3.81803611e-01  2.53771259e-01
 -6.87074953e-01 -1.18853303e+00 -4.14520141e-01 -4.17704857e-01
 -1.52367100e+00  6.06117671e-01  6.92778854e-01  3.45103796e-01
  2.75808814e-01 -1.59188255e+00 -1.02575484e-01  1.09107058e+01
 -1.14736995e+00 -1.73395170e-01 -6.36831594e-01 -2.28025797e+00
 -1.63109473e-02  2.11887201e-01 -3.88484580e+00  1.69967025e+00
 -1.66264130e-01  4.36846251e+00 -3.59886339e-01  1.40577583e+00
 -1.88673714e+00 -2.55437168e+00 -9.35045338e-01  3.48250424e-01
  1.01431441e+00 -3.94524517e+01 -2.96209581e-01 -1.71217373e+00
 -5.08507998e-01 -5.57954728e-01 -8.82476212e-01 -1.32280203e+00
  7.96567922e-01  5.40004504e-01 -1.82464267e+00  4.89130171e-01
  1.21120503e+00 -1.24186462e+00 -1.23078638e+00 -1.08723962e+00
 -1.24121257e+00 -1.15373105e+00 -1.64401300e+00 -1.76772465e+00
 -7.19390151e+00  1.89110491e+01 -1.03941623e+00 -4.10168495e-01
 -9.15517972e-01 -1.20929067e+01  7.86092858e-01 -3.89042960e-01
 -5.70869541e+00 -3.34789927e-01 -1.58534462e+01  1.13809218e-01
  3.45169980e+00  2.54648818e-01 -2.40187187e+00]
2022-07-22 00:46:14,618 - pyswarms.single.global_best - INFO - Optimize for 1000 iters with {'c1': 0.5, 'c2': 0.3, 'w': 0.9}
2022-07-22 00:46:28,724 - pyswarms.single.global_best - INFO - Optimization finished | best cost: 0.02925815711067127, best pos: [  0.24891267   0.70892336  -0.31873541  -0.83787958   1.3956486
  -0.17875198   1.73667394  -0.81150333  -0.30011474  -2.46853568
  -0.43010898   0.43652638   0.7521289    6.45296523   1.19345105
   1.5546744   -1.09947988   0.03363395  -0.82484052  -1.79989756
   0.87810612   0.28684032   0.43908061   3.43208794  -0.97966238
  -4.27235667  -2.17702559  -0.49199294   0.1082255    2.76295228
  -3.04833701  -6.51809202   0.43462772   0.57696157  -0.81340066
   1.15316207  -0.91763238  -2.9043018    0.18494744  -0.85145395
  -0.14639924   0.24268398   0.58994579   0.87881308  11.16958287
   0.23348846  -0.76416847   0.75330085  -0.59899368   0.47420736
  -0.28391348   1.36759747  -0.55919534  -0.07314076   4.26649471
  -0.54344073 -22.5869091   -2.25420047   0.62934933  -5.99874324
   1.91485173 -25.86755005  -1.44060084   1.028969    10.59982559
  -4.93638233  -0.78247562   0.33274949  -0.04009119  -0.42447854
   0.09279107   1.20184491  -0.22701067   0.95847629   1.29630312
   1.73257684  -1.8110782    0.14684917  -3.07552006  -0.82752873
 -11.34643709   1.26148909   1.69841875  -1.05869666   0.15182147
  -1.44698213   2.14601936  -0.35130355  -0.6579501   -1.2260422
   0.14486801   0.86692154  -0.69527345  -0.17214039  -0.53192753
  -0.232224    -1.0773144    3.43428973   0.30857856]
2022-07-22 00:46:28,751 - pyswarms.single.global_best - INFO - Optimize for 1000 iters with {'c1': 0.5, 'c2': 0.3, 'w': 0.9}
2022-07-22 00:46:42,283 - pyswarms.single.global_best - INFO - Optimization finished | best cost: 0.04687562036331072, best pos: [  0.25037074   0.92142263   1.23425172   0.4805078   -0.03008694
   1.05426717   0.21846776   2.11818218   0.30266616   2.12584096
   2.45413604   1.10499978  -4.08243695   0.23477463   1.05923622
   0.79385466  -2.49907971   2.76953785   0.72195167   0.45433645
   0.21796835   1.79915681  -0.2872896    1.26341977   0.31823389
   1.86150782   5.04721558   2.18460264  -0.54951773   1.7988576
  -1.09556706   0.20983092   0.89015531   2.01496849   0.56334105
   0.36468831   2.12168812   1.24642994   0.88633815   2.94838699
   7.51131801  -0.54998566  -2.02901519   1.86203945   1.7283106
   1.69872915   5.71873534   1.29062386  -0.59959472   0.94467416
   2.22644682   4.63253996   3.53815852  -2.2982759    5.16693814
   0.72466788   2.05103553   0.82877437   0.62612894   0.21057864
   1.84904824   2.45848041   1.91143414   2.20837943   0.6158568
  -1.04912133   1.65165954   2.05300187   1.66917072  -0.27998891
  -1.2632846    1.79855536 -10.90367701   2.04734554   2.40843142
   1.10645787   0.81690459   0.79572452   0.82079131   4.04552382
  -4.98789548   0.5996004   -0.91224493   1.51942896   2.16329589
   1.37625943  -1.19122892   1.61593815   0.74005033  -2.30197764
   0.86075546   1.46994504   1.61416706  -0.0967693    2.34695195
  -0.46105881   0.46660727   0.61139552   3.07774874]
2022-07-22 00:46:42,311 - pyswarms.single.global_best - INFO - Optimize for 1000 iters with {'c1': 0.5, 'c2': 0.3, 'w': 0.9}
2022-07-22 00:46:55,959 - pyswarms.single.global_best - INFO - Optimization finished | best cost: 0.018640300621712978, best pos: [-4.86135895e-01  1.10655985e+00  2.59342229e-01  4.04192189e-01
  6.47700671e+00  8.69890016e-01  1.18010551e+00 -3.11411151e-01
  1.11672066e+00  4.86776591e-01 -1.37653063e-01  1.06893045e+00
  1.48069546e+00 -6.26709885e-02  4.63513132e+00 -6.04207584e-01
  2.35512580e+01  4.78086013e-01 -5.03910983e-02 -1.63068301e+00
  1.28576269e+00 -1.63634341e-01  2.35708928e+00 -6.84760639e-01
 -3.57857260e+00 -2.65436033e+00 -1.00548370e+00  1.77978854e+00
  9.18631528e-01 -1.14456073e+00  8.96871076e-01  5.35485453e-01
 -3.30165535e-01 -4.63383541e+00 -2.10244266e+00 -2.22362270e+00
 -1.82097364e+00 -4.24360350e-01  1.77589134e+00  2.00924072e-02
 -6.43451993e+01  6.19667698e-01 -1.98970558e+00  4.93022378e-01
 -7.78227163e+00  1.43851501e+00 -9.58328417e-01  4.42917119e-01
  2.88043108e-01  1.11993319e+00 -3.47038172e-01 -1.78024275e+00
 -9.53255092e-04 -2.13354588e+00  1.06490334e+00 -2.43228446e+00
 -2.68533887e+00  1.38045759e+00  4.05050950e+00  5.16902440e+00
  3.91626612e-01 -8.41137974e-01 -1.68783353e-01  1.20639929e+01
  1.95374508e+00  1.53825920e+01 -4.97715449e-01 -1.37720849e-01
 -4.28486464e-02 -1.23671145e+00  2.97070536e+00  1.73517448e+00
 -2.17806794e+00  3.59306715e+00  1.14406099e-01  1.16368563e-01
 -7.30639988e-02  2.81458172e+00 -1.12478307e+00  1.08531072e+00
 -2.28225444e+00 -1.70648634e+00 -1.46009252e-01  2.68610625e+00
  7.63038668e-01 -3.81390531e+00  2.40434770e+00  6.64567671e+00
 -1.03066836e-01 -5.25809260e+00 -2.21756340e+00  2.76549095e+00
 -1.89062758e+01  1.93409643e+01 -6.92245584e-01 -8.75168930e+00
 -2.09529959e+00 -5.62219877e-01  2.10409198e-01]
2022-07-22 00:46:55,989 - pyswarms.single.global_best - INFO - Optimize for 1000 iters with {'c1': 0.5, 'c2': 0.3, 'w': 0.9}
2022-07-22 00:47:10,024 - pyswarms.single.global_best - INFO - Optimization finished | best cost: 0.02434950157080376, best pos: [  0.36954323   1.93399157   2.33531558   5.75989428  -3.17192117
  -0.45060281   1.19829125  -2.79069013  -1.88776787  -1.00398421
   1.69537974   1.87727435  -0.0604742    0.42008483  -0.11431944
  -3.06777407   3.6291154   -0.65663711   1.31757866  -0.72919528
  -2.33973039  -1.54793186   0.65788753  -1.52636915  -0.67243552
   1.01688388  -1.36045572   0.54600354   3.48584896   0.92318349
  -2.97133949   1.13203058   0.34361843   0.26348473  -2.52944139
  -1.45719402  -0.90320766  -0.04158901   2.30407646   0.51637555
  -0.79392368   0.89078607   3.6971388    5.04760449   0.43519222
  -1.58247937   4.75273441   1.09563816   2.47264629  -2.83677831
   5.71230245  -4.80018817  -4.85255917   1.02488155  -0.1762592
   2.63577973   0.6318674    4.78882284   0.55463476  -1.57944851
   5.84516903  12.12893423  -3.24087655   0.68218168  -1.44835789
  -4.15884197  -1.65700384   2.33825735   7.26211595   1.14394817
  -4.13172439  -1.07469321   2.74052351  -2.07310018   3.05667572
 -25.40239484   1.15692734  -0.53248351  -0.07550809   6.81790751
   0.08307896  -0.43865439  -0.46310907   3.19663216  -3.96718224
   1.49537502   0.29751058  -0.85711207  -0.08237923   1.10919124
  -2.44829255   1.56446224   2.32869154   0.63663459  -1.55479851
   6.35712852  -0.38733494   2.28210337  -1.13716914]
2022-07-22 00:47:10,059 - pyswarms.single.global_best - INFO - Optimize for 1000 iters with {'c1': 0.5, 'c2': 0.3, 'w': 0.9}
2022-07-22 00:47:24,070 - pyswarms.single.global_best - INFO - Optimization finished | best cost: 0.03537113850384612, best pos: [-1.99535170e-01  3.07867481e+00 -1.14130591e+00  5.26576862e+00
 -1.67435078e+00  5.03350543e-01  8.80493419e-01  3.68920146e-01
 -1.82840041e-01  3.32623566e-01 -1.51686049e+00  4.33784444e-03
  2.01828048e+00  4.56471741e-01  2.16567805e-01 -5.34180565e-01
 -4.20616970e-02 -1.03723332e+00 -6.97128526e-01  8.16493365e+00
 -1.06686965e+00 -2.54752593e-01 -5.62476570e-01 -1.77697894e+00
  1.59757719e+01 -7.91465952e-01  1.27663031e+00  1.02134540e+00
 -4.21569911e-01  1.92821553e+00  4.97079211e-01 -5.86513313e+00
 -2.33009679e+00  8.29984042e-01  3.42560052e+00 -1.05212641e+00
  1.27063062e+00  4.77699831e-02  1.51455670e+00 -2.04426380e+01
 -1.28936179e-01  1.16289813e+00 -1.90412033e-01 -2.62732650e+00
  3.27343619e-02  5.08887717e-02  6.25621042e+00  4.86244798e-01
 -1.69624895e+01  2.19664003e+00 -7.74016359e-01 -5.17129452e-01
  5.27020133e-01 -3.05077174e+00 -6.54856403e-01  5.17452016e+00
 -8.07184844e-03 -8.41475515e-01 -9.12607522e-01  1.13398033e+00
  5.59793931e+00 -8.10579397e-01 -8.72190995e-02  1.03251624e+00
 -7.50941484e-02  5.27624180e-01  1.52337238e+00 -9.05423475e+00
  1.45777023e+01 -2.17694562e+00  1.44358452e+00  4.81997319e-02
  1.37050755e+00 -6.41603724e-01  1.63872791e+01  8.36318023e-01
 -7.99635140e-01 -1.18472816e+00 -1.53487794e-01  3.55975803e-01
 -1.06448817e-01  3.58657348e+00  3.04521494e+00 -3.54115900e+00
  3.86518554e-01 -5.31655030e-01  1.10203264e-02 -1.19697500e+00
  5.34074032e-01 -1.11079071e+01 -2.54648296e+01 -4.96711905e-01
  2.42343037e+00  5.69842580e-01  1.00694927e+00  5.22960721e-01
 -2.78580440e-01  1.40826211e-01  1.45146053e-01]
2022-07-22 00:47:24,100 - pyswarms.single.global_best - INFO - Optimize for 1000 iters with {'c1': 0.5, 'c2': 0.3, 'w': 0.9}
2022-07-22 00:47:38,064 - pyswarms.single.global_best - INFO - Optimization finished | best cost: 0.030914696239463305, best pos: [-3.42091313e-01 -1.25400462e+00  4.06706566e-01 -1.04386815e+00
 -1.66234669e-01  3.96864717e-02  8.42178565e-02  1.06126103e+00
 -6.95255746e-01 -6.40915620e-01  6.23354461e-01 -5.76573992e-01
 -5.35097336e-01  4.68515684e-01  1.02791069e+00 -1.53180967e+00
 -4.80289116e-01  4.15673268e-01 -7.56598785e-01  2.36559506e+01
  1.09075563e-01  4.49383567e-01  1.48934751e+00 -6.83864283e-02
  2.45028397e-01 -1.20217747e+00 -1.63031922e+00 -5.94300679e-02
 -3.17995124e-01  3.80231308e-01  3.18358481e-01 -1.26621851e+00
  1.35088926e+00  8.12533829e-01  7.95413364e-01  3.94627552e-01
 -2.76256707e-01 -2.32064533e-01 -2.44000842e-01 -9.21576845e-01
 -6.42879391e-02  1.05520396e+00  7.69574578e-01 -2.36510960e+00
  1.93122127e+00 -1.40240944e-01  1.62869345e-01  1.52355862e+00
 -4.46882217e-01 -2.57598929e-01 -1.75664633e-02 -2.37055931e+00
  7.93962403e-01 -1.18768157e-01 -4.30010498e-01 -6.15659186e+01
 -4.27387451e+00  7.80718593e-01  1.77573868e+00  4.37988096e-01
 -8.13229372e-01  5.48408108e-01  1.29907154e+00 -1.04451669e+00
  2.04856749e+00  8.26868251e-01  9.11936588e-01 -3.98546847e+01
 -9.92628408e-02  8.63201091e-02 -1.15205960e+00  6.79639111e-01
  5.69347486e-01  5.30035213e-01  9.51070397e-01 -7.32701964e-01
 -2.44873153e-01 -3.94236862e-01 -4.25268477e-01 -3.75556069e-01
  2.59168482e+01  3.06394812e+00 -2.54923969e+00 -1.45342876e+00
  1.09781254e+00 -2.62097534e+01  6.81279004e-01 -8.36754320e-01
 -5.91787682e-02 -5.64205649e-01  2.45177809e-01 -2.49072720e-01
  8.65670056e-01 -1.94305718e-01  1.90596708e+00  1.24555485e+00
  1.02952243e+00  1.48813325e-01  2.55284624e-02]
2022-07-22 00:47:38,091 - pyswarms.single.global_best - INFO - Optimize for 1000 iters with {'c1': 0.5, 'c2': 0.3, 'w': 0.9}
2022-07-22 00:47:51,881 - pyswarms.single.global_best - INFO - Optimization finished | best cost: 0.047626239944846036, best pos: [ 1.5336922   0.38095335 -0.06091529  0.27709942  0.8966097   2.35221304
  0.15959351 -0.24171041 -0.15271375  1.05834917  5.20228432 -1.72324831
  0.908089    0.85743613  0.1689348   0.97178667 -0.45174224  0.78874693
  0.51078421 -0.94022908  0.36845473  2.48689206  0.63304089 -0.85774903
  0.01955913  0.01888891  0.61009769 -1.55380495 -0.45000217 -2.13227039
 -0.09675465  0.6268545  -2.85287082 -0.74406133  0.59686177 -0.56339338
  0.60077082 -0.45324894  0.72407316 -2.6690295   0.55896476  0.65304922
 -1.27169445  1.8205305   0.71240473 -0.25934624  0.00983847 -1.24655355
 -0.43098592  0.88247371  1.93769141  7.21752222  0.23494878  2.30100075
  0.39250703  0.73500573 -0.27546988 -1.78037164 -0.62265035  3.14524396
  0.81440527 -0.30682078  0.08592962  0.12090011  0.63148973  0.04281755
  1.71079804 -0.17694932  1.83491361  0.33961108  1.87147538 -6.33390769
  1.85750682  0.92933897  0.04770692 -1.38117686  0.27704391  0.03683058
  1.21153571  1.52601037  1.41927128 -8.47114401  2.76921423  1.44038722
  0.13284802  0.69948936  0.29966902  0.38219606  0.14549752 -0.08890828
  1.44212399  0.0948298   0.17098115  0.06638981  0.35498147  1.33776081
 -2.39697694  1.0465939  -0.21493405]
2022-07-22 00:47:51,907 - pyswarms.single.global_best - INFO - Optimize for 1000 iters with {'c1': 0.5, 'c2': 0.3, 'w': 0.9}
2022-07-22 00:48:05,843 - pyswarms.single.global_best - INFO - Optimization finished | best cost: 0.01260708210112209, best pos: [-3.47843120e-01  8.49074056e-01  2.36365407e+01 -1.65669770e+00
  1.21866026e-01  1.51618369e+00  1.14427897e+00 -1.72143348e-01
 -1.50311380e-02  5.37232391e-01  1.47014393e+00  1.77007693e+00
 -1.52545078e-01  1.47181553e+00 -9.75302985e-01  1.42293114e+00
 -1.00099328e+00  1.10998593e+00 -1.23029734e+00  1.62799303e-01
 -4.28885104e-02 -9.95392787e-01 -2.81159771e+00  8.90611231e-01
  1.67050449e+00  1.77442306e-01 -1.13150976e-01 -2.54736329e-01
 -1.64924994e+00 -2.85077541e+00 -4.68934102e-01 -1.17859214e-01
  9.30871672e-02  3.51157524e-01  1.17338881e+00  1.99432126e-01
  1.06892625e+00  1.04055383e-02 -8.30187912e+01  2.34872366e+00
 -3.90469765e+00 -1.03048769e+00 -1.00559827e+00  3.21835116e-01
  7.77705828e-01  2.81816055e-01  7.54607449e-01  4.04291906e-01
 -4.90937760e-01 -8.05244219e+00  7.77899954e-01  3.39056748e+00
  1.85633609e+00  9.19298597e-01 -1.96740883e-01  4.23664797e-01
  2.76104205e+00 -1.87418407e+00 -1.37910775e+00 -1.19717175e+00
 -3.15800997e+00  1.26946956e+00  9.25253344e-02 -1.41923061e+00
  1.42372457e+01 -2.80954234e-01 -1.62388249e+00  1.42174946e+00
 -8.44495214e+00  1.57433410e-01  3.35828363e-01 -1.15581970e+01
  5.01697946e-01 -9.84206770e-01 -7.36546749e-01 -1.22123791e+00
  2.68418673e+00 -6.58088361e+00 -3.11074406e-01  3.35773265e-01
 -1.13637171e+01 -6.14842946e+00  1.64427551e+00 -8.70809406e-01
  3.00169166e+00  6.71657742e-01 -4.19571838e+00 -3.10140642e+01
  5.13948946e-01  2.35061177e+01 -1.01882658e+00  1.93337775e+00
 -1.15406378e+00 -4.63105064e-01  2.81733543e+00 -2.44667654e+00
  7.90851128e-01 -1.25489281e+00 -8.06942220e-01]
2022-07-22 00:48:05,959 - pyswarms.single.global_best - INFO - Optimize for 1000 iters with {'c1': 0.5, 'c2': 0.3, 'w': 0.9}
2022-07-22 00:48:20,338 - pyswarms.single.global_best - INFO - Optimization finished | best cost: 0.45223675051902285, best pos: [-0.07510812  0.15216263  0.00837395 -0.04093629 -0.07505082 -0.43549486
 -0.59155782 -0.34622596 -0.10557845  0.13546049 -0.10510465 -0.19200276
  0.3059415  -0.3646866   0.34419859  0.72059581  0.08039115 -0.04908816
 -0.04082379 -0.10001412 -0.34575363 -0.22908917  0.67367238  0.21500215
 -0.05702534 -0.40607659  0.07361497  0.15617051 -0.03697525  0.47942606
  0.66375641  0.72463537 -0.13840186  0.09586786 -0.52619909  0.03350846
  0.20690228 -0.13653721 -0.12003475 -0.20212283 -0.10428071  0.25050744
  0.50422831  0.10409031 -0.2332543  -0.52023657 -0.08665147 -0.65813931
  0.62212818 -0.23373485 -0.35356921 -0.16026221 -0.10737996  0.2368678
  0.24548396 -0.2343061   0.19167124 -0.00445037  0.3143706   0.22752363
 -0.02649057  0.33990991 -0.6995764   0.32328651 -0.15660793 -0.11885291
 -0.31084574  0.19555679  0.19251164  0.11378803  0.26544001 -0.17867731
  0.23954417 -0.13073253 -0.55903722 -0.86686259 -0.52645543  0.68073879
 -0.66955505 -0.21006098  0.1478428  -0.50302311 -0.03005809  0.15274635
  0.19095284  0.12086243  0.55805243  0.70619924  0.64688434  0.09751938
  0.95108055 -0.09374531 -0.38429426  0.20319956 -0.25745905 -0.69061906
  0.19536864 -0.38296761  0.05355919]
2022-07-22 00:48:20,368 - pyswarms.single.global_best - INFO - Optimize for 1000 iters with {'c1': 0.5, 'c2': 0.3, 'w': 0.9}
2022-07-22 00:48:34,316 - pyswarms.single.global_best - INFO - Optimization finished | best cost: 0.4118655884646361, best pos: [ 0.22509014 -0.29915715  0.17449419  0.05444558  0.03822989 -0.12698041
 -0.23822686 -0.09291507  0.30198946  0.39325916  0.23438103  0.43047755
 -0.02627523  0.0070528  -0.36798256  0.41950062 -0.04000925 -0.2868098
 -0.25300539  0.16903373  0.30295431 -0.03851197  0.01564947  0.07684103
 -0.09677248  0.58923337  0.1694058  -0.22620179  0.20816708  0.37003436
  0.43096147  0.02862389  0.51219252 -0.48222722  0.19011961  0.12138389
 -0.02050527  0.07990105  0.20252194 -0.40575656  0.09641498  0.26026752
  0.56340046 -0.61534053  0.33274126 -0.36871171  0.20648495 -0.27089454
 -0.22407846 -0.11026677  0.12292473 -0.03299203 -0.08161624 -0.05436827
 -0.19957926  0.39681054  0.12605061 -0.18724422 -0.37353608  0.33756963
 -0.43466737  0.04760369 -0.17867212 -0.4464576  -0.21000227  0.15849786
 -0.11184805  0.49722054 -0.01508857  0.70683506 -0.10309575 -0.60588356
 -0.13696098  0.26175061  0.26141961 -0.40847112  0.0661265   0.81060232
 -0.88873793  0.24039012  0.9836395  -0.03022117 -0.17420415 -0.54194477
  0.12568828  0.01341283 -0.38247344  0.15715825 -0.05261608 -0.38218831
 -0.04813141 -0.30328963 -0.06005644  0.01803004  0.10719711 -0.04744238
 -0.00158891  0.20272818 -0.25766573]
2022-07-22 00:48:34,343 - pyswarms.single.global_best - INFO - Optimize for 1000 iters with {'c1': 0.5, 'c2': 0.3, 'w': 0.9}
2022-07-22 00:48:48,613 - pyswarms.single.global_best - INFO - Optimization finished | best cost: 0.4660490260623086, best pos: [-0.46576815  0.41168302 -0.43596786  0.38542419 -0.55594214 -0.14531714
  0.21551146 -0.50776943  0.51850298  0.54337515 -0.35501499  0.04117971
 -0.1106761   0.25652469 -0.08922301  0.37957313 -0.16415821 -0.2954882
  0.44753949 -0.49960971  0.16825733  0.29669768 -0.21369297  0.56864623
  0.37185557 -0.99860864  0.82260102  0.91155741 -0.64379942  0.67935366
  0.04477365  0.7410235  -0.11970189 -0.38962958  0.34869594 -0.733032
  0.51818947 -0.56835046  0.39012626  0.14968307  0.55010497  0.07525642
  0.42198573 -0.58778126  0.12896058  0.29821495  0.91006281  0.4226657
  0.5648502   0.09618744 -0.47455443 -0.40522042 -0.34292006 -0.4393922
  0.98717965  0.28341596  0.02303977 -0.01513126 -0.59484182  0.15363841
 -0.45964162 -0.19913593  0.16116848  0.19422456 -0.30202033  0.29170259
 -0.18953391  0.57668609  0.57382933 -0.15371764 -0.10649672  0.42502372
 -0.81295827  0.02160808 -0.01533892 -0.46366356  0.13744554  0.5480955
 -0.36949953  0.09606655 -0.25226671 -0.32588969 -0.40030412  0.17960385
  0.31778664  0.34320945  0.34244584  0.17057787 -0.54862527  0.44278395
  0.19650256  0.08090569  0.70125637  0.72901884 -0.5090702  -0.24484497
 -0.56242057  0.30071168 -0.35629584]
2022-07-22 00:48:48,643 - pyswarms.single.global_best - INFO - Optimize for 1000 iters with {'c1': 0.5, 'c2': 0.3, 'w': 0.9}
2022-07-22 00:49:02,851 - pyswarms.single.global_best - INFO - Optimization finished | best cost: 0.3809099366353276, best pos: [ 8.46884137e-02  3.78800777e-01  5.40944688e-01  6.56796187e-01
 -2.77019497e-01  6.43725521e-01  2.99775517e-01  1.89617943e-02
 -3.63533006e-01  3.02656753e-01 -2.66229233e-01  1.00830084e-01
 -1.23461044e-01 -1.86349226e-01 -2.40500968e-01 -4.34910557e-01
 -9.31076051e-02  7.17012744e-02 -6.71202877e-01  4.61278800e-01
  3.75119911e-01 -4.08788007e-01  6.32571725e-01 -1.10017953e-01
 -1.31701474e-01 -4.48714984e-01 -1.28818195e-01 -7.48974083e-01
 -4.56548388e-01  1.20955953e-01  4.02906642e-01 -6.89403639e-01
  5.37404072e-01 -5.81243013e-02 -3.32054484e-01 -3.66958292e-01
  3.32290622e-01 -1.96653809e-01 -6.11795014e-02 -1.08594942e-01
 -2.65936533e-02  3.80779142e-02  3.71273115e-01  3.02599885e-01
 -2.43568142e-01 -1.59413313e-01 -1.26248264e-02 -1.97437479e-01
  3.43910195e-01 -1.37042140e-01 -4.78581768e-01  8.59254168e-01
  1.63023794e-01 -3.16525362e-02 -4.03509901e-01  1.81081682e-01
 -3.28844348e-01 -3.26185380e-01  1.57648540e-01  6.60749962e-02
 -4.44566262e-02 -2.62379156e-02  5.47674806e-01  5.30346924e-01
 -3.20974557e-02 -8.65639236e-01  4.57584159e-01  3.25531290e-01
 -1.58820358e-02  8.70038279e-01  4.95526813e-01 -9.92273889e-01
 -1.33371950e-01 -1.62393723e-01  1.34387805e-02  5.86599195e-02
 -5.29139199e-01 -6.22964161e-03 -4.98727611e-01  2.68914528e-02
  1.21365868e-01  5.30780523e-01 -5.92100334e-01 -2.78986135e-01
 -6.76956625e-01 -5.92588633e-01 -3.77093946e-02 -3.36894372e-01
 -1.88466869e-01 -3.86447501e-01  1.52256369e-01 -6.34294003e-01
 -8.93062966e-01  6.14037562e-04 -5.77345828e-01  4.93933526e-01
 -1.25171118e-01 -6.03415479e-02 -3.80583691e-01]
2022-07-22 00:49:02,883 - pyswarms.single.global_best - INFO - Optimize for 1000 iters with {'c1': 0.5, 'c2': 0.3, 'w': 0.9}
2022-07-22 00:49:17,085 - pyswarms.single.global_best - INFO - Optimization finished | best cost: 0.4269368432389079, best pos: [ 0.60512957 -0.15297282  0.24874816  0.59958946 -0.65848716 -0.35708683
 -0.13829916 -0.76559226  0.21912082  0.00310732 -0.05917344 -0.12602376
 -0.55466533 -0.2788311   0.11119654 -0.27118257 -0.11310625  0.40483101
 -0.08470417 -0.15082812 -0.01231989 -0.3754904   0.38775009  0.71416706
 -0.33473651 -0.57636282 -0.51244318 -0.71657882  0.29201986  0.29495042
 -0.13658701  0.37421948  0.62616718  0.56914091 -0.40865603 -0.69093021
 -0.24968206 -0.10332492 -0.12989282 -0.08264237  0.22852431  0.18066429
 -0.36684189 -0.29422083  0.05913635 -0.12622503 -0.1121463   0.2674798
  0.0957832  -0.00734182  0.10701914  0.05222058 -0.51277874 -0.47195062
 -0.10179438  0.73875228  0.03080035 -0.16209877  0.68970971  0.01553717
  0.54233701  0.29732023 -0.58584969  0.14808962 -0.60817616 -0.66853741
  0.74423065  0.42031011 -0.49728722  0.88799665  0.42357673 -0.67833743
 -0.17659708 -0.2367604   0.49533021 -0.81246997 -0.31710551 -0.06055146
 -0.43725387 -0.02871204 -0.0239232   0.10851233 -0.30107048 -0.42884704
  0.24770846 -0.10441108  0.23978519 -0.60293837  0.44805688 -0.01397846
  0.18125981 -0.08597088  0.30123199  0.44537043 -0.37997178 -0.56162788
  0.25640857  0.14477691 -0.46517642]
2022-07-22 00:49:17,116 - pyswarms.single.global_best - INFO - Optimize for 1000 iters with {'c1': 0.5, 'c2': 0.3, 'w': 0.9}
2022-07-22 00:49:31,241 - pyswarms.single.global_best - INFO - Optimization finished | best cost: 0.38053204934010093, best pos: [-6.56819821e-01 -4.31535356e-02 -7.61540579e-02  6.31651380e-01
 -5.35308715e-01 -7.14974935e-01 -2.20255039e-01  9.02001094e-02
 -1.28437938e-01 -1.80013373e-01  4.71045041e-01 -5.41810367e-01
 -6.33020676e-01 -3.66029544e-01 -2.99514845e-01  1.66623735e-01
 -4.28781670e-01  1.20028641e-01  3.28561382e-01 -1.13423678e-01
  9.32013453e-02 -2.18398477e-01 -4.22465608e-01 -2.75945185e-01
 -4.94618331e-01  9.26089960e-01 -2.95961873e-01 -7.71136752e-01
  6.69214711e-01  8.71852969e-01 -1.15835778e-01 -3.24846747e-02
  2.46834108e-01  4.90649080e-01  3.23925886e-01  8.24143757e-01
 -7.83809875e-01  2.25814133e-01  3.44911853e-01 -7.26768465e-01
  3.30203524e-01 -1.51905448e-01 -8.31189866e-02 -7.02085035e-01
  3.37229156e-01  4.60313790e-02  2.96571602e-01  6.15400965e-01
 -2.36994302e-01 -8.20755931e-01  2.49716995e-01  5.28937266e-01
 -4.50234872e-01 -1.70195051e-02  1.79463568e-01 -8.97750087e-05
 -7.02987242e-01 -7.29378513e-02  4.31067370e-01 -6.36185844e-01
 -4.72759815e-01  6.32618058e-01 -4.20762767e-01 -8.59800594e-01
  4.51436063e-01  2.37329241e-01  1.46793571e-01 -1.25211069e-01
 -2.54145521e-02  5.68310710e-01  6.87506937e-01 -4.79783590e-01
 -4.46470186e-01 -7.37567182e-01 -3.40196106e-01 -6.32579171e-01
 -7.66431163e-01 -3.25595416e-01  3.12719312e-01 -4.16322441e-01
 -1.43834001e-01  6.61406360e-01  3.10208309e-01  3.75836841e-01
 -3.17171957e-01  5.26391271e-03 -8.29959210e-01 -9.16194614e-01
  7.21631455e-01  3.36075740e-01 -2.00188261e-01 -3.26136054e-01
 -1.03010285e-01  4.07051663e-01 -4.84626239e-02  4.74335823e-01
  2.80337742e-01  1.76875792e-01  2.11423251e-01]
2022-07-22 00:49:31,269 - pyswarms.single.global_best - INFO - Optimize for 1000 iters with {'c1': 0.5, 'c2': 0.3, 'w': 0.9}
2022-07-22 00:49:45,495 - pyswarms.single.global_best - INFO - Optimization finished | best cost: 0.4277575712258662, best pos: [ 0.81026193 -0.20571527 -0.99144749  0.23442141  0.24865966 -0.39782426
  0.73664297 -0.08442955  0.34470509  0.66346398 -0.44155639 -0.84293965
  0.80582031 -0.12938796 -0.24839592  0.99309813 -0.86023998 -0.58904223
 -0.91232848 -0.62962284 -0.84768995 -0.36909407 -0.61539412 -0.06598731
  0.93385257  0.71785601 -0.3014749  -0.73579411  0.62758265 -0.84673249
  0.51035572  0.10136971  0.49525815 -0.18748838  0.63289258  0.78391254
  0.0349836  -0.1344883   0.17776928 -0.08757634  0.7442384   0.12698319
 -0.93584193  0.29867587  0.56420479  0.77702395 -0.13086404  0.92892318
  0.97725588  0.32767423  0.85822962 -0.18184871 -0.87601254  0.73551178
  0.77858726 -0.28177477 -0.93833442  0.70253812 -0.89901547  0.66772035
  0.74948476  0.53651422  0.78102874  0.02634461  0.53696024  0.66800096
 -0.02169634  0.22728115 -0.5576154  -0.73831626  0.37841872 -0.9989796
 -0.83327518  0.06878522  0.27219741  0.5588891  -0.27599088  0.70897065
  0.67882939  0.42739252 -0.83218695  0.166618    0.84466534  0.07032666
 -0.83168025 -0.16190066 -0.05912917 -0.37055345  0.50253395 -0.29223523
  0.8166178   0.5412611   0.04003036 -0.99815904 -0.11280172  0.8243298
  0.55494749 -0.92748616  0.22847345]
2022-07-22 00:49:45,525 - pyswarms.single.global_best - INFO - Optimize for 1000 iters with {'c1': 0.5, 'c2': 0.3, 'w': 0.9}
2022-07-22 00:49:59,527 - pyswarms.single.global_best - INFO - Optimization finished | best cost: 0.36894271870187956, best pos: [ 0.41681801 -0.66028519  0.08691813  0.12575998 -0.42322924 -0.10375743
  0.2471741  -0.34599734 -0.04932416 -0.42457153 -0.24203798 -0.34834905
 -0.31850703  0.13608525 -0.25638875 -0.69208674 -0.34999124  0.45645368
  0.15977954  0.16693279 -0.31225273  0.33150693 -0.04361287 -0.1790932
 -0.857195    0.54393753  0.27062979  0.20340727  0.7233967   0.0783622
 -0.03384833  0.66730694  0.75827551  0.01959651  0.49145274  0.48766379
 -0.06301971  0.57162446 -0.41303228  0.14681268  0.45471939 -0.56326762
  0.3550132   0.45155989 -0.69772401 -0.10430087 -0.2682324   0.59040331
  0.36787891  0.13686947 -0.03766524 -0.31140562 -0.10716411 -0.23382403
 -0.37905324  0.37637646  0.12077379 -0.30006168 -0.61871367 -0.16463723
  0.4407423  -0.24932101 -0.28346166 -0.25403052 -0.28645757  0.09579745
 -0.37618017 -0.16453532 -0.04674745 -0.26244646  0.2728134   0.42534439
 -0.34108154  0.08658604  0.81488818  0.77086     0.01576714  0.00118878
  0.20884572  0.13975154 -0.29767053 -0.08565888  0.59013664 -0.18514258
 -0.59883591  0.39135934  0.42834867 -0.61213148 -0.10067818  0.10587376
 -0.62819956 -0.53411048  0.03646262 -0.51118695 -0.29948927  0.8659946
 -0.179177    0.31170505  0.8879197 ]
2022-07-22 00:49:59,556 - pyswarms.single.global_best - INFO - Optimize for 1000 iters with {'c1': 0.5, 'c2': 0.3, 'w': 0.9}
2022-07-22 00:50:13,749 - pyswarms.single.global_best - INFO - Optimization finished | best cost: 0.46489425217440566, best pos: [ 0.10024373 -0.40223775  0.81575325 -0.11360058 -0.26819438 -0.48494802
  0.20417868 -0.08837014 -0.29975068  0.05044471  0.29802175 -0.57541241
  0.63804844  0.89041567 -0.53306316 -0.2991046   0.89189762  0.86156629
  0.59405342 -0.35558031 -0.0577582   0.66378997  0.33849523  0.88099659
  0.53254333  0.31973791  0.46134692  0.75291921  0.41090005  0.40810339
 -0.21328652 -0.43715216 -0.09712269 -0.68684631 -0.51385793 -0.21345995
  0.10833863 -0.32056714  0.22279613  0.55228111  0.43316099 -0.63164382
 -0.99477126 -0.68613323 -0.59346873 -0.17614043 -0.01294151  0.35321864
 -0.94344829 -0.51231411  0.17743331 -0.14786235  0.67100502  0.16792974
 -0.18659488 -0.00738285  0.38072506 -0.34979479 -0.55381616  0.55242971
 -0.23277278 -0.19173522  0.21881562  0.3032668  -0.02235618  0.38012537
  0.79335122 -0.61644275  0.15993099  0.17168094  0.02508256  0.72158292
  0.37427199  0.24383798  0.54224635  0.34233676 -0.70568093  0.34104194
  0.73074238  0.91982061 -0.57200232  0.65542924 -0.7741829   0.73103334
  0.19519261  0.40066473  0.40941414  0.71717939 -0.46581552 -0.09344472
  0.15106782 -0.47460343 -0.94277875  0.55553481  0.13209795 -0.19062167
 -0.50752474  0.58225605 -0.30039613]
2022-07-22 00:50:13,777 - pyswarms.single.global_best - INFO - Optimize for 1000 iters with {'c1': 0.5, 'c2': 0.3, 'w': 0.9}
2022-07-22 00:50:27,860 - pyswarms.single.global_best - INFO - Optimization finished | best cost: 0.45316949257392264, best pos: [ 6.41482818e-01 -1.93129716e-01 -6.89730044e-02 -3.13432217e-01
  1.45552249e-01 -6.40982555e-01  8.17177985e-01 -2.99011350e-01
  2.50111801e-01 -4.99123105e-02  1.31948445e-01  3.37970245e-03
 -3.64935282e-01  2.38601260e-01 -6.38106957e-01  8.76196911e-02
 -1.91253797e-01  2.16086240e-01 -2.24426021e-01  1.91628178e-02
 -1.40315037e-02  3.67588071e-01  1.46830825e-01 -3.19503313e-01
 -1.58263080e-01 -1.01478574e-02  6.95553023e-01  2.56867833e-02
  6.46694178e-02  6.52254205e-01  6.86004032e-02  2.70811345e-01
 -6.29140332e-02 -2.75970949e-01  5.57982645e-01  6.05830085e-01
  4.92856897e-01 -3.68770721e-01  6.31898412e-01  6.98896861e-01
  4.96798572e-01  2.61403015e-01 -3.63151042e-01  9.74336423e-02
  2.18383995e-01  1.65381941e-01 -1.73065006e-01 -1.15714858e-01
 -5.06763553e-01  2.53514071e-01  3.59790482e-02  3.72525358e-01
 -2.05733593e-01  1.94730049e-01 -9.57879590e-02  2.38242489e-01
 -2.15127463e-01  7.89882299e-02 -4.77309938e-02 -5.96752149e-01
 -1.23351842e-01  3.36447593e-01  1.83744649e-01 -1.18982118e-01
  1.96379201e-01 -3.91514105e-01 -2.81659666e-02  5.92895649e-01
  2.59006969e-01 -3.04389019e-04  4.64516271e-01  1.38725558e-01
 -3.94753779e-01 -2.59242527e-01  4.77433320e-01 -5.92706621e-01
 -3.79069251e-01  9.09522881e-01  2.93591941e-01 -1.05992295e-01
  3.38771218e-01 -4.97842868e-01  1.13500897e-01  3.10310895e-01
  3.60915164e-01  5.07654078e-01  4.78831120e-01  9.16269298e-01
 -1.96828705e-01 -1.37063864e-01 -3.76020354e-01 -1.33616727e-01
 -3.76181795e-01 -8.23303041e-01  2.09658558e-01 -2.61192270e-02
 -9.62603088e-02  2.86986857e-01 -8.24283309e-01]
2022-07-24 03:00:21,292 - pyswarms.single.global_best - INFO - Optimize for 1000 iters with {'c1': 0.5, 'c2': 0.3, 'w': 0.9}
2022-07-24 03:00:31,069 - pyswarms.single.global_best - INFO - Optimization finished | best cost: 0.009027728177069972, best pos: [-7.37518397e-01 -2.29141793e+00  8.71192742e-02  3.77580745e-01
 -9.17573438e+00 -3.04995508e-01 -3.47120845e-01  3.78028969e-01
 -2.09208194e+00  1.37785136e+00 -9.72943867e-01 -2.51852980e+00
 -5.41508457e-01  4.79815753e-01  5.85353816e-01  4.02477898e+00
 -7.00954101e-01  1.42395917e-01  2.22299038e+00  9.16433352e-01
 -8.08925714e-01  6.23423493e-01 -1.02713214e+00 -8.89239482e-01
  1.67454100e+00 -4.75935602e-01 -4.24433231e-01  4.75007701e-01
  7.57712130e-01 -2.92584481e+00  1.54203484e-01 -2.23835784e+00
  2.87929243e-01  8.10747791e+00  5.07729117e-01 -1.22704760e+00
  6.91932736e-01 -2.55313158e+00 -2.11914562e+00  1.32829541e+00
 -1.10529101e+00 -5.52221103e-01 -2.01148181e+00 -4.02285422e+00
 -2.39359630e+00 -3.31765019e+01 -1.50950867e+00 -9.69158763e-02
 -1.38591297e-01 -9.14448029e-03  3.59558974e+00  8.43039834e-01
  1.10398336e+00 -2.30981139e+00 -7.40109752e-01  1.17978476e+00
 -1.98350578e+00 -4.35308075e-01  5.68486323e-01  1.31130002e+00
  9.64530470e-02 -2.35819878e-01  7.57362818e-01  4.17508276e-01
  1.84269118e+00  8.09659329e-02  5.43686772e-01  1.63111231e+00
 -2.63219683e+01 -9.53545307e-01 -2.47796282e+00  2.31795259e-01
 -9.46880617e-01 -5.85441031e-01  1.37166932e+00  1.65633946e+00
 -3.31353132e-01 -6.61581817e+00 -4.33780679e-01  4.53431940e-01
  1.46648842e+00  1.81899513e+02 -8.13120078e-01  1.03247560e+00
 -7.94265945e-01 -1.46715216e+00  3.89274277e-01 -8.45869931e-01
 -5.95339088e-02  5.40723633e+00  2.19909513e+00  8.13738429e-01
 -1.03275775e+00 -7.38453144e-01 -6.27799486e-01  5.06640480e-01
  9.40559241e-01 -6.81516503e-01 -3.28246140e-01]
2022-07-24 03:00:31,099 - pyswarms.single.global_best - INFO - Optimize for 1000 iters with {'c1': 0.5, 'c2': 0.3, 'w': 0.9}
2022-07-24 03:00:41,645 - pyswarms.single.global_best - INFO - Optimization finished | best cost: 0.036003108766514004, best pos: [-9.18012883e-02 -2.91009177e-02 -2.41070010e+00  1.45625876e+00
  2.21880739e-02  1.07230002e+00  9.97132333e-02 -1.14624142e+00
 -8.26347837e-01 -1.36953838e+00 -1.50248948e+00  1.75712254e+00
  7.38894068e-01  1.46647951e-01  5.76079337e-01  2.36319027e-01
 -1.13480486e-01  1.01279072e+00  1.38072186e-01 -4.50018440e+00
  1.58141980e+00  4.91142470e+00 -6.57499615e-01  4.57652779e-01
  8.56122795e-01  2.27138997e+00  3.11487609e+00 -2.58244912e+00
  5.03374434e-01 -3.84587903e-01 -8.07421475e-01 -9.55091256e-03
  1.20768047e+00 -1.22025978e+00 -1.80352629e+00 -5.47099267e-01
  2.82746568e-01  5.82005578e-01  2.54255583e+00 -1.55576485e+00
 -1.77865460e+00 -4.03417924e-01  1.56695439e+00  6.10693573e-01
 -4.74697342e+00 -1.79073341e+00  1.58117913e+00 -3.75142692e+00
  4.10268830e-01 -6.79815826e-01  1.77919831e+00  5.08747726e+00
  9.36980630e-01 -3.53079382e-01 -6.58031831e-01  6.83598201e-01
  1.27668698e+00  5.20872098e-01 -5.26645787e-01  1.79279840e+00
 -3.99083003e-01  1.78188518e+00 -6.23221457e-01  3.57420551e+00
 -2.12191509e+00  2.15124984e-01 -2.91723123e+00  2.72808993e+01
  8.83923792e-01  1.25561716e-01  2.02815928e+00 -3.93322860e+00
 -5.26908947e-01  2.95969548e-01 -7.78948866e-01  8.02703674e-01
  1.77068498e+00  1.60414526e+00  1.62936403e+00 -1.59103076e+00
  7.93682144e+00 -5.84621987e-02  6.92109275e-01  1.32307273e+00
  2.08436027e+01 -9.39693792e-02  6.42688325e-01 -9.75199358e-01
 -2.05572641e-01 -3.52206584e+01  1.35777828e+00  4.70711465e-01
  2.00730547e-01 -8.00535060e-01 -9.47562062e-01  6.70499166e-01
  3.07644824e-02  9.45472205e-01 -1.63160200e+00]
2022-07-24 03:00:41,682 - pyswarms.single.global_best - INFO - Optimize for 1000 iters with {'c1': 0.5, 'c2': 0.3, 'w': 0.9}
2022-07-24 03:00:51,710 - pyswarms.single.global_best - INFO - Optimization finished | best cost: 0.03864799915150762, best pos: [ 3.91331134e+00 -2.59489360e-01  1.13410682e+01 -3.14620573e-01
  1.13589591e-01 -2.55964911e+00 -5.15863773e-01 -5.69451734e-01
  1.61576416e-01 -1.78234760e+00  7.06743976e-01  1.24818499e+00
  2.34378863e-01 -2.35893525e-01 -3.92685855e-01  6.85963004e-01
  5.73766551e-01 -1.87047070e+00 -6.60151421e-02  1.90007681e+00
 -2.15107129e+00 -3.11586288e-01 -2.87208020e-01  1.17166602e-01
  2.89693765e-01  3.39311467e-01  2.85335154e+00  9.05994049e-01
 -1.66984044e-01  5.58842660e-01 -2.15166544e+00 -1.96294055e-01
  1.57469528e+00 -3.02948986e-01 -6.45231361e-01  1.22840700e+00
 -2.35803871e+00  1.91251700e+00  2.00504440e+00  5.09033381e-01
 -4.19534251e-01 -3.36503595e-01 -8.81665982e-01 -1.99517515e+00
 -6.07487059e-01  1.22488306e+00 -3.80591515e-02 -2.87940611e-01
  1.51267006e+00 -2.97310200e+00 -7.14335458e-01 -8.64065371e-01
  8.92329559e-01  1.06856710e+00  1.60232782e+01  6.78635965e-01
  4.64925490e-01 -1.48487336e+00 -1.14324790e+00  3.35479068e-01
 -8.71833332e-01 -7.28013760e-01 -1.51477050e+01 -8.17621956e+00
 -5.46019162e+00  4.14283073e+00  1.19688933e+00 -1.33346090e+00
  5.30866937e-01  1.23725429e-01  7.31107565e-01 -1.16818252e+00
  3.86985081e-01 -6.37590131e-01 -1.22565836e+00  2.67689235e-01
 -6.40132916e-01  4.55652232e-01  1.91714648e+00  1.57233384e-01
 -2.29722209e+00  1.74506535e+00  5.46172574e+00 -6.65153097e-01
 -5.05461278e+00  4.61556243e-01  1.71495664e+01  3.80823205e-01
 -5.74106337e-01 -5.07109344e-01  7.31091466e+01 -4.16727008e-02
 -1.67438291e+00 -7.45403384e-01 -2.34267120e-01  1.32517150e+00
 -1.29944669e+00  1.03615676e+00 -1.69144496e+00]
2022-07-24 03:00:51,737 - pyswarms.single.global_best - INFO - Optimize for 1000 iters with {'c1': 0.5, 'c2': 0.3, 'w': 0.9}
2022-07-24 03:01:02,560 - pyswarms.single.global_best - INFO - Optimization finished | best cost: 0.041266394913453526, best pos: [-6.21453367e-01 -9.51050134e-01 -3.24598497e-01 -2.92306215e-01
  8.64775375e-02 -1.63750291e+00  1.74894034e-01 -1.53376814e-02
 -1.41378097e+00  1.34540286e+00 -7.00783296e-01 -1.23526484e+00
  3.46886847e-01  2.60543085e+00 -1.30342642e+00  5.86522887e-02
 -6.95467354e-02 -1.39152984e+00 -2.29009659e+00  1.15690193e+00
 -1.15660627e+00 -1.49580845e+00  3.63071212e-01  1.06514574e+00
 -5.20636680e-01 -1.24614988e+00 -6.23174184e-01  4.06523859e-01
  3.01769239e+00  6.37969950e-01 -3.46268552e-01 -1.16071610e+00
 -1.88610074e+00 -1.86144026e+00 -3.09904013e+00 -3.92951450e-01
 -3.25483776e-02 -1.21088892e+00  3.54344024e-01 -3.15722330e+00
 -8.49596624e-01  1.59353635e+01  4.76472531e-01 -1.98713403e+00
 -5.60535755e-01 -3.56469201e+00  3.57346022e+00  2.22317214e-01
  3.21127563e+00 -4.02226311e+00  7.90235075e-01 -9.50293009e-01
 -1.61800808e+00  9.68274971e-01  3.77140320e-01  5.30900176e+00
  3.19423891e+00  8.21048431e+00 -1.89144822e+00  7.86496264e-01
 -1.23020560e+00 -2.23037904e+01 -2.39969342e+00  2.94939234e+00
  5.27685075e+00  7.02467587e-01 -2.67908528e+00  2.12862789e+00
  2.37554814e-01 -2.11348092e+00  3.00644101e-01 -1.11417178e+00
  1.30289334e+00 -4.31693007e-01  4.46605491e+00 -2.07422047e+01
  2.92777302e+00 -9.48144422e-01  2.80284157e-01 -5.12742576e+00
  4.19742361e+00  4.57762812e-02  9.19673405e+00 -6.59675488e-01
 -3.74501019e+00 -1.86532944e+00  7.46103733e-01  1.09880441e+00
 -3.41084958e-01 -3.04001817e+01 -1.02976164e+00 -5.78728015e-02
  1.81876039e+00 -2.01159532e+00 -1.58610783e+00  3.13066965e+00
  1.83744343e-01  5.39523192e+00  9.66151839e-01]
2022-07-24 03:01:02,636 - pyswarms.single.global_best - INFO - Optimize for 1000 iters with {'c1': 0.5, 'c2': 0.3, 'w': 0.9}
2022-07-24 03:01:12,625 - pyswarms.single.global_best - INFO - Optimization finished | best cost: 0.03540715436444214, best pos: [ 5.65989339e-01 -2.41657595e-01  1.46366696e+00  1.83626468e+00
  1.15913452e+00  9.59141559e-01 -5.05138416e-01  7.28876540e-02
  1.81976767e-01  6.37556603e-01  1.39685075e+00  1.83467143e+00
  2.82219627e+00 -1.09425086e+00 -3.21309314e-01  2.30711771e+00
 -2.26269629e-01 -5.63412978e-01  4.70998798e-01  9.12101873e-01
  7.63834905e-01  1.99506260e+00 -3.05046979e-01 -6.57724094e+00
  8.51116187e-01  2.47233330e-01 -3.33022094e+00  1.48083153e+00
 -2.22648108e-01  1.21258817e+00  7.66374658e-01 -7.45288509e-01
  1.21509802e+00 -9.27831564e-01  1.65956073e+00  2.17520956e+00
  1.32729281e-01  2.90644088e+00 -8.80147063e-01  8.19632241e-01
  3.80915390e-01 -1.94352845e+00  1.89271107e+00 -2.33903797e+00
  5.30448460e+00  5.87392454e+00  1.21522600e+00  3.43677031e-01
  1.02415395e+00 -4.50974644e-01  8.05116838e-01  1.21178509e+00
 -3.30675982e-01 -1.90724176e+00 -3.47466183e+00  5.76148093e+00
 -1.99833846e-01 -9.10563056e-01  9.38595350e-01 -3.57370520e-01
  1.09758169e+00  1.21294170e+00 -3.00115370e-01  6.20450300e-01
  6.39874712e-01  3.79417694e-01  7.16010831e+00 -1.46187737e+01
 -2.46999283e-01  1.40953057e-01  1.39507577e+00 -4.81703586e-03
  1.17445207e+00 -6.99226253e-01  1.79383310e+00  8.07169647e-01
  1.92828916e+00 -9.13761729e-01 -3.93229836e-01 -1.19210699e-01
  1.92885146e+01  1.09352987e+00  4.06170417e-01 -1.91228339e+01
  9.14273357e-01 -1.55368576e+00 -6.45284059e-01 -8.71111046e-01
 -2.84075130e+00  2.11636018e+00 -3.57972816e+00  2.75435598e-01
 -2.09503320e-01  7.47354382e-01 -1.79740152e+00  1.03054077e+01
  4.22412294e+00  5.21229185e-01  7.40127674e-01]
2022-07-24 03:01:12,659 - pyswarms.single.global_best - INFO - Optimize for 1000 iters with {'c1': 0.5, 'c2': 0.3, 'w': 0.9}
2022-07-24 03:01:22,489 - pyswarms.single.global_best - INFO - Optimization finished | best cost: 0.03283516862670368, best pos: [ 9.18061011e-01 -1.14216036e+00  9.04347619e-01  3.16175136e+00
  1.44003925e+00 -6.73978249e-01  1.28277681e-01 -1.47201994e+00
  2.34004417e+00 -8.34238045e-01  1.75551318e-01  4.53517666e-01
  3.27777523e-01  4.11009560e+00  1.21894036e+00  1.79393691e+00
 -2.42475694e-01 -2.93783834e-01  3.63439977e+00  9.87208036e-01
 -5.44069196e-01  1.31751047e+00  6.76798445e+01  1.29878312e+00
  2.56811860e-02 -2.79075755e+00  4.32690720e-02  4.04138908e-01
 -2.02700358e+00  1.91512301e+00  2.74133436e+00  2.80133834e-01
 -1.28422788e+00  5.45204548e-01 -4.25541024e+01  8.99073216e-01
  2.46157602e+00  8.20783980e-01  2.47319526e+00 -2.88643568e-01
  1.83197997e+00  1.97622114e+00  8.22052302e-01  2.88272814e+00
  1.89815566e+00  8.08353268e-01 -1.32693191e+00  3.42694574e+00
  1.03704525e+00  2.37726473e+00 -2.64370665e-01  6.81148891e-01
 -1.08385266e+00 -6.60730411e+00  1.04483842e+00  2.92087121e+00
  3.84318695e+00  9.18721252e-01 -3.15909084e+00 -9.78819774e-02
  1.53511532e+00  3.06421495e+00  2.93334355e+00  9.96325871e+00
  8.69776865e-01  2.94799581e+00 -2.31488454e+00  2.54970807e+00
  5.02508742e-01  1.20565849e+01  1.84039175e+00 -9.16619959e-01
  1.34708328e+00 -4.09501039e-01  2.10016216e+00  1.26827461e+00
  1.70626575e+00  2.50864661e+01  1.60158091e+00  1.74919365e+00
  2.12463459e+00  1.87242622e+00  2.11162344e+01 -1.22340684e-01
  6.28535071e-01  1.41849212e-01  8.05187236e-01  8.38862711e-01
  5.55802828e+00  1.52695980e+00  5.53214205e+00  1.94627254e+00
 -3.35946248e+00 -2.80679264e-02  9.53720307e-02  1.67876983e+00
  3.15541541e+00 -4.33444614e+00  2.21273657e+00]
2022-07-24 03:01:22,517 - pyswarms.single.global_best - INFO - Optimize for 1000 iters with {'c1': 0.5, 'c2': 0.3, 'w': 0.9}
2022-07-24 03:01:33,345 - pyswarms.single.global_best - INFO - Optimization finished | best cost: 0.02576571263490576, best pos: [-1.30486847e+00  5.67211577e+00 -1.61662192e+00  2.59053122e-01
  3.53801053e-01 -3.74308349e-01  5.03689886e-01  1.91630628e+00
 -8.00442962e-01 -2.47241805e-01  5.75125240e-01  1.73485336e-01
  7.08183018e-01 -2.09977952e-01 -6.45402849e-02  8.35686227e-01
  8.51809987e-02 -1.29527490e+00  3.38884659e+00 -5.13834662e-01
 -9.28537721e-01 -1.47746495e+00  6.75149045e-01 -1.31706628e+00
  2.83412569e-01  3.21548054e+00 -7.29256970e-01  4.07113610e-03
  4.10390185e-01  1.06715213e+00 -3.67026161e+00 -2.21148194e+00
  5.58992457e-01  2.40065477e+00 -2.64166213e+00  3.15301039e-02
  1.06212273e+00 -9.09556305e-01 -3.26522661e+00 -3.51675910e+00
 -2.99737634e-02  6.00643313e-01 -2.55170030e-01 -7.00024720e-01
  7.78388670e-01  1.40131353e-01 -2.95862417e-02 -2.02440536e+00
 -2.30303051e+00 -4.98662876e+01  2.04041054e-01  3.15880845e+00
 -4.96771787e+00 -1.35786095e-01  3.90649797e+00  7.75724470e-01
 -1.32023250e+00 -4.00688954e-01  2.83108890e-03 -2.93061272e-01
 -1.52974885e+00  4.60655204e-01 -2.23254349e-01  8.32173841e-02
 -6.55117712e-01  7.43600982e-01  3.02312003e-01 -2.33188825e+00
 -2.73245347e+00  1.53923215e+00  2.12194422e+01  3.43541923e-01
 -1.30116076e+00 -4.19254059e-01  1.43061386e+00 -7.70854507e-01
 -6.34437542e-01 -1.38530261e+00  1.15044656e+00 -1.62266966e+00
 -1.08118793e+01  7.97934737e-01 -1.94189427e+00 -5.11905269e+00
 -4.58451143e-01 -2.83769141e+00 -1.00373935e-01 -4.47455016e+00
  2.48055841e+00  6.12527043e-02  6.07193890e-01 -8.92915878e-01
 -1.26731312e+00 -3.58499916e-01  1.39111894e+01  1.38779163e+00
 -1.55760855e-01 -1.37635083e+00 -3.26629823e-01]
2022-07-24 03:01:33,376 - pyswarms.single.global_best - INFO - Optimize for 1000 iters with {'c1': 0.5, 'c2': 0.3, 'w': 0.9}
2022-07-24 03:01:44,036 - pyswarms.single.global_best - INFO - Optimization finished | best cost: 0.03525459458718213, best pos: [ 5.65079049e-01  2.80143114e+00  8.16426210e-01 -2.20494899e-01
  3.02911899e-01 -3.53306757e+00  1.46561387e+00  3.03865987e-01
 -1.72685128e+00 -4.31475341e-01  2.72358126e-01 -2.63791868e-01
 -1.59516845e+00 -1.55277610e+00 -1.43197939e+00 -1.81107321e-01
  1.81237883e-01  1.96996125e+01 -9.22924685e-01 -4.18740792e-01
 -9.40517285e-01 -4.35358394e-01  3.30541319e-01 -7.56516971e-01
  9.69655519e-01  1.69592075e-02  1.58902114e-01  9.59294985e-01
 -1.37795107e+00 -2.50574385e+00 -2.23045628e+00 -1.62247459e+00
 -7.92922348e-01 -5.57095482e-01  4.88004708e-01 -1.18102459e-01
  3.03969738e-01 -1.62543868e+00  9.20600996e-01  2.16865356e+00
  2.53081429e+00 -1.62522208e+01  5.59822165e-01 -6.67828668e-02
  7.67440751e-01 -6.31110804e-01 -9.29252179e-01 -2.08553663e+00
  8.98428787e-01  6.25180516e-01 -9.24621890e-01 -6.02683105e+00
 -3.87125232e+00 -5.46226859e-01  1.24278052e-01 -1.26152527e+00
  4.59922414e-01  1.02602168e+00  1.15761496e-01  3.74023241e-01
 -5.05885308e+00 -5.64392780e-02  3.28099548e+00  6.91046278e-02
 -6.89490220e-01 -6.65738818e-01 -1.87906444e+00  1.52191067e+01
 -2.18279088e-01 -2.78297910e+00 -5.44982079e+00  2.82825724e+00
 -1.23446465e+00  8.56938694e-01 -1.32325700e+00  6.85591392e-01
 -7.96973947e-01 -1.05938621e+01  9.80139908e-01 -1.94202377e+00
  1.00717634e+00  3.80255214e-01 -7.89509143e-01  3.75284472e-01
 -8.45525577e+00 -2.17406478e+00  9.01052476e-01  1.58594877e+00
  2.52258942e+00 -6.53573617e-01 -6.60372064e-01  5.86560579e-01
  1.56986015e-01  5.43524288e-01  3.03139386e+00  1.40875157e+00
 -1.88659756e+00 -1.39710604e+00 -4.07099040e-01]
2022-07-24 03:01:44,072 - pyswarms.single.global_best - INFO - Optimize for 1000 iters with {'c1': 0.5, 'c2': 0.3, 'w': 0.9}
2022-07-24 03:01:54,641 - pyswarms.single.global_best - INFO - Optimization finished | best cost: 0.03476973243583355, best pos: [-6.94424444e-01  1.58370397e-01  2.99243421e-01 -1.65866633e-01
 -6.79832107e-01 -1.34746595e-01  3.52184394e-01  9.54826807e-01
  7.01849305e-01 -7.27473507e-01 -5.84668918e+00 -6.05073224e+00
 -5.06069196e-01 -6.00894477e-01  5.81128146e-01 -7.39119560e-02
 -7.67070795e-01  6.51745945e-01  2.81203838e+00  1.20314977e+00
  3.58153838e-01 -7.02253475e-01  9.26385945e-01 -1.15142676e-01
 -2.70818125e+00 -7.33061308e-01 -2.07890388e+00  1.67767104e+00
  1.90904939e+00 -1.07309596e+00 -1.71398063e+00  1.55542864e+00
  3.67066038e-01  1.01601051e+00 -1.02600641e+00  5.61257369e-01
  1.01959243e+01  7.08678728e-01  8.48785639e-01 -3.92995117e-01
  1.40929683e+00 -1.66825182e+00  7.00431763e-01  4.56148450e-01
  4.01261675e-01  4.10074708e+00  8.99137392e-01 -3.51088361e-02
 -1.00048499e+00  3.11656286e+00 -4.04943467e-01  1.70288422e+00
 -1.11420242e-01  6.56868729e+00  6.87496044e-01  9.38706111e-01
  1.92180346e+00  5.56257328e-02  2.20977651e+00  1.68706441e-01
 -2.19924504e+00 -1.60592214e+01  1.97367575e+00  1.41205299e+00
  1.84280948e+00  2.78509622e-01  5.78666545e-01  1.39209158e+00
 -1.62349553e-02  2.76427106e+00  1.20906631e+00  8.70192474e-01
 -3.22629788e+01 -2.72908790e-01  8.78933914e-01  1.62036415e+00
  1.07760107e+01 -2.59135384e+00 -8.03804794e-01 -1.47317748e+00
 -5.79427810e-01  8.49640596e-01  2.19342454e+00 -1.34108986e+00
  2.41043559e+00 -1.43173930e+00 -5.68655104e-02 -2.21844353e+00
 -9.83273712e-01 -3.46715900e-01 -1.76328969e+00 -6.63877191e-01
  2.23977897e-01 -6.86160575e-01  7.96927347e-01  7.71194434e-01
 -6.92248269e-01 -1.48302026e+00  9.31372748e+00]
2022-07-24 03:01:54,666 - pyswarms.single.global_best - INFO - Optimize for 1000 iters with {'c1': 0.5, 'c2': 0.3, 'w': 0.9}
2022-07-24 03:02:05,903 - pyswarms.single.global_best - INFO - Optimization finished | best cost: 0.03358245811672118, best pos: [ 1.58543386e-01  8.43900360e-02  6.91971301e-01  1.66668237e-01
 -8.55536036e-02 -4.87806537e-01  2.32053510e-02 -4.34059780e-01
 -1.37836234e+00 -2.98962809e+00  1.93080516e+00  6.64068760e-01
 -1.48026997e+00  5.08046330e-01  1.62629815e+00 -9.76340832e+00
 -1.36714756e+00 -4.33859639e-01  6.29478851e-02 -1.51211967e+00
  1.10299260e+00  1.95804566e+00 -7.63908096e-01  5.57747053e-02
  7.38528736e-01 -4.27598912e-01 -2.72172397e+00  5.76458289e+00
  8.67315849e-01 -1.74847797e-01 -2.15838104e-01  4.92020561e+00
 -1.48993659e-01 -5.67286201e-01 -1.70808725e+00 -1.60672470e+00
  1.46473787e+00 -1.21535408e+00 -1.14780230e-01  1.84708731e+00
 -9.29537243e-01  3.37494316e-02 -7.30687426e-01 -4.95878911e-01
 -5.98618233e-01 -4.08567738e-01 -8.93263082e-01 -6.09632228e-01
  1.08232994e+00  2.11611172e-01  9.20360688e-01 -5.64316391e-01
  4.94506556e-01 -2.42525852e+00  2.56449930e+00 -2.64380293e+00
  1.88132058e+00  6.03800827e-01 -9.27947459e-01  9.82527176e-01
 -2.47291974e+00 -1.70782893e+00 -1.10440876e+00  7.69258975e-01
 -8.49427673e-01  2.55359635e-01  5.29596950e-01  2.69358839e+00
 -2.49250198e+00  6.27239761e-01 -4.95849488e-01  1.54445710e+01
  5.50428747e-01 -2.86076131e-01  5.43240435e-01 -2.64993769e-01
  3.12316743e+00  2.94568398e+00  2.27797483e+01  2.39902721e+01
 -2.14065360e+00 -9.90691618e-01  1.21471220e+00  9.24118937e-02
 -1.51614711e+00 -1.44180584e+00  7.36543680e-01  1.66931337e-01
 -1.14997366e-01  3.68193967e-01  1.02116768e+00  4.49075445e-01
 -1.98635618e+00  3.79010580e+00 -5.07855902e+00 -1.55318783e+00
 -1.77917447e-01  7.50711019e-01  1.70365867e+00]
2022-07-24 03:02:06,118 - pyswarms.single.global_best - INFO - Optimize for 1000 iters with {'c1': 0.5, 'c2': 0.3, 'w': 0.9}
2022-07-24 03:02:16,685 - pyswarms.single.global_best - INFO - Optimization finished | best cost: 0.38568609421578415, best pos: [-0.20509375 -0.09663412 -0.16148976  0.15977644  0.18047699 -0.12114447
  0.06455931  0.24835036  0.29225127 -0.26502968 -0.27380694 -0.42596173
  0.3245141  -0.44322396 -0.30697628 -0.01563622 -0.17265305 -0.13900317
  0.42698258 -0.07905425 -0.19173903  0.04545     0.28154819 -0.29358888
 -0.27267064  0.4451421  -0.06905614  0.38187383 -0.64568769  0.71086806
 -0.49702628 -0.4642329  -0.35836282 -0.21266499 -0.11931119  0.68267138
 -0.25176083  0.43643347 -0.28198447  0.08487332 -0.32053126 -0.32225173
 -0.30056161  0.35490322 -0.12477277 -0.18411424 -0.42446951  0.70207917
  0.24205594  0.17637845  0.22571927 -0.02504509 -0.28093673 -0.15119776
 -0.12349227  0.16795978 -0.0896679   0.11339986 -0.16721072 -0.63622212
  0.02509376 -0.17329004  0.00440917 -0.65389651  0.73501314  0.99937493
  0.05035838 -0.2749049   0.32762249  0.15199775  0.29700127  0.16200997
 -0.15327947  0.50310069 -0.18283691 -0.3299747   0.36327528  0.17646884
  0.79227481 -0.46086376 -0.36471633  0.25280686  0.03641523 -0.18915665
  0.4580904   0.1820354  -0.10447249  0.58814946 -0.09359869  0.23711158
 -0.25103668  0.19577321  0.36407273 -0.25734522 -0.09987139  0.96618894
  0.27366355  0.06876886 -0.01994992]
2022-07-24 03:02:16,730 - pyswarms.single.global_best - INFO - Optimize for 1000 iters with {'c1': 0.5, 'c2': 0.3, 'w': 0.9}
2022-07-24 03:02:26,953 - pyswarms.single.global_best - INFO - Optimization finished | best cost: 0.3711506215362559, best pos: [-0.15109889 -0.0506876   0.18794473 -0.22218603 -0.15853786 -0.26824602
  0.4729909  -0.18001777 -0.28144893  0.0365041   0.29786895  0.52602554
 -0.57124299 -0.43845983  0.66970407  0.68656126  0.2401046   0.84288491
 -0.50880062 -0.37796086 -0.71639632 -0.43936093 -0.15026085  0.25134429
 -0.4896592   0.64243442 -0.00253206  0.28625424  0.50980915 -0.36479854
  0.56939195  0.56797121  0.82189988  0.61103922 -0.37858897  0.83178106
  0.2264408  -0.20061056  0.69256725 -0.79964004 -0.57324028 -0.62794388
  0.3237718   0.06631281  0.17099904 -0.01523569 -0.09619355  0.46149506
  0.53542814 -0.21140326 -0.13461564 -0.08279358  0.02030826 -0.11486284
 -0.45121091 -0.31893506  0.02340303 -0.14289925  0.4562296  -0.51060847
 -0.05015899 -0.33029384 -0.58677359 -0.45331307  0.429456    0.73910755
  0.22380664 -0.65199147 -0.06640245 -0.13670593  0.17070736 -0.44920842
 -0.58031383  0.36677753  0.28186975  0.70280416 -0.05836622 -0.52802834
  0.06237239  0.41346677 -0.1946298  -0.26954016 -0.10633167  0.84187128
 -0.1194648  -0.0795136   0.36484979 -0.80856983  0.30270091  0.2506995
  0.67327134  0.71588844 -0.39758291  0.43709533  0.19184994 -0.24286713
  0.30548414 -0.05142463 -0.50574988]
2022-07-24 03:02:26,984 - pyswarms.single.global_best - INFO - Optimize for 1000 iters with {'c1': 0.5, 'c2': 0.3, 'w': 0.9}
2022-07-24 03:02:37,274 - pyswarms.single.global_best - INFO - Optimization finished | best cost: 0.3700778189263014, best pos: [ 2.73138039e-02  8.10017154e-02 -2.34348809e-01  4.06447060e-01
 -1.33009142e-01 -2.65176925e-01  9.18795681e-02 -3.33337562e-01
 -1.28988240e-01 -1.75246718e-01  8.71704875e-02  1.09342957e-01
 -3.94926791e-01 -9.71897704e-01  1.59022285e-01 -3.37732625e-01
  5.39655730e-01  1.05377130e-01  6.68826167e-01  9.01288629e-01
  3.20965529e-01  4.30080988e-01  9.73408771e-01  4.45671190e-02
  4.14890580e-01  5.07570264e-01  3.61574620e-01  6.20509276e-01
 -5.10618127e-01  8.03101416e-01 -3.70630920e-01 -1.16253962e-01
  6.95527008e-01 -1.43268887e-01 -5.57143397e-01 -3.44051786e-02
  2.29523528e-01  3.87213391e-01  2.94735802e-01 -5.54212574e-01
  4.46614854e-02 -8.79371307e-03 -3.21735353e-01 -1.95792435e-01
 -8.55857164e-02  2.13304476e-01 -2.01050845e-01  7.53719510e-02
  8.90109895e-02 -3.78362642e-01  2.32670814e-01 -6.21096305e-02
  8.62121822e-02 -3.38036587e-01 -2.86462899e-01 -4.07842018e-01
 -3.63176420e-01 -2.48602638e-02  8.52728298e-02  1.01153403e-01
 -5.59948546e-01  3.23134902e-01  4.95187545e-01  1.74411858e-01
  2.85105261e-01  6.18417514e-01 -7.21717407e-01  2.39566539e-02
  4.86718944e-01  5.26198062e-01 -2.14527472e-01  7.20650478e-02
  9.07324479e-01 -4.28519191e-01  4.31176616e-01 -2.25110813e-01
 -4.76413826e-02  3.85829746e-01  1.81387096e-01  4.19330252e-01
 -9.67861007e-01  7.51946845e-01  3.01517617e-01 -1.42119432e-01
 -1.40294430e-01 -4.59748789e-04 -2.89204699e-01  2.70584806e-01
 -9.41131707e-01  2.55557366e-01  3.13141920e-02  7.51083561e-01
 -5.99371289e-01  5.94405015e-01 -1.15148677e-01 -7.04307566e-01
  1.35050001e-01  6.86342594e-02  1.43844585e-01]
2022-07-24 03:02:37,302 - pyswarms.single.global_best - INFO - Optimize for 1000 iters with {'c1': 0.5, 'c2': 0.3, 'w': 0.9}
2022-07-24 03:02:46,823 - pyswarms.single.global_best - INFO - Optimization finished | best cost: 0.4021132732221093, best pos: [ 0.24398815 -0.0100197  -0.23044568 -0.06133332 -0.10388024  0.05245571
  0.21774169 -0.12631377 -0.17361941  0.09921916  0.05321593 -0.17860252
 -0.18983031  0.22987574  0.28655415 -0.18086588  0.90172451  0.23636031
 -0.08598098 -0.44413563 -0.15168704 -0.27454352  0.25584799  0.47870025
  0.02464654  0.18941392  0.0023127   0.36979574 -0.50063809  0.07229567
 -0.22707821  0.26983211 -0.24193737  0.48736022  0.48894956  0.1378177
 -0.14618228  0.21572134  0.14438297  0.10405946 -0.07143725 -0.18386358
 -0.35627043  0.5769589   0.33692007  0.08521508  0.27851082  0.09202577
 -0.06230877 -0.08470436 -0.25530594 -0.26168379 -0.43628031 -0.31478685
  0.40132491  0.26488222 -0.65081709 -0.41956994  0.19432976 -0.00520163
  0.12151716  0.18710961 -0.3273666   0.15561298 -0.29079709 -0.24114419
  0.1268825  -0.50313745  0.61163677 -0.74538082  0.02687551  0.3298065
  0.87421375 -0.29722876 -0.84539962  0.07057314  0.02101794 -0.32880507
  0.66861733  0.00360511 -0.46221248 -0.53386567  0.08790816  0.87724273
  0.1865249   0.06627795  0.59848393 -0.67201291  0.75741284  0.28466624
 -0.6923337  -0.1504302  -0.05090314  0.33358067 -0.62400024  0.50638008
 -0.18570103 -0.36942894 -0.28880562]
2022-07-24 03:02:46,851 - pyswarms.single.global_best - INFO - Optimize for 1000 iters with {'c1': 0.5, 'c2': 0.3, 'w': 0.9}
2022-07-24 03:02:57,003 - pyswarms.single.global_best - INFO - Optimization finished | best cost: 0.40694390732198127, best pos: [ 0.49083868  0.08954511 -0.5270365   0.06648536  0.63080255  0.62695271
  0.06272204 -0.67063774  0.22419067  0.05964925 -0.24930077 -0.32885334
 -0.29921393  0.51906862  0.57786156 -0.79883277 -0.19083105  0.39252756
  0.11299698  0.5857031   0.84489975 -0.66145838 -0.09714245 -0.59711294
 -0.89851302 -0.30414533  0.3130732   0.76141904 -0.81236163 -0.66372343
  0.01568304 -0.37249881 -0.68979412  0.47312722 -0.06094451 -0.32104377
  0.36246981 -0.56730907  0.42904158  0.61686435 -0.09523084  0.18442903
  0.74715994 -0.34115166 -0.18183906 -0.41338462 -0.25324113 -0.17190433
  0.137589    0.02365621  0.52360064 -0.12315715 -0.1396729  -0.60536318
 -0.09150687  0.53165288 -0.07839536  0.55753768 -0.22989459  0.96185958
  0.43757646 -0.28644453  0.16227532  0.79158352  0.49029367 -0.47427506
  0.30482361 -0.32706013  0.5565831  -0.98837491  0.4159804  -0.13028148
  0.90708228 -0.20435989 -0.15219615  0.65828556 -0.24351126  0.30491537
 -0.2720131  -0.08093644  0.09994142  0.02200793  0.00748106 -0.66868306
  0.04316724  0.32553098 -0.04073817 -0.56027828  0.59727944  0.24049517
  0.0337793  -0.20399102 -0.14539948 -0.51002166 -0.36819595  0.15033941
 -0.01638239  0.21545364 -0.52729556]
2022-07-24 03:02:57,033 - pyswarms.single.global_best - INFO - Optimize for 1000 iters with {'c1': 0.5, 'c2': 0.3, 'w': 0.9}
2022-07-24 03:03:06,831 - pyswarms.single.global_best - INFO - Optimization finished | best cost: 0.3457358576917369, best pos: [-4.99943977e-02 -5.84920798e-01 -2.79092592e-01 -3.13664878e-01
 -1.59223282e-01  3.37772560e-01 -7.52858338e-02 -4.28209966e-01
  1.74720459e-01  2.00670351e-01  1.26867001e-01  2.05877160e-01
  5.08330629e-01  8.50459765e-02  1.74834568e-01  2.43885617e-02
  8.75195104e-01  4.09469527e-01 -1.07025330e-01 -6.79275174e-03
  3.98474690e-02 -4.83555128e-01  3.25663108e-01  4.21236417e-01
 -5.85131368e-01 -1.58571978e-01 -2.97815660e-01  4.76888810e-01
 -6.74249816e-01 -6.92541101e-01 -1.84354244e-01  5.94984831e-01
  1.83042825e-01  3.22136970e-01 -6.02350562e-01 -7.40700222e-01
 -3.34546017e-02  7.27936855e-02  3.71056016e-01  5.75743391e-01
 -2.77856365e-01 -4.50977043e-01  2.81286204e-01 -3.21877093e-02
  1.66841197e-02 -1.35477344e-01  2.57124395e-01 -2.32928876e-01
  4.12684446e-02  2.59289364e-01  7.07844924e-02  2.79935067e-01
  2.00102552e-02  9.58950588e-02  1.78469799e-02 -2.66655823e-01
 -2.30333455e-01  3.88076862e-01  1.57641675e-01 -8.00869639e-02
  9.56673715e-01 -5.87319513e-01 -8.53706802e-01 -2.10200626e-01
 -1.08660392e-01 -7.00393946e-02 -2.84076784e-01  3.17056545e-01
  3.52396755e-01 -7.06746466e-01  5.77586974e-01  4.27089855e-01
  9.87665143e-01  3.63739165e-02  2.77576291e-01  1.63030701e-01
  5.46900452e-01 -8.26784294e-02 -5.13446649e-01 -2.68821348e-01
  1.94839934e-02  1.06154019e-01 -3.78223878e-01  6.04979803e-01
  2.36234735e-01 -1.49768438e-01 -2.57393729e-01 -1.79352604e-01
  6.25213567e-01  7.47549761e-04  3.66910977e-01  1.74903546e-01
 -8.45085153e-01  6.31823516e-01 -4.40875224e-01 -5.44519279e-01
  7.03267635e-01  2.31156336e-01  3.81336418e-01]
2022-07-24 03:03:06,858 - pyswarms.single.global_best - INFO - Optimize for 1000 iters with {'c1': 0.5, 'c2': 0.3, 'w': 0.9}
2022-07-24 03:03:16,656 - pyswarms.single.global_best - INFO - Optimization finished | best cost: 0.37000380542667693, best pos: [-0.29276102  0.3546824   0.14105039 -0.11912887  0.41653918 -0.20048802
  0.16812074 -0.17057911  0.4130114  -0.03927925  0.29295636 -0.12128054
 -0.02732513  0.31439774  0.41467525  0.4545531   0.01730376  0.06872687
 -0.03969574 -0.54519806  0.09305704 -0.51972076  0.25250559  0.65947308
  0.02163532 -0.77485773 -0.25718782  0.0636221  -0.45550618 -0.24016264
 -0.60040124 -0.0031456  -0.30281875  0.5741938  -0.88974466 -0.30137959
  0.16656922 -0.10786838 -0.50312026  0.33948922 -0.28791426  0.05916696
 -0.18385401 -0.44414421  0.25362738  0.48471058  0.00588643 -0.69968644
 -0.04962561  0.16840316 -0.26011821 -0.21827531 -0.157902   -0.24169554
 -0.39695927 -0.09744537 -0.34368248  0.16529294  0.0594937   0.30422901
  0.07553568  0.31775644 -0.3223444   0.54236521  0.0065061  -0.30670779
  0.06923181  0.2497665  -0.48663168  0.05711669  0.51639122 -0.49035554
  0.42837179  0.3343106  -0.84765597  0.2505461   0.42736182  0.25808499
  0.09019757  0.13882985  0.0799031   0.01312469 -0.34101608 -0.18646776
  0.26923021  0.37358502  0.01079227 -0.75901354  0.51148823 -0.00918814
  0.95244375 -0.5693875  -0.437544    0.3275144  -0.47207945 -0.53413822
  0.31711346  0.07273406  0.49505443]
2022-07-24 03:03:16,685 - pyswarms.single.global_best - INFO - Optimize for 1000 iters with {'c1': 0.5, 'c2': 0.3, 'w': 0.9}
2022-07-24 03:03:26,717 - pyswarms.single.global_best - INFO - Optimization finished | best cost: 0.36630804161223307, best pos: [ 0.36367857 -0.49512092  0.55137163  0.39103579  0.02812152 -0.2385928
  0.43837541  0.10419373 -0.53759729 -0.28303923 -0.04645754 -0.41881403
  0.20966083  0.10435048 -0.22374707  0.00349687 -0.7448067   0.14590925
 -0.52701821  0.66688716 -0.57566324 -0.22429583 -0.48698731  0.10540087
  0.53320064  0.64337112  0.36757368 -0.19253613  0.09728544 -0.1010548
  0.31812284 -0.63584033  0.19881252 -0.42570108  0.19662949  0.56798005
  0.28933215  0.64034589  0.34035315  0.15585748  0.86688743  0.02836395
  0.22900944 -0.68835808 -0.30860336 -0.23658082  0.49795315  0.11135622
  0.10435421 -0.43787662  0.1768393   0.17490786  0.83345525 -0.20650891
 -0.84208697  0.10298533  0.14640787 -0.19399349  0.23663589 -0.57712857
 -0.04837052  0.18406604 -0.12216556 -0.59126819  0.17210171  0.4795973
  0.52130799 -0.26075582 -0.28382842  0.12096378  0.06601512 -0.32387194
 -0.28429233  0.36190939  0.89014788  0.35922291 -0.01902568 -0.11534464
 -0.79838849 -0.10770823  0.25620014  0.4805808  -0.64585163 -0.37002901
  0.28584774  0.25875658  0.10945721  0.49009149 -0.44379408  0.32968551
 -0.567992   -0.09005209  0.84403645 -0.34860289 -0.06808659  0.8792608
 -0.03307933  0.0754485   0.3588804 ]
2022-07-24 03:03:26,753 - pyswarms.single.global_best - INFO - Optimize for 1000 iters with {'c1': 0.5, 'c2': 0.3, 'w': 0.9}
2022-07-24 03:03:37,169 - pyswarms.single.global_best - INFO - Optimization finished | best cost: 0.4707560659251286, best pos: [-0.40170358 -0.07072548  0.71008645  0.22871965  0.37923639  0.14992814
 -0.3249764  -0.85815057 -0.5908192  -0.26177745  0.17281669  0.33398925
  0.06060267 -0.80189579  0.39385829  0.28754797  0.19829162  0.53039747
  0.38642838 -0.04347687  0.44893571  0.02962173  0.37509923 -0.97240676
  0.39441273  0.54825467  0.1808185   0.6517165   0.79444446 -0.77858115
  0.27952664  0.42583564 -0.21262109 -0.11519212 -0.61610847  0.71099923
  0.89722388  0.87726526 -0.64699865 -0.34991812 -0.20589297  0.06556715
 -0.04183529  0.91049384  0.68592991  0.46470105 -0.28934691  0.09210091
 -0.81041356 -0.01351207  0.42983352  0.42281639  0.11766894 -0.75797901
 -0.35244729  0.54404167  0.66132654  0.4659362   0.13622581  0.33963219
 -0.44251735 -0.01868286  0.3674684  -0.81975418  0.40617492  0.92914029
  0.22763003 -0.62088332 -0.47062119 -0.12268175 -0.7313758  -0.25582303
 -0.60526495  0.72079117 -0.10415439  0.31721078 -0.03447099  0.39522213
 -0.18534154 -0.67118798 -0.11183778  0.67844094 -0.0447489   0.41285308
 -0.00901455  0.16954377 -0.02596208 -0.65484071  0.00785815  0.38542918
  0.38455419 -0.27435918 -0.1659409  -0.51932321 -0.14945588  0.62929206
 -0.30731429  0.20477795  0.18116179]
2022-07-24 03:03:37,204 - pyswarms.single.global_best - INFO - Optimize for 1000 iters with {'c1': 0.5, 'c2': 0.3, 'w': 0.9}
2022-07-24 03:03:47,166 - pyswarms.single.global_best - INFO - Optimization finished | best cost: 0.4991512644511764, best pos: [-0.09477896  0.14933676 -0.0508941   0.08747566 -0.1524365  -0.17157817
  0.51675731  0.71702071 -0.23339855 -0.04288242  0.06507082  0.20740234
 -0.62388728 -0.34009604 -0.05531564  0.4759329   0.31954653 -0.27276361
  0.17590025 -0.28980855  0.76084792 -0.04857654 -0.52222537 -0.16563162
  0.60535792  0.48574384 -0.34934578 -0.1024207  -0.08323929  0.46251795
  0.52776262  0.38141673 -0.20704248  0.32569449  0.03474376 -0.10275094
  0.60963252 -0.1081417  -0.66225319 -0.05155753  0.48630088  0.09593096
 -0.0305983   0.20319164 -0.52414974  0.05954534 -0.05839026 -0.36018263
 -0.55136146 -0.51634164 -0.36423069 -0.22707445  0.10954771  0.07359717
 -0.22366635  0.55135553  0.60626501 -0.41742977 -0.38738095 -0.23928791
 -0.39009715  0.27935828  0.15480927 -0.83990263 -0.05391983  0.37149212
  0.15725933 -0.51151838  0.58702418 -0.42844675 -0.10847871 -0.58074642
  0.54148245 -0.32117872  0.21948093 -0.48096582 -0.2421701   0.26894769
  0.23133093  0.06715496 -0.44346662  0.37900285  0.12267492  0.11156451
  0.5805695   0.10048692 -0.45347145 -0.57575573  0.06377205  0.30431335
  0.04146828  0.10424787 -0.24656213  0.02190059  0.33808035 -0.40034853
 -0.14350686  0.09992609  0.3669412 ]
