2022-07-22 18:22:25,669 - pyswarms.single.global_best - INFO - Optimize for 100 iters with {'c1': 0.5, 'c2': 0.3, 'w': 0.9}
2022-07-22 18:22:27,357 - pyswarms.single.global_best - INFO - Optimization finished | best cost: 0.08252175172694069, best pos: [-1.36647907e+00  4.11854970e-02  1.05371452e-01  2.38636485e+00
  1.17614597e+00  4.91698376e-01  4.15680102e-02 -4.79043910e-01
  8.78943909e-01  1.74834394e+00 -4.25273723e-01 -4.01328807e-01
  7.45730599e-01  1.99956088e+00  1.06829237e+00  5.91461893e-01
 -9.23897820e-02  8.27138499e-01 -2.24858904e-01 -4.77662614e-01
  1.72024942e+00  3.04664565e-01  6.35759351e-01  4.78504489e-01
  1.11698624e+00  1.19273742e+00 -6.49774012e-01  9.45478595e-01
  7.32482546e-01 -1.00734388e+00  3.05730139e+00  4.00950461e-01
 -1.63454060e+00  4.23635019e-01  8.33878102e-01  4.69053949e-01
  1.41555546e+00 -3.36790372e-01 -1.38666060e+00  1.66941661e+00
  4.55305154e-01 -2.19801930e-01  1.10144580e+00  8.31274294e-01
 -2.71468528e+00  3.35167801e+00  8.71021389e-01 -3.03435122e-01
  9.68639582e-01  2.06440827e+00 -5.36641816e-01  1.52600859e+00
 -2.05000320e+00  3.06838986e-01  9.04649518e-01  5.88959504e-02
  2.00066396e+00  6.29350172e-01  3.19283397e-01 -2.37644241e-01
 -9.19708774e-01  1.91476666e+00  3.15263234e+00  3.87095807e-02
  3.82845842e-01  4.13359113e-01  3.62794496e+00  1.40870028e+00
 -1.25021040e+00  1.53468005e+00  5.65244019e-01  5.28119055e-01
  8.47162691e-01 -1.25465242e-03  7.19220435e-01 -8.66292679e-02
  9.19018828e-01  3.66694676e-01  5.47294477e-01  1.94844864e-01
  9.21680383e-01 -2.71612839e-01 -1.78519833e+00  8.53277210e-01
  1.24352640e+00  1.15065010e+00 -3.17284482e+00  1.24176541e-02
  1.06668722e+00 -2.29423274e+00  1.52647826e+00 -7.80305126e-01
  6.39179115e-01 -1.99277028e+00 -2.10542910e-01  4.28660849e-01
  8.07000015e-01  1.59272132e+00 -1.15988365e-01]
2022-07-22 18:22:27,371 - pyswarms.single.global_best - INFO - Optimize for 100 iters with {'c1': 0.5, 'c2': 0.3, 'w': 0.9}
2022-07-22 18:22:28,774 - pyswarms.single.global_best - INFO - Optimization finished | best cost: 0.08327382476958037, best pos: [ 0.63135737  0.40753131 -1.65905723 -1.36326574  3.79958179 -0.6722311
  0.66101109 -0.16193113 -0.25381724 -0.16322371 -0.3741047  -0.19759445
  1.64754608  3.16832051 -1.3721762   0.41082969  0.24730961  1.14564774
  3.08421334 -0.19802289  1.2951578  -1.24547098  0.18459708 -0.33772128
  0.44704261  0.86388282  2.12093387  1.41540508 -0.20709649  1.80567625
 -0.575991    0.83263877 -1.44200821  0.72520418  0.78765985  0.72610301
  2.23674174 -0.80863402 -0.51505163  0.27817572 -0.37902278 -0.4508642
 -0.58720469  0.14720459  1.49907569  0.93955105  0.13334709  0.40378381
  0.6977982  -0.4646683   0.48977412  0.51211502  0.14347341 -0.45673888
 -1.2914084  -0.15556009  0.37651823 -0.44390995 -0.25076298  0.38104954
 -0.56550295 -0.69122466  0.47890454  1.50127155  0.2532331   0.12198621
 -0.9728851   2.99564082  0.68505228 -0.73976661  0.23770171  4.69015699
 -0.36624906  0.12431888 -0.41226519 -2.08207215  1.90905859  0.77159563
  1.35180554 -0.53939819 -3.60877375 -0.51680749  3.45973191  2.00365167
  0.44113641 -1.18243321 -2.40414018  1.10187071 -2.88770426  2.92766051
 -0.66763362  1.98770004  1.61774817 -2.19572792  1.06816582  0.52036254
  0.57788098 -0.19383142 -0.31629055]
2022-07-22 18:22:28,785 - pyswarms.single.global_best - INFO - Optimize for 100 iters with {'c1': 0.5, 'c2': 0.3, 'w': 0.9}
2022-07-22 18:22:30,116 - pyswarms.single.global_best - INFO - Optimization finished | best cost: 0.06330365317754794, best pos: [-0.09208144  1.16801949  0.16504013  0.96218806  1.3233626  -0.3697857
 -0.72374674 -0.59213831 -0.78352709 -0.55942434  0.74569657 -0.04895626
 -0.07062005  1.08438654  0.95744064 -1.05969967  1.013798   -0.19200645
 -0.33140344  1.9313584  -1.3004026   0.0743304  -0.10665363  0.50880157
  0.89143243  1.04452068  1.67217366  0.17280125  0.66467418 -0.49835439
  2.56382811 -0.43252465  0.408215   -0.07753836  1.14832847 -0.86305917
 -0.90716831  0.03746756 -0.19299019  1.86710032 -0.26456379 -2.09367615
  0.04736485 -0.49778551  2.93898339  2.00919829 -0.57726924 -0.43249629
  2.36515034 -0.53713558 -0.81380712 -0.83917295  1.39665032 -0.46107668
 -7.4475827  -0.58350291  1.25454129  0.60874087  0.95226526  0.86137396
 -0.52170197 -0.63009236 -0.41986645 -0.14445516  0.18241889 -0.83315655
 -0.09446878 -2.11806847  0.55960645 -0.85681237 -1.58424042 -0.12229199
  0.45890031  0.8113848  -0.03972409  0.62665724  0.83430591  0.46641676
 -2.86666174 -1.40265447  3.0219716   1.78954619 -1.25547952 -2.2620729
  1.75013682 -1.69961991  0.87427538 -1.74966339  0.39445701  2.1406227
 -1.40799106  1.83701902  0.14021137  3.07742786  0.51032159  0.80486144
  0.06143347 -1.49066118 -1.97278108]
2022-07-22 18:22:30,177 - pyswarms.single.global_best - INFO - Optimize for 100 iters with {'c1': 0.5, 'c2': 0.3, 'w': 0.9}
2022-07-22 18:22:31,485 - pyswarms.single.global_best - INFO - Optimization finished | best cost: 0.09497667568592799, best pos: [-1.55168605 -0.50979623 -0.3951461   2.29891414  0.56181341 -0.14308975
  0.65768412  1.71779966 -0.26538634 -1.66580404  5.21609341  0.14590832
  2.26337652  0.39964976 -0.48126554  4.22162554 -0.17798885 -5.18944724
  0.7770984  -0.654686    0.56939749 -2.46341151  0.73727457  0.27495601
  3.81082027  0.5040769   0.18083556  1.13088596 -0.0238506   3.14067972
  3.78289598  1.72490018  3.41743101  2.76320996 -2.87586748  1.95051774
  0.09638106  1.18913835  1.5683951   1.50124347  2.05315744  0.25171904
  2.29967774 -0.36956024 -1.27260025  2.27881642  1.45024935  2.09114538
  1.12317114  7.62631471  0.96825994  1.50502695  0.40882252  5.53356339
  1.37713852  0.04459206  0.55265876  0.66103446  0.70356931  1.18488603
 -0.01362548  0.64999564  1.39819371  0.70561167  0.22467089  2.16973857
  1.11461967  2.41182567  5.50140368  1.41639025  4.20497332  2.54398453
  3.8578992   0.94459137  0.94538662 -4.95555018  1.7534874   1.69297671
 -1.98723935 -0.91646255 -0.44895101  2.62041104  0.37398276  0.09735046
  1.82303061  4.36893192  2.10366237  1.48044654  1.25633508  5.61140355
  1.68229134  0.11700848  0.73313135 -1.23585511  1.18228376  0.46058023
  0.97551268  0.43969801 -1.9553961 ]
2022-07-22 18:22:31,495 - pyswarms.single.global_best - INFO - Optimize for 100 iters with {'c1': 0.5, 'c2': 0.3, 'w': 0.9}
2022-07-22 18:22:32,790 - pyswarms.single.global_best - INFO - Optimization finished | best cost: 0.054711193744406715, best pos: [ 4.71640092  0.53152713 -0.13737607  0.90372383  0.86188786  0.62962756
  0.71394344  2.00271983 -0.1700268  -0.81538065 -0.81022165  3.35822931
  5.37386303  1.84164653  2.15248967 -1.20088497  0.92790956 -6.98114527
  3.37913005  0.27488324  2.95461667 -0.83602303  0.32572073  0.34528389
  0.94909265  1.64080472 -0.55313552 -1.22159905  2.4931694   3.83096234
 -2.40905997  2.89069711  2.73489802  1.6623271   4.38029852  1.54067635
  0.0914273   1.12730999  1.19106649  4.88773142  0.21561724  2.52837957
  1.68937883 -0.99971683 -2.17824358  1.86555115  1.39676601 -0.06886714
 -0.32131978  4.72673044  1.63049724  0.9810963   1.56701045  1.24016589
  3.50685789  0.11404268 -0.48164949 -3.51300567 -0.05061228  2.15141286
 -0.27053509  0.54621478  1.51389706  3.95605643  1.54960161  1.40086458
  1.21270074  2.6040366  -0.04775082  0.93470081  4.25628218  2.77587667
  1.00854662  0.60770731  0.65938431 -2.41853193  5.09375111  1.74268304
 -0.08968216  0.74709047  2.12648783  1.38794803  0.96406186 -1.64008247
  0.49846921  0.98268969  0.39227888 -3.26547518 -1.79148355  6.59651124
  4.65813297  1.86412873  0.66045771 -2.79867102 -0.82200262  1.77167256
  1.02670439  0.5609116   4.82369386]
2022-07-22 18:22:32,801 - pyswarms.single.global_best - INFO - Optimize for 100 iters with {'c1': 0.5, 'c2': 0.3, 'w': 0.9}
2022-07-22 18:22:34,087 - pyswarms.single.global_best - INFO - Optimization finished | best cost: 0.059437822425046596, best pos: [ 0.46852216 -0.68838421  5.12796857  4.1575466  -2.78271424  3.29977037
 -2.48173073 -0.9555735  -1.9657705  -0.09538053  0.82287369  0.90918783
  1.63646625  3.13173279 -1.09117422 -0.94260561  0.12166498  1.29059405
 -0.95828655  1.099124   -1.54293842  1.16576208 -1.55359862  4.22814602
 -2.57865767  3.14185556  0.6703453   3.05673768  0.4367603   0.88703081
 -0.56425603  0.17470357  3.56101055  0.09340138 -2.06137052 -0.52045979
 -3.9868303   1.60188956  0.56060089 -0.89156882  1.14624387  0.94285588
  0.28307909  0.99336681  2.80638189 -0.72281629 -0.29994299 -0.26030323
  0.66304168  0.28128009  2.47285229  0.86712353 -0.77212992  3.03398257
  1.45440149 -2.70063446 -5.13109329  0.93309758 -1.62377447  0.02991606
  5.28887695 -4.47153692  0.15922211 -4.19921009  1.83469667  1.15962777
 -0.2679443  -1.71956625  0.09901109  1.47827343 -0.37126524 -0.61432111
 -1.72115706  0.50435543  1.58583202  0.61415929  1.72467632  0.02791272
  0.28777368  1.06444753  1.03429047 -1.01872895  1.59304642  0.56628662
 -0.60235073  0.44181794  7.50353492  1.75040634  1.07372791  5.05894531
  2.73767596  2.71379343  2.82937674  1.0862154   4.2638283   0.15422328
 -1.18038616 -1.14486567  1.84316675]
2022-07-22 18:22:34,097 - pyswarms.single.global_best - INFO - Optimize for 100 iters with {'c1': 0.5, 'c2': 0.3, 'w': 0.9}
2022-07-22 18:22:35,439 - pyswarms.single.global_best - INFO - Optimization finished | best cost: 0.16403395194208256, best pos: [ 9.77703169e-01  3.34401010e-01  3.88111182e-01 -2.51447227e-01
  2.10928365e-03  6.05002859e-01  5.92662807e-01 -1.16788888e+00
 -1.95364260e-01  1.96144172e+00  7.06376881e-01  7.31879747e-01
  3.89061365e-01  1.31033557e+00 -1.73011391e+00  2.23519746e+00
  9.42028527e-02 -1.80651247e-01  8.17321365e-01  2.34785604e-02
  1.23397428e+00  7.25243397e-01  1.65168249e-01  8.80470125e-01
  2.26449553e+00 -5.10276650e-01  6.25544762e-01  9.14123839e-02
  4.74005012e-01  1.67735380e+00  8.85705059e-01  1.28265497e+00
 -1.53826496e-01  4.89030030e-01 -4.08961022e-01 -4.88555623e-02
 -2.67889898e+00 -2.27982433e-02 -4.33096504e-01  1.29152662e+00
 -5.82826811e-01 -9.45603238e-01  6.24629867e-01  9.89899729e-01
  1.56048035e+00  8.88564891e-01 -4.15007342e-02  1.18073113e+00
  4.02743485e-01  9.39199376e-01  1.56317198e+00  1.29434236e+00
  1.23841665e+00  6.35498395e-01  9.13525569e-01 -1.15676933e-01
  1.18622539e+00  1.95745652e-01  1.69343853e-03  2.15969802e-02
  9.08054894e-01  2.91988931e+00  2.08319520e+00  3.85505430e-02
  6.99521529e-01  4.77446934e-01 -8.34461424e-01  4.76440377e-01
  1.26752498e+00  5.39706142e-01  1.13580209e+00 -1.13800246e+00
 -2.56505505e-01  1.53664483e+00  1.16797021e+00  8.19951856e-01
 -2.22933632e-01  1.42266114e+00  2.04992028e+00  3.82510269e-01
  1.75639975e+00 -5.71733623e+00 -1.59907745e-01  6.56794683e+00
  1.13797342e+00  6.31078854e-01 -8.34402222e-01 -3.54479082e-02
 -1.20729265e+00 -2.21816991e-01 -5.83363449e-01  2.41992458e+00
  6.13673014e-01  1.50829991e+00 -1.51593068e-01  5.09138066e-01
 -1.16735583e-01  1.79877731e+00  1.54088834e-01]
2022-07-22 18:22:35,449 - pyswarms.single.global_best - INFO - Optimize for 100 iters with {'c1': 0.5, 'c2': 0.3, 'w': 0.9}
2022-07-22 18:22:36,783 - pyswarms.single.global_best - INFO - Optimization finished | best cost: 0.08974938782593912, best pos: [-0.67847662  0.44528922  0.05224677 -0.16953456  1.11261004 -0.31475009
  1.03234657 -0.7049243  -0.17131947  0.58265435  1.4626158   1.30177184
  0.63548274 -1.23827548 -0.57633005 -1.1836723  -0.31778794  0.12207171
 -0.79258016  0.1881681   0.73705754 -0.24305241 -0.3290425   0.01993607
 -1.5384266   0.88044357  1.31389868  0.66428418 -1.01256777  0.60620618
  0.82996326  0.46318377  0.72651168 -0.46698112  0.16058844 -0.22990768
 -0.26365293 -1.10907225 -0.03981795  0.80141447 -1.16183245  0.77218502
 -0.47290057  1.04411975  0.96639516 -0.62336703 -0.23189671  1.02885316
 -0.66675622 -0.45664429 -1.69066267  0.10680063  0.69930709 -0.78075938
 -0.11000814  0.14882892 -0.44057673  0.098765   -1.2247534   0.32633652
  0.38871437 -0.51921576  0.27971601 -3.16137039  0.58984858  0.6242343
 -2.2907476   0.86859544 -1.05390012 -1.06625899 -2.36704883  2.59037837
 -0.20595829  0.85978653 -1.47160722 -1.03361158 -0.03740773 -0.81137579
 -0.19509659  0.64434317  0.95508991  0.57644838 -0.52283677  0.80983328
  0.05459206 -0.92883496 -0.70755267 -1.44658208 -0.2078092  -1.06401382
 -0.02596997  0.18014564 -0.86173296  0.66800279 -0.18159109  0.59086453
  0.4080844  -1.6719733  -0.61721555]
2022-07-22 18:22:36,794 - pyswarms.single.global_best - INFO - Optimize for 100 iters with {'c1': 0.5, 'c2': 0.3, 'w': 0.9}
2022-07-22 18:22:38,137 - pyswarms.single.global_best - INFO - Optimization finished | best cost: 0.05351205502090448, best pos: [ 0.67352867 -0.57843719  0.74251908  0.3333118   1.45771435  0.35903393
 -0.44446104 -0.29336322 -0.04179552  0.18707124 -0.14475021 -0.43761452
  0.94866149 -0.38383409  0.16441534  0.54196714 -0.41474196 -0.34758109
  0.10470795 -0.82221455  2.86279844 -1.75090683 -0.91184377  0.74472081
  0.98427821  1.34009851  0.022839   -0.20726584  1.5405127  -0.16175721
  0.37776272  0.9735022   0.07782971  1.57508626 -0.0653873   0.2135581
  0.44151637  0.91963314 -2.33411459 -2.33471656 -0.59193612  1.15223246
 -0.08114374  0.11617643 -0.39386811  0.0684904   0.64260576 -0.52734821
 -1.81339241 -2.97717881 -0.470223   -3.21004607 -0.32665594 -2.04958823
  0.22368087 -0.92202026 -0.18326687  0.06106754  0.52037282 -0.16994056
 -1.73750733 -0.13715508  0.41808236 -2.61963007 -0.95635921  5.97183333
 -0.54172064  0.04000272 -1.52879047  1.38337405  0.86404725  0.20331832
 -0.37878068  0.09318776  0.10064091 -1.07824989 -0.37803811  1.32225129
 -1.03574617 -0.37066221  0.96708028 -0.27209717  0.59397651  1.24235915
 -2.39425071  0.6869098   0.40581175 -0.81789285  3.36072539 -0.0842435
 -1.28921514 -0.08457264  0.57172911  1.96215015  0.23357097 -1.93288877
  0.82184676 -1.27828599 -0.9272201 ]
2022-07-22 18:22:38,147 - pyswarms.single.global_best - INFO - Optimize for 100 iters with {'c1': 0.5, 'c2': 0.3, 'w': 0.9}
2022-07-22 18:22:39,476 - pyswarms.single.global_best - INFO - Optimization finished | best cost: 0.07475179922222602, best pos: [ 1.21708537  0.13062301 -1.63578876 -0.35489059  0.52541221 -1.19189125
  0.30546145 -1.10969955  0.07418212  0.87983527  0.84258647 -0.17489545
  0.64670552  0.17110417  0.39498386 -0.51079454 -1.08625306 -0.09191723
 -0.23844243 -1.40906771 -0.79867336  0.39565644  0.29450756  0.36008787
  0.99012257 -0.24359078  0.50109778  0.698657    0.74738478  2.21546249
 -0.30493652 -0.4241299   0.9128161  -2.19285149 -1.23397468 -0.21310708
 -0.21834321  0.7097308  -0.10472351  0.5130613  -0.69865566 -0.15462285
 -0.31886394 -0.33500525  0.70774636 -0.62519332  0.35822896  0.33689214
  1.48999936  0.97075936  0.31551142 -0.34222955  0.66844649  0.7710343
 -0.42891605  0.86707907 -0.25835693 -1.12732194 -1.36168164  0.7455626
 -0.25029832  1.36151564  0.61041141 -0.57314118 -0.20888451  0.37704745
 -0.40425589  0.48534905  0.77185247 -1.02319756 -1.53059986 12.08593847
  0.24241419  0.26675568 -1.12803422 -2.24628344  0.85738512 -0.49296151
  1.79921947  0.99229078 -0.74469631  0.07408575  0.87002994  0.85991391
  0.44355692  0.9084799   0.30805307  0.994301   -1.17248115 -0.32085994
  1.32565118  0.45306008 -0.19660871  1.2706612  -0.65472376  1.42964281
  0.80368527  1.17281131  0.03756681]
2022-07-22 18:22:39,617 - pyswarms.single.global_best - INFO - Optimize for 100 iters with {'c1': 0.5, 'c2': 0.3, 'w': 0.9}
2022-07-22 18:22:40,964 - pyswarms.single.global_best - INFO - Optimization finished | best cost: 0.48499474989635877, best pos: [-0.74534371  0.33449045  0.18429589 -0.04447344  0.27590518  0.6117218
  0.42643753  0.82498423 -0.49374652 -0.73252994 -0.08687463 -0.17312269
 -0.49676578 -0.6137316  -0.78516964 -0.56636491  0.87948744 -0.24747034
 -0.44063217 -0.29779928  0.05214088 -0.75472578 -0.00343938 -0.44071177
  0.06302013 -0.1770257   0.57594651  0.52028816 -0.84676657  0.3647894
  0.13016542 -0.68908897 -0.17280339  0.00882929  0.3429906   0.70622468
  0.74687146  0.34305406  0.53761099 -0.01846336 -0.22258798  0.66319418
  0.00293916 -0.26733887  0.31136978  0.26005048 -0.36682622 -0.28799861
 -0.0066778  -0.06582468 -0.22441674  0.29648911  0.51147403  0.26925379
  0.37776898  0.02640372 -0.17773582  0.39318739  0.22237362  0.33202445
  0.06101277 -0.11107347  0.01059011 -0.12045596  0.42435947  0.56539303
 -0.63675339  0.01490149  0.60199263 -0.44239616  0.34078773  0.64047606
  0.84377521 -0.24453277 -0.62367831  0.05098987  0.40805552  0.61103568
 -0.83327197 -0.45700092  0.4257912  -0.24425253  0.44713162 -0.78192139
 -0.50190345 -0.67640698  0.17640809  0.36995781  0.02987955  0.70118543
 -0.0475342   0.67822789  0.79032015 -0.38117032 -0.60856421  0.08696165
  0.74299896  0.1174989  -0.09798583]
2022-07-22 18:22:40,980 - pyswarms.single.global_best - INFO - Optimize for 100 iters with {'c1': 0.5, 'c2': 0.3, 'w': 0.9}
2022-07-22 18:22:42,350 - pyswarms.single.global_best - INFO - Optimization finished | best cost: 0.589690219391055, best pos: [ 0.52166309 -0.84979945 -0.55066318  0.07638282 -0.05726969  0.33671184
  0.63585403  0.14861626  0.74771163 -0.25676863  0.51170861  0.14045142
 -0.87886749  0.21101952  0.17658817  0.34625597 -0.45552273  0.08693067
  0.36663023 -0.7200279   0.14354196 -0.52686314 -0.95014705  0.15644808
  0.53623562  0.28434303 -0.45567736  0.30685692 -0.64098929 -0.13430911
  0.35802314 -0.81447884 -0.30813679  0.93494853  0.1173293   0.2394947
 -0.33138053 -0.08109981  0.77204056  0.11366916 -0.34097967 -0.82568718
  0.31075784 -0.30530856 -0.00199335 -0.19062271 -0.01652797 -0.05279736
 -0.82377023 -0.73793935  0.3203656   0.53712699  0.2690248  -0.01456863
 -0.46867006 -0.72772125 -0.33618118  0.3099257  -0.51258616  0.52012362
 -0.44891132 -0.03499835  0.42325381  0.42558263  0.76727021  0.57193166
 -0.60107655 -0.35078049  0.04425534  0.912513    0.00192031 -0.15136167
 -0.45090623  0.17843475 -0.33763377  0.09225556  0.90388104 -0.18601031
 -0.05780386  0.81195823  0.15820949 -0.79829807 -0.25956104  0.47424273
 -0.09763779 -0.11405141  0.90365056 -0.73306065  0.42893824  0.53513606
 -0.37097278 -0.04659654  0.20460173 -0.32982147 -0.0374932  -0.1848961
 -0.42963661  0.37043031  0.12970581]
2022-07-22 18:22:42,359 - pyswarms.single.global_best - INFO - Optimize for 100 iters with {'c1': 0.5, 'c2': 0.3, 'w': 0.9}
2022-07-22 18:22:43,717 - pyswarms.single.global_best - INFO - Optimization finished | best cost: 0.4945748820909338, best pos: [-0.28586065  0.03123104 -0.59985095  0.74487047 -0.46752868 -0.70689337
  0.00735196 -0.12418268 -0.17854331 -0.64307188  0.01539638 -0.07814994
  0.26577519 -0.47693699  0.59362964  0.57512876 -0.01099704 -0.18154975
  0.62453701 -0.14850666 -0.12844323  0.35819641  0.56321137 -0.00832253
  0.36644558  0.35235234  0.28097591 -0.38607373  0.84743865  0.37986538
 -0.79597011 -0.30678112  0.14347213 -0.43503558  0.05811653  0.31512701
  0.18657348  0.51827019  0.82356121  0.06571461 -0.25972369 -0.59796373
 -0.7942916  -0.61707212  0.1867492   0.01014333 -0.09541853  0.09975104
  0.57177826  0.16100491 -0.40972361  0.8943665  -0.28809937 -0.2014469
  0.37133378 -0.32597654  0.01324102  0.24513258 -0.33500668  0.06734696
 -0.58039774 -0.16510922 -0.8511087  -0.30596348  0.53861732  0.68328048
 -0.21057779 -0.35703672  0.71031652  0.61544551 -0.2524515   0.60035306
 -0.17506129  0.33726567  0.01246128  0.12582504  0.31537251  0.25466508
  0.44338803 -0.6975853  -0.10892662 -0.78866272  0.34494265  0.01456661
 -0.7517306  -0.86804864  0.94868631  0.19674574 -0.01180952  0.53410321
 -0.90034771 -0.34568082  0.0966252  -0.24416765 -0.31621737  0.26734553
 -0.22336846  0.40745578  0.25515246]
2022-07-22 18:22:43,726 - pyswarms.single.global_best - INFO - Optimize for 100 iters with {'c1': 0.5, 'c2': 0.3, 'w': 0.9}
2022-07-22 18:22:45,094 - pyswarms.single.global_best - INFO - Optimization finished | best cost: 0.47831115853558515, best pos: [ 0.76981782 -0.35116065  0.2018593   0.04704276  0.55981494 -0.35319274
  0.26969665  0.11338307 -0.28045156  0.26848322 -0.04297751 -0.64066005
 -0.06709317  0.64060642  0.58267456  0.74663813 -0.68660423  0.13001402
 -0.14252915 -0.79110242  0.38087946  0.22709355  0.57287553  0.29184235
  0.41540421 -0.30546366 -0.52942287 -0.94180252  0.53436823  0.07927616
  0.53881477  0.87685432 -0.88394269 -0.08676314 -0.44258125 -0.8941738
  0.12359004 -0.05488466 -0.27558748 -0.00181253 -0.61233074 -0.98378132
  0.25123914  0.5245254  -0.33289207 -0.53728512 -0.23016216  0.57547751
  0.05817084  0.01564602  0.07041908  0.42498132  0.37402164 -0.39628252
  0.69817222 -0.19370807 -0.20440874 -0.22304707  0.11067941 -0.76566577
 -0.18475172  0.16052605  0.25138894  0.28767706  0.08708563  0.26915546
  0.57657533 -0.43917398 -0.85485433  0.62943867 -0.75411266 -0.58533307
  0.38522738  0.4155048   0.7760628  -0.08875181 -0.13966347 -0.06661508
  0.00860826 -0.27362689 -0.63250093 -0.63943079  0.44253664  0.78876512
 -0.37724279  0.10364909 -0.54293754  0.13118448 -0.34639197 -0.30575332
  0.04883977  0.54174494 -0.35963223  0.26844155 -0.80103869  0.15624706
  0.23395934 -0.10233715 -0.29507414]
2022-07-22 18:22:45,103 - pyswarms.single.global_best - INFO - Optimize for 100 iters with {'c1': 0.5, 'c2': 0.3, 'w': 0.9}
2022-07-22 18:22:46,485 - pyswarms.single.global_best - INFO - Optimization finished | best cost: 0.43222928187259024, best pos: [-0.26194719 -0.20374264 -0.15452177 -0.3938971   0.03645173 -0.13335523
 -0.03594416  0.63380167  0.56620485 -0.48513873 -0.84700854  0.73119835
 -0.15958711  0.05820477  0.05078417 -0.35365628  0.91788957  0.34064936
  0.2187274   0.97854018  0.32028228 -0.67690796  0.37185218  0.38331211
 -0.19521009  0.81084516  0.76966315  0.49524716 -0.1406622  -0.93545786
 -0.3417392   0.29261318  0.78298419  0.24810723  0.2961307   0.12810153
 -0.02813294 -0.18995658 -0.25135244  0.70592288  0.18958955  0.90726504
 -0.16359122 -0.8908029   0.60399288 -0.81466646  0.72487587 -0.9292768
 -0.33474992 -0.88562622 -0.2439361  -0.4259933   0.16924545  0.5675736
 -0.35937682 -0.75419812  0.68444433  0.50157817  0.80259601  0.75209462
  0.00427734  0.12939974  0.08793925 -0.87982975  0.63692114  0.91983601
 -0.34848608  0.53365098 -0.31123357 -0.90641684 -0.39832566  0.85884337
 -0.0882487  -0.44686976 -0.51268055  0.53557912 -0.302874   -0.19148384
  0.87162483  0.2121694  -0.40319579  0.23223407  0.0184724   0.68240841
 -0.36134902 -0.50788715 -0.88283558  0.38992551 -0.17726    -0.4672643
  0.12348355 -0.93002785  0.6158098   0.88442803 -0.43998914  0.21429747
  0.85301842  0.26083036 -0.28715434]
2022-07-22 18:22:46,494 - pyswarms.single.global_best - INFO - Optimize for 100 iters with {'c1': 0.5, 'c2': 0.3, 'w': 0.9}
2022-07-22 18:22:47,856 - pyswarms.single.global_best - INFO - Optimization finished | best cost: 0.6088068806190512, best pos: [-0.63262358  0.36849567  0.34127761 -0.72363293  0.22614503 -0.49007688
 -0.03470876  0.1238601  -0.41371241 -0.32365317 -0.11601916 -0.69705485
  0.40683241 -0.07566793  0.06772572  0.18921177 -0.89457218 -0.13656022
  0.09333067 -0.94493648  0.05760948 -0.10589251  0.39920727  0.68616387
  0.51886651 -0.00373407 -0.08118862  0.12918397 -0.342879    0.97200345
  0.06975311  0.67875254  0.55054372  0.9781453  -0.2195333   0.06851693
  0.07366374  0.46537985  0.81890401  0.17652045  0.72609459  0.70982287
  0.44826678  0.73025401  0.16591062 -0.18973482  0.01976105 -0.08190245
  0.19305625  0.83372495 -0.93394616 -0.54486566  0.51517603  0.65585035
 -0.42178774  0.44587541  0.96952526  0.4781323   0.26378406  0.43731842
  0.02389677 -0.21857579  0.56249347  0.69986706 -0.1345901   0.38623879
  0.05967779  0.49067019  0.24094774 -0.30225916 -0.37260109  0.41790726
 -0.35244268  0.24083985 -0.23948442 -0.44844291  0.55800874  0.71445054
 -0.0937649   0.10024814  0.08677259 -0.64042269 -0.12662448  0.74591539
  0.37361313 -0.70508655 -0.48304135 -0.03156289  0.50039844  0.44836861
 -0.00321765 -0.19118113  0.05094144  0.88164977 -0.54381993 -0.56634041
  0.46423696  0.60620268 -0.89022129]
2022-07-22 18:22:47,865 - pyswarms.single.global_best - INFO - Optimize for 100 iters with {'c1': 0.5, 'c2': 0.3, 'w': 0.9}
2022-07-22 18:22:49,217 - pyswarms.single.global_best - INFO - Optimization finished | best cost: 0.5290178245890799, best pos: [-0.72984571 -0.81269571 -0.41988297 -0.1688582   0.01935928 -0.44165256
 -0.15416871 -0.40213845 -0.20470937  0.40436232 -0.5136939   0.54225761
 -0.62009181  0.07486247 -0.45245088  0.09024437  0.58588887 -0.33664264
  0.86274882 -0.51371694 -0.05791417 -0.87762214  0.10776263  0.57493548
 -0.12809751 -0.92420935 -0.21183009  0.05677699 -0.85703865  0.97269236
 -0.98290397 -0.4107204   0.4929068  -0.29549555 -0.05072573 -0.04545901
  0.01934311  0.98016524 -0.81207134  0.81031729  0.74584026 -0.70774204
 -0.12275925 -0.22766524  0.35427104 -0.12103501 -0.3150664  -0.14203719
 -0.54080239 -0.80152299 -0.45058858  0.76540756  0.45459078  0.49373652
  0.0648088   0.55452696 -0.64241841  0.67751062  0.09948472 -0.49206219
  0.34696476 -0.46717826  0.05351294  0.47286659  0.44639666  0.19053475
 -0.77464233 -0.55623475 -0.38735603 -0.05656673 -0.39052549 -0.44793605
  0.64272455  0.03338409 -0.76636489 -0.68288248  0.38563838  0.94063557
  0.14022042 -0.41096329  0.34061478  0.27930478 -0.27179219 -0.06332351
 -0.82044107  0.41621554 -0.12279348 -0.40006743  0.20844256 -0.50165109
 -0.26087988  0.48970108 -0.31239844 -0.30802972  0.13857791 -0.44142249
  0.02166854 -0.06504845  0.33625497]
2022-07-22 18:22:49,227 - pyswarms.single.global_best - INFO - Optimize for 100 iters with {'c1': 0.5, 'c2': 0.3, 'w': 0.9}
2022-07-22 18:22:50,623 - pyswarms.single.global_best - INFO - Optimization finished | best cost: 0.560886119241117, best pos: [-0.20132005  0.44715321 -0.26673396  0.11245356  0.56019988  0.69141422
 -0.68439406  0.78723299 -0.34395626  0.41055086  0.89275093 -0.03340647
 -0.78883831  0.66594357  0.72847582 -0.67727585 -0.18158647  0.24425823
 -0.09060865  0.44541269 -0.20680772 -0.91268061  0.64025902 -0.26118828
  0.27359347 -0.24884417 -0.51742733  0.86370636 -0.3150224   0.83345058
  0.76599538 -0.3310942  -0.8445837  -0.54852246 -0.43067421  0.65357973
  0.12718048 -0.40468276  0.28892145  0.35812719  0.05447842 -0.97885351
  0.58643064  0.4996112   0.1128956   0.24980572  0.48288469 -0.40367776
 -0.77147109  0.83243736  0.2500203  -0.2404974   0.72638267  0.17155809
  0.44285451  0.52545995  0.16396768 -0.19396908 -0.74670948 -0.18491974
  0.41152347  0.68669413 -0.03227962  0.95929645  0.81333848  0.24408685
  0.62692048 -0.44593704  0.2607674  -0.57941757 -0.12303715  0.80096232
 -0.41870391  0.30942514 -0.21780588 -0.44880019  0.30975084 -0.57729404
 -0.96704407 -0.21817846  0.7847979   0.33923838  0.78354513  0.77324157
 -0.76148215 -0.79605262  0.08732915 -0.83354793 -0.95346212 -0.69728523
  0.35036499 -0.24417266 -0.27615022 -0.19579801 -0.30919808  0.60766277
  0.9718948  -0.18264397 -0.06492884]
2022-07-22 18:22:50,639 - pyswarms.single.global_best - INFO - Optimize for 100 iters with {'c1': 0.5, 'c2': 0.3, 'w': 0.9}
2022-07-22 18:22:52,023 - pyswarms.single.global_best - INFO - Optimization finished | best cost: 0.49940141884456135, best pos: [-0.31426602 -0.04333578 -0.01403805 -0.35956191 -0.24151382 -0.06307459
 -0.26181991 -0.24504624 -0.15787554 -0.54344826 -0.26458255 -0.26327349
  0.74245757  0.70833819 -0.54713016 -0.12428043 -0.44787014 -0.15517068
  0.21074945  0.72943913  0.06119216  0.1009989   0.10624011 -0.30859657
 -0.10395845  0.67744209  0.02001667  0.36725564  0.65282425  0.14691097
  0.10040178 -0.5757469   0.90330482  0.38323174  0.28005434 -0.60171465
 -0.26082129 -0.19163865  0.87019744 -0.0479463   0.94069723 -0.18680552
 -0.28075626  0.31818759 -0.38059422  0.56374315 -0.13318289 -0.299385
 -0.19865449 -0.54461777 -0.29613973  0.00741719 -0.79783141  0.19427685
 -0.34600191  0.53984189 -0.53113433  0.56619212  0.66839217 -0.08183633
  0.40309375 -0.7593305  -0.03474144 -0.45394463 -0.30921694 -0.28753879
  0.0815081   0.6380889   0.33368506  0.12380436 -0.28036758  0.78156827
 -0.54037447 -0.34138433  0.80450538 -0.33203287 -0.70392142  0.18403594
  0.39047651  0.1906014   0.1846199   0.31444767 -0.67449433 -0.35314681
 -0.2095558   0.13912442  0.37233408 -0.19598304 -0.97110501  0.52104538
  0.35047648  0.44889504  0.00504967 -0.05477406  0.92896539  0.48303536
  0.36382118  0.02306103  0.09955605]
2022-07-22 18:22:52,034 - pyswarms.single.global_best - INFO - Optimize for 100 iters with {'c1': 0.5, 'c2': 0.3, 'w': 0.9}
2022-07-22 18:22:53,395 - pyswarms.single.global_best - INFO - Optimization finished | best cost: 0.49581641610120347, best pos: [-0.4116015  -0.24371933  0.3911984  -0.29787244  0.19516167  0.28855205
  0.56164842 -0.40234419 -0.12718327  0.82038328  0.39585237 -0.5889085
  0.01823659 -0.09916293  0.12543543  0.01068399  0.72849358  0.14875682
  0.05867433  0.69873971  0.13443921  0.02432271  0.67585883 -0.45488634
 -0.3621281   0.85812436  0.71746857 -0.70162507 -0.63383298 -0.67108982
  0.2453915  -0.11245991 -0.65936676  0.39250547 -0.99422298  0.36555234
  0.17151909  0.13972137  0.06699431  0.64755309  0.06492929 -0.09525606
 -0.07347241 -0.33975377 -0.60553427 -0.46330539 -0.04627256 -0.21300111
  0.45656699 -0.1526386   0.19180366  0.12840011  0.11230305  0.20991315
 -0.08960314  0.13870789 -0.10078106 -0.19531519 -0.56134229  0.32989242
 -0.47634522 -0.76147771 -0.75878179 -0.92117766 -0.30952703 -0.28397035
 -0.48574448  0.89626774  0.55505667  0.67501687  0.01025147  0.76671744
 -0.11972226 -0.23855466 -0.76139709  0.73337075 -0.7941279  -0.48862657
  0.05759312 -0.50228857 -0.18929646  0.6841798  -0.42427746  0.0327949
 -0.922352   -0.11652108 -0.37327914  0.9237378   0.09027332  0.34531308
  0.94052559 -0.42952706 -0.71325137 -0.59847439  0.37858814  0.5933144
  0.01952555 -0.19801424  0.6044192 ]
2022-07-23 14:17:31,247 - pyswarms.single.global_best - INFO - Optimize for 100 iters with {'c1': 0.5, 'c2': 0.3, 'w': 0.9}
2022-07-23 14:17:32,208 - pyswarms.single.global_best - INFO - Optimization finished | best cost: 0.06068786220556488, best pos: [ 2.75542763e-01  8.23692554e-01 -7.13765809e-01 -1.84969887e+00
 -5.10704799e-03  4.98874972e-01  1.06289199e-01 -2.17747003e-01
 -1.61954399e-01  4.06514131e-01 -1.00180939e+00 -1.88354747e-01
 -2.03159010e+00 -2.45394553e-01 -2.98530129e-02  2.00349992e+00
  4.08333006e-02  2.02376857e-01 -1.89393716e+00  1.53824397e+00
  8.63241482e-01 -2.09849900e+00  2.20677047e-01  7.66290348e-01
  8.42148603e-01 -2.35160837e-01  8.78513271e-01  4.60643839e-01
  1.89791833e+00  6.43610543e-01  1.29863710e+00  7.29799818e-01
  1.78185201e+00 -9.26527626e-01  1.16486715e+00  7.98555379e-02
  8.07215803e-01  3.58730781e+00 -1.61278125e-01 -6.55297264e-01
 -5.97836188e-01 -6.73891756e-01  3.37142482e-01  8.55160562e-01
 -9.56070678e-02  4.76458770e-01  9.88584885e-02 -2.01593665e+00
 -2.88175374e-01  1.33234242e+00  1.39269723e+00  8.08552623e-01
  5.94504467e-01  9.50538387e-01  6.96965618e-01  1.14975171e+00
  6.86586426e-01  2.02021888e+00  7.69855061e-02  2.25473256e+00
 -2.71992074e+00 -8.13559091e-01  6.50458203e+00  8.92514946e-01
  3.42114421e-01 -3.04756419e+00  5.00966060e-01  6.63521411e+00
  3.97612104e-01  7.05558179e-02 -1.17977889e+00  6.31335885e-01
 -2.34661603e-01  6.44972049e-01  3.18392269e-01 -8.32014890e-02
 -3.71194352e-01 -1.53646643e+00 -3.24688822e+00 -7.58472666e-01
  4.62145822e-01  3.78692044e-01 -1.00064386e+00 -7.33909333e-01
 -4.28741117e-01 -6.79270213e-01  1.25278870e+00  3.67194946e-01
 -4.53241964e-01 -1.15444722e+00  3.90755259e-02 -4.10147775e-01
  7.78463227e+00  8.80393177e-01  2.83706155e-01 -1.60317487e+00
 -1.92901603e-01 -2.01124229e-01 -3.55859952e-01]
2022-07-23 14:17:32,223 - pyswarms.single.global_best - INFO - Optimize for 100 iters with {'c1': 0.5, 'c2': 0.3, 'w': 0.9}
2022-07-23 14:17:33,153 - pyswarms.single.global_best - INFO - Optimization finished | best cost: 0.09137112597709478, best pos: [-5.93517820e-01 -7.91812168e-01  8.00629062e-01  6.86704325e-01
  2.86155640e-01  2.10199347e+00  2.30944297e-01  3.80203726e-01
 -5.53188059e-01 -1.38899967e+00  5.80612786e-01 -5.43146513e-02
  1.05222373e+00  1.20643214e+00 -8.23405544e-01 -1.53962140e+00
  1.18384018e+00  3.26322463e-01 -1.20639502e+00  8.60078556e-01
  1.91787650e+00 -7.95853722e-01  6.64376024e-01  5.86994714e-01
  4.99530513e-01  8.08930714e-01  1.59794333e+00  3.21030125e-01
  5.22215305e-01  1.04065361e+00  6.47523582e-01  1.70934475e+00
 -1.12506738e+00  1.85370069e+00  1.33826046e-01  7.69925897e-01
  5.07784008e-01  9.48087936e-01  1.31093556e+00  2.08798700e-01
  1.23140961e+00  3.36833483e-01  4.44124465e-01  3.85313152e-04
  2.07457140e-01  1.17973068e+00 -1.19669555e-01  1.57894618e+00
  8.82620508e-01  7.66628672e-01  1.33872716e+00 -1.04057585e+00
  8.31552092e-01  5.07683846e+00  7.90721055e-01  6.64856827e-01
  3.59484279e-01  1.27752246e-01  1.61068032e+00  9.59765899e-02
  7.63644054e-01  7.85954258e-01  1.21403401e+00  1.44354910e+00
 -7.19228553e-02  5.25163847e-01 -5.76166316e-01  3.48632318e-02
 -3.10075654e-02 -4.00450255e+00  8.93447356e-01  1.62854030e+00
  4.24991974e-01  1.32143546e+00  7.01787405e-01  1.27781369e+00
  1.32859891e+00  1.18725780e+00 -2.28505812e-01  9.69252801e-01
 -9.38944899e-02  9.93027056e-01  3.71498236e-02  3.13365668e-01
  2.08382431e+00 -3.42388611e-01  1.33772660e-01 -2.87221595e+00
 -9.59144051e-01  4.54520057e+00  2.29335566e-01  5.00986616e-01
 -1.83724133e-01  2.38674813e-01  3.60042911e-01  1.31828304e+00
 -2.53129932e+00  1.59159947e+00  5.94581413e-01]
2022-07-23 14:17:33,163 - pyswarms.single.global_best - INFO - Optimize for 100 iters with {'c1': 0.5, 'c2': 0.3, 'w': 0.9}
2022-07-23 14:17:34,101 - pyswarms.single.global_best - INFO - Optimization finished | best cost: 0.058111884916317365, best pos: [ 0.6149803  -0.99266332  0.61298931 -0.47138323 -0.85670802 -2.32694446
  1.28035984  1.8895381  -0.14949999  0.26039878 -0.48782806  0.35132661
  1.01643376 -0.13448279  1.29646487  0.02591208  0.64048025  1.26748225
  0.85141354 -1.01734466 -0.90670928  0.77347114  0.90379383 -0.18610975
 -1.2000829   1.09637592  0.13152482  0.79746081  0.73770837  1.72331454
  0.87141422  0.61093152  2.10374568  0.82773043  1.2282312   0.69702417
 -1.07133185  1.52616755 -1.63470164 -0.05413354 -0.85614631  1.09966949
  0.97663896  0.60190533 -1.78876678  0.88057805  1.67520075  1.83095674
  0.30136007 -0.79129305  1.93747049  0.36916649  1.21428011  1.73380917
  0.74124013  0.04643074 -0.53542357 -0.99917639  0.69355456 -0.54642652
  0.73962291  0.24754773 -6.06837758 -0.20732803 -4.77726268  1.61361176
  0.03929474  0.83876394 -0.09125551 -1.8072371   7.66143624 -0.0444181
  1.8421563   0.65732005 -1.60060248 -5.57711264  0.61754575  1.31669807
  0.89494643  0.16347766 -0.47303759 -1.05382653  0.16831091 -0.41762719
 -0.74665049  1.1089416   0.43769189  0.32779248  0.48227642  0.62219264
  0.9031448  -1.49179896 -0.85089894  0.08470264 -0.89523639  0.55437647
 -0.54273795  0.18392591  0.27368172]
2022-07-23 14:17:34,110 - pyswarms.single.global_best - INFO - Optimize for 100 iters with {'c1': 0.5, 'c2': 0.3, 'w': 0.9}
2022-07-23 14:17:35,020 - pyswarms.single.global_best - INFO - Optimization finished | best cost: 0.09182653671533149, best pos: [-9.10513779e-01  1.66565288e-01  4.58732515e-01  2.40359334e+00
  3.73361825e+00  4.83989199e-02  2.81508542e+00  2.21258712e+00
  4.76001012e+00 -5.63078872e-01 -2.05154835e-01  4.71890332e-01
  1.67989733e-01 -6.19377029e-03  1.04724515e+00  4.46087628e+00
  1.12104159e+00  1.80181141e+00  1.34730793e+00  6.28919020e+00
  2.51129819e-01 -1.44501201e-01  7.26696299e-01  2.02242940e-02
  7.95815711e-01 -6.44371667e-02 -1.68026831e+00  5.32347774e-01
  1.31948966e+00  1.48590192e+00  1.07707369e+00  9.27436171e-01
  1.59312665e+00  9.51462029e-01  1.77591351e+00  6.78397622e-01
  9.66483477e-01 -9.14364698e-01  1.61908387e+00  1.13356282e+00
  5.74323140e-01  1.36757468e+00  1.82412583e+00  3.57635506e-01
  2.57640347e+00  8.56082373e-01  8.64005244e-01  2.13296338e+00
 -2.99914168e-01  1.16528325e+00  7.05349106e-01 -1.02271118e-01
  6.47466734e+00  2.90856397e+00  2.42105394e+00  5.93317514e-01
  1.83927354e+00 -2.57594275e-01  2.00789412e+00  9.82810765e-02
  3.88227890e-01 -4.58668182e-01  1.87830877e+00  6.03487692e-03
  6.79666303e+00  9.29089757e-02  6.19003756e-01  3.80811071e+00
  4.60798939e-01  5.59866313e-01 -2.42046625e-01  4.66514985e-01
  1.66906813e+00 -1.70122794e-01  1.13283297e+00  2.82000747e+00
 -1.34887686e+00  1.73547992e+00  9.43873855e-01  1.53089778e+00
  1.03655966e+00  7.72283878e-01  3.33693937e+00  1.09441319e+00
  1.18756223e+00  9.50372515e-01  2.57504650e+00 -7.73440986e+00
  6.84372708e-01  2.10450823e+00  2.77740962e+00  1.17944462e+00
  6.75950107e-01  2.44534703e+00  8.96919324e-01 -1.32894378e+00
 -1.22707898e-01  6.35066099e-01  2.42225305e+00]
2022-07-23 14:17:35,031 - pyswarms.single.global_best - INFO - Optimize for 100 iters with {'c1': 0.5, 'c2': 0.3, 'w': 0.9}
2022-07-23 14:17:35,973 - pyswarms.single.global_best - INFO - Optimization finished | best cost: 0.053593045416950404, best pos: [ 2.83826498e-01  1.18046111e-01  7.91357240e-01  1.16032162e+00
 -2.41868796e-01 -1.53178718e-02  7.54302634e-01  5.54031534e-01
  5.01508982e-01 -1.54362884e+00 -6.26469789e-01  9.19808923e-01
 -1.47629464e-01  2.33624639e-01 -2.34221143e-01 -1.88577711e+00
  1.00019127e+00  2.86631588e+00  1.90287304e-01 -1.72146469e+00
  8.04339371e-01 -8.27693957e-01 -7.70212487e-01 -9.02132541e-01
  1.02388217e+00  2.43963694e+00  2.84973257e+00  5.94781514e-01
  6.52519914e-01  4.03501887e-01  1.86409247e-01  9.01209935e-01
 -6.81300812e-01  2.72620686e+00  1.43544209e+00  1.22227964e-01
  6.28935761e-01 -3.13932301e-01  1.03172075e+00 -8.70283694e-02
 -2.43429409e-01 -1.61425948e-01  6.44481404e-01  1.91504407e-01
  4.87892727e-01  2.27732532e+00  1.75199811e+00 -6.55607186e-02
  8.55733575e-01  1.43047309e+00  9.04299444e-01  1.50067210e+00
 -8.00222461e-01 -5.55151361e-01 -1.21645513e+00 -1.00299263e-01
 -2.29958616e-03 -1.32773363e-01 -3.80394236e+00  5.40460758e-01
  3.34214697e-01  1.75830288e+00 -1.88844985e+00 -7.93596278e-01
  1.01204548e+00  4.57606013e+00  1.06458171e+00  1.29690322e+00
  7.14231690e-01  2.68750734e+00  4.03668851e+00  3.30170480e+00
  3.20334867e+00 -3.37428311e-01  1.32542808e+00  2.29279159e+00
  7.28584405e-01  1.40644558e+00  1.83112816e+00  2.12955137e+00
  5.65208638e-01 -2.09067447e+00  1.28760022e+00 -7.79066784e-01
  1.69264261e-01 -2.33145548e+00 -2.65538441e+00 -9.28053482e+00
  6.39149572e-01  9.44223470e-01  7.50356800e-02 -5.02751049e+00
  1.19093043e+00  3.41041834e-01 -8.56106068e-01  1.46739988e+00
  1.06015582e+00  7.91226874e-01  6.26101904e-01]
2022-07-23 14:17:35,984 - pyswarms.single.global_best - INFO - Optimize for 100 iters with {'c1': 0.5, 'c2': 0.3, 'w': 0.9}
2022-07-23 14:17:36,929 - pyswarms.single.global_best - INFO - Optimization finished | best cost: 0.04595083595393365, best pos: [ -0.95259962  -0.97279336   0.76751554   0.04808069   0.2849675
  -1.7563825   -1.6331049   -1.11017603   2.73111983  -1.78400116
   0.38445143   1.59495118   3.85744743   1.47501139  -0.75634763
  -2.30526127  -1.05550035   1.07423941   1.1318268   -1.29958671
   1.60511946  -1.0357545   -2.65570553  -3.25590056  -1.04791021
   0.67137615  -1.03751673   0.77467198   1.21927429  -0.22344811
   1.26251556   2.3015776   -1.98339096   0.79242007  -6.34330979
  -2.93652108   0.7102163    0.80723054  -0.91513924   2.22889271
   1.27527309   0.45221461  -0.62628808   1.77471986   1.10282211
   1.53475505  -0.27962777   2.67038655   1.01241934  -2.16207389
   4.5675841   -0.40637016   1.38628094  -1.68135084   1.26898473
   0.08619955   1.74898036  -0.62805123  -3.79017828  -1.41923242
  -0.81440383   1.63400414   0.08724041  -1.55284755  -0.09648164
   5.44159648   1.72427187   1.38976086   0.77631003  -2.47065036
  -4.15658974   2.06584924   0.12328713   1.91880914   1.59604286
   0.90556564  -0.16479617  -1.07637842  -0.44186436   1.88160873
   0.70676149 -15.89452182   0.20127228   0.75738471   0.69034844
   0.2976069    0.26457889  -0.10390775   1.51650222  -0.46228156
   2.35495813  -4.19840362   0.99117807  -3.1391083    0.46151512
   0.98516069  -2.50149843  -1.09606201  -3.21716812]
2022-07-23 14:17:36,939 - pyswarms.single.global_best - INFO - Optimize for 100 iters with {'c1': 0.5, 'c2': 0.3, 'w': 0.9}
2022-07-23 14:17:37,874 - pyswarms.single.global_best - INFO - Optimization finished | best cost: 0.06808824548343165, best pos: [  1.51475942  -0.72846967  -1.02159403  -0.17528877  -0.05889744
   0.39941688  -0.29116814   0.21587681   1.60962096   5.03909563
   0.09435686  -0.29029548   0.08209356   0.36427444   0.37703909
  -0.51272466  -0.51942832  -3.70140012  -0.58873025  -1.5093962
   0.69518907  -0.10766417  -0.61469101  -1.28147853  -1.57488573
  -1.34668326   1.51786322   0.50506822   1.60769687   0.31937712
   1.6608927   -2.12404575  -0.50046943   0.7662274    1.78443884
   3.73649376  -0.78489272  -0.26110733   1.57491878   0.78956166
   0.72300848   4.41458288   4.16882487   1.20526232  -2.68517124
  -1.07800446   0.58902239  -1.69736822  -0.34833758  -2.37076428
  -5.14249701   0.48759859   1.65845911   0.22778881   3.70653702
   0.69495359   1.82139681  -2.97566178   0.6532437   -3.67845726
  -0.86960182   1.91137453  -1.1679897   -0.81570871  -0.04699457
   0.22427913   1.22498389  -1.33116306   1.20310262   1.18479048
   0.02188481  -0.45661527   0.43267352   0.54090817  -0.41932856
  -1.21068596  -3.09657892   1.55681995   3.29067522  -1.84445452
  -0.6502997    0.56609079  -1.14739738  -0.16926072   0.49784982
  -0.59166724   0.46333705   0.32430691   0.55966197   0.32326385
  -0.22434748   0.44866046   0.95505161 -13.59106378   0.65911988
   0.67869469  -1.12942012   1.52914587   0.32406667]
2022-07-23 14:17:37,885 - pyswarms.single.global_best - INFO - Optimize for 100 iters with {'c1': 0.5, 'c2': 0.3, 'w': 0.9}
2022-07-23 14:17:38,829 - pyswarms.single.global_best - INFO - Optimization finished | best cost: 0.08265683875716139, best pos: [-0.20255543  0.42006322  0.19745131  0.17704494 -0.3423198   0.51733645
 -0.14454313  0.17952402 -0.09177707  0.46923979 -0.80543669 -0.18770545
  0.68214503  0.45852376 -1.1790513   0.14460536 -0.24262655  0.08032488
 -0.27025396 -0.77643852 -0.25329211  0.72953284 -0.48603171 -0.82449443
 -0.20387818 -0.1015824   0.44514427  0.44040885 -1.62360921  0.46893567
  0.94168847  0.39088243  0.94421302 -0.78507143  0.74693643  0.62662717
 -0.9288452  -0.13790128  0.28620327  1.01743553 -0.40592121  0.30243807
  0.72332399  0.41566223  0.07963548 -0.55437104  1.28220983  0.200719
  1.64048959  0.29791092  0.54032827  0.2192751  -0.0449434   0.67581145
 -1.23542114  0.25943291 -0.18050358 -0.09023874  0.05860421  0.9530918
  0.69293367 -0.44872786 -8.35835116  0.1070933  -0.50980428 -0.73973424
 -5.17958722  0.4173359  -0.78621574 -0.02724078  0.43385804  0.28981477
 -0.19624213  0.5111682  -0.12921916 -0.29709263  0.84592152 -0.88908355
  0.39174135  0.41985483  0.67299417 -0.20531684 -0.27800113  0.88767838
 -0.88535992  0.62792906  0.97042924  0.62356073 -0.17969781 -3.59537756
  0.47702083 -0.58356988 -0.03035633 -0.22781271  0.35150345  0.41615881
  0.22213381  1.06052104  0.42569428]
2022-07-23 14:17:38,840 - pyswarms.single.global_best - INFO - Optimize for 100 iters with {'c1': 0.5, 'c2': 0.3, 'w': 0.9}
2022-07-23 14:17:39,785 - pyswarms.single.global_best - INFO - Optimization finished | best cost: 0.047856724637652455, best pos: [-1.10369024 -0.51742477 -0.1441297   0.5167181   0.16189195  0.5274902
 -0.12187989  0.09745747 -0.03179027  0.76673914 -0.65868872  0.53554577
  3.34066087  0.78429875 -0.74368171  0.22929442 -1.41739828 -0.77868406
 -0.53527976 -0.65127282  1.13460681  0.20283909  0.87591152 -2.49173697
 -0.93692645 -1.0301737   0.25929652  2.05914922  0.76279962  1.11637811
  0.57442045  0.63404407 -1.24203303  0.25446571  0.75914253  4.3078127
 -0.11992985 -2.29780741  1.22095509 -1.02738679  1.77279458 -0.75379728
  0.28224855  0.92772024 -0.55307628 -4.30562978 -0.3457947  -0.34054815
 -1.19850814 -2.49926256 -1.45809394  0.50392504 -3.34674833  0.55556289
 -0.42141196 -1.09295919  0.31867146  1.45481981 -1.06500704  1.54066823
  0.80758999 -1.72630115 -1.74506083  3.76527264  0.73039117 -1.13466629
 -0.14519196  0.08603995  0.59690428  0.77384961  0.0485057   0.20418664
 -1.53454548 -3.04946877  2.85547413  0.57718429 -0.36861917 -2.20840909
 -1.47900017 -2.9712186   1.10860742 -1.33282514 -0.13851277 -0.10683036
  1.23487652 -3.73495805 -0.55721609 -0.37246699 -0.30123011 -4.16697983
 -0.70220062 -0.3745975   1.31587607  2.03311484  0.29916433 -0.97345155
  1.70216753 -0.20949291  2.110701  ]
2022-07-23 14:17:39,796 - pyswarms.single.global_best - INFO - Optimize for 100 iters with {'c1': 0.5, 'c2': 0.3, 'w': 0.9}
2022-07-23 14:17:40,757 - pyswarms.single.global_best - INFO - Optimization finished | best cost: 0.06906249191163073, best pos: [-3.07109181e-01  7.72286339e-01 -1.01488008e+00 -1.33179238e+00
 -2.29803902e-01  4.75823297e-01 -3.63025049e-01  7.53458252e-01
  6.16907642e-01 -1.07983569e+00  1.83116625e-01 -2.20432686e+00
  1.45640400e-01  4.16905214e-02 -3.51648369e-01 -5.60033910e-01
 -2.86698256e+00 -8.18620285e-01 -6.01799565e-01 -7.31002346e-02
 -1.57778951e+00  7.94905550e-01 -1.57490789e-01 -2.65193130e+00
  8.56579800e-02 -1.22709566e+00 -1.43623175e+00  5.15489014e-03
 -1.27811944e+00  2.98166610e-01  6.22618750e-01  1.17438015e+00
  9.95234502e-01  3.90503379e-01  1.25721462e+00  1.12843781e+00
 -1.18560205e+00  7.08443096e-01  6.53105876e-02 -4.94004771e-01
 -6.61894224e-01 -9.81159779e-01  1.22584194e+00 -5.64462155e-01
 -5.14192554e-01  7.41330433e-01  1.04887417e+00 -6.87102259e-01
 -1.32171989e-01 -2.10406749e+00  3.87941627e-01 -2.95036069e+00
 -1.74292912e-02  9.60727333e-01 -8.32637470e-01 -2.48600675e-01
 -3.33899505e-01 -1.53038935e+00  4.05262156e-01 -7.90743966e-01
 -1.51427533e-01 -5.20297323e-01  7.68525598e-01  1.17010385e+00
 -2.60096187e-01 -8.74592311e-01  2.50376623e-02  3.27825827e-01
 -1.22582120e+00 -5.95836186e-01 -8.98459365e-01 -7.53576103e-01
  3.91202851e-01 -1.71713670e-01 -4.03477484e-01 -1.67558837e+00
  7.75235574e-01 -2.19263769e-01 -7.01868419e+00 -3.67119455e-01
  1.05103980e+01  4.32221562e-02  3.39068646e-01  1.11435413e+00
 -1.30223825e+00  1.08805582e+00 -7.52144042e-01 -2.24469043e-01
 -2.01586799e+00  5.71749251e-01 -1.12746076e+00 -3.65712993e-01
 -2.45231407e-01  8.04238791e-01  3.28885921e-01 -1.96516224e-03
  1.74395973e-01 -1.55735579e+00 -1.26276618e+00]
2022-07-23 14:17:40,861 - pyswarms.single.global_best - INFO - Optimize for 100 iters with {'c1': 0.5, 'c2': 0.3, 'w': 0.9}
2022-07-23 14:17:41,828 - pyswarms.single.global_best - INFO - Optimization finished | best cost: 0.5793562437060237, best pos: [-0.29754055 -0.11849814 -0.56413515 -0.24503401  0.10756087  0.58944452
  0.69872708 -0.30965399 -0.12763436  0.52615973 -0.05927371 -0.08121957
 -0.22266636  0.03635427  0.22119178 -0.65705829  0.54511456  0.13671813
 -0.07705982 -0.19070996 -0.32756771  0.16815265 -0.08888875 -0.73681075
 -0.20403384  0.23549314 -0.04961877 -0.42780888  0.34065562 -0.26083399
 -0.38381705 -0.47101799 -0.06371853 -0.6877832   0.10090983  0.73661683
  0.05698818  0.42440049  0.81511749 -0.18114702 -0.01636464 -0.43576927
 -0.36335625 -0.27545664 -0.70508092  0.18438482  0.52909699  0.09152251
  0.08486251 -0.28191922  0.02384527 -0.19558482  0.1675054  -0.88379342
  0.33202301  0.12267153 -0.02168526  0.5103382  -0.40210682 -0.06465092
 -0.30320645  0.3163554   0.66075413 -0.12285813 -0.45040482  0.67801582
  0.05959437 -0.04559374 -0.11730075  0.76465986  0.00372842 -0.13661027
  0.03253473  0.74697223  0.31474167 -0.63597618  0.01547666 -0.51380108
  0.56444478  0.3071932  -0.33427402 -0.26083349  0.45204723 -0.83292987
 -0.08175349  0.02308055 -0.29214436  0.34307536  0.37355146 -0.70146564
  0.04423385  0.40687403  0.40147117 -0.9024773   0.78989057  0.85736716
  0.25759632 -0.05699906  0.22389265]
2022-07-23 14:17:41,838 - pyswarms.single.global_best - INFO - Optimize for 100 iters with {'c1': 0.5, 'c2': 0.3, 'w': 0.9}
2022-07-23 14:17:42,808 - pyswarms.single.global_best - INFO - Optimization finished | best cost: 0.5577538362064972, best pos: [ 0.55830403 -0.19556056 -0.98801476  0.22510834  0.35779783 -0.60358103
 -0.24999081 -0.43400255 -0.10070095  0.40637166 -0.76140848 -0.27749557
  0.37204962  0.74557704 -0.13182228  0.25722687  0.47998013 -0.30582456
 -0.51818757  0.88670741  0.07647366 -0.31117256 -0.99815204  0.84567039
 -0.76903244 -0.1563253   0.92214933  0.58783837  0.16703733  0.51565834
 -0.27246443 -0.34600366  0.63056915 -0.37115976  0.17745078 -0.13560399
 -0.90734942 -0.91990129 -0.55478475  0.88372714  0.24915913  0.70650279
  0.19002771  0.21521137 -0.12889116 -0.09240714 -0.70603931 -0.86724199
  0.72481367 -0.59060984  0.99653081  0.05134805 -0.73339982 -0.63379319
  0.22974678 -0.03826073 -0.87692932 -0.36478484  0.47123646  0.00638905
  0.59137057  0.58428311 -0.90120905 -0.13676019  0.06375715 -0.76792317
  0.25586415  0.02240889 -0.47256049 -0.20255221  0.21559467 -0.0732906
 -0.03596567 -0.63382201 -0.23476954  0.15528621  0.49995302 -0.04266435
 -0.87157702  0.093632   -0.03000573 -0.3623723  -0.6767126  -0.32927672
 -0.44922461  0.95728073 -0.30048976 -0.56419011  0.99587827 -0.7335674
  0.21327394 -0.39377626 -0.03457166  0.36310148 -0.26987529 -0.50681446
  0.065904    0.24984038 -0.17055435]
2022-07-23 14:17:42,819 - pyswarms.single.global_best - INFO - Optimize for 100 iters with {'c1': 0.5, 'c2': 0.3, 'w': 0.9}
2022-07-23 14:17:43,787 - pyswarms.single.global_best - INFO - Optimization finished | best cost: 0.5388912803595878, best pos: [ 0.11414991 -0.30587729  0.43753445  0.09611533  0.43240918 -0.28364238
  0.49594599 -0.64296214  0.46529529  0.20593314 -0.03765445  0.54427618
  0.2713681   0.15613501 -0.88341232 -0.57063076 -0.69420197 -0.07698877
  0.48088054 -0.11916971  0.31953063 -0.67164212 -0.45359568 -0.21609063
  0.04240559 -0.12741139  0.34775755  0.18997618 -0.49313679  0.10237649
  0.41185251 -0.81672077 -0.39248246  0.65175999 -0.33336893  0.1311167
 -0.68929426 -0.49372874  0.73369205  0.72460596 -0.18063671  0.6918357
 -0.38541972 -0.04485885  0.33876125 -0.50701054  0.19064192 -0.46945556
 -0.34712672 -0.69446649 -0.66332095 -0.43180171 -0.23902453  0.07752
 -0.73433696 -0.27186656 -0.02620753  0.09349924  0.45601277  0.07589416
 -0.0324504  -0.17654407 -0.10017543  0.06549555  0.14459927  0.35832999
 -0.50737126  0.84180891  0.33307666 -0.86515069 -0.00889049  0.79741003
  0.48492253  0.35799323  0.33553783  0.10160192 -0.46540052 -0.29752304
  0.1689825   0.03555144  0.90619983  0.39548748  0.6516853  -0.04592809
  0.60166635 -0.43303931  0.3792902  -0.51828784  0.54355253  0.59524435
 -0.13586224 -0.69136212  0.62553935 -0.42678379  0.77344438 -0.30494359
  0.20171628 -0.25020431 -0.79075729]
2022-07-23 14:17:43,797 - pyswarms.single.global_best - INFO - Optimize for 100 iters with {'c1': 0.5, 'c2': 0.3, 'w': 0.9}
2022-07-23 14:17:44,778 - pyswarms.single.global_best - INFO - Optimization finished | best cost: 0.6204062187464757, best pos: [ 3.84012717e-01 -1.28446397e-01  6.06770970e-01  7.42765010e-02
 -3.03631454e-01 -2.25187738e-01 -3.51175325e-03 -9.61442626e-01
 -4.25883861e-01  9.79377499e-02 -1.64312602e-01 -4.67278223e-01
 -5.20150426e-01  4.18324468e-01 -9.20712076e-02 -3.37493521e-01
  1.47715052e-01  1.06807595e-01 -7.09391769e-01  5.16063814e-01
  1.51471400e-01 -5.25105914e-01 -1.90074638e-01 -5.18125858e-01
  2.19736402e-01  3.29541817e-01  8.65921963e-02  8.24264328e-01
 -1.06456257e-01 -3.36238612e-02  6.02249548e-01 -2.25789159e-01
  1.76208031e-01  2.42609217e-01  7.25937308e-01 -4.18544414e-01
  1.63287943e-02 -1.97677348e-01 -2.30381949e-02 -1.58069100e-01
 -5.55024443e-01 -3.19001046e-01  6.40081373e-01 -9.64178563e-02
  6.58478423e-02  3.42115478e-01  1.49588829e-01  2.77927325e-01
  2.15373799e-01 -1.52523336e-01 -1.10773313e-01 -1.39189897e-01
 -5.20544207e-01 -6.50679695e-02 -5.92918953e-01  6.31743620e-01
  3.06244095e-01 -8.80578460e-01  1.60418302e-01 -1.85967919e-01
 -4.38539662e-01  5.14734024e-01 -1.88848887e-01  4.17262525e-02
 -3.12145177e-01 -9.35976566e-01  1.47056154e-01  1.91315848e-01
  5.34145336e-02 -7.28014921e-01 -1.81197936e-01  1.91818518e-01
  1.96512630e-01  5.32798963e-01 -1.74072751e-01  3.26205268e-01
 -6.52744421e-01 -2.57033679e-01 -7.83102907e-01  3.68741216e-01
  5.92569408e-01 -1.43703052e-01  4.54657430e-01 -6.73410330e-01
  1.64499220e-02  1.67095586e-01  2.86754303e-02  4.45083539e-02
 -3.88340916e-01  3.17038331e-01 -1.15007474e-02  2.34328097e-01
 -3.96328023e-01 -6.75189050e-01 -3.90425074e-01  3.01049813e-01
 -9.24787449e-02 -7.19952140e-01 -2.29265247e-04]
2022-07-23 14:17:44,790 - pyswarms.single.global_best - INFO - Optimize for 100 iters with {'c1': 0.5, 'c2': 0.3, 'w': 0.9}
2022-07-23 14:17:45,787 - pyswarms.single.global_best - INFO - Optimization finished | best cost: 0.5207245109541119, best pos: [-0.22717089 -0.056652    0.03279606  0.33758077  0.29254689 -0.37143364
  0.59614972 -0.16725409 -0.00106625  0.17050032  0.95269782 -0.11902052
 -0.08252879 -0.00751498 -0.43395743  0.45364386 -0.07757172 -0.52810649
 -0.18765085  0.35011707 -0.67601345  0.48530551  0.7839664   0.23722862
  0.12102629  0.5504034  -0.585793   -0.7601739  -0.25945015 -0.36654437
  0.07792128  0.26245873 -0.03437014 -0.39343585 -0.30143206  0.21296017
  0.16044907  0.70150841 -0.22448624 -0.06235118 -0.52676222 -0.17708667
  0.29998695 -0.26559823  0.14755932  0.48529146  0.17656464 -0.3934781
  0.05150796 -0.84350906 -0.75004114 -0.70323723  0.49629429  0.38114316
  0.18022125 -0.1394971  -0.33916527  0.10078593  0.23363851 -0.58238316
 -0.44633775 -0.85330241  0.59290095 -0.52264235  0.23818879  0.4420765
  0.27431945  0.43984493  0.05253825  0.97355965 -0.22447841 -0.701756
  0.91376653 -0.06990001 -0.81225025 -0.15593711 -0.39928015 -0.21173545
 -0.89555261  0.17318496  0.19855818  0.49681791 -0.30111494 -0.2849451
 -0.3367682   0.08433509 -0.01106557  0.06421692  0.38677897 -0.03927533
  0.72885233 -0.17123925  0.55776222 -0.1418458   0.33239866  0.56046394
 -0.17063582 -0.13435325 -0.07378865]
2022-07-23 14:17:45,798 - pyswarms.single.global_best - INFO - Optimize for 100 iters with {'c1': 0.5, 'c2': 0.3, 'w': 0.9}
2022-07-23 14:17:46,773 - pyswarms.single.global_best - INFO - Optimization finished | best cost: 0.6090708120813613, best pos: [-0.56435856 -0.24310559  0.13369189  0.73289112  0.66220439 -0.39134141
 -0.53191782  0.04454606 -0.04759782  0.26126274  0.19621285  0.16514541
 -0.04480216 -0.1460836  -0.11923921  0.26836963 -0.31245613  0.42912153
  0.00710237  0.4065615   0.27345197 -0.87156671  0.32903116 -0.89469059
  0.738016    0.50526773  0.47883306  0.59024263 -0.70285171  0.25087563
  0.87746195  0.97692429  0.18057954  0.7963129   0.18058483  0.76961673
  0.03842654 -0.05418695 -0.549779    0.09571626  0.18761558 -0.0010045
  0.29593589 -0.44856525 -0.34815308 -0.22448251  0.18730539  0.67383655
  0.14422014  0.36441875  0.86035394 -0.16248424  0.61044454 -0.08697237
 -0.03506204  0.3838691  -0.02554857 -0.59248682 -0.76016297  0.09316518
 -0.6817502   0.13620531  0.9742209  -0.06867574 -0.01041577  0.64322843
  0.17362718 -0.51455934 -0.0271897   0.10689854  0.76840217  0.37103242
 -0.17057105  0.14016646  0.00493244 -0.46090837  0.63958775  0.45782542
 -0.05066752 -0.61577646  0.89882364 -0.2922101   0.4618625   0.48064779
  0.22491651  0.51930777 -0.20230925 -0.40325011  0.33062868  0.30454723
 -0.1708207  -0.45177051 -0.5466344   0.12717792  0.52609557 -0.12623257
 -0.00132729  0.12514944 -0.11079475]
2022-07-23 14:17:46,783 - pyswarms.single.global_best - INFO - Optimize for 100 iters with {'c1': 0.5, 'c2': 0.3, 'w': 0.9}
2022-07-23 14:17:47,753 - pyswarms.single.global_best - INFO - Optimization finished | best cost: 0.5745394431360124, best pos: [-0.12824222  0.72960744  0.0116279   0.09379936 -0.04483369  0.66820159
 -0.44779923 -0.10827655  0.69954907  0.40271464  0.11467002 -0.00603579
 -0.37663003 -0.30340169  0.62360542 -0.39872659  0.57580606 -0.58849012
  0.02150347 -0.47338385 -0.29602038 -0.50129202 -0.23732097  0.75372679
 -0.77225058  0.00671927 -0.50465814  0.39164183 -0.10110549 -0.65933141
  0.46074963  0.69521886  0.67580899  0.40322102 -0.05327678 -0.1482324
  0.22333342 -0.62026622  0.73302632  0.72313916 -0.5279954   0.10635828
  0.10456962  0.67779314 -0.00861407 -0.05852277 -0.15331326 -0.02604516
  0.36795477 -0.66782673  0.06222752  0.11178666 -0.65977549  0.14359972
 -0.14350368  0.3826381   0.50756226 -0.08586047 -0.53813705 -0.18939065
 -0.76710774 -0.23862566 -0.63445568 -0.36424172 -0.31440613  0.14645538
  0.22243057  0.04688899  0.11896982  0.02701277  0.1868944   0.09601306
  0.86105216  0.21919741 -0.01917614  0.45681124  0.2104527  -0.19951588
 -0.76717324 -0.20540237  0.23791264 -0.72212533  0.27639424 -0.00686156
 -0.59053316 -0.4792801  -0.96733164 -0.56069617  0.35591699  0.19657376
 -0.1411746   0.02391843  0.35420794  0.32730636 -0.21718983 -0.10575018
 -0.42657842 -0.2693854  -0.11425813]
2022-07-23 14:17:47,762 - pyswarms.single.global_best - INFO - Optimize for 100 iters with {'c1': 0.5, 'c2': 0.3, 'w': 0.9}
2022-07-23 14:17:48,724 - pyswarms.single.global_best - INFO - Optimization finished | best cost: 0.5622019530748504, best pos: [ 0.27124211  0.56868044 -0.56978306  0.3362199   0.13353597  0.08712626
 -0.16314211  0.04465531  0.16707153 -0.17804538  0.04764342 -0.10853762
 -0.68401207  0.578201   -0.43165696  0.69818686 -0.08932056 -0.3567329
 -0.24354124 -0.72470131 -0.2995994  -0.06933804 -0.41453901  0.05432496
 -0.33298941  0.46264507 -0.22459567 -0.74478207 -0.00606362 -0.09352851
  0.31685433  0.39513033  0.64219898  0.91956819  0.47852966 -0.12266983
  0.22705801 -0.18336118  0.6133627   0.86475281 -0.54127036 -0.08292032
  0.64325247  0.4403567  -0.98851907  0.07938559  0.25171629  0.48544983
 -0.34271932  0.33871947  0.03648327  0.19314612 -0.10300291  0.0894161
 -0.39064273 -0.40718297  0.70694751  0.51911362  0.06604725 -0.19383406
 -0.47063252 -0.44648271 -0.53437178  0.14447178  0.06088986 -0.16073274
  0.43670497  0.20088951  0.33927132  0.3374881  -0.15072749  0.3122652
  0.61408736 -0.36361717  0.11371676  0.0820619   0.62727603  0.09650067
 -0.27495526 -0.06005918  0.85588984 -0.27896849 -0.23338342  0.9064556
 -0.42094145  0.14366481 -0.30226838 -0.19871672  0.64222789 -0.61074826
 -0.56777347  0.79211298  0.32769403 -0.61106883 -0.31502761 -0.65819654
  0.42501203 -0.27844708 -0.46258749]
2022-07-23 14:17:48,733 - pyswarms.single.global_best - INFO - Optimize for 100 iters with {'c1': 0.5, 'c2': 0.3, 'w': 0.9}
2022-07-23 14:17:49,732 - pyswarms.single.global_best - INFO - Optimization finished | best cost: 0.5758223328390113, best pos: [ 0.59335166  0.51965675 -0.00364019  0.01402184  0.51885104 -0.24868317
 -0.5684375  -0.02221173  0.25078063 -0.20374965 -0.13100698  0.82144397
 -0.24556582 -0.02388069 -0.94484976  0.05317778  0.33517514 -0.1113959
  0.42595103 -0.28265735  0.47290022 -0.2854514   0.18736908  0.43763818
  0.24104723  0.51644558  0.95039417  0.41431778 -0.09915662 -0.41874707
 -0.54294528  0.06924718 -0.92413678  0.42209234  0.46706128  0.86666883
 -0.09054011 -0.19362399 -0.31584974 -0.91474399  0.11720667  0.66125256
  0.01186035  0.35662408 -0.06227008  0.95906868  0.51795561  0.21071448
  0.05269367 -0.50547561 -0.35472623  0.53483101  0.57465537 -0.74317446
  0.02318758 -0.19367812 -0.74324266 -0.58128369 -0.08832756 -0.66113764
 -0.66163329 -0.32309727 -0.00788918  0.72328366 -0.2991286  -0.23163579
 -0.95071798  0.11560781  0.81813638 -0.2580634  -0.30139016  0.20492098
  0.41502901 -0.48062714 -0.73349304  0.21867523 -0.11452113 -0.29764287
 -0.35293745  0.1025111   0.04946147  0.04214576 -0.12487687  0.80912692
  0.39495867 -0.50941676 -0.01303966 -0.6011977   0.31364765  0.13069551
 -0.26541067 -0.20475595  0.27024163 -0.27958552  0.28866001 -0.52964826
  0.46693553  0.23354245  0.03692212]
2022-07-23 14:17:49,741 - pyswarms.single.global_best - INFO - Optimize for 100 iters with {'c1': 0.5, 'c2': 0.3, 'w': 0.9}
2022-07-23 14:17:50,722 - pyswarms.single.global_best - INFO - Optimization finished | best cost: 0.41008463098573117, best pos: [-0.41164133  0.08466689  0.32635372 -0.04957836  0.12982089 -0.47608183
 -0.24173447  0.40507797 -0.687249    0.40107469 -0.17319824  0.04358931
  0.2165698   0.33216686  0.50473948  0.46789068  0.81606117 -0.03196893
 -0.37490605  0.50600952  0.88125263 -0.01827643  0.72506469 -0.32812734
  0.62287417 -0.25176435 -0.60035082 -0.56267863 -0.71135852 -0.12097229
 -0.52310895  0.45352552  0.29225742 -0.02511181 -0.25380671 -0.53031235
  0.69275649 -0.79827691 -0.27470407  0.19061052  0.13543945 -0.34718296
  0.32667406 -0.6815818   0.66482099  0.19009087 -0.27558393 -0.55189697
 -0.22164296 -0.1823536  -0.39212339  0.75872952  0.64802479 -0.28754677
  0.45725485 -0.62468462 -0.86173603  0.74151164  0.02732505  0.43097221
 -0.06584026  0.7147421   0.30511074  0.36116757 -0.71460032 -0.52495869
  0.8920451   0.28455588 -0.75022658  0.36389045  0.15731237 -0.76882161
 -0.32019234 -0.22459124 -0.55436742  0.3596659  -0.11102875 -0.5526086
 -0.16820712  0.26507178  0.500728    0.82772775  0.85644268  0.35725452
  0.35130004  0.13645793  0.97756798 -0.33138629 -0.09735478 -0.78328882
  0.61456393 -0.10514737 -0.83785108 -0.01779461 -0.31961746 -0.57340639
 -0.69036513  0.21917839  0.27651837]
