2022-07-22 18:30:36,296 - pyswarms.single.global_best - INFO - Optimize for 100 iters with {'c1': 0.5, 'c2': 0.3, 'w': 0.9}
2022-07-22 18:30:38,124 - pyswarms.single.global_best - INFO - Optimization finished | best cost: 1.390250227721841e-76, best pos: [  9.2889461   -6.3503203  406.8404881   76.31908678  31.27125354
 -34.93661284  -3.88468368  24.20834906 144.86350669  13.8762512
  43.95866988  97.66340199  48.79177463   7.78826895  76.04866747
  23.86667355 -12.91919337  28.59140394 -34.14898686 -59.04970988
 -11.49601658  86.87460699  64.60925107  63.51106041  16.79345562
 189.28710578 184.12293337   9.46404347 -17.02789785  55.66088094
 333.47965841  11.00618186]
2022-07-22 18:30:38,137 - pyswarms.single.global_best - INFO - Optimize for 100 iters with {'c1': 0.5, 'c2': 0.3, 'w': 0.9}
2022-07-22 18:30:40,124 - pyswarms.single.global_best - INFO - Optimization finished | best cost: 4.588408837050741e-85, best pos: [ 16.19147168  -5.17703936  87.14041024 129.74541912  42.25330052
  76.28653987 -31.73325796  57.14866589  54.4685642  -17.81097191
 -12.12382513  50.97718292  10.82688611 -37.99368053   2.71770404
 -36.39897769  83.10377529  26.06217185  58.74279117  73.70916111
 207.14631768  26.03935884  17.16406823  10.42716257 207.35385683
   9.07606843  26.27474184  -4.96825375 -32.95162397 163.88851363
 343.17997766 -21.10288985]
2022-07-22 18:30:40,136 - pyswarms.single.global_best - INFO - Optimize for 100 iters with {'c1': 0.5, 'c2': 0.3, 'w': 0.9}
2022-07-22 18:30:42,005 - pyswarms.single.global_best - INFO - Optimization finished | best cost: 1.6522449644466233e-141, best pos: [ -43.77562065  -42.2491189    -8.16585764   64.44864415   35.42990312
  123.1214898    18.69411556   97.79049496   47.87091017   78.62662666
   36.25902826   52.55873152  115.64881332   33.58041691   15.45833177
  -27.99996965  144.6147739    22.95831547   41.67416573 -159.0402125
   47.86219205  123.45870353   -7.93008617  249.83442101  267.69771979
  -56.13925592  109.60776191  -99.37414067  -54.53800862  269.53747443
  231.6901617   -10.97832251]
2022-07-22 18:30:42,022 - pyswarms.single.global_best - INFO - Optimize for 100 iters with {'c1': 0.5, 'c2': 0.3, 'w': 0.9}
2022-07-22 18:30:43,932 - pyswarms.single.global_best - INFO - Optimization finished | best cost: 4.363630787410132e-42, best pos: [ 14.21362665   6.27474772  -4.48845935  38.13825087  17.08745913
  -8.75746767  -3.89114417   5.3449946  110.91705973  -8.38599187
   9.82784524  58.61987537   3.78762608  52.47031385   8.64196189
   6.79810615  -8.0822275   19.67335215 -12.58637984  69.79848749
 103.84095439  -5.47967424  14.48528332  12.9678074   -1.40741469
   9.57072301  94.14578599   0.68215496  21.09768718 117.58342145
  74.06560616  -3.62384944]
2022-07-22 18:30:43,944 - pyswarms.single.global_best - INFO - Optimize for 100 iters with {'c1': 0.5, 'c2': 0.3, 'w': 0.9}
2022-07-22 18:30:45,826 - pyswarms.single.global_best - INFO - Optimization finished | best cost: 2.3637879102328856e-52, best pos: [-15.77891322   1.63308113  22.72224609  -5.76292851  28.60122604
 -10.8141372    6.36063417  15.45222496   9.75645973  22.23445433
   4.49765955   7.80410224   7.39203113  20.81866182   5.65312566
  -6.11817345   6.93013615   4.93541642  -4.03981587  82.54826789
  23.55026547   0.40072405 -15.82349221  60.23131395 102.3538756
 -16.41935104  23.76394898  62.37962946 -12.99518309  14.85728624
 183.74012252 -25.44880309]
2022-07-22 18:30:45,838 - pyswarms.single.global_best - INFO - Optimize for 100 iters with {'c1': 0.5, 'c2': 0.3, 'w': 0.9}
2022-07-22 18:30:47,594 - pyswarms.single.global_best - INFO - Optimization finished | best cost: 1.5944686323340538e-128, best pos: [ -19.80404047   17.34233769  -16.90565042   37.75000199   61.64244213
  173.32218046   59.13038492   -1.42663692   19.67002704   15.74587601
   45.61227045  287.47400645  -15.76058287  -10.68324527    3.98345287
  129.64350016   99.8709105    63.19248495  105.05596716 -193.99093122
   33.71144175 -272.21137456  -25.46774091  -25.02581124   50.05018355
   20.66924645   90.24664995  -66.25609172 -121.11152145  180.61082409
  401.58838565  -10.26423211]
2022-07-22 18:30:47,605 - pyswarms.single.global_best - INFO - Optimize for 100 iters with {'c1': 0.5, 'c2': 0.3, 'w': 0.9}
2022-07-22 18:30:49,429 - pyswarms.single.global_best - INFO - Optimization finished | best cost: 2.7128243263761167e-11, best pos: [ 14.79257898   2.84448612   0.07742021 -11.12955939   2.72835689
   3.00755579   4.5403854    4.43116862  30.61522003  37.1455133
   3.36734713  10.52085038   3.64923552  -2.12955049   4.97065996
   9.59729209  17.8509191   -3.1516496    0.71714752  25.71101538
  23.48012059   2.13371235   1.49126624   2.68523622   8.39125985
  31.6188339   11.06231727 -14.23952507   6.98192598   1.04516684
  28.06835282   2.33081109]
2022-07-22 18:30:49,440 - pyswarms.single.global_best - INFO - Optimize for 100 iters with {'c1': 0.5, 'c2': 0.3, 'w': 0.9}
2022-07-22 18:30:51,209 - pyswarms.single.global_best - INFO - Optimization finished | best cost: 7.7832431917365e-79, best pos: [ 30.30315032  56.45149424 -28.42187062  -8.82629419  95.29876604
  23.41911398  47.45413998 -30.30872385 -25.68215658  48.40233932
  13.09802118 -10.87291898 -13.65346577  18.66715548  43.51743963
  14.25564744 -12.59432441  53.5043852  164.87458133 -11.5196982
  -9.71820833 180.56235714  70.6187382  -10.64697941   1.70496293
 189.16931836  35.04109649  28.13056205 239.29718068  -2.82732766
  35.12092255 -10.12354059]
2022-07-22 18:30:51,219 - pyswarms.single.global_best - INFO - Optimize for 100 iters with {'c1': 0.5, 'c2': 0.3, 'w': 0.9}
2022-07-22 18:30:53,039 - pyswarms.single.global_best - INFO - Optimization finished | best cost: 1.1403450553303877e-16, best pos: [  5.50655325  -1.6637854    2.7521205    1.01004293  27.08820086
  19.94329254   5.64967306  -1.54969755  49.17940565   0.19815337
   4.4303408    4.94302663  -2.43841323  24.21602559  12.20444585
   5.20824254   4.27514211   4.25669276  16.10740001 -19.69824908
  25.76825281  -0.22053724  -3.07383486  31.53113591  11.30314603
 -17.95183956   5.57197536  11.16154136   9.19951584  38.17023868
   9.73288857  -2.37494684]
2022-07-22 18:30:53,049 - pyswarms.single.global_best - INFO - Optimize for 100 iters with {'c1': 0.5, 'c2': 0.3, 'w': 0.9}
2022-07-22 18:30:54,837 - pyswarms.single.global_best - INFO - Optimization finished | best cost: 2.5155111294663317e-73, best pos: [ -36.78512945   24.26913527   47.59738633   -8.60031811   -1.11151213
   34.52750023  -20.59332023   65.51941165    5.24418689   59.67137389
   -5.12062344  -59.55428167   48.97411192  -18.06957303   16.40100733
   13.54882368    8.50038608   15.97143754   68.97531178  -24.75230357
  117.99275404  -45.7264165   -37.15359297   93.32057238 -113.70583215
   57.9165664    64.97784789   -3.37223203  -38.50477024   -5.77651901
  148.25103816  -25.98000256]
2022-07-22 18:30:54,951 - pyswarms.single.global_best - INFO - Optimize for 100 iters with {'c1': 0.5, 'c2': 0.3, 'w': 0.9}
2022-07-22 18:30:56,584 - pyswarms.single.global_best - INFO - Optimization finished | best cost: 0.6039616906983124, best pos: [ 0.47100568 -0.20538591 -0.76164045 -0.14516345  0.13931667  0.74599446
 -0.99488346 -0.22236383  0.77024952 -0.04085975 -0.58138688  0.49546631
 -0.49998222 -0.66475606 -0.4932762   0.44207894 -0.4421413  -0.90575524
  0.77280693 -0.31922426 -0.1628179   0.38354515  0.75307591 -0.80351773
  0.00809591 -0.12546444  0.88299651  0.49334927  0.87334289 -0.07849633
  0.56644707 -0.29975461]
2022-07-22 18:30:56,594 - pyswarms.single.global_best - INFO - Optimize for 100 iters with {'c1': 0.5, 'c2': 0.3, 'w': 0.9}
2022-07-22 18:30:58,231 - pyswarms.single.global_best - INFO - Optimization finished | best cost: 0.6262056528391651, best pos: [ 0.02877658  0.00219403  0.39258478  0.41130678 -0.60437997 -0.93832298
  0.4744427   0.60666152  0.71516746 -0.73558655 -0.04742111 -0.97738431
 -0.62044009 -0.65893723 -0.18648301  0.38045598  0.67934291 -0.38716599
 -0.16173257  0.51958206  0.42218086 -0.49539421  0.60331172  0.34134951
 -0.26023784  0.79471028 -0.98286394  0.11394435  0.17681103 -0.73399598
  0.97281999 -0.49048695]
2022-07-22 18:30:58,241 - pyswarms.single.global_best - INFO - Optimize for 100 iters with {'c1': 0.5, 'c2': 0.3, 'w': 0.9}
2022-07-22 18:30:59,861 - pyswarms.single.global_best - INFO - Optimization finished | best cost: 0.6167818803463234, best pos: [ 3.53819329e-01  8.59395197e-01  5.40239316e-01 -5.46900811e-01
  3.90594524e-01 -4.78188470e-01  8.64753549e-01  4.82664738e-01
 -4.75829041e-01  9.27548531e-01  3.50385085e-01  5.74987523e-01
 -3.72994738e-01  6.32910906e-01 -5.42196318e-01 -3.20778942e-01
 -8.39252620e-01 -4.56080045e-01  6.36241509e-01 -3.71660472e-01
 -2.69051328e-01  8.22740739e-01  9.45385674e-01 -2.66451413e-01
  5.83296510e-04 -5.36455104e-01 -5.13826447e-01  3.32841860e-01
  2.43604691e-01  4.52670515e-01  8.66107562e-01  1.09606162e-01]
2022-07-22 18:30:59,869 - pyswarms.single.global_best - INFO - Optimize for 100 iters with {'c1': 0.5, 'c2': 0.3, 'w': 0.9}
2022-07-22 18:31:01,514 - pyswarms.single.global_best - INFO - Optimization finished | best cost: 0.5815118659837349, best pos: [ 0.06961465  0.45743861 -0.20023803 -0.82827942 -0.36361387  0.82770512
 -0.87533014 -0.98688857  0.03891252  0.95452589 -0.32590456 -0.85076589
  0.89014979  0.76074733 -0.34700246  0.65016279 -0.17621354  0.13067857
 -0.72836473  0.13434887 -0.37524324  0.71881767 -0.03613012  0.46665378
 -0.70323397  0.82646074  0.03353325  0.18120714  0.18379297  0.8398908
  0.44333523 -0.77791865]
2022-07-22 18:31:01,522 - pyswarms.single.global_best - INFO - Optimize for 100 iters with {'c1': 0.5, 'c2': 0.3, 'w': 0.9}
2022-07-22 18:31:03,155 - pyswarms.single.global_best - INFO - Optimization finished | best cost: 0.6242215346714234, best pos: [ 0.98238546  0.57393954 -0.21492219 -0.41726766  0.99953435  0.31710802
 -0.30964067 -0.94569033  0.762474    0.4668843  -0.13732579 -0.72739387
  0.51402522  0.6010118   0.61905703  0.21595234 -0.93958098 -0.16355968
 -0.267775    0.50843121 -0.31289244  0.4976518   0.07126356 -0.16792939
  0.31163563  0.1676246  -0.26221121 -0.79321152  0.72923714 -0.61300888
  0.84829139 -0.18709323]
2022-07-22 18:31:03,165 - pyswarms.single.global_best - INFO - Optimize for 100 iters with {'c1': 0.5, 'c2': 0.3, 'w': 0.9}
2022-07-22 18:31:04,779 - pyswarms.single.global_best - INFO - Optimization finished | best cost: 0.6053095676342608, best pos: [-0.98400557 -0.07905492 -0.64272123 -0.64293294 -0.57280003 -0.588601
  0.30371915 -0.27259827 -0.54840757 -0.19367369 -0.7183381   0.91272964
 -0.68918161 -0.72293713 -0.13601156  0.8604454   0.29348876  0.64869512
  0.49290227 -0.61931001 -0.63222404  0.60769889 -0.05177145 -0.35832704
  0.46179759 -0.04517624 -0.20420719  0.82422924 -0.60890354  0.58147305
  0.24051237 -0.18487969]
2022-07-22 18:31:04,789 - pyswarms.single.global_best - INFO - Optimize for 100 iters with {'c1': 0.5, 'c2': 0.3, 'w': 0.9}
2022-07-22 18:31:06,412 - pyswarms.single.global_best - INFO - Optimization finished | best cost: 0.6151762115108471, best pos: [-0.49935339  0.65572294 -0.16839708  0.41161078  0.97549995  0.21979851
  0.09767975  0.78308019  0.50449623  0.54689724  0.71822702 -0.69706604
 -0.99907829 -0.71385393  0.16792202  0.1843253  -0.65541203 -0.49987109
 -0.22072924 -0.09853819  0.64794147 -0.06858513 -0.88729241 -0.06228198
 -0.38774363  0.86530577  0.91679135 -0.81426656 -0.12290527  0.09582143
  0.59568763 -0.48949739]
2022-07-22 18:31:06,420 - pyswarms.single.global_best - INFO - Optimize for 100 iters with {'c1': 0.5, 'c2': 0.3, 'w': 0.9}
2022-07-22 18:31:08,039 - pyswarms.single.global_best - INFO - Optimization finished | best cost: 0.5715604774136952, best pos: [ 0.23650394  0.97303133 -0.00740217  0.06976439 -0.34634854 -0.93803527
 -0.35371589 -0.6879209  -0.68053143 -0.86939678  0.27994329  0.96409915
  0.61937427 -0.18759875  0.67964722  0.82964457 -0.6773523  -0.72390546
  0.98095497 -0.967355    0.74966236 -0.72140885 -0.25290038  0.36068361
 -0.70065462  0.89688083 -0.47543629  0.50802205  0.7952437  -0.91560649
 -0.57340649 -0.95333226]
2022-07-22 18:31:08,047 - pyswarms.single.global_best - INFO - Optimize for 100 iters with {'c1': 0.5, 'c2': 0.3, 'w': 0.9}
2022-07-22 18:31:09,669 - pyswarms.single.global_best - INFO - Optimization finished | best cost: 0.6247375967427102, best pos: [ 0.83461032  0.05039686 -0.72187666  0.33729472  0.73025943 -0.07560034
 -0.91050621 -0.13580156 -0.50523812 -0.34349113 -0.06592515 -0.25752892
  0.63896287  0.77862261  0.52219821  0.63385258 -0.00252699 -0.18573642
 -0.90697555  0.55018189  0.84734667 -0.90778335 -0.36904941  0.36659823
 -0.81684619 -0.0406797   0.66162128 -0.99012225  0.87017897  0.24529801
  0.48962103  0.40294196]
2022-07-22 18:31:09,677 - pyswarms.single.global_best - INFO - Optimize for 100 iters with {'c1': 0.5, 'c2': 0.3, 'w': 0.9}
2022-07-22 18:31:11,305 - pyswarms.single.global_best - INFO - Optimization finished | best cost: 0.6149180019009954, best pos: [ 0.40382779  0.82054651 -0.61688802 -0.80445471 -0.80164124  0.14122383
  0.714209    0.54747454 -0.79468551  0.87839427 -0.00449712 -0.03939688
  0.7445945  -0.41311304  0.24591233 -0.49934865  0.08014509 -0.02164111
 -0.63179929  0.24434836  0.66408084 -0.30207802 -0.53889898 -0.56929244
 -0.03303582 -0.96426615 -0.77322275 -0.36801985 -0.58580216  0.0972919
  0.48790326 -0.58173517]
2022-07-23 13:57:09,124 - pyswarms.single.global_best - INFO - Optimize for 100 iters with {'c1': 0.5, 'c2': 0.3, 'w': 0.9}
2022-07-23 13:57:10,870 - pyswarms.single.global_best - INFO - Optimization finished | best cost: 6.109421476264348e-115, best pos: [   4.56557381  291.18270004    0.65222214   79.73371674  347.0939048
  -60.37206427  -46.13098929  -66.99296538  115.53644864   85.79375115
  -26.42907177   56.78794699   97.27364407   46.43278541  -24.25142556
   30.7539266  -131.19003724  -10.70870034   65.09477159 -193.99702824
   46.25371853   82.29016255  150.01714114 -146.32238848  -10.25043068
  252.77061718  270.00042354    7.22855299   -5.07250237   27.44274491
   67.89439032 -240.68149649]
2022-07-23 13:57:10,883 - pyswarms.single.global_best - INFO - Optimize for 100 iters with {'c1': 0.5, 'c2': 0.3, 'w': 0.9}
2022-07-23 13:57:12,640 - pyswarms.single.global_best - INFO - Optimization finished | best cost: 1.2296650749488725e-86, best pos: [ 203.46639777    6.65953361 -208.27845099  -33.98528332   37.06744993
  113.73964078   -4.10834913   41.75243703  118.15540237  114.06513225
  125.30758557   80.71481484   28.70399485  123.86354287   50.01069218
   43.35908746  -23.93286268    7.54517942  -57.73319788  139.63339769
   44.95056853   32.31067685  -16.2901602   120.19739802    2.13311868
   58.55759307  200.8281788     4.82581539   32.28739474   31.94240411
  385.67534126    5.21772918]
2022-07-23 13:57:12,650 - pyswarms.single.global_best - INFO - Optimize for 100 iters with {'c1': 0.5, 'c2': 0.3, 'w': 0.9}
2022-07-23 13:57:14,399 - pyswarms.single.global_best - INFO - Optimization finished | best cost: 3.5477195623619916e-90, best pos: [ 2.26488864e-01  3.71680162e+01  1.52546353e+01  1.04436347e+02
  4.77373850e+01  1.45574768e+01 -6.62457171e+01 -5.30546130e+00
 -7.53499961e+01 -1.09046458e+01  4.90188628e+01  2.09869017e+01
  1.69676241e+01 -1.24809326e+01  4.63041135e+01  4.38614309e+00
  1.73977112e+01  1.07175092e+02  5.92341539e+00  1.92016897e+02
  2.02103369e+02 -1.34187008e+00 -9.35768199e+00  9.10559972e+00
  3.41593029e+01  3.57759790e+01  5.57094262e+01  2.58490947e+02
  2.21573734e+01 -1.32490703e+01  3.90821927e+02  1.75333548e+01]
2022-07-23 13:57:14,409 - pyswarms.single.global_best - INFO - Optimize for 100 iters with {'c1': 0.5, 'c2': 0.3, 'w': 0.9}
2022-07-23 13:57:16,106 - pyswarms.single.global_best - INFO - Optimization finished | best cost: 8.540220084458933e-105, best pos: [ 53.44287056 122.11093756  21.70175937 109.48583921  24.52175605
  -0.67826599 -13.22546086 -87.93791707  59.35312258 108.06090912
  -0.37688759  90.69647247  12.78378325  52.361279    25.07050379
 -36.16622692  88.68489838  41.93447146   1.90114233  88.2379859
 -77.70048708  70.90925405  31.11545965  31.71895404 238.92297162
   3.93977142 220.3196564  -20.12236544 -69.07312767 167.77429665
 207.79636873 -23.4766798 ]
2022-07-23 13:57:16,115 - pyswarms.single.global_best - INFO - Optimize for 100 iters with {'c1': 0.5, 'c2': 0.3, 'w': 0.9}
2022-07-23 13:57:17,899 - pyswarms.single.global_best - INFO - Optimization finished | best cost: 9.014628710773239e-27, best pos: [ 2.65028426e+01  1.28648095e+00  1.15641074e+00  1.34960228e+01
  2.29820261e+01  1.00926030e-01  1.45689522e+01  1.36886484e+00
  2.15756661e+01  2.20276270e+01  7.04706345e-01 -3.14334189e+01
 -6.30265975e+00  3.70175286e+00  7.52723292e+00  7.35345596e+00
  4.24894864e+00  6.59022889e+00  7.02465746e+01  1.03856834e+01
  1.04882839e+02 -3.41543020e-01  7.98617456e+00  6.19205191e+00
  4.54185683e-01  6.11414321e+01 -2.44759290e+01  4.44438448e+00
  1.14706420e+00  3.13360924e+01  3.18179911e+00 -7.10823906e+00]
2022-07-23 13:57:17,909 - pyswarms.single.global_best - INFO - Optimize for 100 iters with {'c1': 0.5, 'c2': 0.3, 'w': 0.9}
2022-07-23 13:57:19,714 - pyswarms.single.global_best - INFO - Optimization finished | best cost: 0.14787955591940252, best pos: [ 7.23600402 -0.25336262  1.09836711  5.12380663 -1.79877918  1.8681935
  8.24314982  0.49355434 -0.01669782  7.36092165  2.06546819  5.43275086
 -2.18216367  2.81842955  3.59084877  2.30299612  7.21514406  6.15184029
  6.94961774 -0.02862521  3.01000762  1.76946356  3.23783868  2.24703366
 -0.16981492 12.1300574   3.29906314  0.6823773   1.87823268  1.66585092
  5.67268015 -4.81439947]
2022-07-23 13:57:19,722 - pyswarms.single.global_best - INFO - Optimize for 100 iters with {'c1': 0.5, 'c2': 0.3, 'w': 0.9}
2022-07-23 13:57:21,491 - pyswarms.single.global_best - INFO - Optimization finished | best cost: 7.487956620743311e-35, best pos: [-10.44073804  11.06554876  37.44562733  18.74483623  -7.86032395
   3.07250539 -12.78637004  13.98313649  -1.40401516   2.45318667
   5.98063402  28.28665468  36.5706791   -5.63216045   9.51684964
   1.83792009   3.49223473   6.44196056  65.79669909  -4.26702478
  56.22611994 -20.50782134  -6.02170118  67.24445113   6.30039597
  10.90699172   8.27840438  33.59723749   5.16083711  55.81984858
  81.83723473   0.32262709]
2022-07-23 13:57:21,500 - pyswarms.single.global_best - INFO - Optimize for 100 iters with {'c1': 0.5, 'c2': 0.3, 'w': 0.9}
2022-07-23 13:57:23,225 - pyswarms.single.global_best - INFO - Optimization finished | best cost: 1.4797880856257079e-66, best pos: [ 84.87074122  16.99206199  36.82314426  79.86675646   6.42660055
  75.83577484  75.40494493  26.93047128  65.55451469  25.65887533
 104.80266749 146.75148736 -24.29222277  64.4394617   30.3788281
  18.36692009  26.59933261   0.5343763  160.91269454  14.27498364
 272.88186187  35.48141365  70.39068712  65.11927366   7.61170051
 162.32367898  20.60010381 180.8191396   92.88136852  90.45285858
  83.98049024  13.79721178]
2022-07-23 13:57:23,234 - pyswarms.single.global_best - INFO - Optimize for 100 iters with {'c1': 0.5, 'c2': 0.3, 'w': 0.9}
2022-07-23 13:57:24,936 - pyswarms.single.global_best - INFO - Optimization finished | best cost: 3.1833792731710564e-102, best pos: [ 3.26298572e+01 -2.02335854e+01  1.53933182e+01  1.23143956e+02
  3.73488616e+01 -2.28128266e+01  4.78089518e+01  2.13822657e+01
 -2.25832095e+01  4.42356823e+01  1.86825534e-01  4.75736413e+01
 -1.26933490e+01  1.06098333e+02  8.22290912e+01  2.93508435e+01
  8.66727990e+01  3.59484473e+01  1.65121812e+02 -6.62104431e+01
  5.01725377e+01  4.63598864e+01  7.55933635e+01 -6.55148053e+01
 -1.58233139e+02  7.03967005e+01  1.96658996e+02  4.71219201e+01
 -6.87165395e+01  1.64749727e+02  1.31453818e+02 -3.83042402e+01]
2022-07-23 13:57:24,945 - pyswarms.single.global_best - INFO - Optimize for 100 iters with {'c1': 0.5, 'c2': 0.3, 'w': 0.9}
2022-07-23 13:57:26,681 - pyswarms.single.global_best - INFO - Optimization finished | best cost: 6.280545077769468e-44, best pos: [ 3.77596424e+01  1.17963997e+02  3.11794265e+01 -7.06137027e-01
  7.55568533e+00  9.99182327e+00  5.33299440e+00 -3.03674952e+01
  1.74487504e+01  1.24663399e+00  1.77584273e+01  7.01723035e+01
  6.81660895e+00  3.71112181e+01 -7.55374556e+00 -1.33245289e-01
  7.87770873e+00  2.16804558e+01 -3.67233884e+00  1.81156220e+01
  2.65662199e+00  6.84819689e+01  1.18014059e+02  1.32488542e+01
  1.94672682e+01 -1.73394952e+00 -1.58443725e+01  8.20160812e+00
  2.15759686e+01  1.01914177e+02  2.05824620e+02  4.60993848e+00]
2022-07-23 13:57:26,802 - pyswarms.single.global_best - INFO - Optimize for 100 iters with {'c1': 0.5, 'c2': 0.3, 'w': 0.9}
2022-07-23 13:57:28,396 - pyswarms.single.global_best - INFO - Optimization finished | best cost: 0.5946690255470605, best pos: [-0.92586263  0.51897381 -0.98605442  0.35770335 -0.24151288  0.18768116
 -0.01703179  0.81362393 -0.39555732  0.75852311 -0.68481881  0.19005479
 -0.48752649  0.1798419   0.4288824   0.37777194  0.19036592 -0.7861856
  0.85615022 -0.32702037 -0.66672812  0.22929468 -0.8811875   0.72142182
 -0.17280392  0.55909381 -0.05074657  0.69468009  0.29301136  0.42220161
  0.73801435 -0.57753014]
2022-07-23 13:57:28,406 - pyswarms.single.global_best - INFO - Optimize for 100 iters with {'c1': 0.5, 'c2': 0.3, 'w': 0.9}
2022-07-23 13:57:30,003 - pyswarms.single.global_best - INFO - Optimization finished | best cost: 0.595984222433525, best pos: [-0.88980941  0.57214961  0.69932063 -0.4519112  -0.18727002 -0.09191608
 -0.3254387   0.94890235 -0.41988426 -0.9597423   0.34408727 -0.3139659
  0.29422415 -0.71403781  0.00392089 -0.44697338 -0.16728129  0.35267322
 -0.38010847 -0.14472771  0.6464011  -0.96816672  0.19151392  0.23094618
  0.3929375  -0.71866113  0.19981534  0.42693446  0.52866504  0.3928717
  0.75721021 -0.35389801]
2022-07-23 13:57:30,010 - pyswarms.single.global_best - INFO - Optimize for 100 iters with {'c1': 0.5, 'c2': 0.3, 'w': 0.9}
2022-07-23 13:57:31,621 - pyswarms.single.global_best - INFO - Optimization finished | best cost: 0.6260781173461557, best pos: [ 0.85689709  0.9730302   0.75669733  0.79298768  0.35365505  0.34961538
  0.17289022  0.96187799  0.64682335 -0.6154835  -0.88985038  0.61912479
  0.93174528 -0.39871548  0.86161144  0.15123565  0.16672816 -0.21144284
  0.57772268  0.91706531  0.19215844 -0.19900445 -0.74749901  0.53439034
  0.74745482  0.4051701   0.37579962  0.61294468 -0.10991891 -0.93797657
  0.98951461 -0.05486251]
2022-07-23 13:57:31,627 - pyswarms.single.global_best - INFO - Optimize for 100 iters with {'c1': 0.5, 'c2': 0.3, 'w': 0.9}
2022-07-23 13:57:33,231 - pyswarms.single.global_best - INFO - Optimization finished | best cost: 0.600633964054035, best pos: [ 0.94879288  0.46520568  0.3961597   0.78855876  0.67404889 -0.42842929
  0.845073    0.40255488  0.52217405 -0.88100129  0.98299888  0.01158297
 -0.26471268  0.68595136  0.85836318  0.54024323  0.59790944  0.49235915
  0.63386434 -0.99618009  0.85038404  0.19649804  0.45574425  0.81399091
  0.43640069  0.65926753 -0.83011479  0.54211344  0.82846442 -0.09645805
  0.21892909 -0.21838291]
2022-07-23 13:57:33,239 - pyswarms.single.global_best - INFO - Optimize for 100 iters with {'c1': 0.5, 'c2': 0.3, 'w': 0.9}
2022-07-23 13:57:34,854 - pyswarms.single.global_best - INFO - Optimization finished | best cost: 0.5830101442363088, best pos: [ 0.43874661 -0.74438029  0.07077137  0.95113088 -0.71630519 -0.21643028
  0.92557984 -0.73306841 -0.61403083 -0.93127848  0.34129903  0.7273139
 -0.41870054 -0.02998935 -0.10588443 -0.9441904  -0.49158406 -0.30211761
  0.48518555 -0.10037707  0.3095963  -0.69133143 -0.6848583   0.05315636
  0.77031365 -0.85548909  0.17413067 -0.23812943  0.95070961  0.08943404
  0.92675196 -0.28719461]
2022-07-23 13:57:34,861 - pyswarms.single.global_best - INFO - Optimize for 100 iters with {'c1': 0.5, 'c2': 0.3, 'w': 0.9}
2022-07-23 13:57:36,469 - pyswarms.single.global_best - INFO - Optimization finished | best cost: 0.603003957863721, best pos: [-0.73772962 -0.84384272  0.33067243 -0.36412047 -0.34983621  0.5130114
  0.99981321  0.28004052 -0.55222189  0.84411106  0.63369505 -0.56963595
  0.64645981 -0.145278   -0.47827702 -0.44818709  0.39890626  0.26489405
 -0.99335918  0.29532603  0.97029061 -0.22182945 -0.96245338 -0.49982127
  0.38193954 -0.70997185 -0.38817645  0.54137989 -0.75859935 -0.39421943
  0.77030456 -0.43227348]
2022-07-23 13:57:36,477 - pyswarms.single.global_best - INFO - Optimize for 100 iters with {'c1': 0.5, 'c2': 0.3, 'w': 0.9}
2022-07-23 13:57:38,072 - pyswarms.single.global_best - INFO - Optimization finished | best cost: 0.5842988790515178, best pos: [ 0.83701879 -0.39712533 -0.83878792 -0.48231605 -0.96627927 -0.67330247
 -0.75990524  0.84455312 -0.15170407 -0.99022945 -0.50573531  0.33678448
 -0.43142735 -0.43554863  0.77020786 -0.93585971  0.77794594  0.19725501
  0.9664476   0.09443359  0.54224476 -0.18986591 -0.78236964 -0.23981272
  0.11756909 -0.71681371 -0.35592242  0.92779429  0.1090077   0.00943291
  0.96860096 -0.78459239]
2022-07-23 13:57:38,080 - pyswarms.single.global_best - INFO - Optimize for 100 iters with {'c1': 0.5, 'c2': 0.3, 'w': 0.9}
2022-07-23 13:57:39,676 - pyswarms.single.global_best - INFO - Optimization finished | best cost: 0.5911328499646401, best pos: [ 0.83872904  0.74745112 -0.24900753  0.02688402 -0.50070332 -0.37265184
  0.28288879 -0.76375677 -0.80303014 -0.76604661  0.06748823  0.11862961
 -0.67627599  0.85074016 -0.15767814 -0.39031921 -0.11293402  0.95496502
  0.66614435 -0.9081755  -0.66803187  0.76207316 -0.99848923 -0.75317001
  0.20477906 -0.5975446   0.96566831  0.70560315 -0.17980158 -0.59832345
  0.63426568 -0.87022921]
2022-07-23 13:57:39,684 - pyswarms.single.global_best - INFO - Optimize for 100 iters with {'c1': 0.5, 'c2': 0.3, 'w': 0.9}
2022-07-23 13:57:41,274 - pyswarms.single.global_best - INFO - Optimization finished | best cost: 0.6042860140523134, best pos: [ 0.11736668  0.99431641 -0.79054065 -0.25747395 -0.32986849  0.70828338
 -0.09494009 -0.16448663  0.01917282 -0.85843515 -0.88490716  0.36336943
  0.61936106  0.70940847  0.23975753 -0.59303923  0.32636448  0.31320053
 -0.39380274 -0.04450799 -0.50123404 -0.1586308  -0.38099472  0.82335246
  0.8875822  -0.12508987 -0.91227536  0.8500415  -0.74791473 -0.20317858
  0.64174058 -0.82474438]
2022-07-23 13:57:41,282 - pyswarms.single.global_best - INFO - Optimize for 100 iters with {'c1': 0.5, 'c2': 0.3, 'w': 0.9}
2022-07-23 13:57:42,898 - pyswarms.single.global_best - INFO - Optimization finished | best cost: 0.601552145444563, best pos: [-0.3554269  -0.54755484 -0.93625498 -0.98051824  0.97988512  0.86132233
 -0.62845956 -0.17748197  0.28683924  0.72355854 -0.21182432  0.55987436
 -0.61083373 -0.67628291  0.02879102 -0.52856844  0.80521034 -0.417894
  0.83322268 -0.30930724  0.98621636  0.99208307  0.10187789 -0.24564304
 -0.46312747 -0.8229621   0.06428467  0.84786729  0.77497006 -0.68792507
  0.59327936 -0.87312573]
2022-07-24 14:29:10,136 - pyswarms.single.global_best - INFO - Optimize for 100 iters with {'c1': 0.5, 'c2': 0.3, 'w': 0.9}
2022-07-24 14:29:11,748 - pyswarms.single.global_best - INFO - Optimization finished | best cost: 2.9304376505709882e-05, best pos: [-1.58298653e+00  1.78381296e+01 -3.47544615e+00  2.74548122e+00
 -2.63654421e+00 -1.10184401e+01  1.04806157e+01  3.99270201e+01
  7.79896766e+00  9.07666494e+00  1.29764219e+01  6.78883906e+00
  3.25679688e+00 -2.42498959e+01  3.11791941e+00  1.35692503e-01
 -7.59739372e+00  4.92265881e+00  3.31704326e+01  3.63879577e+00
 -1.08166897e+00  8.92110557e+00 -3.27002826e+00  7.84727032e+00
  4.33995819e+00 -2.56790145e+00  7.71096782e+00 -8.24021676e+00
  2.19717351e-02  1.26223444e+01  4.02518213e+00  2.47289809e+00]
2022-07-24 14:29:11,759 - pyswarms.single.global_best - INFO - Optimize for 100 iters with {'c1': 0.5, 'c2': 0.3, 'w': 0.9}
2022-07-24 14:29:13,250 - pyswarms.single.global_best - INFO - Optimization finished | best cost: 1.25e-06, best pos: [ 3.01204282e+00 -2.81456219e+01  1.58013457e+00  6.57946500e+00
 -1.40071877e+01 -2.31140658e+00  2.18680229e+01  3.13669845e+00
 -3.48123747e+00 -2.15447099e+00  3.01458381e+01  1.59782625e+01
 -9.44193145e+00  2.09648416e+01  9.60776396e+00  1.77365196e+01
 -1.21579627e+01  2.64980669e+00 -7.43539265e+00  3.08238989e+01
  4.78670305e-01  3.26570456e+01  2.75096445e+01 -7.29018480e-01
 -5.47225253e-01 -1.84526933e+01 -3.41313081e+00 -3.81550937e+01
  1.17140955e+01 -1.19995890e+01  1.25292179e-01  2.04918593e-02]
2022-07-24 14:29:13,261 - pyswarms.single.global_best - INFO - Optimize for 100 iters with {'c1': 0.5, 'c2': 0.3, 'w': 0.9}
2022-07-24 14:29:14,699 - pyswarms.single.global_best - INFO - Optimization finished | best cost: 0.002058632081936592, best pos: [ 10.3181389   19.68680297   7.89589677  -4.14480379   1.48181388
  -1.16684848   0.71234667  11.16428892  -2.19022753  -0.2998119
   7.61095108   5.17570988  -6.85615334 -13.48176141   2.67873789
   2.20248371  -6.08543047   7.68115314  -2.02582727  -7.29010153
  -5.68239386   5.59109832  -0.57510536  -7.50813773  -6.13761435
  -0.04695641   6.48009704  -3.01126226   3.99327509   0.59817652
  -0.72773323  -6.11936962]
2022-07-24 14:29:14,709 - pyswarms.single.global_best - INFO - Optimize for 100 iters with {'c1': 0.5, 'c2': 0.3, 'w': 0.9}
2022-07-24 14:29:16,130 - pyswarms.single.global_best - INFO - Optimization finished | best cost: 1.2520642937598313e-06, best pos: [ 18.6350946    8.81695799   1.27777485  13.83787293  36.24908432
 -17.01931877  -0.21279593 -37.08053725  21.2178511   -2.60347665
  -2.55535154  19.50740656   0.64920704  18.02323967  12.41422409
  19.77430273  -9.92482662   2.08228853 -26.65833044 -11.94976461
  -1.69921963  19.48288373  11.03767147   2.40081628   8.43093822
  13.56472607  -2.70383863  19.57224367 -13.54784337   6.80514536
  16.2085287  -37.33080041]
2022-07-24 14:29:16,140 - pyswarms.single.global_best - INFO - Optimize for 100 iters with {'c1': 0.5, 'c2': 0.3, 'w': 0.9}
2022-07-24 14:29:17,762 - pyswarms.single.global_best - INFO - Optimization finished | best cost: 0.12923023834798875, best pos: [  0.69594174  11.34607155  -3.80528506   0.62183684  -1.40326528
  -0.79720081 -11.20189924   3.68449007  14.22409571  -3.41271008
   4.01252178   0.40137316   6.65719021   4.05720819  -3.57463278
  -1.03479819  -1.04658931   3.0152776   -5.04921191   4.26958277
   1.75449544   3.35352185   0.62875474  14.00638747  -1.03960918
   2.13131617   4.00896802  -1.03185881   1.96669531  -2.06391092
   5.91725879  -3.74156279]
2022-07-24 14:29:17,770 - pyswarms.single.global_best - INFO - Optimize for 100 iters with {'c1': 0.5, 'c2': 0.3, 'w': 0.9}
2022-07-24 14:29:19,339 - pyswarms.single.global_best - INFO - Optimization finished | best cost: 0.1646369799098686, best pos: [  7.57346494   3.99484261   9.48022595   6.86736136  13.62496511
  -2.21373324   3.55872918   5.89662561  -0.44434658   6.2054824
 -21.72965102   3.25935205   2.60663985   5.6654335    2.97774098
   1.96095401   6.25127549   0.1461109    4.96225189  -0.77490438
   5.21458446   5.97658235   7.69732405   6.45098029   6.68952775
   3.86130064  -2.80764305   6.55019909   2.17533599  14.78054394
   5.93385912   1.90757252]
2022-07-24 14:29:19,353 - pyswarms.single.global_best - INFO - Optimize for 100 iters with {'c1': 0.5, 'c2': 0.3, 'w': 0.9}
2022-07-24 14:29:21,062 - pyswarms.single.global_best - INFO - Optimization finished | best cost: 0.15112737857738623, best pos: [ -1.98915365   0.8699543    2.54941674   1.634487     1.5289647
   6.9444898    6.31661488   1.77647155 -11.77236308   0.20788414
   1.10082079   2.17414024  -1.36158498   1.50281376   6.04796988
   2.68133302   3.00556386   2.83492238  -7.34487516   2.47991629
   7.25650957   1.60660375  -2.37020324  10.6061009    0.08883241
  -4.16295309   2.62262209   1.13935903   1.34601029   0.43085457
   0.67725691  -1.6938819 ]
2022-07-24 14:29:21,073 - pyswarms.single.global_best - INFO - Optimize for 100 iters with {'c1': 0.5, 'c2': 0.3, 'w': 0.9}
2022-07-24 14:29:22,593 - pyswarms.single.global_best - INFO - Optimization finished | best cost: 0.1612141258198522, best pos: [ 0.18669206 -0.99674418  5.94177218 -5.75509512  1.57716427 15.46513372
 -0.3900884  -0.70790635 -5.18136106 -1.06329356  1.59305691  1.03157842
  0.94437287  1.02739805  2.27375572  4.16463443  5.13987909 -7.04715661
  7.1707159  -0.8185612  -1.44155956 -2.2344598  -1.53552099 -0.67003961
 -9.75918193  0.60094758  1.33316977  5.39167644  0.08204434  7.0714737
  8.80290694  0.158895  ]
2022-07-24 14:29:22,600 - pyswarms.single.global_best - INFO - Optimize for 100 iters with {'c1': 0.5, 'c2': 0.3, 'w': 0.9}
2022-07-24 14:29:24,077 - pyswarms.single.global_best - INFO - Optimization finished | best cost: 0.011481489122369001, best pos: [  2.35113934   0.87922612 -15.70512869  -0.44421153  -0.90712203
   5.70051613  -6.58721563   6.12960631  20.39145319   1.78492246
   1.0107478   -0.32041842   2.8286608   -2.02349441  -0.11502384
  -1.93382813  -1.50142729   1.68703545 -11.80166114   1.13603005
   2.5650296   13.9527979   -0.53325642   6.50973358   1.4997454
   4.09679619   2.22278489  -0.53900791   2.11722234   1.71927215
  21.2180768    2.44156183]
2022-07-24 14:29:24,087 - pyswarms.single.global_best - INFO - Optimize for 100 iters with {'c1': 0.5, 'c2': 0.3, 'w': 0.9}
2022-07-24 14:29:25,551 - pyswarms.single.global_best - INFO - Optimization finished | best cost: 1.25e-06, best pos: [-12.26805408  -0.94464847   5.6721543   25.19557837  11.02535526
 -11.55478788  -3.10921421  -0.05905892   4.52238954  -7.91458636
  20.24346334  19.87347058   9.96616215   1.4982541   -6.99675529
  -5.67739277  -1.28348018   0.31545348 -11.80734912   4.00801597
  -3.33936713 -23.54570056  24.70972224  -1.53663782 -21.0100514
   9.90506451  19.16047027 -23.38482807 -56.42124723 -20.25060602
  -9.9545392  -25.51622617]
2022-07-24 14:29:25,644 - pyswarms.single.global_best - INFO - Optimize for 100 iters with {'c1': 0.5, 'c2': 0.3, 'w': 0.9}
2022-07-24 14:29:26,937 - pyswarms.single.global_best - INFO - Optimization finished | best cost: 0.6701775622350519, best pos: [ 0.92226063  0.42901393  0.72998534  0.70772122 -0.8485372   0.21363805
 -0.81794169  0.46582096 -0.79164772  0.87158944 -0.07094895  0.97946454
  0.88632812  0.44360245 -0.64389623  0.41036936 -0.17476643 -0.7564892
 -0.24968736  0.08587138 -0.55615411 -0.82022452  0.67132318 -0.52431637
 -0.76026765 -0.10105101 -0.87845657 -0.34461927  0.37489292 -0.39660274
  0.1056961  -0.98773373]
2022-07-24 14:29:26,948 - pyswarms.single.global_best - INFO - Optimize for 100 iters with {'c1': 0.5, 'c2': 0.3, 'w': 0.9}
2022-07-24 14:29:28,227 - pyswarms.single.global_best - INFO - Optimization finished | best cost: 0.6648158305106071, best pos: [-0.28785765 -0.10347701  0.87342805  0.00700405  0.61911977 -0.11751044
  0.60700925 -0.51023049 -0.81902905 -0.32722196 -0.67171318  0.36738152
 -0.33098586 -0.26436578 -0.53746715  0.34907274  0.4618633  -0.45480552
  0.65976168 -0.2236114  -0.17593249 -0.10648075  0.64795833 -0.5721414
  0.43363223  0.71411506 -0.51898629  0.80887902 -0.07013849 -0.38859764
  0.4839966  -0.69355127]
2022-07-24 14:29:28,236 - pyswarms.single.global_best - INFO - Optimize for 100 iters with {'c1': 0.5, 'c2': 0.3, 'w': 0.9}
2022-07-24 14:29:29,538 - pyswarms.single.global_best - INFO - Optimization finished | best cost: 0.6744464231957955, best pos: [-0.02160266  0.65349321 -0.52913979 -0.33408595  0.15873553  0.2899693
 -0.10949682 -0.93993707  0.98934168  0.41259188  0.62119528  0.19464767
 -0.58779609  0.74950376 -0.91052684 -0.60484967  0.39046289  0.12843751
 -0.20471664  0.38587354 -0.18768861 -0.08460186  0.92619864 -0.40361628
  0.88728506  0.40940811 -0.87056747  0.18088399  0.22006541  0.12709702
  0.67791547 -0.68218861]
2022-07-24 14:29:29,548 - pyswarms.single.global_best - INFO - Optimize for 100 iters with {'c1': 0.5, 'c2': 0.3, 'w': 0.9}
2022-07-24 14:29:30,883 - pyswarms.single.global_best - INFO - Optimization finished | best cost: 0.6747257540550191, best pos: [ 2.43759079e-01 -8.20267937e-01  9.48455840e-01 -4.96272339e-01
 -7.38529771e-01  3.27755224e-01 -3.92201107e-01 -8.20178023e-01
  8.22421325e-01 -6.41116351e-01 -7.94160949e-01 -6.04022144e-02
 -7.57534608e-01 -6.87888624e-02 -7.04810518e-04  5.59739883e-01
  3.33602517e-01  9.09851872e-01 -2.97894967e-01  1.23181997e-01
  1.27506992e-01  1.79865311e-01 -3.49188422e-01  5.64413774e-02
 -8.32545459e-01  9.71933773e-01  5.76885757e-01 -8.92370433e-01
  7.28060215e-01 -7.35041630e-01 -9.68000273e-01 -2.81208815e-01]
2022-07-24 14:29:30,893 - pyswarms.single.global_best - INFO - Optimize for 100 iters with {'c1': 0.5, 'c2': 0.3, 'w': 0.9}
2022-07-24 14:29:32,214 - pyswarms.single.global_best - INFO - Optimization finished | best cost: 0.6716357288853254, best pos: [-0.23976874  0.78129965 -0.42846683 -0.24170082 -0.14559975  0.37141755
 -0.24713691 -0.04128763 -0.46717387  0.96465795  0.01039235 -0.98136954
  0.45425558 -0.73685248 -0.69531133 -0.67246148 -0.83457418 -0.08484546
  0.06381708  0.62343889  0.407244    0.04701055 -0.79304556 -0.93601244
  0.75040762 -0.36366143 -0.84545984  0.70233234 -0.05661974 -0.990107
  0.60088504  0.75895045]
2022-07-24 14:29:32,223 - pyswarms.single.global_best - INFO - Optimize for 100 iters with {'c1': 0.5, 'c2': 0.3, 'w': 0.9}
2022-07-24 14:29:33,576 - pyswarms.single.global_best - INFO - Optimization finished | best cost: 0.6738641670213511, best pos: [ 0.30464167  0.55056746  0.28989693 -0.18756259  0.54708122 -0.37237599
 -0.73073596 -0.52059301 -0.50793681 -0.00938672 -0.71927082 -0.72814499
  0.8351939   0.60142086 -0.42111092  0.43422687 -0.14969264 -0.9402803
 -0.55949789  0.68715857 -0.21368671  0.76536456  0.07351309 -0.29687256
  0.22691687  0.20571941  0.77947809 -0.56649471 -0.32516124  0.30235315
  0.47476779 -0.41725448]
2022-07-24 14:29:33,585 - pyswarms.single.global_best - INFO - Optimize for 100 iters with {'c1': 0.5, 'c2': 0.3, 'w': 0.9}
2022-07-24 14:29:34,900 - pyswarms.single.global_best - INFO - Optimization finished | best cost: 0.6768820937965273, best pos: [-0.39700842 -0.2040722  -0.47451733 -0.10192382 -0.8824672   0.26117403
 -0.92230549 -0.40231722  0.00971236 -0.13302761  0.99076423 -0.08242671
 -0.37462062  0.09131633  0.90857231 -0.46658095  0.6301628  -0.39923239
  0.25319093 -0.26970814 -0.58948849  0.85549248 -0.25273717 -0.42483236
 -0.25380471  0.78716228 -0.52425564  0.21231257 -0.56002661  0.49258327
 -0.84193948 -0.35592533]
2022-07-24 14:29:34,909 - pyswarms.single.global_best - INFO - Optimize for 100 iters with {'c1': 0.5, 'c2': 0.3, 'w': 0.9}
2022-07-24 14:29:36,213 - pyswarms.single.global_best - INFO - Optimization finished | best cost: 0.6694050890158906, best pos: [ 0.33226364 -0.4318874   0.60932212 -0.29334949  0.84376418 -0.5633081
  0.87981016  0.54576687 -0.57210259  0.31345069  0.86997258  0.92684589
 -0.21296161 -0.4960666   0.79812608  0.37905261 -0.9289541   0.47249415
  0.75342888  0.6101343   0.16024687 -0.30431477  0.09493041  0.8851121
  0.40429058  0.75931908  0.00337054 -0.34406464 -0.81808599  0.38444943
  0.86503035 -0.57769468]
2022-07-24 14:29:36,225 - pyswarms.single.global_best - INFO - Optimize for 100 iters with {'c1': 0.5, 'c2': 0.3, 'w': 0.9}
2022-07-24 14:29:37,551 - pyswarms.single.global_best - INFO - Optimization finished | best cost: 0.6718981232832613, best pos: [ 0.02700107  0.49230056 -0.33867138 -0.75208508 -0.90462117  0.67061805
 -0.03396616  0.93557429 -0.22921176  0.71910558 -0.99153797  0.06184071
 -0.2531339  -0.77974923 -0.91149524 -0.64038849  0.47472404  0.06835149
 -0.91712158  0.55450441  0.92496438  0.0351141   0.20894121  0.65784757
  0.77615216 -0.30457378  0.74532201 -0.13048403  0.54406601 -0.102804
 -0.31298951 -0.35863451]
2022-07-24 14:29:37,558 - pyswarms.single.global_best - INFO - Optimize for 100 iters with {'c1': 0.5, 'c2': 0.3, 'w': 0.9}
2022-07-24 14:29:38,884 - pyswarms.single.global_best - INFO - Optimization finished | best cost: 0.6656102295244395, best pos: [ 0.0484224  -0.12471406 -0.73292008  0.23138243  0.41239181  0.92529324
  0.09990468  0.43018561  0.91231139  0.72529515  0.13008175 -0.71554836
  0.71492248 -0.74677211 -0.52273047 -0.35271047 -0.36316605 -0.66559389
  0.0622848   0.05316003 -0.049605    0.24578489  0.67135604 -0.79134612
  0.00947406 -0.47610311 -0.72379876 -0.24216508  0.51384302 -0.57910443
  0.36824842 -0.23109276]
