2022-08-01 15:55:11,125 - pyswarms.single.global_best - INFO - Optimize for 1000 iters with {'c1': 0.5, 'c2': 0.3, 'w': 0.9}
2022-08-01 15:55:19,777 - pyswarms.single.global_best - INFO - Optimization finished | best cost: 0.5858253975211946, best pos: [ 0.65212074 -0.26672704 -0.90365522  0.94102789  0.69676229  0.89350001
  0.49242465  0.75001995 -0.16400846  0.30860557 -0.37924412 -0.66227114
 -0.40250167 -0.54257471 -0.16507376  0.27585541  0.80642045  0.01529183
  0.30479579 -0.03846683 -0.14619881 -0.17083109 -0.5267364  -0.10849459
 -0.04399617  0.04442418  0.36452338 -0.03006247  0.18412046 -0.32769804
  0.51258287 -0.18250916  0.17843853  0.23486974 -0.25635273  0.20988432
 -0.41507588  0.07915955  0.34233544  0.7315441  -0.01890865 -0.39844546
  0.74867962 -0.35025256 -0.81666374 -0.4010773   0.43914421  0.76339869
 -0.45494105  0.22165687  0.99611059 -0.34775676  0.29211856  0.16306914
 -0.22659229 -0.14666296  0.21399314 -0.1873788   0.12682676 -0.03512661
 -0.17019089 -0.55397994 -0.0064999  -0.51227626 -0.03461091 -0.43724645]
2022-08-01 15:55:19,808 - pyswarms.single.global_best - INFO - Optimize for 1000 iters with {'c1': 0.5, 'c2': 0.3, 'w': 0.9}
2022-08-01 15:55:28,281 - pyswarms.single.global_best - INFO - Optimization finished | best cost: 0.6435533523423153, best pos: [ 0.36581169  0.49065684 -0.1283154   0.60672605 -0.49697019  0.94767717
 -0.51980774  0.77199204  0.96754273 -0.70824422  0.3438087   0.9578478
  0.19979005  0.6437157   0.80438653 -0.36357623  0.12311047  0.24608703
  0.21070133  0.49604773  0.2946048  -0.58843277 -0.26495998  0.00902949
  0.22791877 -0.20148203  0.45856008 -0.17362941  0.49949128 -0.9566352
  0.0505228   0.51807376 -0.78602663 -0.0309315   0.77880293  0.21154552
 -0.26778842 -0.85476083 -0.31036744 -0.66113663  0.462564    0.41738725
 -0.32523917 -0.5863168   0.12825626 -0.58197241  0.96896261  0.17154796
  0.44907461  0.89852717  0.0580917   0.50923462  0.33658565  0.72377847
  0.50027112 -0.85737842  0.21987886 -0.74017578  0.33479942  0.22537604
 -0.8915447  -0.52488969  0.72456478  0.67908268 -0.80177211 -0.37546372]
2022-08-01 15:55:28,308 - pyswarms.single.global_best - INFO - Optimize for 1000 iters with {'c1': 0.5, 'c2': 0.3, 'w': 0.9}
2022-08-01 15:55:36,699 - pyswarms.single.global_best - INFO - Optimization finished | best cost: 0.6261355932524504, best pos: [-0.655331    0.260378    0.27918556  0.68972356 -0.76255878  0.16531214
  0.09625659 -0.41768957 -0.99710187  0.05645586 -0.31580471  0.5312336
  0.38126209 -0.14894355  0.26211958  0.12026095  0.38403937 -0.09201126
  0.05123547  0.33553054 -0.67486657  0.31426305 -0.42730433  0.29825689
 -0.31165426  0.22648897  0.07295171  0.02613058  0.40802983  0.16665588
  0.17474212 -0.19126119 -0.00920661 -0.45473269  0.06091409  0.12823314
  0.56932767 -0.7781963  -0.49656127 -0.29796447  0.55363106  0.01218078
 -0.97114977  0.48739481 -0.23835527 -0.91856181 -0.29119998  0.70809031
 -0.0097028  -0.43760181 -0.01548341  0.45984607  0.09336474  0.22848526
  0.37029185  0.3014244   0.00484717  0.95510816 -0.15063694 -0.46722459
  0.87732888 -0.45636936 -0.66630733 -0.19139545 -0.20930578 -0.2300511 ]
2022-08-01 15:55:36,722 - pyswarms.single.global_best - INFO - Optimize for 1000 iters with {'c1': 0.5, 'c2': 0.3, 'w': 0.9}
2022-08-01 15:55:45,154 - pyswarms.single.global_best - INFO - Optimization finished | best cost: 0.5642901910107709, best pos: [ 0.45779401  0.03204876  0.57694276  0.66345106 -0.65857212  0.83484796
 -0.94639332 -0.55394045  0.78756208  0.54627281 -0.20180463  0.18087829
 -0.93864208  0.43115971 -0.16758844 -0.29185823 -0.4295062  -0.27209609
  0.24081469  0.58680098  0.23522085 -0.37585457 -0.0199157   0.67857448
 -0.58890824  0.45999535 -0.00825508  0.10421919  0.64935918 -0.21066372
  0.09385015  0.05941472  0.01173134 -0.09545625 -0.58247598 -0.35581699
 -0.52940499  0.73351114  0.78004614  0.65955591 -0.35991293 -0.52226583
 -0.01508052  0.34424499  0.31314218 -0.27687798 -0.3978513   0.46316434
  0.31520082  0.14227255 -0.30720398 -0.48402691 -0.14702569  0.9098644
  0.67943981 -0.41457963 -0.74632881  0.59794329 -0.36015506 -0.54801639
 -0.06996127  0.34405271  0.59846402 -0.07004893 -0.04724881 -0.50432328]
2022-08-01 15:55:45,179 - pyswarms.single.global_best - INFO - Optimize for 1000 iters with {'c1': 0.5, 'c2': 0.3, 'w': 0.9}
2022-08-01 15:55:53,607 - pyswarms.single.global_best - INFO - Optimization finished | best cost: 0.5683003556226445, best pos: [ 0.5202316   0.97382182 -0.59142211 -0.39077804  0.20575555 -0.96716185
  0.43257924 -0.6864212   0.75104703 -0.17880921 -0.40560953  0.03861471
 -0.3961811  -0.10039113 -0.82849208 -0.52706459 -0.37383486  0.85629767
 -0.62999657  0.69510927  0.39326837 -0.65387863  0.47457282 -0.17892982
  0.15970864  0.32795271  0.38442679  0.21239294 -0.44283089  0.256961
  0.80341032  0.04596539  0.02993188  0.01912699  0.17602711  0.03334103
 -0.5724112   0.6767922   0.29584104 -0.64328192 -0.1903437   0.7099649
  0.56919334  0.19480181 -0.79591412 -0.4419199   0.37140213 -0.1811795
 -0.03018031 -0.58936245  0.08745104  0.7367973  -0.28608002  0.05662126
 -0.5117204  -0.61589007  0.77701705  0.66679885 -0.42939395  0.11394791
 -0.69098266 -0.03052742 -0.07826395 -0.37871821 -0.16840314  0.49205291]
2022-08-01 15:55:53,636 - pyswarms.single.global_best - INFO - Optimize for 1000 iters with {'c1': 0.5, 'c2': 0.3, 'w': 0.9}
2022-08-01 15:56:02,086 - pyswarms.single.global_best - INFO - Optimization finished | best cost: 0.5962881086005117, best pos: [-0.6177223   0.54428588 -0.77330407 -0.78100466 -0.63210355 -0.65780059
  0.72467541 -0.618299   -0.39101516  0.22571131  0.33772633 -0.26529871
 -0.23351036  0.09952495 -0.37366524  0.1987883  -0.21300098 -0.52582469
  0.26862955 -0.22419307 -0.15061994  0.45815719 -0.43993874  0.64071906
  0.22589706 -0.62160239  0.31557626  0.26372853  0.23871104 -0.13686594
 -0.76722543 -0.10289124  0.15914232 -0.02093054  0.0184888   0.17976693
  0.34016346 -0.28790354 -0.46274362 -0.08388077  0.05834227  0.07157164
  0.08578611  0.10149531 -0.91021363  0.37924125 -0.85297635  0.74859689
  0.39615642  0.37748977 -0.53103315  0.60604348 -0.08222491 -0.13960648
 -0.47875203 -0.25817471  0.50963779  0.81268893  0.01604414 -0.36161456
  0.63929745 -0.24437424 -0.49528252 -0.36957451 -0.41576456  0.14906336]
2022-08-01 15:56:02,126 - pyswarms.single.global_best - INFO - Optimize for 1000 iters with {'c1': 0.5, 'c2': 0.3, 'w': 0.9}
2022-08-01 15:56:10,525 - pyswarms.single.global_best - INFO - Optimization finished | best cost: 0.6424349197563043, best pos: [-0.41548525 -0.72721946  0.48503479  0.21472052  0.57231373  0.91554444
 -0.22796204  0.53155618  0.10477174 -0.77858377  0.54970346  0.53913395
  0.00411431  0.61973433  0.42297418 -0.08387731  0.33018159  0.50012666
  0.79306163 -0.03500124  0.57646046  0.66169835  0.47762796  0.54886652
  0.26468935  0.14519765 -0.38736889  0.22724934 -0.02738011 -0.36048726
  0.4773055   0.07663208  0.32308836  0.18730982 -0.18297244  0.32866195
  0.69548487 -0.19649398  0.129443    0.15642633  0.37753524 -0.93620654
 -0.45567819  0.41498503 -0.10809112  0.12635648 -0.6974511   0.89894243
  0.06036695  0.34003156  0.05938868 -0.47475304  0.8089103   0.75349787
  0.98593097  0.17779929  0.16947646 -0.73720603 -0.34774656  0.87829907
  0.24206835  0.381494    0.1725175  -0.02264114  0.63343458 -0.09208841]
2022-08-01 15:56:10,553 - pyswarms.single.global_best - INFO - Optimize for 1000 iters with {'c1': 0.5, 'c2': 0.3, 'w': 0.9}
2022-08-01 15:56:19,009 - pyswarms.single.global_best - INFO - Optimization finished | best cost: 0.5764345191613758, best pos: [ 0.82516521 -0.81569379 -0.69291072 -0.6751926   0.97551406  0.72646788
 -0.91993191  0.74675336  0.48527299 -0.11426159  0.77074713  0.24059734
  0.21459753 -0.0203133   0.24087051 -0.57032291 -0.07352309  0.64194505
 -0.43161144 -0.3237581   0.13679478 -0.2983573  -0.13035551 -0.48636856
 -0.0738415  -0.38533389  0.02647463 -0.05719512  0.34393809 -0.17999827
  0.52566165 -0.22827723  0.00712118 -0.2777655   0.16946892  0.08206403
 -0.15159349  0.21425212  0.28383978  0.41859787  0.19343977 -0.86152261
  0.62303243 -0.40791783 -0.29900267  0.31413438 -0.14269475 -0.43705238
 -0.51074884 -0.1344615   0.34055083 -0.44810498  0.53894554  0.78700448
  0.53727207 -0.27043494  0.36751242 -0.03044109  0.25674858  0.76334751
  0.26359416  0.04680423  0.28367002 -0.18331619  0.34232661  0.22151557]
2022-08-01 15:56:19,031 - pyswarms.single.global_best - INFO - Optimize for 1000 iters with {'c1': 0.5, 'c2': 0.3, 'w': 0.9}
2022-08-01 15:56:27,423 - pyswarms.single.global_best - INFO - Optimization finished | best cost: 0.6050487082878571, best pos: [ 0.46443768  0.59762675 -0.34951864  0.28207239  0.06553481 -0.68682161
 -0.92111292 -0.95924083  0.47695184 -0.47121864  0.36817734  0.12720606
  0.26543983 -0.31114968 -0.07286871  0.09465614 -0.70217021 -0.02987287
 -0.11703077 -0.00425881  0.04934275 -0.21005501  0.23909271 -0.1963884
 -0.18676283  0.11351065 -0.33458511  0.36742036  0.19411171 -0.0248305
  0.00830873 -0.14217215 -0.19379578 -0.17498635  0.00709193 -0.27685235
 -0.86272977  0.62724444 -0.54421103 -0.30053277 -0.45985441  0.07634598
  0.52730968  0.61167207 -0.55671181 -0.32658713 -0.37408803 -0.05561985
 -0.10812359  0.33516304  0.00624186  0.27274897  0.45336759 -0.90927452
  0.9007136  -0.31523912 -0.43368468  0.99955745 -0.32243967 -0.47950746
 -0.40112429  0.035537    0.41398899 -0.02072819  0.04582857 -0.26051683]
2022-08-01 15:56:27,453 - pyswarms.single.global_best - INFO - Optimize for 1000 iters with {'c1': 0.5, 'c2': 0.3, 'w': 0.9}
2022-08-01 15:56:35,866 - pyswarms.single.global_best - INFO - Optimization finished | best cost: 0.5907175606465184, best pos: [ 0.15677764  0.76413696  0.98510153 -0.39745394  0.62682113  0.75770828
  0.42156649 -0.20739691  0.32335314  0.46780965 -0.56659461  0.41146153
  0.43216008  0.57401383  0.63681391 -0.07671013  0.26121311 -0.28027545
  0.20893257 -0.08086157 -0.17286444  0.72042735 -0.18673215 -0.12658945
  0.70144773 -0.02334266  0.74174087 -0.70334441  0.12694869 -0.28617007
  0.40394654 -0.0989319  -0.10476426 -0.36529925  0.4077281   0.44057035
  0.44585618 -0.56849914  0.16791039 -0.66985975  0.45570337  0.21196855
 -0.86499308  0.30882701  0.78312094 -0.36794516  0.16986479 -0.30803687
 -0.96486633  0.5481071   0.77964771 -0.95377307  0.37117731  0.55354134
  0.07730812 -0.33116295  0.61484417 -0.10570896  0.19162795 -0.32481779
  0.31816186 -0.18728174  0.04133495 -0.03836556 -0.11953595  0.41377675]
2022-08-01 15:56:35,996 - pyswarms.single.global_best - INFO - Optimize for 1000 iters with {'c1': 0.5, 'c2': 0.3, 'w': 0.9}
2022-08-01 15:56:43,580 - pyswarms.single.global_best - INFO - Optimization finished | best cost: 0.5667680194443991, best pos: [ 0.88472572  0.6214963   0.87218573  0.82785811  0.86063734  0.54327533
  0.02094174  0.36187115 -0.1528354   0.33338987  0.09425395 -0.09663692
  0.4286981  -0.09044296 -0.01362513  0.22051359  0.28822539 -0.35244507
  0.06873148  0.77424698  0.29430626 -0.39908251  0.05894912  0.8429435
 -0.57588105  0.27478074  0.92136129 -0.52095979  0.32763694  0.66090231
 -0.87837777  0.1302805   0.56690007 -0.15964517  0.49850903  0.85014597
 -0.17696583 -0.09109366 -0.40275279]
2022-08-01 15:56:43,602 - pyswarms.single.global_best - INFO - Optimize for 1000 iters with {'c1': 0.5, 'c2': 0.3, 'w': 0.9}
2022-08-01 15:56:51,122 - pyswarms.single.global_best - INFO - Optimization finished | best cost: 0.6946461312122076, best pos: [-0.29496428 -0.43902275 -0.35844143  0.92679032 -0.04429533 -0.9999254
  0.52688661 -0.49723382 -0.75708182  0.662262   -0.74011739 -0.46848308
 -0.57121277 -0.61911809  0.85672575  0.08287525 -0.4988853  -0.52976208
 -0.81277017  0.41057267 -0.76492194 -0.04983862 -0.4486914  -0.43759306
 -0.37496818 -0.15625981 -0.0501095  -0.88487603  0.14130734  0.65611862
 -0.34325862 -0.16716102  0.04659755  0.9775787  -0.31778939 -0.7715523
  0.17886037  0.18689579 -0.91991725]
2022-08-01 15:56:51,145 - pyswarms.single.global_best - INFO - Optimize for 1000 iters with {'c1': 0.5, 'c2': 0.3, 'w': 0.9}
2022-08-01 15:56:58,728 - pyswarms.single.global_best - INFO - Optimization finished | best cost: 0.6387660294319013, best pos: [-0.9265966   0.01780358 -0.97132658  0.90099346  0.18800482 -0.90457384
 -0.22813218  0.35212325 -0.1558867   0.09309462  0.75792177 -0.33096644
 -0.6896753   0.89639331 -0.05617876 -0.03928531 -0.18261313 -0.03164568
  0.54397271 -0.56183347  0.3976098   0.38852903 -0.30675975  0.70214226
  0.67411373 -0.22831607 -0.70715901 -0.60054241  0.3838027   0.89850295
  0.0802704   0.33610059 -0.30741985  0.32436312 -0.1837741  -0.66797371
  0.30641136  0.68208475  0.15838869]
2022-08-01 15:56:58,748 - pyswarms.single.global_best - INFO - Optimize for 1000 iters with {'c1': 0.5, 'c2': 0.3, 'w': 0.9}
2022-08-01 15:57:06,326 - pyswarms.single.global_best - INFO - Optimization finished | best cost: 0.6196439053514199, best pos: [ 0.89578823  0.54308781  0.98108567  0.65356249  0.14740555 -0.66613496
  0.30436208  0.65631525  0.21874713 -0.03456985 -0.10370476  0.26255928
  0.15270152  0.02791325 -0.01868345 -0.35322339  0.00971653  0.09629892
 -0.47111012  0.2925476   0.7769056  -0.24787984  0.31701344  0.94152363
 -0.94344404  0.5007916   0.50384006 -0.78917958  0.12522663  0.62737361
 -0.40242427 -0.22143006 -0.0740477   0.02007947 -0.27329819 -0.29071648
 -0.26053487  0.18395027  0.08508832]
2022-08-01 15:57:06,346 - pyswarms.single.global_best - INFO - Optimize for 1000 iters with {'c1': 0.5, 'c2': 0.3, 'w': 0.9}
2022-08-01 15:57:13,860 - pyswarms.single.global_best - INFO - Optimization finished | best cost: 0.6372561056190055, best pos: [-6.63756603e-01 -1.53419764e-01  8.62441780e-01 -9.76968333e-01
  9.87051725e-01 -9.96612568e-01  7.95965288e-01  6.10263356e-01
 -2.70627165e-01  8.27644894e-02 -7.89569539e-02  9.63373264e-02
 -1.56887275e-01 -3.36984413e-01  2.11648872e-04 -5.39271911e-01
 -3.68889388e-01  8.98361493e-02  3.47692853e-01 -3.39468615e-01
  3.62646658e-01 -3.88454805e-01  3.70905447e-01 -6.72089918e-01
 -1.05643163e-01  4.80520130e-01  8.41034357e-01  9.67955470e-01
 -1.11012219e-01  1.41617109e-01 -6.27020673e-01 -6.91252035e-01
  6.33330218e-01  7.37806374e-01  4.88770145e-01 -7.19352912e-01
  2.32379780e-01  1.80661946e-01  1.80708930e-01]
2022-08-01 15:57:13,878 - pyswarms.single.global_best - INFO - Optimize for 1000 iters with {'c1': 0.5, 'c2': 0.3, 'w': 0.9}
2022-08-01 15:57:21,388 - pyswarms.single.global_best - INFO - Optimization finished | best cost: 0.5807514003312919, best pos: [ 7.68293244e-01 -5.97939961e-01  3.96391953e-01  7.34470621e-01
  7.51522188e-01  9.16555440e-01  4.19161507e-02  1.92967295e-02
  7.45378263e-01 -4.85729044e-02 -1.07602617e-01  1.24087482e-01
  2.61314022e-01 -5.78204576e-02  8.02367935e-01 -1.06898663e-04
  4.04004559e-04  1.90534484e-01 -9.77664419e-01 -5.83736390e-01
  4.74272588e-01  8.85301030e-01 -6.34401920e-01 -4.27652832e-01
 -4.60928827e-01  1.02683800e-02 -1.79362531e-01 -2.46366161e-01
 -1.20058257e-01  3.48541545e-01 -7.64980525e-01 -1.80799122e-01
  8.15470781e-01 -8.87042840e-01  5.08173101e-01  6.50785153e-01
 -3.32784081e-01  3.65589236e-02 -5.33010647e-01]
2022-08-01 15:57:21,412 - pyswarms.single.global_best - INFO - Optimize for 1000 iters with {'c1': 0.5, 'c2': 0.3, 'w': 0.9}
2022-08-01 15:57:28,996 - pyswarms.single.global_best - INFO - Optimization finished | best cost: 0.5573318727271307, best pos: [ 0.48733599 -0.96303023  0.94386323  0.91395048  0.71757006  0.75155123
  0.14997436  0.28744671  0.0586547  -0.73254726  0.38212439  0.58847833
 -0.20621987  0.59112936  0.6805209   0.20472775  0.19106133 -0.0018341
 -0.33538022  0.33239773  0.36129649  0.53901607  0.65163777 -0.68085065
 -0.68602072  0.40018397  0.33313719 -0.83509059 -0.41052184  0.29505639
 -0.80030225  0.04884658  0.72640656 -0.60361319  0.32905242  0.48585382
 -0.05420193 -0.11430911 -0.35125445]
2022-08-01 15:57:29,023 - pyswarms.single.global_best - INFO - Optimize for 1000 iters with {'c1': 0.5, 'c2': 0.3, 'w': 0.9}
2022-08-01 15:57:36,551 - pyswarms.single.global_best - INFO - Optimization finished | best cost: 0.6332825428301673, best pos: [ 0.96864762  0.45663471 -0.4712495   0.69280797  0.78737781  0.16721521
 -0.37977664  0.64186508  0.74133808  0.00376778  0.17700566 -0.63789215
 -0.12562667 -0.01677848 -0.11314796  0.04000075 -0.09059604 -0.43472852
 -0.95691041  0.29246777  0.89116503 -0.60975643  0.08633761  0.84226724
  0.80007693 -0.28925876 -0.55416574 -0.56273847 -0.25583125  0.28223016
 -0.53403058  0.31023856  0.11525153  0.46651053 -0.39681606  0.82604505
 -0.0525096  -0.16498107 -0.11830601]
2022-08-01 15:57:36,570 - pyswarms.single.global_best - INFO - Optimize for 1000 iters with {'c1': 0.5, 'c2': 0.3, 'w': 0.9}
2022-08-01 15:57:44,095 - pyswarms.single.global_best - INFO - Optimization finished | best cost: 0.5660259888979811, best pos: [ 0.87674093 -0.22471292 -0.76652382  0.96571585  0.81323378  0.65229916
 -0.33031047  0.84309762 -0.00557017  0.26570479  0.14695342  0.44894448
  0.03167446  0.415608    0.2917068  -0.08959889  0.09561105  0.12068078
 -0.50123253  0.26155325  0.19051787 -0.11655264 -0.47399511 -0.23885042
  0.82964967 -0.25119433 -0.76377225 -0.93869149 -0.00235476  0.81510852
 -0.77716616 -0.04980177  0.72858703 -0.45641668  0.5621465   0.57594392
 -0.17832447  0.62866032  0.49933051]
2022-08-01 15:57:44,114 - pyswarms.single.global_best - INFO - Optimize for 1000 iters with {'c1': 0.5, 'c2': 0.3, 'w': 0.9}
2022-08-01 15:57:51,677 - pyswarms.single.global_best - INFO - Optimization finished | best cost: 0.6160679188866724, best pos: [-0.60506273 -0.17421573 -0.86683379 -0.93676399  0.59043635  0.8222871
  0.19703746  0.185044   -0.45355945  0.80679191 -0.28018533  0.67078567
  0.05343976 -0.08872477 -0.3351399  -0.00800401  0.30804871 -0.36336012
  0.93843853 -0.16092045 -0.91049719 -0.44902695 -0.09274997  0.27043463
  0.78876514 -0.26280907 -0.44506378  0.98995736  0.27975398 -0.17244155
 -0.16608186  0.3520575   0.72681501 -0.12034064  0.03206136  0.9631042
  0.11114422  0.40093067  0.18946739]
2022-08-01 15:57:51,771 - pyswarms.single.global_best - INFO - Optimize for 1000 iters with {'c1': 0.5, 'c2': 0.3, 'w': 0.9}
2022-08-01 15:57:58,761 - pyswarms.single.global_best - INFO - Optimization finished | best cost: 0.6967733170720339, best pos: [ 0.98083077  0.96185185  0.91633437  0.10103786  0.07229905 -0.07468501
 -0.38883107  0.5914625   0.70164623 -0.7901503  -0.01733896  0.90680923
 -0.53265032  0.03007192  0.129804    0.09773589  0.37923254  0.17217161]
2022-08-01 15:57:58,782 - pyswarms.single.global_best - INFO - Optimize for 1000 iters with {'c1': 0.5, 'c2': 0.3, 'w': 0.9}
2022-08-01 15:58:05,772 - pyswarms.single.global_best - INFO - Optimization finished | best cost: 0.6636126948513589, best pos: [-0.72157151 -0.89901783  0.94450107  0.04601001 -0.12617347  0.18039999
 -0.11272003 -0.76850883 -0.84154247  0.88132612 -0.08989121 -0.73932416
 -0.89911454  0.57991062  0.82485856 -0.10873373 -0.06728675 -0.39880264]
2022-08-01 15:58:05,784 - pyswarms.single.global_best - INFO - Optimize for 1000 iters with {'c1': 0.5, 'c2': 0.3, 'w': 0.9}
2022-08-01 15:58:12,964 - pyswarms.single.global_best - INFO - Optimization finished | best cost: 0.6917015457360784, best pos: [ 0.42330198 -0.95386199  0.83543667  0.22606231 -0.17637294  0.0351661
 -0.70340262 -0.29744919 -0.03239748  0.93578482 -0.10218576 -0.96608112
 -0.63381584  0.23568877  0.92721124  0.55908533  0.71300584  0.13423241]
2022-08-01 15:58:12,976 - pyswarms.single.global_best - INFO - Optimize for 1000 iters with {'c1': 0.5, 'c2': 0.3, 'w': 0.9}
2022-08-01 15:58:20,682 - pyswarms.single.global_best - INFO - Optimization finished | best cost: 0.6412296566104965, best pos: [ 0.91960014 -0.88284119 -0.88538619  0.06331466 -0.2892229   0.01496662
 -0.97606584  0.62709966  0.50618932  0.83506685 -0.21257113 -0.8284932
  0.84369195  0.09119696 -0.57422255 -0.43625836 -0.37690698 -0.5316872 ]
2022-08-01 15:58:20,691 - pyswarms.single.global_best - INFO - Optimize for 1000 iters with {'c1': 0.5, 'c2': 0.3, 'w': 0.9}
2022-08-01 15:58:27,542 - pyswarms.single.global_best - INFO - Optimization finished | best cost: 0.6486590773551646, best pos: [ 0.90711793 -0.97089872  0.75548642 -0.0609936  -0.17449355 -0.08137546
 -0.70182685  0.1275806   0.79995387  0.73965263 -0.04474871 -0.64402229
 -0.81407241  0.64033205  0.82176676 -0.30548282  0.12193437 -0.10894044]
2022-08-01 15:58:27,551 - pyswarms.single.global_best - INFO - Optimize for 1000 iters with {'c1': 0.5, 'c2': 0.3, 'w': 0.9}
2022-08-01 15:58:34,932 - pyswarms.single.global_best - INFO - Optimization finished | best cost: 0.6612938203909177, best pos: [-0.89658811 -0.75053088 -0.7634398  -0.10040391 -0.13589923 -0.04000757
  0.86441668  0.39288169 -0.86762679  0.60509699 -0.27154695 -0.98585854
  0.83924449 -0.42659365 -0.59679984 -0.11839466  0.10683831 -0.31799083]
2022-08-01 15:58:34,943 - pyswarms.single.global_best - INFO - Optimize for 1000 iters with {'c1': 0.5, 'c2': 0.3, 'w': 0.9}
2022-08-01 15:58:42,677 - pyswarms.single.global_best - INFO - Optimization finished | best cost: 0.6700490925248357, best pos: [-0.85038027  0.86879511 -0.96119464 -0.38122773 -0.32435446 -0.25203728
  0.89190792  0.09377    -0.69674482 -0.69831089  0.00427155  0.46724355
  0.89728424 -0.14830717 -0.71783401 -0.1227847  -0.18217839 -0.81511875]
2022-08-01 15:58:42,695 - pyswarms.single.global_best - INFO - Optimize for 1000 iters with {'c1': 0.5, 'c2': 0.3, 'w': 0.9}
2022-08-01 15:58:49,813 - pyswarms.single.global_best - INFO - Optimization finished | best cost: 0.6636295667265698, best pos: [-0.8332985   0.93384867  0.64141904  0.05067997  0.27014921  0.14760072
  0.91591016 -0.46187868 -0.83257291 -0.91886223  0.32255165  0.82176217
 -0.52324897  0.83726305  0.59950171  0.20470371  0.25254841 -0.45033516]
2022-08-01 15:58:49,823 - pyswarms.single.global_best - INFO - Optimize for 1000 iters with {'c1': 0.5, 'c2': 0.3, 'w': 0.9}
2022-08-01 15:58:56,891 - pyswarms.single.global_best - INFO - Optimization finished | best cost: 0.6899170133208302, best pos: [ 0.93843457 -0.69508843  0.97200355  0.02619062 -0.01718782  0.16683661
 -0.83630783 -0.0960854   0.85405283  0.24618035  0.18380255 -0.49335916
 -0.90652067  0.41630712  0.8137478  -0.15811119 -0.25934077 -0.22069089]
2022-08-01 15:58:56,904 - pyswarms.single.global_best - INFO - Optimize for 1000 iters with {'c1': 0.5, 'c2': 0.3, 'w': 0.9}
2022-08-01 15:59:04,256 - pyswarms.single.global_best - INFO - Optimization finished | best cost: 0.659685895382411, best pos: [ 0.81531138  0.94125375  0.86709103  0.19734698  0.05259726  0.09407892
 -0.84981238 -0.20713816  0.75705618 -0.95355656  0.30329594  0.4699496
 -0.62908843  0.06658717  0.74978834  0.14839861  0.21844202 -0.16562416]
2022-08-01 16:16:04,622 - pyswarms.single.global_best - INFO - Optimize for 1000 iters with {'c1': 0.5, 'c2': 0.3, 'w': 0.9}
2022-08-01 16:16:14,028 - pyswarms.single.global_best - INFO - Optimization finished | best cost: 0.5350458295143221, best pos: [ 0.43456747  0.15444768 -0.30702288  0.6745534   0.07056087  0.93067235
 -0.04122663 -0.00991075 -0.09508094  0.30528903  0.29119903  0.72396679
  0.82476081  0.59527681  0.57934461  0.54650228  0.09293494  0.68247056
  0.20421777  0.69832781 -0.04706037  0.31311864 -0.06841634  0.132897
 -0.19672252  0.15729555  0.30262588 -0.06033235 -0.76663155  0.03877295
  0.22909945 -0.24124412  0.46717862 -0.79666817 -0.39980156  0.3867427
 -0.34157147  0.81567651  0.82233836 -0.02924093  0.2829623   0.18906804
 -0.82172929 -0.10271522  0.66961667 -0.79464545  0.07318851  0.70428974
 -0.80865876  0.27549582  0.92087094 -0.75762571  0.51957715  0.53668396
 -0.22866788  0.44365238  0.45031745 -0.22612563 -0.67097747  0.31977679
 -0.13931703  0.25096327  0.58749691 -0.05286228  0.60157904  0.15485234]
2022-08-01 16:16:14,059 - pyswarms.single.global_best - INFO - Optimize for 1000 iters with {'c1': 0.5, 'c2': 0.3, 'w': 0.9}
2022-08-01 16:16:22,384 - pyswarms.single.global_best - INFO - Optimization finished | best cost: 0.5519495358956299, best pos: [-0.05516845 -0.12989289  0.91394046 -0.39480026  0.5157214   0.04933231
  0.44873695 -0.39708551 -0.74246824  0.23870827 -0.1117267   0.49682481
 -0.90337439  0.75525553  0.78300756 -0.98956185 -0.47412884  0.11475064
 -0.37779849 -0.22787316 -0.27250339  0.1873883   0.75509082  0.21409367
 -0.11645826 -0.02434727  0.73232653  0.10268913 -0.27012415  0.01126192
  0.00675576 -0.17963582  0.27018125 -0.60667308  0.21203932  0.31622903
 -0.70235323 -0.11215429 -0.19100852  0.29889622  0.57899106  0.13269502
 -0.51825156  0.61336707  0.51746963  0.50483359 -0.42477817 -0.28637611
 -0.60519268 -0.59054948  0.67382117 -0.90046336  0.5107075   0.62602479
  0.71803492 -0.68186874 -0.3426026   0.02841122 -0.0515035  -0.68544985
  0.73187141  0.50950085  0.63561656 -0.17224988 -0.35386582 -0.16105549]
2022-08-01 16:16:22,408 - pyswarms.single.global_best - INFO - Optimize for 1000 iters with {'c1': 0.5, 'c2': 0.3, 'w': 0.9}
2022-08-01 16:16:30,331 - pyswarms.single.global_best - INFO - Optimization finished | best cost: 0.6208699858375215, best pos: [-0.00241487  0.00497227  0.37062668  0.48840129  0.11208005  0.69522659
  0.35479631 -0.43542279  0.56745543  0.12391271  0.68967911 -0.53972883
  0.5914081   0.40562726  0.21101107  0.2854796   0.62392368  0.36348376
  0.02844638 -0.3532186  -0.53330702  0.10456585 -0.32109363 -0.34321584
  0.01106892  0.66827323  0.25484108  0.53280359  0.44256012  0.22216752
 -0.19229951  0.50566466  0.16112932  0.43063251  0.19573581 -0.33701401
  0.34901374  0.29722756 -0.07845506 -0.79049482 -0.07188524  0.96483006
  0.9245912  -0.3556005  -0.39507342 -0.84198294  0.6881339   0.37744844
 -0.52057813  0.74950897  0.0302001   0.06423285  0.52842243  0.40820968
 -0.56369561  0.13367273  0.41965048 -0.56038586  0.37839924  0.94303974
 -0.44338736 -0.20766178  0.60203798  0.65205164  0.0507678   0.19148226]
2022-08-01 16:16:30,353 - pyswarms.single.global_best - INFO - Optimize for 1000 iters with {'c1': 0.5, 'c2': 0.3, 'w': 0.9}
2022-08-01 16:16:38,257 - pyswarms.single.global_best - INFO - Optimization finished | best cost: 0.7115934183505188, best pos: [ 0.23462355 -0.00597475 -0.72508847  0.31917536  0.9257068   0.14081204
 -0.35098819 -0.04488479  0.93408175 -0.23167487 -0.2774466  -0.01106805
  0.3248022   0.95276226  0.98795967 -0.96998081  0.11813967 -0.75251663
 -0.556593   -0.59093822  0.32435845  0.93288771  0.01199838  0.954721
 -0.34390575 -0.92782982 -0.87167301 -0.36985483 -0.28861754  0.65258467
 -0.42292217  0.41008893  0.07584965  0.06597848  0.91154593 -0.10317653
 -0.22493948  0.33083193 -0.06348686 -0.01501757  0.04113572 -0.56303808
 -0.16169864  0.43165524 -0.09659881  0.08823509 -0.59023244  0.35041678
 -0.16145941  0.67437803  0.23895288  0.02602975 -0.64127138  0.42451142
  0.91601741 -0.9397085  -0.35220596  0.25582039 -0.06430862 -0.57885982
  0.38858531 -0.04530959 -0.551826   -0.33110417 -0.63220278 -0.66925139]
2022-08-01 16:16:38,277 - pyswarms.single.global_best - INFO - Optimize for 1000 iters with {'c1': 0.5, 'c2': 0.3, 'w': 0.9}
2022-08-01 16:16:46,236 - pyswarms.single.global_best - INFO - Optimization finished | best cost: 0.5284741847384284, best pos: [-0.19123131  0.08423125 -0.24616149 -0.16761421 -0.18214832  0.27496966
 -0.80871803 -0.18302312 -0.00653294 -0.99662268 -0.90615772 -0.12246878
  0.76817502 -0.87772887  0.40489846 -0.58044068  0.90954384 -0.1126
 -0.1986333  -0.35562987  0.09309784  0.16882574 -0.35222244  0.43856554
 -0.45058566 -0.02825079  0.24162336 -0.04118943 -0.33834574  0.06179917
 -0.0434928  -0.22987077 -0.40241556  0.20394441 -0.36349328 -0.39791132
  0.78512068  0.02804289 -0.63484302  0.64690078 -0.50390284 -0.65493082
  0.48008829  0.44982498  0.00122606 -0.41914356  0.01470974  0.70275369
  0.34014735 -0.70561769 -0.68715754 -0.11496345 -0.3938549   0.54343651
  0.68793107  0.07891646 -0.51811792 -0.02987512  0.02766795  0.16369534
  0.10678168 -0.01642838 -0.17819191 -0.1379882   0.219       0.06652428]
2022-08-01 16:16:46,259 - pyswarms.single.global_best - INFO - Optimize for 1000 iters with {'c1': 0.5, 'c2': 0.3, 'w': 0.9}
2022-08-01 16:16:54,248 - pyswarms.single.global_best - INFO - Optimization finished | best cost: 0.5533946362111555, best pos: [-0.53869339  0.08598309  0.77490689  0.17667322  0.77836486  0.34267123
  0.54648119  0.39920032 -0.19644341 -0.8003501   0.87782099  0.45319809
  0.61486341  0.07734516  0.79806953  0.8194718  -0.56742865  0.84081237
  0.10134995 -0.27191149  0.55931459  0.26801916  0.24127899  0.29022444
 -0.07457387  0.38125012 -0.12506113  0.25797766 -0.05432116 -0.37659079
 -0.12140699 -0.10423988  0.36136541  0.04827523 -0.50453673 -0.35624661
  0.60027076 -0.19377112 -0.21335528 -0.24722356 -0.16597904  0.30991528
 -0.80225892  0.3221799   0.60336229 -0.76814262  0.36199418  0.44358102
 -0.28447518  0.00096393  0.04442421 -0.70673748 -0.18871943  0.49466882
 -0.69137671  0.87986366  0.75930112 -0.15429344 -0.30204126 -0.33150243
 -0.1640495  -0.00701854  0.29458375 -0.25979588  0.49784304  0.0152329 ]
2022-08-01 16:16:54,269 - pyswarms.single.global_best - INFO - Optimize for 1000 iters with {'c1': 0.5, 'c2': 0.3, 'w': 0.9}
2022-08-01 16:17:02,277 - pyswarms.single.global_best - INFO - Optimization finished | best cost: 0.5633155208313948, best pos: [-0.52145644  0.37370034  0.00371685 -0.71961978 -0.59064096 -0.52350177
  0.04246484  0.95448367  0.65010117 -0.44410181  0.13800963 -0.76000162
 -0.48566409  0.84988052 -0.73522491  0.46930549  0.77317465  0.3343295
 -0.01406743  0.4475742   0.49390014 -0.40368098 -0.26203664 -0.47328636
 -0.15617165  0.19395219  0.40157985 -0.53601507  0.08478256  0.08173193
 -0.34606423 -0.00096249 -0.36973421 -0.44903116  0.04488479 -0.54346274
  0.37424326 -0.15748183 -0.17778196 -0.63934797  0.24632455  0.2409873
  0.19008786  0.23214503 -0.72149041  0.71056781 -0.56787535 -0.57281674
 -0.28710057  0.26696228  0.29387207  0.45019338  0.56778371 -0.49683533
 -0.61709248  0.29175048  0.41402418 -0.76323789  0.47589762  0.94122461
 -0.29250142 -0.59029453  0.59311533 -0.4227713   0.01026273 -0.38341582]
2022-08-01 16:17:02,300 - pyswarms.single.global_best - INFO - Optimize for 1000 iters with {'c1': 0.5, 'c2': 0.3, 'w': 0.9}
2022-08-01 16:17:10,387 - pyswarms.single.global_best - INFO - Optimization finished | best cost: 0.549980596155332, best pos: [-0.15479004  0.32380235 -0.6031912   0.20146725 -0.59550151  0.17826323
 -0.06824616  0.33041364  0.8115484   0.59235494 -0.87709759 -0.72374911
  0.7544953  -0.65075315  0.74801636 -0.37391458  0.10301607  0.65113679
 -0.40354268 -0.06027055 -0.16253031 -0.36752799 -0.21413691  0.08279352
  0.05548807  0.1449303   0.86494498  0.41009545 -0.09282161 -0.01830156
  0.03746982 -0.19604971  0.30613227  0.35013236 -0.20442029  0.30448139
 -0.30590242  0.69827299 -0.11868759  0.70232419  0.17856129 -0.74664323
  0.64206294 -0.50805074  0.0544322  -0.5374462  -0.02759554  0.25715096
  0.05627774 -0.24682591 -0.64691792 -0.87800304 -0.22451222  0.77739944
  0.51949142  0.32079311 -0.46648185 -0.23288883  0.51631738 -0.04896589
 -0.44847417  0.18091514  0.6668044   0.32325758  0.52073606  0.22611539]
2022-08-01 16:17:10,411 - pyswarms.single.global_best - INFO - Optimize for 1000 iters with {'c1': 0.5, 'c2': 0.3, 'w': 0.9}
2022-08-01 16:17:18,472 - pyswarms.single.global_best - INFO - Optimization finished | best cost: 0.5456925961819032, best pos: [-0.66311996 -0.59324718  0.1648031  -0.22128657 -0.06080147  0.40642635
 -0.33947257  0.57640952 -0.10364462 -0.51118873 -0.76634661  0.24138521
  0.93654549  0.58322638 -0.28364803 -0.52933819  0.90781531  0.65490409
 -0.04366739  0.4978177   0.76502601  0.58563969  0.138168   -0.18956541
  0.17908821  0.27692731 -0.64966216 -0.33679376 -0.06485343  0.04803066
 -0.06813086 -0.24350122 -0.10000855  0.21891598  0.41835189  0.10153852
 -0.03173116 -0.44318634 -0.50301536  0.69893941 -0.1630447  -0.13722838
 -0.81849596 -0.64002013 -0.04561583 -0.04373974  0.18470066  0.61709594
 -0.22818092  0.28183641  0.59586189  0.51527792 -0.07591507 -0.67214239
  0.88305495 -0.36713205 -0.46206855 -0.71363933  0.5673799   0.59185639
 -0.5014468  -0.18592896  0.70274093 -0.1093847   0.49880162 -0.01223164]
2022-08-01 16:17:18,494 - pyswarms.single.global_best - INFO - Optimize for 1000 iters with {'c1': 0.5, 'c2': 0.3, 'w': 0.9}
2022-08-01 16:17:26,601 - pyswarms.single.global_best - INFO - Optimization finished | best cost: 0.480119142981225, best pos: [ 0.16355789  0.64709898  0.01594111  0.07279127 -0.99646735  0.2261213
  0.09631952  0.20356944 -0.03891129 -0.6525286   0.59315277  0.71260109
 -0.9215466  -0.16530957  0.6549585  -0.26288624  0.72292942  0.8642597
  0.52239279 -0.52519868  0.33252309 -0.38169062  0.24096102  0.61865695
  0.44090199  0.54461928  0.57655117  0.24196329  0.33086382 -0.04405254
 -0.28869851 -0.01388738  0.28551507  0.58545854 -0.47408042  0.15839596
  0.24647304 -0.36245324 -0.69404709 -0.60509911  0.29711359  0.60188325
 -0.77037902 -0.45965926  0.71547803  0.55923193 -0.23140366 -0.77704849
  0.52067973 -0.35359387  0.21228787 -0.73405202  0.40883461  0.15358178
  0.13358723  0.00858589 -0.47566987 -0.53984407  0.17903855  0.67434559
 -0.74066777  0.24006254  0.89642871 -0.12974275  0.23774313  0.13201468]
2022-08-01 16:17:26,946 - pyswarms.single.global_best - INFO - Optimize for 1000 iters with {'c1': 0.5, 'c2': 0.3, 'w': 0.9}
2022-08-01 16:17:34,511 - pyswarms.single.global_best - INFO - Optimization finished | best cost: 0.6628780543526996, best pos: [-0.66921656  0.80215417 -0.14594127  0.54668202 -0.82513038  0.85833544
  0.0026331   0.88327666  0.61401834 -0.20540371  0.54765895 -0.92789488
  0.58602483 -0.65581615  0.2807067   0.29042186  0.05503174 -0.00325944
 -0.67243486  0.07456381  0.01588535 -0.10399776 -0.18455115 -0.09426292
 -0.2977145   0.58732038  0.5691985   0.24516158 -0.17449377 -0.90282611
 -0.39889666  0.30078154  0.37077116  0.83605296  0.4619505  -0.65949434
  0.53792934  0.03590291  0.17307739]
2022-08-01 16:17:34,533 - pyswarms.single.global_best - INFO - Optimize for 1000 iters with {'c1': 0.5, 'c2': 0.3, 'w': 0.9}
2022-08-01 16:17:42,177 - pyswarms.single.global_best - INFO - Optimization finished | best cost: 0.5942243457157892, best pos: [ 0.36335191 -0.91988061  0.54584119  0.27353856  0.97367007  0.95923065
 -0.44421989  0.4390422  -0.10088476  0.05741964 -0.65765017 -0.17697297
  0.14211859  0.36842373 -0.3064983   0.09784936  0.29401328  0.42083242
  0.26275574 -0.02423358 -0.586717   -0.67098197  0.7668617   0.9868116
  0.23385329 -0.34771164 -0.52313628  0.04893535  0.29518405  0.23558386
  0.93302848  0.03817121 -0.70541303  0.37015972 -0.52195417 -0.48874978
  0.27616535  0.41810461  0.16621593]
2022-08-01 16:17:42,203 - pyswarms.single.global_best - INFO - Optimize for 1000 iters with {'c1': 0.5, 'c2': 0.3, 'w': 0.9}
2022-08-01 16:17:49,902 - pyswarms.single.global_best - INFO - Optimization finished | best cost: 0.561885291426926, best pos: [-0.16960134  0.69727755 -0.86533784 -0.55215356  0.71550584  0.92361758
 -0.11400562 -0.58618134  0.52285288  0.76554094 -0.58220578  0.14255411
  0.01795008 -0.35138491  0.11193529  0.42720283 -0.30391392  0.45212966
  0.7668231   0.33897821  0.07185783  0.63364505 -0.86287081 -0.94060814
 -0.60349365  0.02761441  0.54339858 -0.7485444   0.55087514  0.68946859
  0.82364796 -0.09176286 -0.66154722  0.2405429  -0.21078539 -0.75320909
  0.45573819  0.62113854  0.23011881]
2022-08-01 16:17:49,923 - pyswarms.single.global_best - INFO - Optimize for 1000 iters with {'c1': 0.5, 'c2': 0.3, 'w': 0.9}
2022-08-01 16:17:57,534 - pyswarms.single.global_best - INFO - Optimization finished | best cost: 0.5855883101634584, best pos: [ 0.2671004   0.82167487 -0.95403895 -0.71915164 -0.19168632  0.26305589
 -0.17836306 -0.23786426  0.72763312  0.60611601 -0.86677406 -0.04730496
 -0.54151139  0.13310744  0.29153222 -0.2732273   0.18448503 -0.24994807
 -0.116925    0.10785302 -0.28043105  0.89727233 -0.54482998 -0.27623501
 -0.79462245  0.04519962  0.68489109 -0.76673821  0.02036654  0.70011055
  0.60100797  0.2582619  -0.97864351  0.22489867  0.18771608 -0.49348481
  0.02874249  0.67326166  0.1920153 ]
2022-08-01 16:17:57,552 - pyswarms.single.global_best - INFO - Optimize for 1000 iters with {'c1': 0.5, 'c2': 0.3, 'w': 0.9}
2022-08-01 16:18:05,002 - pyswarms.single.global_best - INFO - Optimization finished | best cost: 0.5231486349264379, best pos: [ 0.66924728  0.3067984   0.88633624 -0.82468446  0.31356397 -0.76816092
 -0.69219622  0.94775146 -0.86803761  0.95654302 -0.66152529  0.83773897
 -0.25479205  0.44887966 -0.11634062 -0.42246547  0.29671661  0.05413551
  0.65567132 -0.54973319 -0.68944287  0.09927918 -0.51298065  0.63987144
  0.79858772 -0.7433031  -0.38190789 -0.33207524 -0.00506097  0.59466171
  0.06766904 -0.15964124 -0.66406903 -0.35717446  0.2710785   0.8608525
  0.08370572  0.55861946 -0.04659543]
2022-08-01 16:18:05,022 - pyswarms.single.global_best - INFO - Optimize for 1000 iters with {'c1': 0.5, 'c2': 0.3, 'w': 0.9}
2022-08-01 16:18:12,576 - pyswarms.single.global_best - INFO - Optimization finished | best cost: 0.5735877666329721, best pos: [ 0.92195288  0.20135422 -0.47430896 -0.73837635 -0.49204808  0.58044567
 -0.79869029 -0.2295206   0.57890194  0.37124128  0.8374082  -0.56521392
 -0.26857853 -0.0380518  -0.52568946 -0.01409341  0.15108184 -0.65868515
  0.42902154 -0.3826663  -0.67599192 -0.08788638 -0.0767427  -0.28672778
 -0.73253663 -0.42925078  0.42873857 -0.68825295  0.48412889  0.52509889
 -0.88724965 -0.26065508  0.49883804  0.61107533 -0.64251923 -0.17768739
 -0.29445369 -0.22782434 -0.25547261]
2022-08-01 16:18:12,594 - pyswarms.single.global_best - INFO - Optimize for 1000 iters with {'c1': 0.5, 'c2': 0.3, 'w': 0.9}
2022-08-01 16:18:20,210 - pyswarms.single.global_best - INFO - Optimization finished | best cost: 0.5824538697959234, best pos: [-0.86519159 -0.08099898  0.26505872 -0.81579681  0.78992912 -0.76089246
  0.42384808 -0.89136903 -0.58149819  0.77957811 -0.83389376 -0.48203805
  0.22566087  0.45488774 -0.04263205  0.16482237 -0.72361606 -0.2995624
 -0.55235648  0.23690923  0.62726873  0.14589603  0.21418379 -0.51556023
  0.35784239  0.39986254 -0.71265231 -0.88132542  0.09342595  0.43137907
  0.53228277 -0.54070216 -0.28209978 -0.26690098  0.54634996  0.31972381
 -0.13811653 -0.23570709 -0.36903103]
2022-08-01 16:18:20,233 - pyswarms.single.global_best - INFO - Optimize for 1000 iters with {'c1': 0.5, 'c2': 0.3, 'w': 0.9}
2022-08-01 16:18:27,790 - pyswarms.single.global_best - INFO - Optimization finished | best cost: 0.577509120767061, best pos: [-0.86091338 -0.38667672 -0.25890059 -0.00899082  0.93317343  0.94214834
  0.70078281  0.84678747  0.60803404  0.04258142 -0.17465457 -0.26652198
 -0.18877166 -0.01387979  0.34928422 -0.31864331 -0.13127013 -0.19486846
 -0.7081353   0.29249084  0.6870133  -0.62180748  0.61919887  0.66718249
 -0.84987544  0.32860029  0.44221073 -0.60720142 -0.34414644 -0.27397314
  0.15881599 -0.91642193 -0.93625069  0.71263377 -0.62977046 -0.34192255
 -0.20433028  0.22058229  0.06735219]
2022-08-01 16:18:27,811 - pyswarms.single.global_best - INFO - Optimize for 1000 iters with {'c1': 0.5, 'c2': 0.3, 'w': 0.9}
2022-08-01 16:18:35,355 - pyswarms.single.global_best - INFO - Optimization finished | best cost: 0.6259328167358161, best pos: [-0.34788413 -0.43095917 -0.79890287 -0.50015185  0.79542894  0.53250155
  0.45116717  0.01465502  0.49999309  0.09444383 -0.86154458 -0.69768266
 -0.05464538  0.16510851  0.20910062  0.32876664 -0.17233265  0.23310839
 -0.26177352  0.25022049  0.64443383  0.167117    0.54095731  0.29411888
 -0.66797437  0.50564887  0.66073875 -0.48086441 -0.16825951 -0.10163914
  0.90521892 -0.08762009 -0.98646952  0.48930435  0.3476982  -0.20560359
  0.14101686  0.11077993  0.28541269]
2022-08-01 16:18:35,373 - pyswarms.single.global_best - INFO - Optimize for 1000 iters with {'c1': 0.5, 'c2': 0.3, 'w': 0.9}
2022-08-01 16:18:43,114 - pyswarms.single.global_best - INFO - Optimization finished | best cost: 0.6457522083843722, best pos: [-0.75683096  0.17888736 -0.42927694  0.66665071 -0.23440679 -0.91115881
  0.48001458  0.11111089  0.64816179 -0.62646798  0.75038836  0.78195801
  0.08230765 -0.16465327  0.60072925 -0.53210531 -0.40169148  0.20005421
  0.01515293  0.1546962   0.53658857 -0.13022566  0.33139614 -0.69338367
 -0.47545097 -0.20916845  0.63327031  0.80972362 -0.56488438 -0.37033977
 -0.06097011 -0.05153417  0.3659492  -0.88961222  0.82748752  0.58159281
  0.63541232  0.08684242 -0.04782446]
2022-08-01 16:18:43,276 - pyswarms.single.global_best - INFO - Optimize for 1000 iters with {'c1': 0.5, 'c2': 0.3, 'w': 0.9}
2022-08-01 16:18:50,572 - pyswarms.single.global_best - INFO - Optimization finished | best cost: 0.6178458790771011, best pos: [-0.91706726 -0.99827122 -0.74405722  0.14538401 -0.27700157  0.16275869
  0.72428518 -0.05762852 -0.637967    0.88017668 -0.39550455 -0.90630756
  0.72335205 -0.23395902 -0.95473702 -0.33248014  0.17753715 -0.13016417]
2022-08-01 16:18:50,589 - pyswarms.single.global_best - INFO - Optimize for 1000 iters with {'c1': 0.5, 'c2': 0.3, 'w': 0.9}
2022-08-01 16:18:57,670 - pyswarms.single.global_best - INFO - Optimization finished | best cost: 0.6707801788010207, best pos: [-0.55501473  0.90782865  0.90136096 -0.03440562 -0.20418572  0.30255531
  0.53525241 -0.11076752 -0.55911054 -0.56150496  0.21867989  0.99386552
 -0.92355767  0.33507207  0.88860713 -0.42554521 -0.33387756 -0.42145335]
2022-08-01 16:18:57,680 - pyswarms.single.global_best - INFO - Optimize for 1000 iters with {'c1': 0.5, 'c2': 0.3, 'w': 0.9}
2022-08-01 16:19:04,891 - pyswarms.single.global_best - INFO - Optimization finished | best cost: 0.6326325713208374, best pos: [ 0.78324559 -0.95331589 -0.89766746 -0.05765627 -0.01672427  0.01244538
 -0.90809734 -0.11313309  0.63895235  0.90961503 -0.15963379 -0.70938988
  0.97914551 -0.10851281 -0.35855455 -0.25815614  0.27518382 -0.04083519]
2022-08-01 16:19:04,904 - pyswarms.single.global_best - INFO - Optimize for 1000 iters with {'c1': 0.5, 'c2': 0.3, 'w': 0.9}
2022-08-01 16:19:12,022 - pyswarms.single.global_best - INFO - Optimization finished | best cost: 0.6770464696151174, best pos: [ 0.92797602 -0.68287211  0.86380757  0.1717689   0.00715668 -0.08655274
 -0.93535733  0.31884833  0.63023414  0.4994671  -0.45787515 -0.33420096
 -0.79024624 -0.26086258  0.86969997  0.18999994  0.3554964   0.3888621 ]
2022-08-01 16:19:12,032 - pyswarms.single.global_best - INFO - Optimize for 1000 iters with {'c1': 0.5, 'c2': 0.3, 'w': 0.9}
2022-08-01 16:19:19,249 - pyswarms.single.global_best - INFO - Optimization finished | best cost: 0.7070105682941572, best pos: [ 0.96931529  0.89717488 -0.42961429  0.12206377  0.14279328  0.65603224
 -0.92360936  0.91659998  0.64377099 -0.99985683  0.03932458  0.5598695
 -0.30699586 -0.25710955 -0.99589847  0.64878694  0.30913983  0.83541373]
2022-08-01 16:19:19,259 - pyswarms.single.global_best - INFO - Optimize for 1000 iters with {'c1': 0.5, 'c2': 0.3, 'w': 0.9}
2022-08-01 16:19:26,486 - pyswarms.single.global_best - INFO - Optimization finished | best cost: 0.6469774289962595, best pos: [ 0.80473438 -0.98418903  0.83239503  0.01843539  0.17590608  0.20528641
 -0.70871197  0.0069024   0.54284463  0.99149578  0.28070802 -0.82120299
 -0.64208008  0.70725323  0.76638746 -0.62224199 -0.64953574 -0.60750699]
2022-08-01 16:19:26,497 - pyswarms.single.global_best - INFO - Optimize for 1000 iters with {'c1': 0.5, 'c2': 0.3, 'w': 0.9}
2022-08-01 16:19:33,507 - pyswarms.single.global_best - INFO - Optimization finished | best cost: 0.7148196309915359, best pos: [-0.7660138   0.50622227 -0.99934764  0.28941885 -0.29754107  0.04128785
  0.41061547 -0.02364567 -0.86521067 -0.34369717  0.09192767  0.57894739
  0.86808389 -0.34601087 -0.82072257  0.19741282  0.59830189  0.72749034]
2022-08-01 16:19:33,516 - pyswarms.single.global_best - INFO - Optimize for 1000 iters with {'c1': 0.5, 'c2': 0.3, 'w': 0.9}
2022-08-01 16:19:40,594 - pyswarms.single.global_best - INFO - Optimization finished | best cost: 0.6232253084799142, best pos: [ 0.92630704 -0.77485818  0.9467723  -0.06208967 -0.25737568  0.17756696
 -0.93093524  0.23728475  0.9104866   0.90418851 -0.19561538 -0.8372229
 -0.53109294  0.24391422  0.74368439  0.16353738  0.32011147 -0.0222142 ]
2022-08-01 16:19:40,603 - pyswarms.single.global_best - INFO - Optimize for 1000 iters with {'c1': 0.5, 'c2': 0.3, 'w': 0.9}
2022-08-01 16:19:47,560 - pyswarms.single.global_best - INFO - Optimization finished | best cost: 0.6890306661706805, best pos: [-0.74045003  0.96679053 -0.95967635  0.50379871  0.79614754  0.25327304
  0.5480442   0.46400577 -0.79885992 -0.38186517  0.2908611   0.89681341
  0.99049917 -0.55666192 -0.954134   -0.38899807  0.24879897  0.06798793]
2022-08-01 16:19:47,571 - pyswarms.single.global_best - INFO - Optimize for 1000 iters with {'c1': 0.5, 'c2': 0.3, 'w': 0.9}
2022-08-01 16:19:54,721 - pyswarms.single.global_best - INFO - Optimization finished | best cost: 0.6486164609645969, best pos: [ 0.92966951 -0.8380595  -0.77538584 -0.06877735 -0.06751714 -0.00109817
 -0.95311871  0.7320733   0.62093754  0.87880638  0.1701975  -0.85741125
  0.62815506 -0.05909975 -0.45204665 -0.11754479  0.5441496   0.11689789]
2022-08-01 16:23:15,530 - pyswarms.single.global_best - INFO - Optimize for 1000 iters with {'c1': 0.5, 'c2': 0.3, 'w': 0.9}
2022-08-01 16:23:24,267 - pyswarms.single.global_best - INFO - Optimization finished | best cost: 0.4002102891872186, best pos: [ 0.46512087 -0.2133034  -0.27552873  0.23172482  0.01616671 -0.16385972
 -0.34946577  0.95821192  0.89180036 -0.56582348 -0.04300249  0.35090116
 -0.15895844  0.60356951  0.00504702 -0.61283589  0.15464575 -0.11152593
 -0.53907525  0.30306755  0.07405888 -0.08316895 -0.59909413 -0.37990483
 -0.6785046  -0.20245926  0.97290002  0.47127355  0.31333229 -0.34751926
  0.40696779 -0.50755531  0.37806725  0.27048643 -0.39332972  0.16014066
  0.25302732  0.87473822  0.20826917  0.28778054  0.33138976 -0.37078431
 -0.22159514 -0.49874102 -0.53989956 -0.7119968   0.22141491 -0.07704627
  0.1116156   0.11897002 -0.07536224  0.19192869  0.02786906 -0.39361147
  0.42101675  0.13384423 -0.06844522 -0.94222214  0.10884703  0.93320338
 -0.90715218  0.23659643  0.77176967 -0.12569533  0.20319833  0.31592175]
2022-08-01 16:23:24,296 - pyswarms.single.global_best - INFO - Optimize for 1000 iters with {'c1': 0.5, 'c2': 0.3, 'w': 0.9}
2022-08-01 16:23:32,682 - pyswarms.single.global_best - INFO - Optimization finished | best cost: 0.3898297385794384, best pos: [-0.04484327  0.65136424  0.05552246  0.5017339  -0.28270104  0.64939307
  0.6577855   0.65207848 -0.54873488 -0.26133226  0.30079097 -0.34018707
  0.08355559  0.85890519 -0.55516224  0.17894708  0.85426947  0.03049166
 -0.76199104 -0.02774352  0.26279804 -0.14891798  0.77787295  0.10802354
  0.12753847  0.09582486 -0.73188177 -0.07375301  0.21316646  0.19051638
  0.54182596 -0.57459123 -0.32401366  0.37754128 -0.75039636 -0.01666805
  0.41913909  0.40551502 -0.03037861 -0.20543267  0.95088336  0.56124022
  0.19967335  0.10198148  0.77456818 -0.65494631  0.33851479 -0.06037123
  0.4221044  -0.93394861  0.29821125 -0.99156349  0.11087741  0.83362485
 -0.75660201  0.31982061  0.82951293  0.56926252  0.3540475   0.58342383
 -0.06495269  0.44913729 -0.18372536  0.04518588 -0.25195878 -0.1267478 ]
2022-08-01 16:23:32,703 - pyswarms.single.global_best - INFO - Optimize for 1000 iters with {'c1': 0.5, 'c2': 0.3, 'w': 0.9}
2022-08-01 16:23:41,151 - pyswarms.single.global_best - INFO - Optimization finished | best cost: 0.33270870708202227, best pos: [ 0.69281914  0.88962072 -0.49353912 -0.39791369  0.62335883  0.79001322
 -0.82882905  0.95558833 -0.00658066 -0.07810499  0.23638065  0.21782066
 -0.86506837  0.18992399 -0.22805239 -0.05006051  0.04085396 -0.07997121
 -0.16381779  0.15581187  0.42344501 -0.57347601  0.11334626 -0.26973836
  0.05857993  0.52670382  0.2703886   0.12465277 -0.29430692 -0.33893592
  0.08841408 -0.72231698  0.58061622  0.13827969 -0.59252062  0.07537269
 -0.32878772 -0.06800983 -0.31740447 -0.5695928  -0.19934571  0.5333358
  0.6396212  -0.58185409  0.34449165  0.22341776  0.03648924  0.40323751
 -0.31789797 -0.78825171  0.663694   -0.25591256  0.77963647  0.22661124
  0.90239555  0.26431375 -0.56092695 -0.85692841  0.06760878  0.42380907
 -0.08825475  0.32974997  0.19775167 -0.24751651 -0.01374926  0.61027563]
2022-08-01 16:23:41,174 - pyswarms.single.global_best - INFO - Optimize for 1000 iters with {'c1': 0.5, 'c2': 0.3, 'w': 0.9}
2022-08-01 16:23:49,631 - pyswarms.single.global_best - INFO - Optimization finished | best cost: 0.36859208756063944, best pos: [-0.4398433  -0.75921465 -0.76267681 -0.6279583  -0.39301792 -0.55487995
  0.90613112  0.35718979 -0.21921548 -0.03215731 -0.14857263  0.51016444
  0.14306613 -0.0914379  -0.07982862  0.0992156  -0.02970848  0.08998328
 -0.04588469 -0.52027598 -0.42070192 -0.29566755  0.13094463  0.33066122
  0.5694054  -0.11191075  0.14700745  0.17018966  0.75143887  0.2816368
 -0.19453662 -0.73042389  0.41312572  0.36368166 -0.30928982  0.11827571
  0.13133381  0.19766744 -0.31090716 -0.25367541 -0.19329796 -0.72923383
  0.06997727 -0.18330692 -0.47749843  0.83633252 -0.16513985 -0.95610603
  0.62654764 -0.49136343 -0.34317303  0.14770922  0.29614591  0.02032009
 -0.96578895  0.13360961  0.50934954 -0.29125015 -0.15881853  0.22797013
  0.46436343  0.04252959  0.53872122 -0.20897599  0.52148024 -0.34500231]
2022-08-01 16:23:49,654 - pyswarms.single.global_best - INFO - Optimize for 1000 iters with {'c1': 0.5, 'c2': 0.3, 'w': 0.9}
2022-08-01 16:23:58,157 - pyswarms.single.global_best - INFO - Optimization finished | best cost: 0.35171773430038145, best pos: [ 0.38931411 -0.50048589 -0.26868939 -0.31720243 -0.00736053  0.95405968
  0.55009651 -0.32520099  0.40350644  0.02161023  0.34927233  0.10593749
 -0.03299479 -0.3491417  -0.52828974  0.21433828  0.12601998 -0.31654388
  0.12731259  0.02651727 -0.2692144   0.00508129 -0.14682863 -0.18800964
  0.27345774 -0.2154251  -0.06217859 -0.14615904 -0.08132029  0.12348488
 -0.32445123  0.01404736  0.26507717 -0.18968538 -0.1435115  -0.58319956
 -0.47562166  0.24713556  0.61388221  0.39150788  0.12803468 -0.53171186
  0.66262995 -0.12921738 -0.82963195  0.42254694 -0.32310907 -0.81337813
 -0.24501379  0.63432313  0.2000685  -0.97396058  0.66489375 -0.01455509
 -0.36319015  0.13506734  0.54244801  0.28560007  0.43115885 -0.45234671
 -0.6788162   0.21850577  0.41918124  0.00198835  0.89692865 -0.06200939]
2022-08-01 16:23:58,184 - pyswarms.single.global_best - INFO - Optimize for 1000 iters with {'c1': 0.5, 'c2': 0.3, 'w': 0.9}
2022-08-01 16:24:06,709 - pyswarms.single.global_best - INFO - Optimization finished | best cost: 0.33839043453826756, best pos: [-0.06861765  0.53142665  0.70277541  0.68960352 -0.36536786  0.56749882
 -0.9121036   0.5019484  -0.10033019 -0.29268935 -0.15840037 -0.21902043
  0.17904875  0.3066252   0.02790804 -0.1097958  -0.46805295 -0.49075995
  0.55007631  0.02157562  0.2271945   0.38682593  0.072907    0.31149577
 -0.3879971   0.10379716 -0.35916559  0.10941037 -0.03101386  0.24542758
 -0.08257282  0.06085273 -0.52913724  0.55274357  0.25300441  0.49942663
 -0.33822692 -0.15247158  0.31989352 -0.86496627 -0.03109115  0.00484523
 -0.65598246  0.17538975  0.06813654 -0.12271813  0.30278839  0.7145023
  0.05201285 -0.12226637 -0.28084548 -0.72943077 -0.74046863  0.94208613
 -0.32611392 -0.13659986 -0.91889808 -0.50376599  0.56522231  0.41675808
  0.03667687  0.01135658 -0.12196764  0.05698076 -0.19614721 -0.39763082]
2022-08-01 16:24:06,733 - pyswarms.single.global_best - INFO - Optimize for 1000 iters with {'c1': 0.5, 'c2': 0.3, 'w': 0.9}
2022-08-01 16:24:15,181 - pyswarms.single.global_best - INFO - Optimization finished | best cost: 0.30828486539158295, best pos: [-0.03485753 -0.38236786  0.34395134  0.70714061  0.7878578   0.59793447
  0.4410811  -0.81472834  0.82556478 -0.72821734 -0.37934006 -0.62825538
  0.28394914 -0.77627236 -0.10861597 -0.11092602 -0.03230311  0.11009743
 -0.38992462 -0.47756736  0.61485619 -0.54834055  0.26560635 -0.38615115
  0.19378108 -0.21263296  0.53789654  0.05256257  0.51313189  0.15832539
  0.35867549 -0.30529083  0.03251212 -0.69864807  0.86737577  0.28800235
 -0.03077497  0.03617388 -0.01217479 -0.10038748 -0.1391298  -0.60970682
 -0.74322106 -0.04545783 -0.0759167  -0.49285505 -0.08641783  0.23609583
 -0.36167802  0.45581843  0.37806298 -0.74853487  0.13736369  0.21730626
 -0.44378626 -0.42500259  0.29136398  0.1373036   0.92208989 -0.67642941
 -0.35677624  0.69211256  0.77063117  0.25572372  0.32186317  0.20196226]
2022-08-01 16:24:15,202 - pyswarms.single.global_best - INFO - Optimize for 1000 iters with {'c1': 0.5, 'c2': 0.3, 'w': 0.9}
2022-08-01 16:24:23,614 - pyswarms.single.global_best - INFO - Optimization finished | best cost: 0.44212451425834765, best pos: [ 0.5989913   0.51048833  0.46221994  0.39130831 -0.31868424  0.92187836
 -0.29221894  0.29074264  0.26939216 -0.16235995  0.01351333  0.60996051
  0.70944622 -0.66680497  0.15621061  0.62364778  0.432981   -0.21383458
  0.35938773 -0.29405039 -0.32185788  0.59418206 -0.37509059  0.39031584
  0.38446836 -0.33042728  0.35977343  0.06304551 -0.07712463 -0.68474072
 -0.07909862  0.68951766  0.42137327  0.07295238 -0.35021545  0.11163499
  0.15870387  0.38241269  0.73197862 -0.24955256 -0.26037013  0.16306573
 -0.07328781 -0.16980272  0.47303315  0.2167281   0.44479212  0.63035452
 -0.35738505 -0.14679589 -0.11767981 -0.77942874  0.69412042  0.64430474
  0.63891819 -0.00640042  0.05450136  0.30405893 -0.36503863  0.70926406
 -0.93931844 -0.28221926  0.84161842  0.14191176  0.17617546  0.19964676]
2022-08-01 16:24:23,635 - pyswarms.single.global_best - INFO - Optimize for 1000 iters with {'c1': 0.5, 'c2': 0.3, 'w': 0.9}
2022-08-01 16:24:32,320 - pyswarms.single.global_best - INFO - Optimization finished | best cost: 0.2712043906242042, best pos: [ 0.35251716  0.52559242  0.19129913 -0.87084563  0.33120461 -0.76839564
  0.92085772 -0.59468753 -0.33739224 -0.21728793 -0.62084643  0.11431898
  0.26308153  0.43686791 -0.15840238 -0.01323297  0.07241514  0.02687692
 -0.5797373   0.3341701   0.12427006  0.04812633  0.2436403  -0.35628699
  0.09019607 -0.23212264 -0.47341453  0.17908269  0.21710583  0.24188634
 -0.06658138 -0.75129855  0.14220592 -0.35247594  0.60737596  0.17471078
 -0.42984905  0.65577327  0.27943323 -0.38006536  0.21338595  0.514485
 -0.4375165   0.43610618  0.5328802   0.87361681 -0.67492218  0.32245973
 -0.04394912 -0.58829649  0.43142945  0.5216544  -0.00536801 -0.52836771
 -0.2201989  -0.20179303  0.78660166  0.93543354  0.09208245 -0.95476335
  0.48679103  0.19932959 -0.71156201 -0.08721901  0.19465354  0.44447399]
2022-08-01 16:24:32,343 - pyswarms.single.global_best - INFO - Optimize for 1000 iters with {'c1': 0.5, 'c2': 0.3, 'w': 0.9}
2022-08-01 16:24:41,056 - pyswarms.single.global_best - INFO - Optimization finished | best cost: 0.35467014232857086, best pos: [-0.34984094  0.33289851 -0.51835799  0.23750032 -0.12297178  0.91551327
 -0.93710558  0.99236769 -0.12946444  0.5742021  -0.10147356  0.48799254
  0.62349804  0.3574705   0.17130667 -0.01470156  0.12108839  0.09924275
 -0.37317534 -0.20679461  0.2581266   0.06849941 -0.18792442  0.77488768
  0.47687172  0.05715036  0.22974517 -0.29052739  0.14759573  0.27304919
 -0.17681825  0.12013606 -0.43229113 -0.63205507 -0.29290529  0.04467951
  0.28309702 -0.48190369 -0.1173596  -0.55644823  0.51039592  0.13463352
  0.52029527 -0.10463997  0.02788349 -0.12201886 -0.6352423   0.18449291
  0.15177222 -0.37767327 -0.32142248 -0.64895761 -0.62675055  0.95452103
  0.59855061 -0.37507838 -0.12970829 -0.4069693  -0.16639579  0.12926969
  0.11914672 -0.02497789 -0.11925607 -0.00921026  0.10256109  0.09363363]
2022-08-01 16:24:41,151 - pyswarms.single.global_best - INFO - Optimize for 1000 iters with {'c1': 0.5, 'c2': 0.3, 'w': 0.9}
2022-08-01 16:24:49,100 - pyswarms.single.global_best - INFO - Optimization finished | best cost: 0.35283012544798076, best pos: [-0.67070663 -0.77877476  0.5268952   0.28513076  0.5371415   0.99323719
 -0.2895274   0.53640292 -0.18215366  0.20556417  0.11414878 -0.22384231
  0.45893514 -0.57924115 -0.0881224   0.08428525 -0.30556159 -0.52968842
  0.700787    0.54687556 -0.79976928  0.42091386 -0.63896231 -0.17202866
 -0.72669933  0.45534934  0.42428079 -0.20548007  0.45049138  0.35952591
 -0.87986659 -0.30652596  0.52912557 -0.49235826  0.20999798  0.85819378
 -0.44638789  0.37052792  0.44388145]
2022-08-01 16:24:49,122 - pyswarms.single.global_best - INFO - Optimize for 1000 iters with {'c1': 0.5, 'c2': 0.3, 'w': 0.9}
2022-08-01 16:24:57,047 - pyswarms.single.global_best - INFO - Optimization finished | best cost: 0.43499180437268986, best pos: [ 0.93470806  0.66306458 -0.16238937 -0.73672247  0.44493494 -0.06633901
  0.5397895   0.12602894  0.8444372   0.2052976  -0.18588288 -0.35286357
  0.47788525 -0.13241921 -0.17723986  0.01656157  0.35370437  0.66154625
  0.0513192   0.21344421  0.98418814 -0.74514108  0.54934315  0.84158217
  0.85187763 -0.51638563 -0.24273403  0.69661723  0.3040519  -0.9805651
 -0.14592477  0.39676041  0.28549117  0.42485694  0.24642131 -0.38451135
  0.56222355  0.70328835 -0.15750323]
2022-08-01 16:24:57,068 - pyswarms.single.global_best - INFO - Optimize for 1000 iters with {'c1': 0.5, 'c2': 0.3, 'w': 0.9}
2022-08-01 16:25:05,106 - pyswarms.single.global_best - INFO - Optimization finished | best cost: 0.43150571002989013, best pos: [-0.47862015 -0.48267875  0.04595647 -0.86869164  0.439842   -0.12098552
  0.12223684  0.27364864 -0.3204647   0.25282583  0.01446118  0.03266285
 -0.16101196 -0.33206191 -0.48956321 -0.30827847 -0.526658   -0.0252675
  0.92705085 -0.16581968 -0.7712112   0.7087647  -0.32738808 -0.63032595
  0.29581628  0.71723949 -0.44011505  0.74204802 -0.75585311 -0.20337966
 -0.38120142 -0.20314936  0.65096931  0.66376409 -0.48714621  0.01479717
  0.13482768  0.49753593  0.17609106]
2022-08-01 16:25:05,126 - pyswarms.single.global_best - INFO - Optimize for 1000 iters with {'c1': 0.5, 'c2': 0.3, 'w': 0.9}
2022-08-01 16:25:13,172 - pyswarms.single.global_best - INFO - Optimization finished | best cost: 0.3754569154916807, best pos: [-0.24528179  0.2771112  -0.70230548 -0.47108161 -0.84904871 -0.52738389
 -0.1077285   0.02064606  0.1585788  -0.0575775  -0.60716037  0.33198263
 -0.26415156  0.001325   -0.16819093 -0.23202312  0.24251145 -0.162835
  0.72267497  0.21208368 -0.18645551 -0.43970449  0.77273429  0.89832678
  0.81408413 -0.36882649 -0.63710425  0.78593394 -0.25357197 -0.09459719
  0.17556237  0.51969505 -0.91351943  0.6884325  -0.85442458 -0.79514765
 -0.03924939  0.12487286 -0.44943386]
2022-08-01 16:25:13,198 - pyswarms.single.global_best - INFO - Optimize for 1000 iters with {'c1': 0.5, 'c2': 0.3, 'w': 0.9}
2022-08-01 16:25:21,401 - pyswarms.single.global_best - INFO - Optimization finished | best cost: 0.38708277658987006, best pos: [ 0.98679956  0.82628042  0.32538832  0.53006562  0.4852382  -0.03261034
 -0.30742477 -0.03976214 -0.15768782 -0.51132641  0.19703242  0.30810579
 -0.88057232  0.34361017 -0.05592694  0.07839566 -0.24746402 -0.30893145
 -0.83454328 -0.62550451  0.65549104 -0.78061102  0.47530059 -0.05114952
  0.02329128  0.25758764  0.18982305 -0.83827502  0.28477158  0.61674535
 -0.75414316  0.1248879   0.57558856  0.50740471 -0.65379839 -0.11400748
  0.0666325   0.38664493  0.25922876]
2022-08-01 16:25:21,422 - pyswarms.single.global_best - INFO - Optimize for 1000 iters with {'c1': 0.5, 'c2': 0.3, 'w': 0.9}
2022-08-01 16:25:29,438 - pyswarms.single.global_best - INFO - Optimization finished | best cost: 0.37790138030371007, best pos: [ 0.95258536  0.74116032 -0.65830299  0.36875531 -0.63830461  0.54104406
 -0.15103516  0.41487236 -0.43700044  0.76205677  0.38079597  0.1286796
  0.497182   -0.29782889 -0.07533123 -0.4574402   0.38567069  0.01158604
 -0.29960503  0.78910067  0.75782851  0.25273267  0.17378421  0.99900457
  0.74585789 -0.32493961 -0.96630823 -0.30397234 -0.84386066  0.11966879
  0.77858529 -0.51696158 -0.9526541   0.49252376  0.96118467  0.872207
 -0.14103227  0.35076565 -0.16069472]
2022-08-01 16:25:29,460 - pyswarms.single.global_best - INFO - Optimize for 1000 iters with {'c1': 0.5, 'c2': 0.3, 'w': 0.9}
2022-08-01 16:25:37,225 - pyswarms.single.global_best - INFO - Optimization finished | best cost: 0.35480461820901116, best pos: [ 0.6992078  -0.73074698  0.87510317  0.56457899 -0.61799186 -0.1888648
  0.2919554   0.22067457  0.00753814 -0.47239526 -0.28391938 -0.01897948
 -0.19365296  0.27748831  0.63021752  0.14642641  0.03912023  0.04051729
 -0.61331897 -0.44887609  0.99021003  0.40315669 -0.25159049 -0.61063163
 -0.72327287  0.89108949  0.40849587 -0.97713048  0.88529611  0.27106849
 -0.16887233 -0.11696824 -0.52797816  0.10879276 -0.16169115 -0.608549
 -0.04250471  0.63051177  0.44879655]
2022-08-01 16:25:37,246 - pyswarms.single.global_best - INFO - Optimize for 1000 iters with {'c1': 0.5, 'c2': 0.3, 'w': 0.9}
2022-08-01 16:25:45,172 - pyswarms.single.global_best - INFO - Optimization finished | best cost: 0.415352397520048, best pos: [-0.61220573  0.06678015 -0.91611854 -0.47194148 -0.97082308  0.71501363
 -0.44444648 -0.3462089   0.09070191  0.82812548  0.41934098  0.52870533
 -0.28576681  0.0939432   0.50452001  0.20870056 -0.25318478 -0.54269305
  0.70866287  0.63753898 -0.24035099 -0.2416408  -0.05903027 -0.85076501
  0.67140913 -0.42999155 -0.79436714  0.98481942  0.30599757  0.09060519
  0.60093278 -0.67140035 -0.68475476 -0.40430713 -0.23897521  0.56970562
 -0.21343729  0.32733426  0.20429273]
2022-08-01 16:25:45,192 - pyswarms.single.global_best - INFO - Optimize for 1000 iters with {'c1': 0.5, 'c2': 0.3, 'w': 0.9}
2022-08-01 16:25:53,201 - pyswarms.single.global_best - INFO - Optimization finished | best cost: 0.39928701435202946, best pos: [ 0.51779163  0.72985904 -0.23660071 -0.74868283  0.35122056 -0.87570266
  0.45426158 -0.23951575  0.96082015  0.44274687 -0.17385892  0.32503173
 -0.4199972   0.11809063  0.30208455 -0.27416286  0.14795736 -0.35391926
 -0.25287881 -0.68741629  0.7922897  -0.95712907  0.60746003  0.4799142
  0.49339199 -0.12812338 -0.25111665  0.25307843 -0.14916632 -0.46996214
 -0.7136062   0.45039423  0.31387095  0.21028716 -0.6755378  -0.36372776
  0.1445029   0.57862071  0.54625129]
2022-08-01 16:25:53,219 - pyswarms.single.global_best - INFO - Optimize for 1000 iters with {'c1': 0.5, 'c2': 0.3, 'w': 0.9}
2022-08-01 16:26:01,337 - pyswarms.single.global_best - INFO - Optimization finished | best cost: 0.4094034004227762, best pos: [-8.60192272e-01 -1.16534595e-02  8.77967617e-01 -7.28290237e-01
  7.25622627e-02 -9.36771027e-01 -6.77248851e-01 -6.47031273e-02
 -3.51430511e-01  2.74832548e-01 -4.86470619e-02  4.46129921e-01
 -1.97393738e-01  4.99143577e-01  1.33274657e-01  3.06169325e-04
 -1.31829974e-01 -1.76116093e-01  9.19225866e-01  4.74697129e-01
 -8.17957063e-01 -1.56000504e-01  4.61076800e-02 -1.65896855e-01
 -5.86501211e-01  2.18662910e-01  4.79061114e-01  6.78356514e-01
 -4.27627059e-01 -4.78731305e-01  1.82232111e-02  1.22296352e-01
  1.13824533e-01  6.76506622e-01 -2.94999342e-01 -7.16261609e-01
  1.38242579e-01  2.73410062e-01 -8.23392791e-01]
2022-08-01 16:26:01,442 - pyswarms.single.global_best - INFO - Optimize for 1000 iters with {'c1': 0.5, 'c2': 0.3, 'w': 0.9}
2022-08-01 16:26:08,794 - pyswarms.single.global_best - INFO - Optimization finished | best cost: 0.42615228117425186, best pos: [-0.92462057  0.7145297   0.95806338 -0.33072027  0.72236652 -0.65275741
  0.69883519 -0.93956479 -0.46185028 -0.6174035   0.63417     0.88740698
 -0.26978727 -0.49492642  0.86380222 -0.20160951 -0.06335606 -0.14972695]
2022-08-01 16:26:08,806 - pyswarms.single.global_best - INFO - Optimize for 1000 iters with {'c1': 0.5, 'c2': 0.3, 'w': 0.9}
2022-08-01 16:26:16,112 - pyswarms.single.global_best - INFO - Optimization finished | best cost: 0.4534444362193445, best pos: [-0.85192918  0.70913644  0.65160785 -0.13814007  0.1739981  -0.41259225
  0.9273799  -0.18582588 -0.55631399 -0.79946833  0.7705934   0.71495931
 -0.84580167 -0.51743707  0.76177293 -0.32485991 -0.02511826 -0.26097228]
2022-08-01 16:26:16,126 - pyswarms.single.global_best - INFO - Optimize for 1000 iters with {'c1': 0.5, 'c2': 0.3, 'w': 0.9}
2022-08-01 16:26:23,502 - pyswarms.single.global_best - INFO - Optimization finished | best cost: 0.41776658273840517, best pos: [ 0.92457577  0.95037164  0.73005895  0.49431643 -0.09458504 -0.52972657
 -0.76429816  0.87164032  0.6376375  -0.82837959  0.05687668  0.7956729
 -0.72712877 -0.46845562  0.88623525  0.18879334  0.59324325 -0.37789456]
2022-08-01 16:26:23,512 - pyswarms.single.global_best - INFO - Optimize for 1000 iters with {'c1': 0.5, 'c2': 0.3, 'w': 0.9}
2022-08-01 16:26:30,945 - pyswarms.single.global_best - INFO - Optimization finished | best cost: 0.472976093297444, best pos: [-0.66637775 -0.99301478 -0.87444336 -0.18983994 -0.66574977  0.00895143
  0.48964605  0.03197218 -0.75330595  0.61228171 -0.92835419 -0.28454531
  0.83949673  0.3809648  -0.62955245  0.37685038  0.87801844  0.29696594]
2022-08-01 16:26:30,956 - pyswarms.single.global_best - INFO - Optimize for 1000 iters with {'c1': 0.5, 'c2': 0.3, 'w': 0.9}
2022-08-01 16:26:38,355 - pyswarms.single.global_best - INFO - Optimization finished | best cost: 0.4240241487842964, best pos: [-0.92421312  0.86870741  0.89369383 -0.40495546 -0.55044305  0.66521651
  0.89930516 -0.17172239 -0.82892087 -0.64098862 -0.67992188  0.83162646
 -0.83913135  0.68154787 -0.20437264  0.24012364 -0.23489842 -0.37750388]
2022-08-01 16:26:38,367 - pyswarms.single.global_best - INFO - Optimize for 1000 iters with {'c1': 0.5, 'c2': 0.3, 'w': 0.9}
2022-08-01 16:26:45,775 - pyswarms.single.global_best - INFO - Optimization finished | best cost: 0.4700635747282083, best pos: [ 0.76348584  0.88458884 -0.39310469  0.143676    0.3810591   0.18713628
 -0.95334188  0.30015641  0.94212224 -0.80811245  0.82642598  0.3729212
  0.59642799  0.01031276 -0.94369048  0.02305948  0.18751282 -0.12797957]
2022-08-01 16:26:45,785 - pyswarms.single.global_best - INFO - Optimize for 1000 iters with {'c1': 0.5, 'c2': 0.3, 'w': 0.9}
2022-08-01 16:26:52,875 - pyswarms.single.global_best - INFO - Optimization finished | best cost: 0.4371673339546735, best pos: [-0.7338342   0.8588867   0.63601683  0.50225454  0.40346248  0.52393332
  0.69955016  0.67268129 -0.52824993 -0.97619755  0.59077467  0.35073155
 -0.93644679  0.14632929  0.76661452  0.2423129   0.45999239 -0.09795529]
2022-08-01 16:26:52,883 - pyswarms.single.global_best - INFO - Optimize for 1000 iters with {'c1': 0.5, 'c2': 0.3, 'w': 0.9}
2022-08-01 16:26:59,887 - pyswarms.single.global_best - INFO - Optimization finished | best cost: 0.44846812082426274, best pos: [ 0.82112127  0.72091057 -0.83172382  0.48990953 -0.03659585 -0.2428343
 -0.92730314  0.91159686  0.65817681 -0.74893073 -0.15898608  0.98051397
  0.25038842 -0.21046532 -0.77498047  0.11049102  0.44537489 -0.4222889 ]
2022-08-01 16:26:59,899 - pyswarms.single.global_best - INFO - Optimize for 1000 iters with {'c1': 0.5, 'c2': 0.3, 'w': 0.9}
2022-08-01 16:27:06,946 - pyswarms.single.global_best - INFO - Optimization finished | best cost: 0.4813492499779612, best pos: [-0.97106967  0.58512874 -0.99067058  0.75625939  0.49819755 -0.58903628
  0.45754038  0.84994497 -0.94214026 -0.78884846  0.23704339 -0.25810146
  0.62162762 -0.12732734 -0.86690308  0.2423752  -0.01077953 -0.41749491]
2022-08-01 16:27:06,955 - pyswarms.single.global_best - INFO - Optimize for 1000 iters with {'c1': 0.5, 'c2': 0.3, 'w': 0.9}
2022-08-01 16:27:14,047 - pyswarms.single.global_best - INFO - Optimization finished | best cost: 0.4832780170768341, best pos: [ 0.66195121 -0.67039816  0.42229239  0.30386541  0.40889938 -0.18247201
 -0.89367844  0.49195856  0.94587733  0.25091081  0.10492504 -0.95360412
 -0.80514915  0.2862932   0.86572128  0.20755031  0.50122951  0.07905963]
2022-08-01 16:45:36,383 - pyswarms.single.global_best - INFO - Optimize for 1000 iters with {'c1': 0.5, 'c2': 0.3, 'w': 0.9}
2022-08-01 16:45:48,461 - pyswarms.single.global_best - INFO - Optimization finished | best cost: 0.11989978204197367, best pos: [-0.24145311 -0.66049655 -0.47199872  0.0666601   0.4307938  -0.03222407
 -0.28987574 -0.08103868 -0.27821923 -0.00556688 -0.06148398  0.73392937
 -0.62447581 -0.50777662  0.87920122  0.12353245  0.30217332  0.56333052
  0.07432686  0.12192042 -0.64522893  0.14685103  0.33423245  0.13806594
 -0.12252638 -0.33917254  0.29347014  0.46163464 -0.33709462 -0.10115287
 -0.12763536  0.40966362 -0.10191103  0.23925356 -0.19867751  0.11858372
  0.60479465  0.08481524 -0.54880704  0.40937278 -0.12633902 -0.01320614
 -0.55486063  0.19705397  0.13171016  0.42975732 -0.23095982 -0.50571978
  0.0518327  -0.89902276  0.99133913 -0.65465925  0.71610442 -0.21036108
  0.56889228  0.7328721  -0.40297059 -0.52521783  0.46480398 -0.06834335
  0.56697559 -0.17947343 -0.69069118 -0.09957178  0.27301478  0.15417755]
2022-08-01 16:45:48,489 - pyswarms.single.global_best - INFO - Optimize for 1000 iters with {'c1': 0.5, 'c2': 0.3, 'w': 0.9}
2022-08-01 16:46:03,178 - pyswarms.single.global_best - INFO - Optimization finished | best cost: 0.1639695283334744, best pos: [-0.21749712 -0.25623087  0.13561748  0.13379741  0.66908859 -0.03417675
  0.5343197  -0.1732846  -0.08009729  0.48239041  0.74366156 -0.72376281
 -0.4278908  -0.64538296  0.2408016  -0.59544849 -0.2376793  -0.00810723
  0.5020261  -0.38247012 -0.45539615  0.5126936   0.30112952  0.350296
  0.31215751  0.0284845  -0.92171141  0.43395629 -0.53549623  0.31946365
 -0.10697822 -0.17389211  0.08349014 -0.14378705 -0.40697958 -0.07764644
  0.23669796 -0.32715594 -0.18461063 -0.82704663  0.97323422  0.16987103
 -0.72036391 -0.41257334  0.38076643  0.77652695 -0.4448071  -0.50075305
  0.05964698 -0.57311373  0.61945989  0.87792743  0.00802325 -0.34187427
  0.105246   -0.55686951  0.12447785 -0.0531279  -0.11727077  0.2159617
 -0.3280958   0.26975793  0.57903252 -0.27825125 -0.14038051  0.33094541]
2022-08-01 16:46:03,202 - pyswarms.single.global_best - INFO - Optimize for 1000 iters with {'c1': 0.5, 'c2': 0.3, 'w': 0.9}
2022-08-01 16:46:12,140 - pyswarms.single.global_best - INFO - Optimization finished | best cost: 0.14237840928995826, best pos: [-1.41706796e-01  4.31074311e-01  1.40218346e-01 -5.30461074e-01
  5.04489774e-01 -3.99283770e-01  1.13149465e-01 -4.87407160e-01
  3.86991685e-01  2.23714422e-01 -2.25298755e-02  6.88920545e-03
 -1.56378400e-01 -7.82359204e-01  2.34997422e-01  3.23637961e-01
  4.55254532e-02  6.97073780e-01 -1.95046883e-01 -2.04048764e-01
  4.35235338e-03  2.82885263e-01  2.92501661e-01 -2.25367717e-01
  1.89439589e-01  1.63025214e-01  5.09308068e-02 -1.05263997e-01
  1.17283047e-01 -1.86278997e-01 -1.84465792e-01 -1.39559850e-02
 -2.41782097e-01  2.61600117e-01 -1.64083507e-01 -9.15224183e-02
 -7.42391002e-01  8.99461286e-01  2.82669121e-01 -3.01514453e-01
 -5.97139514e-04  2.56478356e-01 -9.22278152e-01  1.30484724e-01
  2.52442396e-01  8.03110559e-01 -2.76653337e-01 -4.65002777e-01
  2.35712561e-01 -8.33261825e-01  7.65815578e-01  3.23916465e-01
  6.64098333e-01 -7.24807567e-01 -6.77355755e-01  5.24373298e-01
  4.99186600e-01  4.87605060e-01 -1.60902755e-01 -2.13501980e-01
 -3.83033514e-01  1.43905376e-01 -1.68371139e-01  1.38042973e-01
 -1.00173878e-01 -6.74655480e-02]
2022-08-01 16:46:12,170 - pyswarms.single.global_best - INFO - Optimize for 1000 iters with {'c1': 0.5, 'c2': 0.3, 'w': 0.9}
2022-08-01 16:46:21,118 - pyswarms.single.global_best - INFO - Optimization finished | best cost: 0.10677579320617718, best pos: [ 0.00209687 -0.15505902  0.6949023  -0.17556311  0.36294814 -0.55908922
 -0.30057414 -0.52993517 -0.44265884 -0.07498773  0.07478483  0.15024562
 -0.69285824  0.42065268  0.54685229  0.23846037  0.55919372  0.74095606
 -0.40275537  0.14383998  0.35085771  0.31872127 -0.00612684 -0.43444391
  0.02318564 -0.39484625  0.19458608  0.57428426  0.04426371  0.11902856
  0.10337349  0.41256388  0.12080896  0.28790279 -0.16528848 -0.28005872
 -0.7548198   0.78776998 -0.09597802  0.40656775  0.12500991 -0.15747855
 -0.42302538  0.47538126  0.64680836  0.71084739 -0.75891656 -0.23338603
 -0.93664081  0.09274822  0.33813995 -0.40536953  0.67710529 -0.69044559
  0.02993371  0.55379062  0.13406756  0.45860535  0.95570369 -0.99791268
 -0.15860511  0.05934022 -0.65196204  0.1598081  -0.02148901  0.1715423 ]
2022-08-01 16:46:21,144 - pyswarms.single.global_best - INFO - Optimize for 1000 iters with {'c1': 0.5, 'c2': 0.3, 'w': 0.9}
2022-08-01 16:46:30,085 - pyswarms.single.global_best - INFO - Optimization finished | best cost: 0.13807364602764777, best pos: [-0.32542951  0.03245172  0.17062958 -0.52730525  0.37771101  0.35572278
  0.39018706 -0.65331783  0.60304031 -0.17863991 -0.85537129 -0.23175644
 -0.12375643  0.34005105 -0.09040828  0.43261797 -0.29509188 -0.18757636
  0.14688681 -0.65923666  0.42665346 -0.00210121  0.1721254   0.30496529
  0.05885731 -0.19732824  0.51835458 -0.0902341  -0.39526253  0.34654621
 -0.23585448 -0.03599629 -0.22273099  0.47650943  0.00643673  0.08915615
  0.65135298  0.0704326  -0.293648   -0.03245214 -0.24434838  0.85502986
  0.47582917 -0.82812499  0.04903997  0.62577061 -0.05442318  0.0192231
 -0.58446981  0.55508907  0.51463031 -0.4111647  -0.90200119  0.66383294
 -0.28642565  0.22267262 -0.46768928  0.21135549 -0.29538859 -0.28470049
  0.12383401 -0.38599438  0.88843353  0.14310516 -0.24483984 -0.17083652]
2022-08-01 16:46:30,118 - pyswarms.single.global_best - INFO - Optimize for 1000 iters with {'c1': 0.5, 'c2': 0.3, 'w': 0.9}
2022-08-01 16:46:39,060 - pyswarms.single.global_best - INFO - Optimization finished | best cost: 0.13346374249676968, best pos: [ 0.60491457  0.38927987 -0.39807279  0.36045663 -0.5990389   0.54406479
  0.49015951  0.45209632 -0.10739638 -0.36266478 -0.24653215  0.16563868
  0.07272822 -0.18143592  0.6833645  -0.23641543  0.33271805  0.67629494
  0.48520117  0.6275874   0.08669591 -0.06170529 -0.42207564  0.0947998
  0.08422766  0.1685882   0.22535962 -0.06062869  0.66553411  0.48443294
  0.22102312  0.27113291  0.39188842 -0.0094948   0.25770599  0.32611503
  0.21245112 -0.29810581  0.76286381  0.26975154 -0.82353614  0.65719641
  0.42247872  0.03493571 -0.40986649 -0.98392944 -0.36732819  0.17065483
 -0.05890178  0.49125644  0.20334418 -0.83553177  0.29666076 -0.32432068
 -0.26818875 -0.13195795  0.55991347 -0.55710599  0.70813182  0.06913129
  0.09856842  0.76710587 -0.77519591 -0.31005334  0.01630941 -0.17061277]
2022-08-01 16:46:39,085 - pyswarms.single.global_best - INFO - Optimize for 1000 iters with {'c1': 0.5, 'c2': 0.3, 'w': 0.9}
2022-08-01 16:46:48,060 - pyswarms.single.global_best - INFO - Optimization finished | best cost: 0.14098245590296457, best pos: [ 0.16441385  0.29735892  0.18461945 -0.8480932   0.22913435 -0.63996139
  0.29703893  0.36272369  0.14654476 -0.74492968 -0.6505811  -0.1915998
 -0.60312333 -0.38077487  0.65758422 -0.07874969  0.18442618 -0.97380778
 -0.17847442  0.22471615 -0.71143893 -0.08783056 -0.29375795 -0.73206907
 -0.20050377  0.16731963 -0.17053585 -0.05248837  0.4117694  -0.07094345
  0.12988024  0.62736967 -0.42873707  0.50205258 -0.865891    0.51665644
 -0.59575434  0.30309127 -0.10332629 -0.31354819 -0.60078026  0.7516498
 -0.63592615  0.88444529  0.35358433  0.95178619 -0.20148417 -0.32773782
 -0.60631248 -0.42193389  0.44736521 -0.16129443  0.94548034  0.26294708
  0.07335339  0.02702308  0.38408965  0.15419683 -0.45935411  0.35034222
  0.7065888  -0.81972063  0.52597408 -0.43055847 -0.08846733 -0.68968071]
2022-08-01 16:46:48,084 - pyswarms.single.global_best - INFO - Optimize for 1000 iters with {'c1': 0.5, 'c2': 0.3, 'w': 0.9}
2022-08-01 16:46:57,010 - pyswarms.single.global_best - INFO - Optimization finished | best cost: 0.14389554482917402, best pos: [ 0.18037281 -0.94589661 -0.52890773 -0.08525814 -0.00983845  0.53942727
  0.14022399 -0.52169089  0.20926064 -0.63248625 -0.24267158  0.20129247
 -0.34142713 -0.46161847  0.073707   -0.37017814  0.03655036 -0.16335215
 -0.24160775  0.28509226 -0.31720536  0.52419452  0.23081386  0.38565363
 -0.38895612 -0.8999962   0.1775351   0.16283086 -0.08420151 -0.27319517
 -0.83308577 -0.17781414 -0.62951841 -0.10034386 -0.62494235  0.14519952
 -0.49610504 -0.1202926   0.96617226  0.98066985 -0.13408669 -0.49723732
  0.18208353  0.39272516 -0.54305107  0.85284301 -0.21849631 -0.34853101
  0.39215516 -0.72500837 -0.52046417 -0.6487784  -0.25597225  0.74946229
 -0.03551662  0.19919281  0.21535345 -0.47558507  0.97952564 -0.46042006
  0.45119236 -0.81988979  0.62191788 -0.2084306   0.63911354 -0.13638174]
2022-08-01 16:46:57,032 - pyswarms.single.global_best - INFO - Optimize for 1000 iters with {'c1': 0.5, 'c2': 0.3, 'w': 0.9}
2022-08-01 16:47:05,994 - pyswarms.single.global_best - INFO - Optimization finished | best cost: 0.13006988380473394, best pos: [-0.4782511  -0.53141391 -0.36212104  0.20352291  0.16405926  0.49689849
 -0.20047161 -0.66109305 -0.61356868 -0.64397759 -0.66856013  0.27880799
 -0.52744131 -0.84556699 -0.41021702  0.84191914 -0.50797541  0.13835512
  0.40168723  0.33403301 -0.00480389  0.12764357  0.23301207 -0.2031007
 -0.02306894  0.18764485 -0.38449952  0.43843025  0.36110123 -0.16689618
  0.011125   -0.58659814 -0.26965467 -0.18837581  0.16608115  0.94735559
  0.38490346 -0.39864123  0.44806504  0.91926069  0.13487634  0.18787084
  0.22971076 -0.28324143 -0.60195377  0.59827874 -0.78096501  0.2089268
  0.73614397 -0.34750315 -0.05764411  0.04119705 -0.48227143  0.25743768
 -0.64787856  0.1254967  -0.42646723  0.78055168 -0.26027743 -0.57309777
  0.20266957  0.60936068 -0.9137659  -0.42418164 -0.21317959  0.02968448]
2022-08-01 16:47:06,019 - pyswarms.single.global_best - INFO - Optimize for 1000 iters with {'c1': 0.5, 'c2': 0.3, 'w': 0.9}
2022-08-01 16:47:14,979 - pyswarms.single.global_best - INFO - Optimization finished | best cost: 0.12736578780942762, best pos: [-0.34114296  0.45839649 -0.4060325   0.36227573 -0.5339503   0.40865003
 -0.38428635 -0.07573273 -0.16007277  0.5385226   0.24931865 -0.60125422
  0.05400022 -0.09678292 -0.45562973  0.23537882  0.44543831  0.02592087
 -0.04034522  0.1707006   0.10722105  0.3785362   0.12058518  0.46981958
  0.15460006  0.37394683  0.53954712 -0.07689327  0.6314548  -0.69912378
  0.02586471 -0.48091525  0.24067577 -0.538532   -0.26451353  0.07858072
  0.37497742  0.65315814 -0.50250993 -0.91270117  0.14885121  0.21923989
  0.61707357 -0.46443727 -0.71435631  0.14240041 -0.49031697  0.63009013
  0.4824836  -0.30169789  0.34135141  0.59503645 -0.96136444  0.35850457
  0.13034571 -0.400859   -0.01878492  0.48379974  0.00109848 -0.87927151
  0.33191511 -0.11136462 -0.20861969 -0.11336097  0.14343412  0.07478867]
2022-08-01 16:47:15,646 - pyswarms.single.global_best - INFO - Optimize for 1000 iters with {'c1': 0.5, 'c2': 0.3, 'w': 0.9}
2022-08-01 16:47:24,010 - pyswarms.single.global_best - INFO - Optimization finished | best cost: 0.18905412408597894, best pos: [-0.09182313  0.03188504 -0.41222805  0.09831608  0.12026958 -0.01769033
  0.00868779  0.12997986  0.47062119 -0.72635724  0.82667515  0.47222563
  0.03655902  0.1196004   0.52463596  0.27798395  0.70170333  0.10110182
 -0.99254201 -0.13303475  0.36544758 -0.08444323  0.69053105 -0.75574239
 -0.80583505  0.02541098  0.0154599   0.51371824 -0.89239492  0.00949372
  0.37368722  0.52748551 -0.74170886 -0.38074268 -0.00819423 -0.25554544
  0.14156179 -0.35249087 -0.01267996]
2022-08-01 16:47:24,033 - pyswarms.single.global_best - INFO - Optimize for 1000 iters with {'c1': 0.5, 'c2': 0.3, 'w': 0.9}
2022-08-01 16:47:32,369 - pyswarms.single.global_best - INFO - Optimization finished | best cost: 0.17765844121589794, best pos: [ 1.74893658e-04 -5.59552939e-01  1.91887699e-01 -9.13005918e-02
  3.87619645e-01  8.68348831e-02 -9.38877110e-01  4.69477999e-01
  7.01550131e-03 -4.81175770e-01 -3.04179866e-01  5.32813566e-01
 -2.04978583e-02  3.13881801e-01 -7.01653695e-02 -1.42620702e-01
 -2.21294609e-01 -4.30465123e-01  1.17716083e-01 -8.16027236e-01
  8.10560870e-01 -7.76480871e-01  6.49935857e-01  7.82854608e-02
  6.49064467e-01 -3.92927478e-01 -1.60659884e-02  8.75529801e-02
 -1.42679641e-01  5.05249290e-01  5.12002176e-01 -1.62396505e-01
 -3.29918579e-02  4.12000044e-01  5.16343098e-01 -6.16240973e-01
  1.66340623e-01 -3.08039752e-01 -1.12703732e-01]
2022-08-01 16:47:32,391 - pyswarms.single.global_best - INFO - Optimize for 1000 iters with {'c1': 0.5, 'c2': 0.3, 'w': 0.9}
2022-08-01 16:47:40,721 - pyswarms.single.global_best - INFO - Optimization finished | best cost: 0.14870126696361674, best pos: [-0.83866983  0.10072743  0.79736058  0.58862548  0.02278247  0.2297903
 -0.46800889  0.53371844  0.09119952  0.23215119  0.52061546  0.54501867
  0.44161645  0.53726262  0.59441194  0.04509953  0.13462576 -0.26102085
 -0.81744676  0.53958952  0.60403141  0.39615818  0.7152346  -0.95350298
  0.79400049 -0.12554695 -0.16347495  0.47298108 -0.82764572 -0.07176249
  0.1554407   0.9937339  -0.38276235  0.45459279 -0.10512331  0.12367301
  0.20146447 -0.16122951  0.63209946]
2022-08-01 16:47:40,743 - pyswarms.single.global_best - INFO - Optimize for 1000 iters with {'c1': 0.5, 'c2': 0.3, 'w': 0.9}
2022-08-01 16:47:49,101 - pyswarms.single.global_best - INFO - Optimization finished | best cost: 0.1602547538067263, best pos: [ 0.19326257 -0.14434549  0.60070143  0.24070818 -0.19839486 -0.03275458
 -0.41331443 -0.73275208  0.02500736  0.09374092  0.29890736  0.64044036
  0.1559796  -0.8306627   0.16026349 -0.64350054  0.36347126 -0.35786151
  0.6893613  -0.40090098  0.00921377 -0.8741019  -0.4979099   0.952064
 -0.03859691 -0.39611191 -0.29862378  0.49652222 -0.13029387 -0.54569778
 -0.41581639  0.45941218  0.27969433 -0.2260428   0.96955022 -0.14429314
  0.03685444  0.19230041  0.52807729]
2022-08-01 16:47:49,122 - pyswarms.single.global_best - INFO - Optimize for 1000 iters with {'c1': 0.5, 'c2': 0.3, 'w': 0.9}
2022-08-01 16:47:57,435 - pyswarms.single.global_best - INFO - Optimization finished | best cost: 0.16062823801600412, best pos: [-0.21610703  0.04186029 -0.2997386  -0.35698565 -0.05761916  0.53213476
 -0.33531094 -0.90319285 -0.16981772 -0.04157873 -0.89832024 -0.08356779
  0.15387726  0.2788548   0.36776173  0.49843667  0.06520166 -0.11600063
 -0.34937582 -0.27975936  0.58560006  0.67425477 -0.6507776   0.6930115
 -0.75592606  0.71075069  0.11324204 -0.75134908  0.17143187  0.05831896
 -0.12584343 -0.60803385  0.55000988  0.94658192 -0.84555135 -0.02723947
  0.09215192 -0.67331088  0.00564956]
2022-08-01 16:47:57,458 - pyswarms.single.global_best - INFO - Optimize for 1000 iters with {'c1': 0.5, 'c2': 0.3, 'w': 0.9}
2022-08-01 16:48:05,810 - pyswarms.single.global_best - INFO - Optimization finished | best cost: 0.17036005048953098, best pos: [-0.08958726  0.10377885  0.52869705 -0.29163732 -0.26881402  0.24024582
 -0.80950475 -0.71911634 -0.11381388  0.297138   -0.44468835 -0.44466605
 -0.31822273 -0.10346213  0.68593027  0.81400506  0.31354079  0.40754914
 -0.24672524 -0.89105775  0.8661883   0.89433446 -0.68624137  0.19177198
  0.88919141  0.12187855  0.01683549 -0.84270845  0.44076179  0.46593097
 -0.19972002  0.11498448  0.34558265  0.25205382 -0.18706644 -0.05288013
  0.47183642  0.42302366  0.71630812]
2022-08-01 16:48:05,830 - pyswarms.single.global_best - INFO - Optimize for 1000 iters with {'c1': 0.5, 'c2': 0.3, 'w': 0.9}
2022-08-01 16:48:14,126 - pyswarms.single.global_best - INFO - Optimization finished | best cost: 0.16610378780319673, best pos: [-0.4006136  -0.85688833  0.13665881 -0.20412709 -0.01538219  0.07579324
  0.66348614 -0.31095953  0.53498383  0.09407429  0.64786902  0.3793292
 -0.36349913  0.33459023  0.5415362   0.3002054  -0.36012952 -0.23078721
 -0.52143006  0.44466806 -0.06934769 -0.87391038  0.43527235  0.50626647
  0.06300579  0.41005777 -0.91243575 -0.8463105   0.16988477  0.06264009
  0.78556281  0.9501556  -0.92821372  0.78891242  0.06539846 -0.05237996
  0.69457345 -0.13809196  0.20941077]
2022-08-01 16:48:14,147 - pyswarms.single.global_best - INFO - Optimize for 1000 iters with {'c1': 0.5, 'c2': 0.3, 'w': 0.9}
2022-08-01 16:48:22,461 - pyswarms.single.global_best - INFO - Optimization finished | best cost: 0.14866108396307476, best pos: [-0.09560968 -0.05251685 -0.35024226  0.43374343 -0.22288538 -0.15030897
 -0.62606583 -0.62949839  0.22372592 -0.210425   -0.1259173   0.30551727
 -0.16469366  0.00513965  0.45200247  0.08879649  0.4838815   0.08261489
 -0.58306108 -0.82448549  0.79026072 -0.38347377 -0.716347    0.63069614
 -0.77780725  0.87289093  0.07321653  0.49559432 -0.25525874 -0.84283096
 -0.8612254   0.46855796 -0.38070705 -0.08593882  0.31425649  0.32227796
  0.17269969 -0.72517152  0.08565886]
2022-08-01 16:48:22,478 - pyswarms.single.global_best - INFO - Optimize for 1000 iters with {'c1': 0.5, 'c2': 0.3, 'w': 0.9}
2022-08-01 16:48:30,803 - pyswarms.single.global_best - INFO - Optimization finished | best cost: 0.1574916058462859, best pos: [-0.02745369 -0.94559592 -0.14204015  0.30521232 -0.15223296  0.15742965
  0.81973792 -0.09981874  0.06024625  0.27967946 -0.12978417  0.63264726
 -0.65023044 -0.20317915 -0.13503471  0.59255452  0.0874697   0.65878819
 -0.26529009  0.91310258 -0.93364781 -0.25038909  0.36584216  0.37482557
 -0.68915781  0.33948569  0.17052638 -0.12496689 -0.43026144 -0.60895228
 -0.8042324   0.65068602  0.08551915  0.65418577  0.37252354 -0.96584562
 -0.21648817  0.21146476  0.58993111]
2022-08-01 16:48:30,824 - pyswarms.single.global_best - INFO - Optimize for 1000 iters with {'c1': 0.5, 'c2': 0.3, 'w': 0.9}
2022-08-01 16:48:39,138 - pyswarms.single.global_best - INFO - Optimization finished | best cost: 0.15444869848896425, best pos: [ 0.06478676  0.04092887  0.65757393 -0.11430294  0.52257689  0.12399724
 -0.76128893  0.37089885 -0.00273606  0.18586157 -0.00949611  0.77270088
  0.36482885  0.14866599 -0.2276571   0.66564547  0.28178962 -0.2676242
  0.34118484 -0.74732706  0.57668125  0.34680507  0.69371751 -0.73477574
  0.71440035  0.19107137  0.2709178  -0.42799809  0.32018216  0.62871714
  0.91715989 -0.50782188 -0.5359953   0.5253267   0.59809979 -0.37227492
  0.07784993  0.09141312 -0.10664036]
2022-08-01 16:48:39,656 - pyswarms.single.global_best - INFO - Optimize for 1000 iters with {'c1': 0.5, 'c2': 0.3, 'w': 0.9}
2022-08-01 16:48:47,025 - pyswarms.single.global_best - INFO - Optimization finished | best cost: 0.38503452115610054, best pos: [-0.11741876  0.94978829 -0.18209317 -0.06423499 -0.25604377 -0.91945601
 -0.89813748  0.79601709  0.93264055  0.89867158 -0.75461105  0.0586361
 -0.85616513 -0.41045443  0.74613863  0.08983923  0.00317305  0.32126333]
2022-08-01 16:48:47,039 - pyswarms.single.global_best - INFO - Optimize for 1000 iters with {'c1': 0.5, 'c2': 0.3, 'w': 0.9}
2022-08-01 16:48:54,402 - pyswarms.single.global_best - INFO - Optimization finished | best cost: 0.4563530594731098, best pos: [-0.66439091  0.36624664  0.11466474  0.70883363 -0.14622359  0.10313035
 -0.85697795  0.54172723  0.33222335  0.95504603 -0.51992668 -0.41436003
  0.95483618 -0.24244    -0.76411983 -0.24234201 -0.2084831  -0.3220468 ]
2022-08-01 16:48:54,411 - pyswarms.single.global_best - INFO - Optimize for 1000 iters with {'c1': 0.5, 'c2': 0.3, 'w': 0.9}
2022-08-01 16:49:01,793 - pyswarms.single.global_best - INFO - Optimization finished | best cost: 0.47151365671371653, best pos: [-0.51886369  0.09290184 -0.67807667 -0.44506439 -0.11344643  0.36924075
 -0.68622231  0.47547657 -0.16179095  0.25496902  0.50861865 -0.96839947
 -0.96474805  0.90639467  0.20399504 -0.00842591 -0.1851258   0.15573277]
2022-08-01 16:49:01,807 - pyswarms.single.global_best - INFO - Optimize for 1000 iters with {'c1': 0.5, 'c2': 0.3, 'w': 0.9}
2022-08-01 16:49:09,142 - pyswarms.single.global_best - INFO - Optimization finished | best cost: 0.39382939717827936, best pos: [-0.11600623  0.45431301  0.41789274 -0.69930082  0.1740571  -0.17922633
 -0.49591315 -0.79769801  0.74202902  0.99660373 -0.92748677  0.15390818
  0.81708254 -0.31553881 -0.63961535  0.00544629 -0.19390138  0.22184027]
2022-08-01 16:49:09,155 - pyswarms.single.global_best - INFO - Optimize for 1000 iters with {'c1': 0.5, 'c2': 0.3, 'w': 0.9}
2022-08-01 16:49:16,498 - pyswarms.single.global_best - INFO - Optimization finished | best cost: 0.3824905466912458, best pos: [ 0.16012032 -0.19151057 -0.68207888  0.99417752 -0.79214137  0.30119339
  0.44105476  0.0555529  -0.83093053 -0.7042075  -0.15629519  0.71975932
 -0.90858226  0.9810225   0.07951635 -0.00712011  0.09307715  0.00958099]
2022-08-01 16:49:16,509 - pyswarms.single.global_best - INFO - Optimize for 1000 iters with {'c1': 0.5, 'c2': 0.3, 'w': 0.9}
2022-08-01 16:49:23,836 - pyswarms.single.global_best - INFO - Optimization finished | best cost: 0.43868409801693226, best pos: [ 0.10296345 -0.30789803 -0.75951578  0.24061817 -0.54272955  0.01656024
  0.79817574  0.61809585 -0.60172079 -0.77663892  0.70317683  0.64419442
 -0.98041951  0.39420602  0.13670758 -0.07936237 -0.08455319 -0.36906128]
2022-08-01 16:49:23,847 - pyswarms.single.global_best - INFO - Optimize for 1000 iters with {'c1': 0.5, 'c2': 0.3, 'w': 0.9}
2022-08-01 16:49:31,187 - pyswarms.single.global_best - INFO - Optimization finished | best cost: 0.3810759800824082, best pos: [ 0.83432432  0.16363851  0.51789076 -0.16205503  0.93799932 -0.61949169
  0.73008676 -0.67217488 -0.46121159  0.22994366  0.86113069 -0.57086151
  0.84147456 -0.73196955 -0.4844092   0.63130961  0.02687994 -0.04095641]
2022-08-01 16:49:31,197 - pyswarms.single.global_best - INFO - Optimize for 1000 iters with {'c1': 0.5, 'c2': 0.3, 'w': 0.9}
2022-08-01 16:49:38,551 - pyswarms.single.global_best - INFO - Optimization finished | best cost: 0.39174093109885166, best pos: [ 0.14623078 -0.32871891 -0.15805861 -0.1873384   0.11806993 -0.9275559
  0.97084696 -0.17458628 -0.39701757 -0.79801333  0.54786522  0.74951537
 -0.78935862 -0.58324372  0.69606955  0.2036965   0.36237252 -0.5307033 ]
2022-08-01 16:49:38,562 - pyswarms.single.global_best - INFO - Optimize for 1000 iters with {'c1': 0.5, 'c2': 0.3, 'w': 0.9}
2022-08-01 16:49:46,088 - pyswarms.single.global_best - INFO - Optimization finished | best cost: 0.3644208767940523, best pos: [ 0.80272553  0.13252302 -0.29985615  0.28111764  0.59489803  0.08222892
  0.88615068 -0.95317781 -0.09418982  0.27926837  0.99980446 -0.96244362
 -0.93749601  0.37318019  0.66009469 -0.05952171 -0.25298012 -0.42241251]
2022-08-01 16:49:46,100 - pyswarms.single.global_best - INFO - Optimize for 1000 iters with {'c1': 0.5, 'c2': 0.3, 'w': 0.9}
2022-08-01 16:49:53,466 - pyswarms.single.global_best - INFO - Optimization finished | best cost: 0.3460198461174652, best pos: [ 0.50598784 -0.1762749   0.53446733  0.19458559 -0.91560227  0.09780568
  0.98480521 -0.76339211 -0.54286957 -0.54095229 -0.9402154   0.79328019
  0.86791973 -0.57033571 -0.426446    0.14598806  0.16698335 -0.26814936]
