2022-07-22 03:28:42,821 - pyswarms.single.global_best - INFO - Optimize for 1000 iters with {'c1': 0.5, 'c2': 0.3, 'w': 0.9}
2022-07-22 03:30:09,717 - pyswarms.single.global_best - INFO - Optimization finished | best cost: 0.17843994965833102, best pos: [ 1.26639045  0.12501307  0.51836958 ...  0.70478639 -0.57575902
  0.74131955]
2022-07-22 03:30:10,485 - pyswarms.single.global_best - INFO - Optimize for 1000 iters with {'c1': 0.5, 'c2': 0.3, 'w': 0.9}
2022-07-22 03:31:33,057 - pyswarms.single.global_best - INFO - Optimization finished | best cost: 0.19751626487593896, best pos: [-0.02591179 -0.03697844  0.53933641 ...  0.61895624  0.65690242
  0.87005754]
2022-07-22 03:31:33,420 - pyswarms.single.global_best - INFO - Optimize for 1000 iters with {'c1': 0.5, 'c2': 0.3, 'w': 0.9}
2022-07-22 03:32:58,580 - pyswarms.single.global_best - INFO - Optimization finished | best cost: 0.18599556876687257, best pos: [0.30939473 0.19024185 0.33179446 ... 0.11901951 0.01675653 0.08023798]
2022-07-22 03:32:58,932 - pyswarms.single.global_best - INFO - Optimize for 1000 iters with {'c1': 0.5, 'c2': 0.3, 'w': 0.9}
2022-07-22 03:34:18,977 - pyswarms.single.global_best - INFO - Optimization finished | best cost: 0.19702237067967965, best pos: [ 0.92816892  1.05119292 -0.32852488 ...  0.62550826  1.15904994
  0.23891017]
2022-07-22 03:34:19,305 - pyswarms.single.global_best - INFO - Optimize for 1000 iters with {'c1': 0.5, 'c2': 0.3, 'w': 0.9}
2022-07-22 03:35:42,795 - pyswarms.single.global_best - INFO - Optimization finished | best cost: 0.17705924305818388, best pos: [ 0.33734735  0.89046574 -0.64972307 ... -0.24200904  0.73230939
 -0.30590132]
2022-07-22 03:35:43,158 - pyswarms.single.global_best - INFO - Optimize for 1000 iters with {'c1': 0.5, 'c2': 0.3, 'w': 0.9}
2022-07-22 03:37:02,979 - pyswarms.single.global_best - INFO - Optimization finished | best cost: 0.21831245937428626, best pos: [0.12039723 0.85980784 0.24370691 ... 1.54352339 1.41722192 1.10349568]
2022-07-22 03:37:03,341 - pyswarms.single.global_best - INFO - Optimize for 1000 iters with {'c1': 0.5, 'c2': 0.3, 'w': 0.9}
2022-07-22 03:38:27,173 - pyswarms.single.global_best - INFO - Optimization finished | best cost: 0.16587314870989575, best pos: [ 0.0761302  -0.21049612  0.56104693 ...  1.41433066  0.9990227
  2.28344687]
2022-07-22 03:38:27,537 - pyswarms.single.global_best - INFO - Optimize for 1000 iters with {'c1': 0.5, 'c2': 0.3, 'w': 0.9}
2022-07-22 03:39:52,180 - pyswarms.single.global_best - INFO - Optimization finished | best cost: 0.1782704866232964, best pos: [ 0.72538782  0.77875626 -0.53998781 ... -0.50864721  0.44449765
  0.2751567 ]
2022-07-22 03:39:52,537 - pyswarms.single.global_best - INFO - Optimize for 1000 iters with {'c1': 0.5, 'c2': 0.3, 'w': 0.9}
2022-07-22 03:41:12,096 - pyswarms.single.global_best - INFO - Optimization finished | best cost: 0.19980711349039626, best pos: [ 0.51945797  0.00540819  0.04669819 ...  1.70428698  1.4545805
 -0.51505859]
2022-07-22 03:41:12,442 - pyswarms.single.global_best - INFO - Optimize for 1000 iters with {'c1': 0.5, 'c2': 0.3, 'w': 0.9}
2022-07-22 03:42:35,535 - pyswarms.single.global_best - INFO - Optimization finished | best cost: 0.15428456830705028, best pos: [ 0.0415155   0.33442067  0.33528874 ...  0.01277595 -0.16939783
  0.3323068 ]
2022-07-22 03:42:36,021 - pyswarms.single.global_best - INFO - Optimize for 1000 iters with {'c1': 0.5, 'c2': 0.3, 'w': 0.9}
2022-07-22 03:44:09,314 - pyswarms.single.global_best - INFO - Optimization finished | best cost: 0.23973002683177078, best pos: [-0.10226842 -0.19394939 -0.59028206 ... -0.8013579  -0.08365345
  0.4669509 ]
2022-07-22 03:44:09,649 - pyswarms.single.global_best - INFO - Optimize for 1000 iters with {'c1': 0.5, 'c2': 0.3, 'w': 0.9}
2022-07-22 03:45:43,252 - pyswarms.single.global_best - INFO - Optimization finished | best cost: 0.23493992814635237, best pos: [ 0.04332563 -0.41483589  0.12963809 ...  0.36108787 -0.31052926
  0.33217417]
2022-07-22 03:45:43,624 - pyswarms.single.global_best - INFO - Optimize for 1000 iters with {'c1': 0.5, 'c2': 0.3, 'w': 0.9}
2022-07-22 03:47:18,631 - pyswarms.single.global_best - INFO - Optimization finished | best cost: 0.22261291038716405, best pos: [-0.02990499 -0.57638659 -0.22306632 ... -0.36867841  0.45986792
  0.18436259]
2022-07-22 03:47:19,005 - pyswarms.single.global_best - INFO - Optimize for 1000 iters with {'c1': 0.5, 'c2': 0.3, 'w': 0.9}
2022-07-22 03:48:52,059 - pyswarms.single.global_best - INFO - Optimization finished | best cost: 0.24650863839813436, best pos: [ 0.65900684 -0.64797751 -0.42306479 ... -0.77603559  0.25280863
  0.35318676]
2022-07-22 03:48:52,414 - pyswarms.single.global_best - INFO - Optimize for 1000 iters with {'c1': 0.5, 'c2': 0.3, 'w': 0.9}
2022-07-22 03:50:25,469 - pyswarms.single.global_best - INFO - Optimization finished | best cost: 0.22336282332243815, best pos: [ 0.0599449  -0.574524   -0.14917719 ... -0.67501421  0.33408638
  0.01794483]
2022-07-22 03:50:25,857 - pyswarms.single.global_best - INFO - Optimize for 1000 iters with {'c1': 0.5, 'c2': 0.3, 'w': 0.9}
2022-07-22 03:51:58,628 - pyswarms.single.global_best - INFO - Optimization finished | best cost: 0.20845182938702514, best pos: [ 0.22501992  0.27666341 -0.62220373 ... -0.14217713 -0.14228286
 -0.85128829]
2022-07-22 03:51:59,033 - pyswarms.single.global_best - INFO - Optimize for 1000 iters with {'c1': 0.5, 'c2': 0.3, 'w': 0.9}
2022-07-22 03:53:34,935 - pyswarms.single.global_best - INFO - Optimization finished | best cost: 0.23792549612832667, best pos: [-0.12285982  0.01128054  0.58049135 ... -0.43912649 -0.26055479
  0.1832186 ]
2022-07-22 03:53:36,237 - pyswarms.single.global_best - INFO - Optimize for 1000 iters with {'c1': 0.5, 'c2': 0.3, 'w': 0.9}
2022-07-22 03:55:10,410 - pyswarms.single.global_best - INFO - Optimization finished | best cost: 0.19585326134580766, best pos: [ 0.1826646  -0.28232266  0.3602315  ... -0.24826338 -0.43397296
 -0.47254594]
2022-07-22 03:55:10,931 - pyswarms.single.global_best - INFO - Optimize for 1000 iters with {'c1': 0.5, 'c2': 0.3, 'w': 0.9}
2022-07-22 03:56:44,521 - pyswarms.single.global_best - INFO - Optimization finished | best cost: 0.1818732314450684, best pos: [-0.35134959  0.10367834  0.31342706 ... -0.29844138 -0.01540068
 -0.42995208]
2022-07-22 03:56:44,860 - pyswarms.single.global_best - INFO - Optimize for 1000 iters with {'c1': 0.5, 'c2': 0.3, 'w': 0.9}
2022-07-22 03:58:24,770 - pyswarms.single.global_best - INFO - Optimization finished | best cost: 0.2246310831449706, best pos: [ 0.48499935 -0.01290918  0.20372288 ...  0.06181595 -0.14395124
  0.06133208]
2022-07-24 05:34:40,431 - pyswarms.single.global_best - INFO - Optimize for 1000 iters with {'c1': 0.5, 'c2': 0.3, 'w': 0.9}
2022-07-24 05:35:55,120 - pyswarms.single.global_best - INFO - Optimization finished | best cost: 0.1870835202334229, best pos: [1.33360371 1.22672028 0.77667927 ... 1.86216503 1.14412944 1.5181086 ]
2022-07-24 05:35:55,534 - pyswarms.single.global_best - INFO - Optimize for 1000 iters with {'c1': 0.5, 'c2': 0.3, 'w': 0.9}
2022-07-24 05:37:13,500 - pyswarms.single.global_best - INFO - Optimization finished | best cost: 0.17408112792475677, best pos: [ 0.21255571 -0.33366031 -0.80616493 ...  0.29159245 -0.10769843
 -0.2346799 ]
2022-07-24 05:37:13,874 - pyswarms.single.global_best - INFO - Optimize for 1000 iters with {'c1': 0.5, 'c2': 0.3, 'w': 0.9}
2022-07-24 05:38:30,234 - pyswarms.single.global_best - INFO - Optimization finished | best cost: 0.20585101744387335, best pos: [1.30764222 1.19120961 0.52274604 ... 0.79710386 1.67953352 1.3893339 ]
2022-07-24 05:38:30,609 - pyswarms.single.global_best - INFO - Optimize for 1000 iters with {'c1': 0.5, 'c2': 0.3, 'w': 0.9}
2022-07-24 05:39:50,407 - pyswarms.single.global_best - INFO - Optimization finished | best cost: 0.18661499975684898, best pos: [0.60225532 0.18219138 0.3739988  ... 0.44714105 0.90961551 0.21706628]
2022-07-24 05:39:50,796 - pyswarms.single.global_best - INFO - Optimize for 1000 iters with {'c1': 0.5, 'c2': 0.3, 'w': 0.9}
2022-07-24 05:41:10,523 - pyswarms.single.global_best - INFO - Optimization finished | best cost: 0.1599862344521873, best pos: [ 0.09099588  0.45682234 -0.32274416 ...  0.99395532  1.33383549
  0.32006261]
2022-07-24 05:41:10,886 - pyswarms.single.global_best - INFO - Optimize for 1000 iters with {'c1': 0.5, 'c2': 0.3, 'w': 0.9}
2022-07-24 05:42:31,517 - pyswarms.single.global_best - INFO - Optimization finished | best cost: 0.13057150006576917, best pos: [ 0.48437527  0.1432102   0.24700421 ...  0.48155432 -0.51044151
 -0.1296556 ]
2022-07-24 05:42:31,886 - pyswarms.single.global_best - INFO - Optimize for 1000 iters with {'c1': 0.5, 'c2': 0.3, 'w': 0.9}
2022-07-24 05:43:52,059 - pyswarms.single.global_best - INFO - Optimization finished | best cost: 0.15267898695230905, best pos: [-0.09247187  0.08421087 -0.08590757 ...  0.89482716 -0.13260782
  0.09231908]
2022-07-24 05:43:52,425 - pyswarms.single.global_best - INFO - Optimize for 1000 iters with {'c1': 0.5, 'c2': 0.3, 'w': 0.9}
2022-07-24 05:45:14,079 - pyswarms.single.global_best - INFO - Optimization finished | best cost: 0.12270490043173922, best pos: [ 0.25152379 -0.31617713 -0.02589683 ... -0.56129327  0.53867843
 -0.8908374 ]
2022-07-24 05:45:14,455 - pyswarms.single.global_best - INFO - Optimize for 1000 iters with {'c1': 0.5, 'c2': 0.3, 'w': 0.9}
2022-07-24 05:46:28,551 - pyswarms.single.global_best - INFO - Optimization finished | best cost: 0.21706474582348947, best pos: [ 1.16027812  1.05819553  0.92617536 ...  1.42529118  0.99935816
 -0.00715632]
2022-07-24 05:46:28,919 - pyswarms.single.global_best - INFO - Optimize for 1000 iters with {'c1': 0.5, 'c2': 0.3, 'w': 0.9}
2022-07-24 05:47:45,427 - pyswarms.single.global_best - INFO - Optimization finished | best cost: 0.16075335274404792, best pos: [ 1.90660497  1.38943043 -0.58987213 ...  0.58331203 -0.13009811
  0.54022985]
2022-07-24 05:47:45,891 - pyswarms.single.global_best - INFO - Optimize for 1000 iters with {'c1': 0.5, 'c2': 0.3, 'w': 0.9}
2022-07-24 05:49:13,324 - pyswarms.single.global_best - INFO - Optimization finished | best cost: 0.20821766532733016, best pos: [-0.22118191  0.13558872  0.3900471  ... -0.35542605 -0.23977092
 -0.18609887]
2022-07-24 05:49:13,705 - pyswarms.single.global_best - INFO - Optimize for 1000 iters with {'c1': 0.5, 'c2': 0.3, 'w': 0.9}
2022-07-24 05:50:40,828 - pyswarms.single.global_best - INFO - Optimization finished | best cost: 0.19616249083239773, best pos: [-0.37918511 -0.27455809  0.53982459 ...  0.17951598 -0.17740945
  0.15342037]
2022-07-24 05:50:41,209 - pyswarms.single.global_best - INFO - Optimize for 1000 iters with {'c1': 0.5, 'c2': 0.3, 'w': 0.9}
2022-07-24 05:52:08,769 - pyswarms.single.global_best - INFO - Optimization finished | best cost: 0.16831093694580385, best pos: [ 0.00192572  0.26382251  0.19259123 ... -0.01452943  0.20183097
 -0.23268131]
2022-07-24 05:52:09,143 - pyswarms.single.global_best - INFO - Optimize for 1000 iters with {'c1': 0.5, 'c2': 0.3, 'w': 0.9}
2022-07-24 05:53:36,082 - pyswarms.single.global_best - INFO - Optimization finished | best cost: 0.2211730617593909, best pos: [-0.22561461 -0.10858799  0.01478927 ...  0.4681836   0.23181534
  0.29533601]
2022-07-24 05:53:36,458 - pyswarms.single.global_best - INFO - Optimize for 1000 iters with {'c1': 0.5, 'c2': 0.3, 'w': 0.9}
2022-07-24 05:55:04,019 - pyswarms.single.global_best - INFO - Optimization finished | best cost: 0.22740535530623568, best pos: [-0.33617526  0.17364676 -0.068649   ...  0.06209619 -0.10020407
  0.82512218]
2022-07-24 05:55:04,394 - pyswarms.single.global_best - INFO - Optimize for 1000 iters with {'c1': 0.5, 'c2': 0.3, 'w': 0.9}
2022-07-24 05:56:31,964 - pyswarms.single.global_best - INFO - Optimization finished | best cost: 0.2399364718632819, best pos: [-0.10116157  0.2327266  -0.42946972 ... -0.18666673 -0.37448602
  0.27545864]
2022-07-24 05:56:32,338 - pyswarms.single.global_best - INFO - Optimize for 1000 iters with {'c1': 0.5, 'c2': 0.3, 'w': 0.9}
2022-07-24 05:58:00,096 - pyswarms.single.global_best - INFO - Optimization finished | best cost: 0.2025776400343392, best pos: [ 0.3804455  -0.30336068  0.16670333 ... -0.07442112  0.40769347
 -0.58581983]
2022-07-24 05:58:00,468 - pyswarms.single.global_best - INFO - Optimize for 1000 iters with {'c1': 0.5, 'c2': 0.3, 'w': 0.9}
2022-07-24 05:59:28,101 - pyswarms.single.global_best - INFO - Optimization finished | best cost: 0.18767916030197038, best pos: [ 0.14138765 -0.32362503 -0.37028512 ... -0.41766189 -0.25806219
  0.51786825]
2022-07-24 05:59:28,479 - pyswarms.single.global_best - INFO - Optimize for 1000 iters with {'c1': 0.5, 'c2': 0.3, 'w': 0.9}
2022-07-24 06:00:56,261 - pyswarms.single.global_best - INFO - Optimization finished | best cost: 0.20206811638219568, best pos: [ 0.15347396  0.62573799 -0.07581268 ...  0.06289733  0.17475363
  0.04941001]
2022-07-24 06:00:56,644 - pyswarms.single.global_best - INFO - Optimize for 1000 iters with {'c1': 0.5, 'c2': 0.3, 'w': 0.9}
2022-07-24 06:02:23,634 - pyswarms.single.global_best - INFO - Optimization finished | best cost: 0.18863193240041734, best pos: [-0.17474609  0.0865481   0.55177885 ...  0.01549776  0.44514218
  0.67813142]
